   -2.718958517614781e+00    2.961785983662852e+00   -4.339552775248503e+00
   -1.249131043403276e+00   -3.264329004229358e+00    7.177087833645036e+00
    1.844463073969193e+00   -4.919851652680350e+00    1.132182917291837e+00
   -1.473193584088182e+00   -1.344365866104897e+00    4.196064770186093e-01
   -3.136137934043889e-01    1.175299722866279e+00   -4.882892319341615e+00
   -3.196633654459053e+00    2.783206121053285e+00   -2.509654299809292e+00
    2.576863797937210e+00    9.669401888238560e-01    2.906579372728419e+00
    3.942392139035279e+00   -1.726463579720167e+00   -3.300353158824412e+00
    3.330864930577660e+00   -3.427615442722979e-01    2.039305027179136e+00
    1.163808810594171e+01   -1.093709821714627e+01    1.257504304840779e+01
   -4.291642934985003e-01   -1.230162003042529e+00   -1.352234044220271e+00
    4.668063354102703e+00    9.091533815004760e-02    9.202955684305125e-02
   -2.463105154795020e+00   -3.203828658083566e+00    2.208636240360485e+00
   -2.875159599003423e+00    8.290469434347403e-01   -5.890342277100844e-01
    1.427796687558532e+00   -5.015836322195448e-01    2.074766322114150e+00
    3.184159744870621e+00   -3.919445839827317e+00   -3.434442048779918e+00
    2.023691800619095e+00   -2.081352826402504e+00    1.600246821292450e+00
   -1.758726036806028e+00    3.157052774730583e+00    2.125666011123630e+00
   -4.047433284633639e+00    4.471623431463919e+00    4.826731031878110e+00
    7.321957077694815e+00   -6.155857990546131e+00    7.266572716149093e+00
    2.379695491399297e+00   -3.579048012820393e+00   -3.641596870121485e+00
   -2.958879960035896e+00    1.490383316430662e+00   -1.314829082585242e+00
    2.744628292353579e+00   -3.738275302694473e+00    3.026910138399087e+00
   -2.111523636103609e+00   -1.422041803664737e+00    2.609172006403565e+00
   -6.474533290921424e-01   -4.303595120005012e+00   -2.447021027347232e+00
    2.365754381730585e+00    1.691247267796336e+00   -2.036068295104993e+00
   -1.773337859588368e+00    3.884356291094397e+00    2.105708184359649e+00
    5.747113499598981e+00    2.986026985390300e+00   -2.515966406546477e+00
   -1.940637362104466e+00   -1.190617320657216e+00    6.688939957643361e+00
   -6.396666548320737e+00    7.127353767277596e+00   -6.152288879789158e+00
   -9.185493278199448e+00   -7.276763173585096e+00    6.967703541218714e+00
   -4.006628467785869e+00   -5.969086753542117e-01    6.039676909312924e-02
    1.411840797831782e+00    1.984891222260085e-01   -3.046811377190767e+00
   -3.593361217254806e+00   -6.025534731785405e-01    1.392319186634407e+00
   -2.408611159219130e+00   -3.681990024094187e+00    1.816796040448692e+00
   -1.117904426939275e+00   -2.937868293214353e+00    2.297335110485687e+00
   -1.841476392920778e-01    2.286899018038275e+00   -4.099889224534046e+00
    3.030697879586408e+00    1.011450061877466e+00    7.802802143951738e-01
    4.813439935917892e+00    4.875145466596933e+00   -2.429026489812002e+00
   -6.597828419911642e-01    3.693748538309702e+00   -3.606723492694069e+00
    1.870372468152995e+00    2.502641672947306e+00   -1.532046938441376e+00
   -5.998230995027392e-01   -6.550445013047870e+00   -7.390384242110875e+00
   -5.585276131664642e-01    3.020113945617997e-01   -3.996437649475567e+00
    3.744906182955196e-01    1.801394112548336e+00    8.099413279416259e-01
   -3.251989722413965e+00    3.059403852350793e+00    4.928470967414249e+00
    6.114165122898925e-01    5.411885409424850e+00    8.470907969733642e-01
    5.853384451833335e+00   -1.283809277727830e+00    4.352468717695222e+00
   -1.157185405612158e+01    1.085454405461200e+01   -1.263350789224225e+01
    8.974452312696326e-01   -1.486903319726086e+00   -1.144282893239865e+00
   -7.857258202700493e-01   -3.320646046617775e-01   -2.553998069107545e+00
   -1.480608574770609e+00   -1.475446984997721e+00    2.520449199691335e+00
    3.427115234307975e-01   -5.822218016135444e-03    1.527229186226400e+00
    1.652648202419430e+00    2.906371643204569e+00    3.149806418935653e-01
   -1.043988906734806e+00    2.267348348323729e+00   -2.126475413536975e+00
    2.722615959454611e-01    2.574643313833435e+00   -1.071350267275493e+00
    1.064899058144881e+00   -3.542360483246214e+00    8.821974297651480e-02
   -5.174822641784648e+00    3.720293761290324e+00   -3.218677763908428e+00
    8.754098379568662e+00    7.595996290683697e+00   -7.938930935526815e+00
   -2.402179380329406e-02    8.353729368256478e-01    1.467708344528706e+00
    1.918779548302963e+00   -2.482493584018984e+00    1.634318363986474e+00
    1.042721019986527e+00    2.822193310099797e-01    8.127557600031512e-01
   -2.763314211622242e+00   -1.181034561218375e+00    2.380413141166221e+00
   -2.773684352677806e+00   -2.014197834061966e+00    2.163206535032504e-01
   -1.568832119863954e+00   -4.837565665735913e-01   -7.859052845885963e-01
