-5.41366 -5.41595
-5.41014 -5.41213
-5.40827 -5.41036
-5.41054 -5.41249
-5.41022 -5.41223
-5.40722 -5.40907
-5.40773 -5.40988
-5.40977 -5.41177
-5.4126 -5.41467
-5.40973 -5.41167
-5.40377 -5.40594
-5.39791 -5.39976
-5.39438 -5.39595
-5.39846 -5.40018
-5.39641 -5.39803
-5.39632 -5.39791
-5.39461 -5.39609
-5.39888 -5.40049
-5.3984 -5.40007
-5.39442 -5.39585
-5.38661 -5.388
-5.39563 -5.39758
-5.38469 -5.3862
-5.38435 -5.38581
-5.3849 -5.38607
-5.37795 -5.37932
-5.38236 -5.38367
-5.3874 -5.38903
-5.38458 -5.38581
-5.38305 -5.38406
-5.37003 -5.37122
-5.36722 -5.36795
-5.36902 -5.37002
-5.36329 -5.36433
-5.36481 -5.36599
-5.37462 -5.37591
-5.3683 -5.36954
-5.37128 -5.37249
-5.37639 -5.37765
-5.37817 -5.37956
-5.34979 -5.35061
-5.35751 -5.35886
-5.35097 -5.35228
-5.35443 -5.3554
-5.35548 -5.35658
-5.35569 -5.35687
-5.35455 -5.35559
-5.35409 -5.35408
-5.36246 -5.36433
-5.3722 -5.37365
-5.3384 -5.33844
-5.34101 -5.34198
-5.34079 -5.34129
-5.35502 -5.35589
-5.34307 -5.344
-5.34316 -5.34375
-5.33808 -5.33825
-5.34271 -5.34393
-5.3433 -5.34403
-5.34019 -5.34088
-5.32594 -5.32637
-5.32523 -5.32645
-5.32627 -5.3274
-5.33095 -5.33198
-5.33684 -5.33821
-5.32259 -5.32376
-5.31884 -5.32001
-5.32584 -5.32689
-5.33382 -5.33519
-5.34118 -5.34195
-5.31836 -5.31797
-5.30459 -5.30559
-5.31353 -5.31388
-5.31511 -5.31606
-5.33455 -5.33455
-5.3301 -5.3314
-5.31249 -5.31345
-5.32455 -5.32567
-5.32431 -5.32533
-5.3111 -5.31111
-5.30388 -5.30494
-5.28812 -5.28815
-5.29003 -5.28997
-5.29814 -5.29841
-5.31309 -5.31266
-5.29868 -5.299
-5.30197 -5.30222
-5.29845 -5.29811
-5.29512 -5.29598
-5.29776 -5.29796
-5.29829 -5.29829
-5.28295 -5.28285
-5.29746 -5.29785
-5.26661 -5.26678
-5.28836 -5.28985
-5.28583 -5.28509
-5.28124 -5.28229
-5.28569 -5.28514
-5.28435 -5.28389
-5.29373 -5.29317
