0.111359 0.109776 0.111591 -0.00173138 0.0338871 0.0109879 0.098832 0.0966086 0.0985222 -0.00172328 0.0293019 0.00964828
-0.00522691 -0.00532343 -0.0034173 0.0096236 -0.0234513 0.000921621 -0.0103209 -0.0131423 -0.00939953 0.00803563 -0.0203434 0.00130125
0.00415925 0.0130382 0.00829728 0.0184821 -0.0447097 -0.00943897 -0.00038375 0.006125 0.0012475 0.0151272 -0.0392961 -0.00663594
-0.00821517 -0.00488854 -2.33081e-05 -0.0140823 0.0339216 0.0189686 -0.0136641 -0.0124962 -0.00667797 -0.01267 0.0290031 0.0162727
-0.00647634 -0.00768036 -0.0072499 -0.00581202 0.0124338 0.0167168 -0.0111269 -0.0145691 -0.0146134 -0.00464219 0.0103847 0.0148094
-0.0120985 -0.00391693 -0.00458193 0.0101172 -0.0110043 -0.00686958 -0.0167014 -0.010647 -0.0108461 0.00740203 -0.0117334 -0.00593578
0.00643225 0.00403132 0.00484299 0.00174683 0.0340816 0.0178137 -0.000340156 -0.00286203 -0.00261641 0.00173031 0.0285903 0.0159447
-0.0148476 -0.0138763 -0.00913177 -0.00382708 0.0067447 -0.0131901 -0.0194703 -0.0207863 -0.015393 -0.00315125 0.00678859 -0.0105753
0.0328422 0.0348183 0.0328164 0.000988377 0.018161 0.0167371 0.0270014 0.0250623 0.024177 -0.000764531 0.0134762 0.0157792
-0.0147282 -0.0127976 -0.0107438 0.00803492 -0.035678 -0.0259682 -0.0187766 -0.0194497 -0.0171083 0.00587031 -0.0312733 -0.0222938
0.109229 0.114526 0.118051 0.00680255 0.049189 -0.00520122 0.0972328 0.10211 0.10545 0.00731984 0.0399478 -0.00575125
-0.00711031 -0.00824988 -0.0132151 0.0188274 -0.0546293 0.00186016 -0.0143472 -0.013408 -0.0171305 0.0151755 -0.0469634 0.000637031
-0.0162579 -0.0166445 -0.0140744 -0.0101744 -0.0429441 0.0211427 -0.0198436 -0.0246497 -0.0176388 -0.00756922 -0.0373031 0.0173731
0.00112563 -0.00903342 0.000714157 -0.00290515 0.0451535 0.00936071 -0.00409391 -0.0147998 -0.00479875 -0.00479703 0.0394652 0.0106455
-0.0179981 -0.0293565 -0.0357827 -0.00731404 0.0875548 -0.00498942 -0.0198256 -0.0313667 -0.0372358 -0.00768781 0.0729403 -0.00342453
0.00841867 -0.00357981 -0.0089196 -0.0301655 0.000475966 0.00245936 0.00371406 -0.00930594 -0.0122814 -0.0262605 -0.00347125 0.0004475
-0.0100378 -0.0134099 -0.00768201 -0.00869072 0.0558612 -0.0043699 -0.0133942 -0.0199811 -0.0125128 -0.00599484 0.0478264 -0.00298
0.0259634 0.0312393 0.0388363 0.0096952 -0.0377788 0.0035345 0.0228428 0.0225097 0.0337828 0.0119447 -0.0384966 0.00376672
-0.0130717 -0.0229823 -0.0184386 -0.0372326 0.0428066 0.0168355 -0.021248 -0.0253717 -0.0202392 -0.0331128 0.035187 0.0147214
-0.021943 -0.0250371 -0.0196992 0.0367115 -0.0397622 0.00430984 -0.0248198 -0.0313037 -0.0222811 0.0337086 -0.0378072 0.00264437
-3.54815e-05 -0.0124855 -0.0183188 -0.0736521 0.0615281 -0.0269094 -0.00506188 -0.0181195 -0.0231759 -0.0636886 0.0530339 -0.0240873
0.116263 0.127946 0.116034 -0.017715 0.0639508 0.00852369 0.103883 0.114918 0.102928 -0.0171942 0.0558581 0.00735609
-0.034476 -0.0182678 -0.0260224 0.0631324 -0.0664047 0.0619614 -0.0396047 -0.0224875 -0.0315462 0.0538678 -0.0568666 0.0513559
-0.0097699 -0.00297614 0.00310606 0.0405361 -0.0657508 0.030321 -0.013893 -0.00838938 -0.000829531 0.0319219 -0.0576553 0.0267798
0.0317722 0.0391833 0.0372884 0.0657939 -0.0703754 0.062292 0.0285638 0.0321581 0.0300338 0.0541816 -0.0655603 0.0531709
-0.0218867 -0.02045 -0.0113742 0.0453277 -0.0206052 0.00829436 -0.023122 -0.0241872 -0.0196887 0.0365802 -0.0167736 0.00833906
-0.0246403 -0.0219385 -0.0384971 -0.0729784 0.0595599 -0.030988 -0.0265625 -0.0243781 -0.0420309 -0.0640039 0.0495058 -0.0252156
-0.0296974 -0.0228195 -0.0270273 0.0484246 -0.0643006 0.012804 -0.032115 -0.0256611 -0.0307759 0.0442633 -0.0564522 0.0121398
-0.0317782 -0.0339565 -0.0254248 -0.018946 0.0590537 -0.041667 -0.0338122 -0.0389422 -0.0307341 -0.0157667 0.0450275 -0.0364384
-0.00735668 0.00957395 -0.00821805 -0.0388902 0.0489292 -0.00727978 -0.00826109 0.00695453 -0.0135553 -0.0345398 0.0388189 -0.00710313
0.0310426 0.0121097 0.0201216 0.0484241 0.0235329 0.0830899 0.0324805 0.00450063 0.0185775 0.0433487 0.0241669 0.0707508
-0.0435899 -0.0545174 -0.0373312 -0.0016421 0.0332052 -0.0691342 -0.0389339 -0.0627159 -0.0364813 -0.00273188 0.0287189 -0.060292
-0.0320041 -0.0329883 -0.0242559 -0.0994491 -0.00390094 -0.0955823 -0.0301069 -0.038628 -0.0203203 -0.0819602 0.00541859 -0.0788231
-0.0137549 -0.0212938 -0.00310399 0.0722365 0.0321214 0.115348 -0.0174009 -0.025295 -0.00555813 0.0618078 0.0298781 0.0981098
-0.034211 -0.0145383 -0.0130531 -0.111018 0.00119334 -0.0964703 -0.0261689 -0.0205278 -0.0136792 -0.0873098 0.0134933 -0.0758581
-0.0481297 -0.0383722 -0.0299653 -0.110017 -0.0246136 0.0217897 -0.0445373 -0.0475092 -0.0307134 -0.0936642 -0.0141519 0.0186286
-0.0563565 -0.0495343 -0.0400995 0.0311961 0.0629704 -0.0697464 -0.0519487 -0.0509947 -0.0386589 0.027648 0.0586011 -0.055902
-0.0405325 -0.0313162 -0.0449842 -0.042467 -0.0188081 0.0892577 -0.0367889 -0.0349595 -0.0475552 -0.0346069 -0.0127498 0.0773475
-0.0193838 -0.0219612 -0.0260369 0.133277 -0.000337655 0.022412 -0.0200303 -0.0267239 -0.026825 0.111358 0.00151672 0.0209781
0.115223 0.130208 0.126686 -0.124994 -0.103898 -0.054715 0.103809 0.117817 0.114971 -0.107672 -0.0897522 -0.0459208
-0.00884455 -0.0296882 -0.0149617 0.0240289 -0.0603396 -0.0910136 -0.00953141 -0.0318444 -0.0076775 0.020268 -0.052068 -0.0827053
-0.0349867 -0.0414787 -0.0286111 0.0383732 -0.00891668 0.0503335 -0.0320055 -0.0473806 -0.023237 0.0259637 -0.00326234 0.0477389
-0.0237932 -0.0123092 -0.00614854 0.0378976 -0.00705738 -0.0242704 -0.0237931 -0.0229162 0.00135234 0.0374889 0.00149609 -0.00944453
0.0335663 0.0163558 0.016151 -0.0736132 -0.061939 -0.00327696 0.0307077 0.0149158 0.0210392 -0.0678067 -0.0478212 0.00177266
-0.0519612 -0.0682276 -0.0644042 0.00416757 -0.0480137 -0.0542038 -0.0508948 -0.0766636 -0.0509864 0.0104523 -0.0351805 -0.0477214
-0.0381732 -0.0470277 -0.0473808 -0.0212523 -0.0050587 -0.0824961 -0.0434233 -0.0483534 -0.0410914 -0.0195988 -0.00189328 -0.0692452
-0.0450691 -0.0367187 -0.0336247 -0.0854366 0.0398324 -0.0362981 -0.0426327 -0.041548 -0.0276 -0.0673073 0.0428342 -0.0260109
-0.0306798 -0.0416363 -0.048523 -0.00171685 0.0248511 0.0986711 -0.0394166 -0.0408078 -0.0413112 0.000618437 0.0228453 0.0819811
-0.0287784 -0.0420007 -0.0241586 -0.0245328 -0.0328783 0.0952388 -0.0356441 -0.042365 -0.0197764 -0.0137247 -0.0258991 0.0805933
0.122449 0.129421 0.123406 0.0561946 0.109241 0.0525184 0.115774 0.115994 0.114974 0.0485297 0.0941847 0.0475356
-0.0525575 -0.0322725 -0.0362679 -0.0172993 0.0563533 0.0358338 -0.0506498 -0.0327414 -0.0421197 -0.0238153 0.0432912 0.027112
-0.0471021 -0.0372432 -0.0579855 0.00269031 -0.0377157 -0.00607382 -0.0395189 -0.0355939 -0.0576125 0.00874406 -0.03524 -0.00461
-0.0736741 -0.0721578 -0.0532556 0.0249393 -0.0452247 -0.0154692 -0.0570478 -0.0782816 -0.0516659 0.0128995 -0.0365202 -0.0131597
0.168532 0.125218 0.148025 -0.0285354 0.0881517 -0.0662888 0.160881 0.114131 0.137509 -0.0220752 0.0770886 -0.062928
0.019565 0.0276352 0.0284698 0.0788773 -0.117241 0.0145073 0.0212059 0.0278177 0.0314406 0.0656048 -0.0985019 0.00805281
-0.0562495 -0.0505968 -0.0521823 -0.052693 0.0141576 0.0117271 -0.0525758 -0.0400708 -0.0551309 -0.0504458 0.00718094 0.00794172
-0.0529425 -0.0485376 -0.0482653 -0.0129454 0.0108184 -0.0173071 -0.0531166 -0.0449142 -0.0557714 -0.0181442 0.00854297 -0.00998828
-0.0556638 -0.0423797 -0.0305486 -0.0379504 0.0510919 -0.0731769 -0.0458459 -0.0422313 -0.0303133 -0.0356875 0.0464766 -0.0672722
-0.043974 -0.057979 -0.0550131 -0.0902232 0.0778467 -0.010646 -0.0285309 -0.0575547 -0.0535878 -0.0751112 0.0647733 -0.00863141
-0.0659221 -0.019454 -0.0378319 -0.0103696 0.0284346 -0.00410935 -0.0631322 -0.0142625 -0.0437213 -0.0137234 0.024518 -0.00410109
-0.0598996 -0.0280233 -0.0452119 0.0101425 0.0267401 -0.0604096 -0.0580989 -0.0234012 -0.0456812 0.00618219 0.0183808 -0.0555728
-0.0686591 -0.0816966 -0.0543392 0.0383066 0.0811363 -0.0961985 -0.0716273 -0.0835239 -0.049965 0.029555 0.0663834 -0.0807136
-0.0519818 -0.122073 -0.0730528 0.00345975 -0.0342949 0.0302254 -0.0461856 -0.112956 -0.0693211 0.00678625 -0.0291302 0.022268
-0.0596765 -0.0756434 -0.0461196 0.00843764 0.0463541 -0.0169153 -0.0528267 -0.0704722 -0.0441173 0.00488422 0.0525997 -0.0176584
-0.0449195 -0.0785281 -0.0178248 -0.00632816 -0.144504 0.0583509 -0.0480692 -0.0752005 -0.0180369 -0.00431234 -0.12049 0.0544567
0.0223115 0.00256228 0.0296746 0.0883939 -0.0449824 -0.0309471 0.0262141 0.00620266 0.0231473 0.0755072 -0.0381953 -0.0247872
0.110367 0.138223 0.132899 -0.1452 0.00152802 -0.0235179 0.105521 0.132748 0.132267 -0.116806 0.00243938 -0.0209413
-0.0586787 -0.0592191 -0.0647289 -0.122531 -0.0124544 0.0315323 -0.0594308 -0.0630609 -0.0554591 -0.0920519 -0.0142061 0.0306206
-0.0407385 -0.058821 -0.0198149 0.0720455 0.0500817 -0.04135 -0.0350683 -0.0636108 -0.0176827 0.0599466 0.0435286 -0.0264189
-0.0689411 -0.116059 -0.0928331 0.0163634 0.122695 -0.00260152 -0.0598575 -0.117414 -0.0943705 0.0155545 0.10685 -0.00254781
-0.0729424 -0.0780031 -0.0926572 -0.116815 -0.0891289 0.00263933 -0.0772464 -0.0781242 -0.083538 -0.0975119 -0.0708336 0.00992984
-0.000488236 -0.0420937 -0.0538097 0.0325338 -0.00972078 0.0909942 -0.00233281 -0.0382577 -0.0559339 0.0196864 -0.0134163 0.0843631
-0.065308 -0.058211 -0.0466352 0.0142975 0.100866 -0.0398646 -0.0701125 -0.0603578 -0.0414723 0.0100042 0.0846684 -0.0309292
-0.0881584 -0.0640075 -0.0187452 -0.0409489 0.14337 -0.126273 -0.0888648 -0.0625673 -0.0135752 -0.031267 0.116421 -0.0990089
0.00695223 0.0242235 0.0504044 -0.0695627 -0.0309963 -0.100086 0.00204734 0.0174719 0.0520233 -0.0582241 -0.0277469 -0.0882836
-0.0730893 -0.0935803 -0.052595 0.0740921 0.0133962 0.048764 -0.0670998 -0.0837978 -0.0479064 0.0654286 0.0123381 0.0463595
-0.0499416 -0.0472048 -0.0630546 -0.019586 -0.00585093 0.0616906 -0.050482 -0.0415648 -0.0649552 -0.0170313 -0.00453328 0.0555016
-0.0645534 -0.091094 -0.0894002 -0.0800488 -0.02205 -0.0262336 -0.0589634 -0.0892675 -0.0911894 -0.0716533 -0.0141014 -0.0204381
-0.037648 -0.0447729 -0.0452487 0.122818 -0.0267417 -0.0672847 -0.041443 -0.0348878 -0.0435886 0.107001 -0.0292211 -0.0581413
0.08537 0.0880992 0.0889497 0.0472471 0.0723513 0.0300197 0.0951923 0.0955334 0.0842884 0.0371253 0.0681336 0.0212855
-0.0739696 -0.0979103 -0.0671301 0.0397317 -0.0475687 -0.0445409 -0.0724848 -0.101679 -0.0725464 0.0298931 -0.0464064 -0.0393748
0.0345803 0.1193 0.0440406 0.125601 -0.0173015 -0.0476797 0.0356744 0.137163 0.0564184 0.111295 -0.0107608 -0.0409973
-0.0466824 -0.0632924 -0.0592598 0.0318424 -0.167719 -0.0451899 -0.0446008 -0.0612073 -0.0643361 0.0356427 -0.147142 -0.0388533
-0.0734749 -0.0667095 -0.090466 -0.0374174 -0.0777861 -0.0712452 -0.0648958 -0.0648898 -0.0826569 -0.0280888 -0.0537222 -0.0679033
-0.0757557 -0.0811999 -0.0782472 -0.0354255 0.0871797 0.00850498 -0.0626327 -0.0920519 -0.0708883 -0.0231675 0.0726573 0.00443953
-0.0408478 -0.0543115 -0.0574518 -0.0684762 -0.0358682 -0.0867912 -0.0400402 -0.0756009 -0.0646012 -0.0561162 -0.0359855 -0.0741241
-0.119021 -0.0752013 -0.0780166 -0.0406358 0.0148497 0.0849872 -0.113355 -0.0629977 -0.0831895 -0.0335347 -0.00293266 0.0606337
-0.0602082 -0.0744362 -0.0601962 -0.0672575 0.0724135 0.0737157 -0.0648661 -0.0619252 -0.0746641 -0.0543392 0.0577827 0.0691308
0.0771266 0.0235106 0.0473816 0.0355518 -0.00419645 0.0804596 0.0709559 0.025102 0.0435362 0.0283719 -0.00394937 0.0634
-0.0913344 -0.0560911 -0.0859876 0.00490792 0.0108661 0.0254675 -0.0895997 -0.0694873 -0.0794333 0.0123731 0.000512031 0.0179545
-0.0249789 -0.00352011 -0.0226764 -0.128814 0.0359029 -0.0342335 -0.0274363 -0.0147691 -0.024887 -0.10906 0.0276859 -0.0301858
-0.0433034 -0.0750746 -0.00995544 -0.126889 0.00103365 -0.0816903 -0.0491314 -0.0944042 -0.00587141 -0.101008 -0.00669859 -0.0536273
-0.106759 -0.0390789 -0.113924 -0.0558411 -0.0387061 0.0137347 -0.0958753 -0.0339936 -0.114747 -0.0441844 -0.0412884 0.00525859
-0.0908247 -0.112916 -0.175352 -0.00941787 0.0956197 0.0729148 -0.0702972 -0.115198 -0.169847 -0.00515406 0.0819041 0.0714255
-0.14005 -0.127795 -0.13078 0.102529 0.0674076 0.0496943 -0.133471 -0.11705 -0.117351 0.0932073 0.0501142 0.0572353
0.0492675 0.0866958 0.0379434 -0.0728287 -0.12689 -0.0531814 0.0625602 0.0865972 0.0545455 -0.0642731 -0.110247 -0.0503231
-0.0514359 -0.108395 -0.055651 -0.0466704 -0.0495235 -0.0646892 -0.0612886 -0.0995389 -0.0577934 -0.0285431 -0.0212986 -0.0479805
-0.130013 -0.125314 -0.113804 -0.0377957 0.0119205 0.0331391 -0.115907 -0.126087 -0.111427 -0.0460686 -0.00376734 0.0279731
-0.0834026 -0.0946399 -0.122162 -0.0443645 -0.0339305 0.0498279 -0.0814742 -0.0973792 -0.121344 -0.0348814 -0.0327498 0.0520622
-0.107184 -0.108487 -0.0768785 -0.0432885 0.0942402 -0.0169172 -0.118945 -0.104162 -0.0803966 -0.032193 0.0665428 -0.0171722
