-5.24846 -5.24989
-5.28384 -5.28428
-5.26599 -5.26644
-5.27729 -5.27735
-5.28887 -5.28845
-5.29502 -5.29417
-5.27698 -5.27674
-5.28827 -5.28977
-5.30152 -5.30212
-5.26067 -5.26169
-5.28164 -5.28267
-5.28847 -5.2887
-5.30081 -5.30026
-5.29131 -5.29158
-5.28323 -5.28365
-5.31137 -5.31127
-5.30843 -5.30921
-5.28221 -5.28327
-5.27544 -5.27573
-5.2799 -5.2796
-5.24315 -5.2405
-5.27824 -5.27793
-5.27159 -5.27202
-5.30294 -5.30337
-5.26446 -5.26458
-5.3076 -5.30773
-5.28282 -5.28338
-5.27301 -5.27264
-5.27757 -5.27733
-5.29191 -5.29173
-5.24922 -5.24931
-5.30403 -5.30409
-5.26382 -5.2655
-5.29286 -5.29352
-5.2848 -5.2844
-5.3048 -5.30404
-5.30295 -5.3029
-5.28709 -5.28806
-5.30344 -5.30355
-5.27323 -5.27274
-5.28061 -5.28239
-5.30391 -5.3034
-5.2594 -5.25924
-5.29112 -5.29164
-5.29495 -5.29527
-5.24393 -5.2454
-5.30285 -5.30398
-5.2857 -5.2857
-5.28099 -5.28097
-5.26642 -5.2658
-5.31243 -5.31345
-5.28875 -5.2896
-5.24247 -5.23992
-5.29669 -5.29569
-5.28609 -5.28668
-5.3045 -5.30478
-5.28794 -5.2873
-5.28775 -5.28721
-5.29646 -5.29594
-5.28205 -5.28307
-5.29002 -5.29107
-5.25016 -5.25066
-5.29873 -5.30037
-5.27376 -5.27234
-5.28448 -5.2848
-5.28574 -5.28576
-5.27847 -5.27895
-5.30599 -5.30652
-5.28538 -5.28607
-5.27061 -5.27002
-5.26462 -5.26503
-5.27737 -5.27819
-5.27289 -5.27325
-5.30633 -5.30756
-5.2958 -5.29578
-5.28767 -5.28746
-5.27411 -5.27361
-5.28557 -5.28564
-5.28947 -5.2895
-5.30705 -5.30717
-5.29251 -5.29342
-5.28563 -5.28724
-5.26648 -5.26674
-5.28423 -5.28481
-5.33027 -5.33086
-5.281 -5.28178
-5.26886 -5.26759
-5.27697 -5.27622
-5.29949 -5.29928
-5.29776 -5.29919
-5.28645 -5.28632
-5.28513 -5.28544
-5.29088 -5.29087
-5.28091 -5.28245
-5.26533 -5.26504
-5.24207 -5.24115
-5.29545 -5.29623
-5.27883 -5.27901
-5.31825 -5.31873
-5.27066 -5.27073
-5.35199 -5.3527
-5.35115 -5.34873
-5.35165 -5.35149
-5.33188 -5.33236
-5.30006 -5.30062
-5.21706 -5.21847
-5.27178 -5.27144
-5.37608 -5.37703
-5.28801 -5.28729
-5.35147 -5.35219
-5.36619 -5.36519
-5.30318 -5.30139
-5.36227 -5.36215
-5.38 -5.38026
-5.30331 -5.30218
-5.34752 -5.34738
-5.33893 -5.33754
-5.36655 -5.3661
-5.29196 -5.28996
-5.39424 -5.39484
-5.32989 -5.3323
-5.36591 -5.36606
-5.33832 -5.33936
-5.3546 -5.35447
-5.37057 -5.37032
-5.31953 -5.31854
-5.337 -5.3366
-5.34905 -5.34879
-5.33171 -5.32764
-5.34811 -5.34578
-5.30243 -5.30408
-5.38608 -5.3858
-5.33653 -5.33649
-5.32019 -5.31877
-5.34621 -5.34689
-5.33423 -5.33317
-5.29335 -5.29183
-5.29275 -5.29205
-5.31161 -5.3125
-5.37167 -5.37222
-5.29852 -5.2953
-5.3233 -5.32248
-5.3671 -5.36763
-5.3369 -5.33462
-5.37128 -5.3711
-5.35013 -5.34783
-5.31844 -5.31782
-5.3866 -5.38752
-5.36259 -5.36405
-5.3059 -5.30394
