    1.5513888167e+03    1.6042619472e+03   -3.4961866784e+04    3.2090267620e+00    3.2317238607e+00    3.2959912695e+00    9.7515186114e-02    6.4563236986e-03    4.0061963448e-02    5.4428530661e+01    5.4428530661e+01    5.4428530661e+01
    1.9145412560e+03    1.9797910429e+03   -3.4594082958e+04    2.8055814071e+00    2.9779986326e+00    2.8670172537e+00   -5.0194900919e-02    3.3303483353e-02    9.5929687452e-02    5.4545864925e+01    5.4545864925e+01    5.4545864925e+01
    2.0436728350e+03    2.1133235759e+03   -3.4232920264e+04    2.3597068472e+00    2.3419374672e+00    2.3841610154e+00    3.9212418758e-02    4.8742456170e-02   -3.8730037139e-02    5.4623269198e+01    5.4623269198e+01    5.4623269198e+01
    2.0928980212e+03    2.1642264136e+03   -3.3887776791e+04    1.9658795413e+00    1.8719931115e+00    1.9716109786e+00    3.2027960867e-02   -7.5746461595e-02    7.8077909232e-02    5.4709099474e+01    5.4709099474e+01    5.4709099474e+01
    2.1216936624e+03    2.1940034436e+03   -3.3519208652e+04    1.4264743578e+00    1.5011243697e+00    1.4272286139e+00    2.8265163056e-03    5.5589303011e-02   -3.2208047174e-02    5.4766417543e+01    5.4766417543e+01    5.4766417543e+01
    2.0178311059e+03    2.0866011307e+03   -3.2956255041e+04    8.3955325283e-01    9.1063439650e-01    9.8358884620e-01   -1.6890921977e-01   -9.5069535592e-03    4.9737430846e-02    5.4794992192e+01    5.4794992192e+01    5.4794992192e+01
    1.9390814421e+03    2.0051675870e+03   -3.2391660378e+04    3.9027017774e-02    5.7016042547e-02    7.5096852992e-02   -1.4949608142e-01    7.2310922846e-02   -8.7436045869e-02    5.4829435647e+01    5.4829435647e+01    5.4829435647e+01
    1.9142478416e+03    1.9794876285e+03   -3.1789340636e+04   -3.1018246476e-01   -2.2811157414e-01   -2.3499349144e-01   -5.4072252334e-02    2.3921404220e-02    1.2693788020e-01    5.4820420564e+01    5.4820420564e+01    5.4820420564e+01
    2.0411314338e+03    2.1106955608e+03   -3.1349855417e+04   -6.0878388086e-01   -5.5194273023e-01   -6.3715901012e-01    6.0653076032e-02    8.7110025262e-02    2.7661803730e-02    5.4822574239e+01    5.4822574239e+01    5.4822574239e+01
    2.2019032740e+03    2.2769466918e+03   -3.1078643893e+04   -3.0344744227e-01   -1.9883973127e-01   -3.7879008661e-01   -1.3115973591e-01    7.1209064768e-02   -3.1629343914e-03    5.4831415048e+01    5.4831415048e+01    5.4831415048e+01
    2.3212197040e+03    2.4003295642e+03   -3.0962709569e+04   -1.6698827924e-01   -3.2269793111e-01   -2.6796064272e-01    3.3501526151e-02   -6.2661366727e-03   -2.9521092441e-02    5.4816885286e+01    5.4816885286e+01    5.4816885286e+01
    2.3848032190e+03    2.4660800791e+03   -3.0910801299e+04   -1.3765381712e-01   -1.2823025825e-01   -2.0577377126e-01    3.6285031404e-02    1.7950275995e-02    6.1095449714e-02    5.4811950692e+01    5.4811950692e+01    5.4811950692e+01
    2.4653219789e+03    2.5493430117e+03   -3.0875071501e+04   -1.4184910899e-01   -9.5640595095e-02   -4.3362677293e-02   -1.0887894393e-02    1.8197591862e-02   -2.0891545874e-02    5.4836421707e+01    5.4836421707e+01    5.4836421707e+01
    2.5057661238e+03    2.5911655400e+03   -3.0877060671e+04   -1.9169875523e-01   -9.6953961159e-02   -2.7037863861e-01    2.8694153020e-02   -8.1168117392e-02   -3.7499214714e-02    5.4834189175e+01    5.4834189175e+01    5.4834189175e+01
    2.4819362638e+03    2.5665235308e+03   -3.0853628196e+04   -1.5675574731e-02   -1.6490094610e-01   -2.7930818245e-01    2.2916696966e-02   -1.4997281093e-01   -3.4409768343e-02    5.4846893473e+01    5.4846893473e+01    5.4846893473e+01
    2.4983820744e+03    2.5835298336e+03   -3.0819699433e+04   -1.2613828946e-01   -4.4382969169e-02   -1.7033091628e-01   -1.6143587000e-01   -1.4179661603e-01    4.7406840374e-02    5.4871685274e+01    5.4871685274e+01    5.4871685274e+01
    2.5174607104e+03    2.6032586916e+03   -3.0861777689e+04   -2.0184349829e-01   -1.8206360511e-01   -1.2382955955e-01   -9.3234450777e-03    1.1405634125e-01    6.1886766898e-02    5.4874766352e+01    5.4874766352e+01    5.4874766352e+01
    2.5075050434e+03    2.5929637240e+03   -3.0844958402e+04   -5.9858668023e-02   -1.7577011364e-01   -2.2615603091e-01   -2.5261156898e-02    4.4329264166e-02   -8.8476874091e-02    5.4871882144e+01    5.4871882144e+01    5.4871882144e+01
    2.4937981191e+03    2.5787896518e+03   -3.0839044058e+04   -1.6867111860e-01   -1.6364886069e-01    1.7285695634e-02   -1.2180385856e-02    9.9431150645e-02    7.9547949368e-02    5.4839822713e+01    5.4839822713e+01    5.4839822713e+01
    2.4905849468e+03    2.5754669709e+03   -3.0836681158e+04   -7.3421573027e-03   -8.9784593549e-02   -1.9763284916e-01   -5.4775695938e-02   -2.1276914827e-02   -1.8219363084e-01    5.4817997099e+01    5.4817997099e+01    5.4817997099e+01
    2.5235066245e+03    2.6095106575e+03   -3.0887222601e+04   -1.5157799049e-01   -1.9751762851e-01   -1.7344952199e-01   -6.0132579133e-03   -5.3829007184e-02   -7.4779606027e-02    5.4821982704e+01    5.4821982704e+01    5.4821982704e+01
    2.4668931543e+03    2.5509677346e+03   -3.0871456482e+04   -8.1911612279e-05    4.1645077837e-02    3.0587810614e-01   -3.8919850782e-02    1.3223895326e-01    2.2442300069e-02    5.4806091113e+01    5.4806091113e+01    5.4806091113e+01
    2.4719893168e+03    2.5562375802e+03   -3.0851631928e+04   -5.5077851873e-02   -1.1875223134e-01   -1.7001040914e-01   -4.8318350022e-02   -4.9716551209e-02   -1.5564479593e-01    5.4805387971e+01    5.4805387971e+01    5.4805387971e+01
    2.5202353834e+03    2.6061279288e+03   -3.0867981549e+04   -1.0024564952e-01   -1.0013827963e-01   -9.1457825072e-02   -5.2939865641e-02   -6.3569547352e-02   -6.3878159285e-02    5.4803306216e+01    5.4803306216e+01    5.4803306216e+01
    2.4580833327e+03    2.5418576640e+03   -3.0878993937e+04   -9.2770093473e-02   -1.5503259792e-01   -1.1722906481e-01   -7.5827454277e-02   -8.5879527655e-02    1.1205531406e-01    5.4760462781e+01    5.4760462781e+01    5.4760462781e+01
    2.5117176079e+03    2.5973198575e+03   -3.0872004725e+04   -2.1092199602e-01   -3.3072981832e-02   -1.0432380785e-01    1.7670762460e-02    2.5262371097e-02   -2.8137205310e-02    5.4775910267e+01    5.4775910267e+01    5.4775910267e+01
    2.5085233525e+03    2.5940167382e+03   -3.0839599411e+04    1.4682049353e-01   -5.7044221208e-02   -4.1873460706e-02   -9.0085766591e-02   -4.9544902208e-02   -4.4259274845e-02    5.4798774277e+01    5.4798774277e+01    5.4798774277e+01
    2.5298414263e+03    2.6160613567e+03   -3.0822568414e+04    1.1770572293e-01    2.5212238455e-01    1.1902684436e-01   -6.9931360314e-02    1.7164586173e-02    2.4164608715e-04    5.4826350674e+01    5.4826350674e+01    5.4826350674e+01
    2.5107329755e+03    2.5963016678e+03   -3.0830885674e+04   -5.3947972951e-02   -2.3726603231e-02   -1.9931815426e-02    6.1909711828e-02   -2.3139973349e-02    5.5591777585e-02    5.4821239869e+01    5.4821239869e+01    5.4821239869e+01
    2.5306781632e+03    2.6169266106e+03   -3.0863184849e+04   -5.0999088790e-02    9.6862368900e-02    5.9227289827e-02    7.0184362895e-02   -8.3763620620e-02    3.3132609112e-02    5.4832395297e+01    5.4832395297e+01    5.4832395297e+01
    2.4982687996e+03    2.5834126983e+03   -3.0844153457e+04    5.2682350587e-02   -1.0053828135e-01   -2.3768243158e-01    1.1696266838e-01    6.1894428344e-02   -1.1465866865e-02    5.4833373021e+01    5.4833373021e+01    5.4833373021e+01
    2.5078471841e+03    2.5933175253e+03   -3.0862147926e+04   -8.1116912415e-02   -8.8354467304e-02    3.3640858731e-03    4.8227971539e-02    5.9233195312e-02    3.1617907678e-02    5.4826237316e+01    5.4826237316e+01    5.4826237316e+01
    2.5012741212e+03    2.5865204447e+03   -3.0869601363e+04    3.3498328649e-03   -4.4014506335e-02   -3.2524063141e-01   -2.7697886716e-02   -7.0173382981e-02   -2.2779435069e-02    5.4831821158e+01    5.4831821158e+01    5.4831821158e+01
    2.4664222723e+03    2.5504808043e+03   -3.0842203602e+04   -1.0676570913e-01   -8.4715933861e-02   -1.1438176343e-01   -1.4470580675e-01   -1.1738441764e-01   -5.6387001801e-02    5.4826091257e+01    5.4826091257e+01    5.4826091257e+01
    2.4917185337e+03    2.5766391918e+03   -3.0860818916e+04   -2.3119828437e-02    6.8468912824e-02   -4.9353055993e-02    6.2548098442e-02    3.7854079685e-02    8.1782707977e-03    5.4836182162e+01    5.4836182162e+01    5.4836182162e+01
    2.5096067291e+03    2.5951370376e+03   -3.0839117257e+04   -1.4615875953e-01   -1.2214050025e-01   -5.0661027509e-02    3.4742523147e-02   -6.4395940571e-02    2.3243618887e-02    5.4839251986e+01    5.4839251986e+01    5.4839251986e+01
    2.5296929931e+03    2.6159078647e+03   -3.0823359974e+04   -1.1597406925e-01    3.2145317892e-02    1.5232230403e-01   -5.5617229767e-02   -2.2867168644e-02   -5.5528591920e-02    5.4837409627e+01    5.4837409627e+01    5.4837409627e+01
    2.4612270291e+03    2.5451085013e+03   -3.0843170193e+04    1.1897595625e-01    3.6972902251e-02   -4.4449185676e-02   -5.6916186103e-03   -6.0663404002e-02    1.1642400126e-01    5.4805468861e+01    5.4805468861e+01    5.4805468861e+01
    2.5005821776e+03    2.5858049189e+03   -3.0837643692e+04    2.3348135184e-01    8.5636689065e-02    2.6154192470e-01    7.7366290146e-02   -4.1629649629e-02   -1.5004991697e-02    5.4809641426e+01    5.4809641426e+01    5.4809641426e+01
    2.4567137715e+03    2.5404414266e+03   -3.0832543353e+04   -5.2290734876e-02   -1.2488027028e-01   -9.8571992774e-02    7.7135533458e-02   -4.1468353517e-02   -7.0422152523e-02    5.4808385048e+01    5.4808385048e+01    5.4808385048e+01
    2.4854151200e+03    2.5701209504e+03   -3.0868654791e+04    8.9081912793e-02    1.4123252068e-01    3.6863780117e-02   -8.2984784466e-02    6.7516378544e-02    1.0098645323e-01    5.4800595001e+01    5.4800595001e+01    5.4800595001e+01
    2.4872888168e+03    2.5720585050e+03   -3.0845271184e+04   -2.9460771096e-02    5.2876492548e-04   -3.0118805691e-02   -8.3587650517e-05   -1.1067694365e-01   -6.3264547654e-02    5.4818783611e+01    5.4818783611e+01    5.4818783611e+01
    2.4867769097e+03    2.5715291515e+03   -3.0873837738e+04   -2.2975209487e-01   -1.3915671426e-01   -1.4138410015e-01    1.2759403676e-01   -4.5137620664e-02   -2.6285406415e-02    5.4818143485e+01    5.4818143485e+01    5.4818143485e+01
    2.4924995805e+03    2.5774468575e+03   -3.0852048168e+04   -1.7664059091e-01   -2.5528386711e-01    2.7033085833e-02    8.5920255645e-02    7.3610667643e-02   -7.4088136711e-02    5.4808672602e+01    5.4808672602e+01    5.4808672602e+01
    2.4848629042e+03    2.5695499144e+03   -3.0845350738e+04   -1.6991612670e-01   -1.3762979220e-02    1.0025582385e-01   -1.1154334987e-01    1.4538362046e-02    6.3943416344e-02    5.4810247965e+01    5.4810247965e+01    5.4810247965e+01
    2.5065995753e+03    2.5920273964e+03   -3.0847800700e+04   -6.5185490118e-02    1.3062645350e-01    1.2985342104e-01   -4.3299534108e-02   -4.8749073154e-02   -1.2613465925e-01    5.4815429738e+01    5.4815429738e+01    5.4815429738e+01
    2.5551443605e+03    2.6422266443e+03   -3.0856565248e+04   -1.2734592108e-01    2.4838927617e-02    1.9371862648e-01    2.6682025492e-02   -1.7783019102e-02    6.6753339051e-02    5.4814301696e+01    5.4814301696e+01    5.4814301696e+01
    2.5034329851e+03    2.5887528853e+03   -3.0861084960e+04   -6.7575410037e-02    2.5543917453e-02   -1.0130964694e-01   -2.7009231844e-02   -7.9347694760e-02   -8.3308376077e-02    5.4769010729e+01    5.4769010729e+01    5.4769010729e+01
    2.4817720458e+03    2.5663537160e+03   -3.0825022396e+04   -6.4989194966e-02   -2.1258018143e-03   -1.0179152892e-01    2.8177327560e-02    7.9113272379e-03   -3.5766083514e-02    5.4784845136e+01    5.4784845136e+01    5.4784845136e+01
    2.5142020707e+03    2.5998889937e+03   -3.0880106341e+04    7.1010175699e-02   -3.2913728022e-02    4.9034832159e-02   -1.5056518520e-01   -3.8022498865e-02   -9.8437818790e-03    5.4775237090e+01    5.4775237090e+01    5.4775237090e+01
    2.5212795774e+03    2.6072077101e+03   -3.0856968496e+04    1.3540148809e-01    3.0763672857e-02    3.3416930411e-02    9.9754581911e-02   -9.7242350417e-02   -1.0581374054e-01    5.4776835080e+01    5.4776835080e+01    5.4776835080e+01
    2.5408991260e+03    2.6274959157e+03   -3.0848595181e+04   -4.0875460707e-01   -5.2175614955e-02   -1.0821529325e-01    8.2951963279e-02    8.2623880465e-03    6.9024716560e-02    5.4804526461e+01    5.4804526461e+01    5.4804526461e+01
    2.5081331899e+03    2.5936132784e+03   -3.0837867543e+04   -2.6363503788e-02    8.5289454158e-02    1.7642943292e-01   -3.4522042932e-02   -4.4135111971e-02   -8.2332266999e-02    5.4776452105e+01    5.4776452105e+01    5.4776452105e+01
    2.4766196978e+03    2.5610257699e+03   -3.0875256015e+04   -2.2461095101e-02    4.8150247051e-02    1.4692937540e-02    1.0712414869e-01   -2.0239431716e-02    2.7108274844e-02    5.4747714662e+01    5.4747714662e+01    5.4747714662e+01
    2.5231075357e+03    2.6090979673e+03   -3.0878880739e+04   -3.5059303196e-02   -9.9821142626e-02   -1.3988166190e-02   -1.1516118504e-02    2.5258481756e-02   -3.0537341661e-02    5.4787847730e+01    5.4787847730e+01    5.4787847730e+01
    2.4858481855e+03    2.5705687752e+03   -3.0835028550e+04   -1.9000801457e-01   -8.0404239608e-02    3.2139386993e-02   -3.3549845742e-02   -6.8640141867e-02   -8.2739632975e-02    5.4801513734e+01    5.4801513734e+01    5.4801513734e+01
    2.5075908042e+03    2.5930524077e+03   -3.0862514930e+04   -8.0356516680e-02   -1.1000787120e-02   -3.7569646062e-04    2.3871753757e-02   -8.8405404828e-02   -4.2116757322e-02    5.4806095888e+01    5.4806095888e+01    5.4806095888e+01
    2.4992650978e+03    2.5844429514e+03   -3.0836085664e+04   -1.2923713696e-01   -1.6549275668e-01   -5.2441290671e-02    7.2473442758e-02   -8.9231675692e-02    1.8754782192e-03    5.4800935173e+01    5.4800935173e+01    5.4800935173e+01
    2.5361211309e+03    2.6225550809e+03   -3.0862901222e+04   -8.5732152196e-02   -4.3498806590e-02    5.3663202408e-02   -9.7192430363e-03    6.0310960754e-02   -1.5175431591e-03    5.4787719040e+01    5.4787719040e+01    5.4787719040e+01
    2.5002115560e+03    2.5854216661e+03   -3.0901611381e+04    3.9951476198e-02    1.3175598827e-01   -1.6470867019e-01    2.4916620927e-02   -1.1555743661e-02    1.3043704018e-01    5.4772044484e+01    5.4772044484e+01    5.4772044484e+01
    2.4785764149e+03    2.5630491742e+03   -3.0845491656e+04    4.4248685526e-02    3.0786829918e-02    1.3526177893e-01   -1.1801731022e-01    7.0589589445e-03    6.8247128028e-02    5.4769086198e+01    5.4769086198e+01    5.4769086198e+01
    2.4775154100e+03    2.5619520091e+03   -3.0875801675e+04   -2.5270398560e-02    1.4471330323e-01    3.2814496932e-01   -2.8196046109e-03    4.3494413235e-02   -5.6633515793e-02    5.4749857576e+01    5.4749857576e+01    5.4749857576e+01
    2.5133632151e+03    2.5990215490e+03   -3.0881816749e+04   -9.1143773081e-02    3.8658314058e-02   -3.3065224492e-02   -1.5633577899e-01    2.7906371777e-02   -4.5817014162e-02    5.4758900795e+01    5.4758900795e+01    5.4758900795e+01
    2.4949465759e+03    2.5799772493e+03   -3.0867528217e+04   -1.9125181399e-02   -4.6452557976e-02    1.0205356916e-01   -7.2462055550e-02   -4.2203316179e-02   -4.8152256863e-02    5.4767035954e+01    5.4767035954e+01    5.4767035954e+01
    2.5006959617e+03    2.5859225809e+03   -3.0867337065e+04   -1.1950255891e-01   -2.5552820085e-01   -1.9567440846e-01    2.8679915622e-02   -6.4707104819e-02    3.1279354232e-02    5.4802134455e+01    5.4802134455e+01    5.4802134455e+01
    2.4897426755e+03    2.5745959940e+03   -3.0841668527e+04   -1.1114976808e-02    1.6744890000e-01    3.1860030875e-02   -1.8793645743e-02   -2.1885581111e-02   -5.4956088658e-02    5.4799126761e+01    5.4799126761e+01    5.4799126761e+01
    2.4842271683e+03    2.5688925119e+03   -3.0844620336e+04   -2.2376401669e-02   -1.2658424679e-01   -1.0852652838e-01   -7.3754007102e-03    5.6054884166e-02    2.5603057351e-02    5.4814353590e+01    5.4814353590e+01    5.4814353590e+01
    2.4574507605e+03    2.5412035331e+03   -3.0844157187e+04   -1.3440355849e-01   -2.6015773521e-02   -1.8363113315e-01    2.1428769638e-02    5.6688049726e-02   -3.5742822314e-02    5.4816127202e+01    5.4816127202e+01    5.4816127202e+01
    2.4930678203e+03    2.5780344636e+03   -3.0843793801e+04   -1.0318298217e-01   -1.7985175944e-02   -6.9729154860e-02    1.9250484801e-02    7.4017952604e-02   -1.7069347986e-02    5.4813293174e+01    5.4813293174e+01    5.4813293174e+01
    2.5118818294e+03    2.5974896760e+03   -3.0846845870e+04   -1.2168831390e-01   -5.9110935706e-02   -1.1458807999e-01   -4.1633305072e-02    5.6639054875e-02    7.3389562936e-03    5.4839814170e+01    5.4839814170e+01    5.4839814170e+01
    2.4904794381e+03    2.5753578663e+03   -3.0829731899e+04   -3.9090689402e-02   -2.1198862228e-01   -7.1952419720e-02    6.8402190277e-02    1.3590572954e-02    2.9633892416e-02    5.4839356723e+01    5.4839356723e+01    5.4839356723e+01
    2.4828941453e+03    2.5675140579e+03   -3.0843688952e+04   -1.1293005661e-01   -1.9812295156e-03    9.7677806974e-02    1.1429849767e-01   -1.8414655522e-02   -2.1929948540e-02    5.4844133200e+01    5.4844133200e+01    5.4844133200e+01
    2.5076864280e+03    2.5931512904e+03   -3.0843953138e+04    7.8758941868e-02    1.3836863374e-01   -2.0088017113e-03   -3.3456803621e-02    6.9680359113e-02   -1.4092683255e-04    5.4866561528e+01    5.4866561528e+01    5.4866561528e+01
    2.5196690916e+03    2.6055423370e+03   -3.0828914731e+04   -1.1048998269e-01   -9.1049732964e-02   -1.0127948227e-01   -4.1979315948e-02    1.2897619036e-01    3.2865447082e-02    5.4860903098e+01    5.4860903098e+01    5.4860903098e+01
    2.5417295292e+03    2.6283546199e+03   -3.0833811952e+04    6.9808045243e-02    2.8981982174e-02   -7.3664487509e-02    7.3923766196e-02    3.5579801823e-03    6.4203135936e-02    5.4857616365e+01    5.4857616365e+01    5.4857616365e+01
    2.5125308634e+03    2.5981608298e+03   -3.0824028966e+04   -3.2183764664e-03   -8.5715834265e-02    1.4028660090e-02   -1.4218748987e-01    7.5004395629e-02    4.7313439469e-02    5.4874277875e+01    5.4874277875e+01    5.4874277875e+01
    2.5119051534e+03    2.5975137948e+03   -3.0830294653e+04   -8.1275047556e-02   -9.0160252850e-02   -1.8836795733e-01    1.4373158885e-02    6.5787540347e-02   -2.8409351116e-03    5.4874078438e+01    5.4874078438e+01    5.4874078438e+01
    2.5111772958e+03    2.5967611310e+03   -3.0852225312e+04   -1.2005920174e-01   -6.5232086821e-02   -1.0399513137e-01   -1.2255255990e-02   -4.6874063193e-02   -6.4932721055e-02    5.4841927365e+01    5.4841927365e+01    5.4841927365e+01
    2.5333333831e+03    2.6196723234e+03   -3.0863804463e+04   -9.4061616037e-02   -9.6758946830e-02   -2.1252973227e-01    9.1051353884e-02   -8.2789361814e-02   -4.2924684369e-03    5.4828691532e+01    5.4828691532e+01    5.4828691532e+01
    2.4652252249e+03    2.5492429602e+03   -3.0861996595e+04   -8.9748432094e-02   -1.1773083006e-02   -1.6626614653e-01    1.3844019361e-02    6.5592808231e-02    8.4033778379e-03    5.4814677614e+01    5.4814677614e+01    5.4814677614e+01
    2.4947618529e+03    2.5797862308e+03   -3.0884508331e+04    6.2546965327e-02    4.1062507871e-02   -1.2359145176e-01   -1.1525056100e-01    2.9506426148e-02   -3.5499577420e-02    5.4806595030e+01    5.4806595030e+01    5.4806595030e+01
    2.4960473143e+03    2.5811155022e+03   -3.0894133576e+04   -4.8223666178e-02    7.3599323935e-02    3.1279034897e-02    3.6383682175e-02   -5.4722858308e-02   -1.4457093400e-02    5.4783411952e+01    5.4783411952e+01    5.4783411952e+01
    2.4734925560e+03    2.5577920516e+03   -3.0853513503e+04   -1.6661965369e-02    2.2571368025e-02   -7.4507231559e-02   -4.5732410921e-02   -4.6085539827e-02    2.2202559464e-02    5.4788502080e+01    5.4788502080e+01    5.4788502080e+01
    2.5057470831e+03    2.5911458504e+03   -3.0831355837e+04    2.3843924904e-02   -1.0485046989e-01   -1.2569790938e-01   -1.1524101399e-01    3.8935942578e-02   -2.7230727178e-02    5.4809908978e+01    5.4809908978e+01    5.4809908978e+01
    2.5219493276e+03    2.6079002862e+03   -3.0812847511e+04    3.0065302867e-02   -2.1645794568e-01   -4.6909104562e-02   -1.9852721597e-01    1.0459667458e-01   -5.0096813570e-03    5.4833137101e+01    5.4833137101e+01    5.4833137101e+01
    2.5075989220e+03    2.5930608021e+03   -3.0809134583e+04    2.6286732353e-02   -2.1152235481e-01   -7.8566661891e-02   -7.1065995640e-02   -8.1511667367e-02    1.2465797118e-01    5.4838585292e+01    5.4838585292e+01    5.4838585292e+01
    2.5319416568e+03    2.6182331656e+03   -3.0864136540e+04   -9.4467631247e-02    7.2199562854e-02    5.3694426398e-02    5.4494944881e-02   -2.9562214702e-02   -9.3763295239e-02    5.4809787063e+01    5.4809787063e+01    5.4809787063e+01
    2.4727614622e+03    2.5570360413e+03   -3.0800754386e+04    1.0265109404e-02   -2.4469516844e-01   -1.6546248890e-01    4.6683870749e-02    7.1757532648e-02   -1.0221528909e-01    5.4819286679e+01    5.4819286679e+01    5.4819286679e+01
    2.5207187117e+03    2.6066277294e+03   -3.0863537839e+04   -1.4181376064e-01   -7.8153211693e-02   -1.3008952592e-01   -6.3297537813e-02    3.5562884289e-02    4.2741086025e-02    5.4800259343e+01    5.4800259343e+01    5.4800259343e+01
    2.5283729817e+03    2.6145428658e+03   -3.0866588012e+04   -1.6060087422e-01    5.1809351480e-02   -1.4461789242e-01   -3.8939196669e-02   -6.6067659973e-02    2.0379944063e-03    5.4793930567e+01    5.4793930567e+01    5.4793930567e+01
    2.4822791917e+03    2.5668781460e+03   -3.0850022663e+04    1.3648871561e-01    1.6794131098e-02    1.5015302464e-01    6.6781085986e-02   -4.3214752096e-02   -1.0614234153e-01    5.4778641470e+01    5.4778641470e+01    5.4778641470e+01
    2.5146559575e+03    2.6003583495e+03   -3.0879846710e+04    5.2452332807e-02   -2.7700876512e-03    5.8196639875e-02    6.0412397599e-02   -7.0897988385e-02   -6.3778603521e-02    5.4770387289e+01    5.4770387289e+01    5.4770387289e+01
    2.5010078551e+03    2.5862451039e+03   -3.0889974381e+04    6.3388187379e-03   -1.5581639548e-01    1.7620581481e-02   -1.2759077627e-01    5.9952627366e-02    2.8823455648e-02    5.4753968686e+01    5.4753968686e+01    5.4753968686e+01
    2.4952142444e+03    2.5802540403e+03   -3.0865794237e+04   -9.8071824012e-02   -5.6474116998e-02    1.4956889556e-01    7.4257760246e-02   -2.5726308950e-02    8.8117675926e-02    5.4765911937e+01    5.4765911937e+01    5.4765911937e+01
    2.5132516645e+03    2.5989061966e+03   -3.0895255017e+04   -2.4753733469e-02   -1.7098120685e-01   -9.2742247121e-02   -9.2331181432e-02   -1.7385185360e-02    7.1333132131e-02    5.4740193111e+01    5.4740193111e+01    5.4740193111e+01
    2.5297292624e+03    2.6159453701e+03   -3.0847232529e+04    1.0041774824e-01    1.3542452068e-01    2.0660622573e-01   -6.5942028037e-02   -2.4917826279e-02    1.4556038894e-03    5.4774361148e+01    5.4774361148e+01    5.4774361148e+01
    2.4776154867e+03    2.5620554966e+03   -3.0866190857e+04   -1.7572674259e-01    1.5390678146e-02   -1.2186257595e-01    4.7610837850e-02   -4.5953841374e-03   -3.4514650805e-02    5.4751952756e+01    5.4751952756e+01    5.4751952756e+01
    2.4955373981e+03    2.5805882074e+03   -3.0856838390e+04    2.9310206846e-02    9.6783610710e-02   -5.8845490020e-02   -6.1835311650e-02    2.6363914661e-02    2.8144101253e-02    5.4767840851e+01    5.4767840851e+01    5.4767840851e+01
    2.4729273799e+03    2.5572076136e+03   -3.0864750256e+04   -7.7069560073e-03   -9.7560454245e-02   -1.6856447419e-01   -7.2912713960e-02    1.6204484483e-01    1.4182673094e-01    5.4762261081e+01    5.4762261081e+01    5.4762261081e+01
    2.4905966608e+03    2.5754790840e+03   -3.0859122189e+04   -5.7254520247e-03   -3.7163063698e-02    2.6726900840e-01   -5.5269841383e-02   -1.6301683049e-02   -1.2858292925e-01    5.4764044182e+01    5.4764044182e+01    5.4764044182e+01
    2.1399288574e+03    2.2128601152e+03   -3.1018551519e+04   -7.9146396126e-01   -7.1281865462e-01   -8.3359309862e-01    8.8922312429e-02    2.0538206991e-03    5.0289680142e-02    5.4748480394e+01    5.4748480394e+01    5.4748480394e+01
    1.9938538996e+03    2.0618067534e+03   -3.1121226184e+04   -9.4944335782e-01   -8.3035326791e-01   -8.8242521123e-01    1.2555763372e-02    5.3589312640e-02   -1.0810078712e-01    5.4736175954e+01    5.4736175954e+01    5.4736175954e+01
    1.9131073124e+03    1.9783082288e+03   -3.1237554977e+04   -8.9868871774e-01   -1.0177714711e+00   -9.3608125051e-01   -1.0035374922e-01    1.4379349957e-02    4.9311929136e-02    5.4706078941e+01    5.4706078941e+01    5.4706078941e+01
    1.8549066655e+03    1.9181240363e+03   -3.1298093024e+04   -8.8291704584e-01   -9.2455399934e-01   -8.8513044468e-01    3.5370338964e-02   -3.1691967629e-02    1.5511247882e-02    5.4661233024e+01    5.4661233024e+01    5.4661233024e+01
    1.8715020455e+03    1.9352850061e+03   -3.1339094686e+04   -9.4190715652e-01   -1.0009579895e+00   -9.3153781544e-01   -1.4160459231e-01    6.8073390108e-03    7.3387440002e-02    5.4646728114e+01    5.4646728114e+01    5.4646728114e+01
    1.8338332694e+03    1.8963324344e+03   -3.1352251007e+04   -1.1087881474e+00   -1.1832853025e+00   -1.2998978820e+00   -3.2439374744e-02    1.9359223984e-02   -9.4845516834e-02    5.4621215442e+01    5.4621215442e+01    5.4621215442e+01
    1.8388657793e+03    1.9015364582e+03   -3.1372514728e+04   -1.0096154352e+00   -9.8603835293e-01   -1.0905445471e+00   -3.1415168357e-02   -2.1893985605e-02   -2.8881579766e-03    5.4584389099e+01    5.4584389099e+01    5.4584389099e+01
    1.8382854823e+03    1.9009363840e+03   -3.1406075183e+04   -5.6479710542e-01   -8.3327869480e-01   -8.6145652727e-01    4.6405888965e-02   -5.3362770226e-02   -6.7718667602e-03    5.4549867976e+01    5.4549867976e+01    5.4549867976e+01
    1.7943615329e+03    1.8555154554e+03   -3.1411008042e+04   -6.3762755123e-01   -7.7194619192e-01   -9.1905973162e-01    3.5780659578e-02    1.8687819520e-02    1.4362098265e-02    5.4499735222e+01    5.4499735222e+01    5.4499735222e+01
    1.8013047776e+03    1.8626953339e+03   -3.1441049838e+04   -7.3759027977e-01   -8.7612194866e-01   -9.8695862027e-01    2.6943094218e-02    9.0842827343e-03    7.1078205127e-02    5.4478801059e+01    5.4478801059e+01    5.4478801059e+01
    1.8425579979e+03    1.9053545118e+03   -3.1462790816e+04   -9.6969105574e-01   -8.2115865932e-01   -8.4302257887e-01    3.5162080422e-02   -9.0143362114e-02    7.2753471992e-03    5.4444983310e+01    5.4444983310e+01    5.4444983310e+01
    1.8224048749e+03    1.8845145470e+03   -3.1402282637e+04   -8.2714264874e-01   -7.3110505490e-01   -9.6683308679e-01   -4.0304837405e-03   -4.1544500566e-03    7.3925424156e-02    5.4454781080e+01    5.4454781080e+01    5.4454781080e+01
    1.8163045952e+03    1.8782063627e+03   -3.1431354841e+04   -9.0898488080e-01   -9.0690381947e-01   -8.9742066154e-01   -5.7059167657e-02   -1.4207022669e-02   -8.1696057681e-02    5.4435625476e+01    5.4435625476e+01    5.4435625476e+01
    1.8159938313e+03    1.8778850077e+03   -3.1441588503e+04   -9.7586885515e-01   -9.3123181950e-01   -8.1714955628e-01    9.5302929345e-02    6.2614625663e-02   -6.0094165415e-02    5.4388397983e+01    5.4388397983e+01    5.4388397983e+01
    1.8252305027e+03    1.8874364755e+03   -3.1447053498e+04   -8.7301935446e-01   -6.3996897232e-01   -5.6614768101e-01   -1.0005207372e-01    1.1205271427e-01    4.0203383983e-02    5.4351529363e+01    5.4351529363e+01    5.4351529363e+01
    1.8114416077e+03    1.8731776389e+03   -3.1456849541e+04   -6.7792765932e-01   -6.6362430400e-01   -6.4501885528e-01    4.9923363074e-02   -4.3677731042e-03    6.3010914305e-02    5.4328565986e+01    5.4328565986e+01    5.4328565986e+01
    1.8014639823e+03    1.8628599646e+03   -3.1458562372e+04   -6.6446721780e-01   -7.4324821138e-01   -6.6525766412e-01    1.0953979787e-01    3.4804786443e-03   -2.8403680680e-02    5.4301963661e+01    5.4301963661e+01    5.4301963661e+01
    1.8032582923e+03    1.8647154267e+03   -3.1490990560e+04   -5.3946930236e-01   -6.4405184736e-01   -7.4572378163e-01    4.7625942914e-03   -7.2751818427e-02    1.1989621792e-02    5.4262212101e+01    5.4262212101e+01    5.4262212101e+01
    1.8022380732e+03    1.8636604373e+03   -3.1473247763e+04   -5.9300204172e-01   -7.4371986758e-01   -6.2854749085e-01    1.8630182776e-03   -9.8560369299e-02   -1.1431835592e-01    5.4236987039e+01    5.4236987039e+01    5.4236987039e+01
    1.8031891557e+03    1.8646439338e+03   -3.1477549460e+04   -6.4645992304e-01   -6.2074324320e-01   -6.1663589151e-01    2.3157694041e-02    2.9372987945e-02   -2.5386154276e-02    5.4203387233e+01    5.4203387233e+01    5.4203387233e+01
    1.7882468825e+03    1.8491924106e+03   -3.1480146542e+04   -5.0359369887e-01   -7.5418546872e-01   -5.9624402627e-01   -1.7821011185e-02   -6.1953724775e-02   -9.9106208760e-02    5.4174857406e+01    5.4174857406e+01    5.4174857406e+01
    1.7979994951e+03    1.8592774036e+03   -3.1481414965e+04   -5.2542631582e-01   -5.4651873232e-01   -6.0008088896e-01   -7.5489476612e-02    5.5277104392e-02   -3.9903081506e-02    5.4163180980e+01    5.4163180980e+01    5.4163180980e+01
    1.8032037681e+03    1.8646590443e+03   -3.1477043738e+04   -4.7740498535e-01   -4.9950771965e-01   -6.8864581278e-01    3.9621443855e-02   -7.3041235879e-02    4.8559183646e-02    5.4153626504e+01    5.4153626504e+01    5.4153626504e+01
    1.8192686872e+03    1.8812714744e+03   -3.1518722526e+04   -5.4766338181e-01   -4.8260991938e-01   -4.6277062836e-01   -1.7491843646e-03    4.4316747565e-02   -5.1713484542e-02    5.4114739493e+01    5.4114739493e+01    5.4114739493e+01
    1.7996329688e+03    1.8609665480e+03   -3.1487054695e+04   -7.2340466289e-01   -2.3642407149e-01   -3.6895408599e-01   -9.1159247429e-02   -2.3186156997e-02   -3.1156966202e-02    5.4086289640e+01    5.4086289640e+01    5.4086289640e+01
    1.8268789680e+03    1.8891411224e+03   -3.1512285352e+04   -4.3713043818e-01   -4.2061495410e-01   -4.2482084533e-01    3.2528507779e-02   -2.0405627470e-03   -1.1910684268e-02    5.4096020905e+01    5.4096020905e+01    5.4096020905e+01
    1.8079767910e+03    1.8695947373e+03   -3.1506038645e+04   -3.6523775698e-01   -3.9004390880e-01   -2.8213836404e-01    3.2712014563e-02   -1.0435751422e-02   -9.8454109072e-03    5.4088011006e+01    5.4088011006e+01    5.4088011006e+01
    1.8069693112e+03    1.8685529215e+03   -3.1522336596e+04   -5.3575462298e-01   -4.4963979673e-01   -4.1133360531e-01    2.9537001146e-02    3.8256875209e-02    4.7837715227e-02    5.4068919911e+01    5.4068919911e+01    5.4068919911e+01
    1.7943602765e+03    1.8555141562e+03   -3.1512475622e+04   -4.2188274230e-01   -3.7350145298e-01   -4.6637478488e-01   -2.6546406610e-02    1.2381555168e-02    5.3161210577e-02    5.4055657757e+01    5.4055657757e+01    5.4055657757e+01
    1.8092799562e+03    1.8709423158e+03   -3.1512370526e+04   -5.8626412840e-01   -4.4562423528e-01   -5.6591014169e-01   -1.0431177542e-01   -5.7863246983e-02   -1.2217849448e-01    5.4063146840e+01    5.4063146840e+01    5.4063146840e+01
    1.8058492797e+03    1.8673947180e+03   -3.1509986803e+04   -3.5123050764e-01   -4.2427684847e-01   -4.6757914861e-01   -1.7270558611e-03    5.0289967106e-02    8.5879109885e-03    5.4047606706e+01    5.4047606706e+01    5.4047606706e+01
    1.8130037231e+03    1.8747929931e+03   -3.1504296946e+04   -3.9301119757e-01   -3.4928668084e-01   -3.9081612723e-01    1.2600293086e-02   -6.4767061940e-02   -7.0104896012e-02    5.4039876612e+01    5.4039876612e+01    5.4039876612e+01
    1.8244586824e+03    1.8866383506e+03   -3.1507457267e+04   -4.9533382956e-01   -5.4512462716e-01   -6.0108499317e-01   -1.0324583939e-02    2.1282249989e-02   -4.0499986911e-02    5.4033936457e+01    5.4033936457e+01    5.4033936457e+01
    1.8246709503e+03    1.8868578529e+03   -3.1520386664e+04   -3.5935338795e-01   -4.6194367568e-01   -4.9704975447e-01   -1.2948968471e-02   -2.4223203831e-02    1.5008029758e-02    5.4030639162e+01    5.4030639162e+01    5.4030639162e+01
    1.8021346732e+03    1.8635535133e+03   -3.1539825713e+04   -4.1190078292e-01   -5.2247686821e-01   -5.3209733626e-01    3.5677682656e-03   -8.5548347719e-03   -2.4593229958e-02    5.3973869616e+01    5.3973869616e+01    5.3973869616e+01
    1.8029855215e+03    1.8644333595e+03   -3.1547162812e+04   -3.9860185032e-01   -3.7656601130e-01   -3.0772760700e-01   -2.5412982203e-02   -9.2041618812e-02   -4.7962178208e-03    5.3958548489e+01    5.3958548489e+01    5.3958548489e+01
    1.7633980586e+03    1.8234967100e+03   -3.1513320874e+04   -3.2925207370e-01   -2.1915188590e-01   -4.0211945015e-01   -6.2259835374e-02    5.3532751565e-02   -2.2958324267e-02    5.3921317096e+01    5.3921317096e+01    5.3921317096e+01
    1.7902416080e+03    1.8512551187e+03   -3.1529678450e+04   -1.6635111041e-01   -9.3197173015e-02   -2.4101648144e-01    1.1266853836e-02   -4.6826721544e-02    9.2635978439e-02    5.3894553414e+01    5.3894553414e+01    5.3894553414e+01
    1.7840756914e+03    1.8448790605e+03   -3.1544956588e+04   -8.3804376981e-02   -7.7270570150e-02   -1.8932336150e-01    2.6290753073e-02   -5.4541108560e-02   -5.3167017909e-02    5.3870662033e+01    5.3870662033e+01    5.3870662033e+01
    1.7903526254e+03    1.8513699197e+03   -3.1545298733e+04   -3.1391760247e-01   -1.0111335021e-01   -2.1539441999e-01    2.0118600064e-02   -3.4839966504e-02    1.7939604305e-02    5.3857635193e+01    5.3857635193e+01    5.3857635193e+01
    1.7756871238e+03    1.8362046008e+03   -3.1556357115e+04   -2.9025533423e-01   -1.4291581876e-01    1.9531332632e-02   -2.5709412052e-02    1.1937322104e-02   -5.6274442347e-03    5.3849072033e+01    5.3849072033e+01    5.3849072033e+01
    1.7593594753e+03    1.8193204870e+03   -3.1542344026e+04    4.6089925777e-02    2.6214939352e-02    2.9256402530e-02    1.0859490790e-01    7.3933773797e-03   -7.3460294736e-02    5.3834962081e+01    5.3834962081e+01    5.3834962081e+01
    1.7786015053e+03    1.8392183078e+03   -3.1541408506e+04   -9.7700715302e-02   -5.8305821888e-02   -1.9245416513e-01    3.0701327056e-02   -1.7068616829e-02    1.0861814864e-02    5.3833462347e+01    5.3833462347e+01    5.3833462347e+01
    1.8248104675e+03    1.8870021250e+03   -3.1558519992e+04   -2.0087089204e-01   -8.3816882187e-02   -2.1180190023e-01   -6.8861011203e-02    4.0258994203e-02   -3.3552159052e-02    5.3842939211e+01    5.3842939211e+01    5.3842939211e+01
    1.8071021806e+03    1.8686903192e+03   -3.1570282572e+04   -1.5621135499e-01   -1.6185159875e-01   -1.5701751459e-01   -5.2358677715e-02    4.9359278679e-02   -3.6876276191e-04    5.3829336982e+01    5.3829336982e+01    5.3829336982e+01
    1.7748254740e+03    1.8353135849e+03   -3.1556152438e+04   -2.4264924631e-01   -2.8771256840e-01   -1.1571612241e-01   -1.1603512362e-01   -2.1755331188e-02   -2.5427717711e-02    5.3826109272e+01    5.3826109272e+01    5.3826109272e+01
    1.7905808809e+03    1.8516059544e+03   -3.1587500782e+04   -1.8390865056e-01   -2.1639293874e-01   -3.3854998652e-01   -7.6023112337e-02    3.6911367624e-02    4.5702549712e-03    5.3819353123e+01    5.3819353123e+01    5.3819353123e+01
    1.7784718564e+03    1.8390842403e+03   -3.1582829818e+04   -6.6392576427e-02   -1.0290133878e-01   -1.8036253655e-01    5.7366050589e-02    2.5045805440e-03    4.7798240003e-02    5.3803984413e+01    5.3803984413e+01    5.3803984413e+01
    1.7868813288e+03    1.8477803172e+03   -3.1557280026e+04   -7.6418326615e-02   -1.8889752520e-01    3.3725076668e-02    9.8767672270e-02   -6.6336516152e-02    8.1473331758e-03    5.3791480836e+01    5.3791480836e+01    5.3791480836e+01
    1.8211124983e+03    1.8831781247e+03   -3.1552069803e+04   -8.6996187960e-02    1.6797712344e-03   -8.8626812796e-02    8.6209355212e-02    4.6560373401e-02   -9.8115807149e-02    5.3800080268e+01    5.3800080268e+01    5.3800080268e+01
    1.8074806253e+03    1.8690816617e+03   -3.1536230142e+04    1.3006282814e-02    1.4718697057e-01    1.5002632822e-01   -4.9766013303e-02   -6.5882649620e-02   -8.5671500333e-03    5.3790117807e+01    5.3790117807e+01    5.3790117807e+01
    1.8122767791e+03    1.8740412740e+03   -3.1551656505e+04   -2.3867882204e-01   -1.2413109649e-01   -2.3321156456e-01   -2.7149233495e-03   -6.0423554028e-02   -5.4968929293e-02    5.3802009617e+01    5.3802009617e+01    5.3802009617e+01
    1.7931453505e+03    1.8542578241e+03   -3.1542083150e+04   -7.7679718813e-02   -1.2514255104e-01    8.4521953173e-03    1.0243516377e-01   -9.4570093412e-03   -1.2737719361e-01    5.3798346830e+01    5.3798346830e+01    5.3798346830e+01
    1.7929430902e+03    1.8540486705e+03   -3.1542681220e+04   -9.5057306366e-02   -2.2430919176e-01   -1.5542876620e-02   -2.7113885815e-02    7.0208659179e-02   -5.8848803210e-03    5.3795986048e+01    5.3795986048e+01    5.3795986048e+01
    1.8045591907e+03    1.8660606612e+03   -3.1549973818e+04    8.1597619465e-03    1.0925135517e-01   -5.5544353615e-02   -6.9472761618e-02   -2.7440969338e-02   -6.7281379936e-03    5.3796626058e+01    5.3796626058e+01    5.3796626058e+01
    1.8041518462e+03    1.8656394339e+03   -3.1570728553e+04   -1.0232526334e-02   -2.3933973631e-02    8.2771473474e-02   -5.8258911393e-02    1.3838093491e-01   -6.1248959975e-02    5.3789972746e+01    5.3789972746e+01    5.3789972746e+01
    1.7932288214e+03    1.8543441398e+03   -3.1567545404e+04    7.6172265772e-02    8.4255005626e-02    5.2295785110e-02    8.5026456909e-03    4.8780285540e-02    4.1761744381e-02    5.3772788030e+01    5.3772788030e+01    5.3772788030e+01
    1.8362726173e+03    1.8988549182e+03   -3.1573552789e+04   -1.2972405245e-02   -3.9880425001e-02   -1.6393088650e-01    4.8754668969e-02   -2.7057211783e-02   -5.2301316301e-02    5.3782577249e+01    5.3782577249e+01    5.3782577249e+01
    1.7740930660e+03    1.8345562156e+03   -3.1566144889e+04   -7.6331975743e-02   -1.7070040430e-01   -2.3889801143e-01   -1.3581017070e-03    7.8897263813e-02   -2.1648123292e-02    5.3763685432e+01    5.3763685432e+01    5.3763685432e+01
    1.7856976770e+03    1.8465563253e+03   -3.1583569320e+04   -8.2519167407e-02    1.9966817797e-01    1.4234641563e-01   -1.1188884011e-01    1.3185514570e-01   -7.0871784961e-02    5.3724088483e+01    5.3724088483e+01    5.3724088483e+01
    1.8050594433e+03    1.8665779630e+03   -3.1575690641e+04   -4.9118144704e-02   -6.1786889038e-02    1.5800279712e-01    3.6589665003e-02   -9.0345421143e-02   -7.0317366629e-02    5.3729828278e+01    5.3729828278e+01    5.3729828278e+01
    1.7812933403e+03    1.8420018837e+03   -3.1568973745e+04   -5.1893107283e-02    1.1863287665e-01    1.0697695079e-01    9.3314579882e-03    8.9551639883e-02    1.0041421926e-01    5.3716148749e+01    5.3716148749e+01    5.3716148749e+01
    1.7855893523e+03    1.8464443087e+03   -3.1585928774e+04    1.7847592455e-01    2.3304153511e-01    1.4668058563e-01    1.3392253945e-02   -2.6105309076e-02   -1.3757881581e-02    5.3693738930e+01    5.3693738930e+01    5.3693738930e+01
    1.8087478991e+03    1.8703921256e+03   -3.1572462451e+04    1.2139392306e-01    1.9575524717e-01    1.2937422315e-02    1.1072875462e-01   -8.4911372399e-02   -2.3882422421e-02    5.3691332215e+01    5.3691332215e+01    5.3691332215e+01
    1.7851489073e+03    1.8459888528e+03   -3.1567791873e+04   -9.8488857355e-03    8.5613569328e-02    1.0858297108e-01    1.4755600494e-01   -2.3451846123e-02   -8.4956848809e-02    5.3680250812e+01    5.3680250812e+01    5.3680250812e+01
    1.7669209230e+03    1.8271396377e+03   -3.1572018962e+04    5.4112358481e-02   -5.1415964222e-03    6.1472408097e-02    4.7453664724e-02    7.8558966231e-02   -1.5263144353e-02    5.3660900828e+01    5.3660900828e+01    5.3660900828e+01
    1.7823611935e+03    1.8431061305e+03   -3.1615536016e+04    2.4800266969e-01    9.5611945942e-02    2.5764163699e-01   -3.3479954628e-02    1.4993894533e-03   -4.5851959246e-02    5.3630362038e+01    5.3630362038e+01    5.3630362038e+01
    1.7886817180e+03    1.8496420658e+03   -3.1598860100e+04    1.1459815562e-02   -6.7281661706e-02    1.3528310561e-02    1.6193070930e-03   -7.3804545047e-02   -3.5985680980e-02    5.3640519446e+01    5.3640519446e+01    5.3640519446e+01
    1.7919972914e+03    1.8530706378e+03   -3.1586928901e+04    1.1532880442e-01    2.5281500691e-01    4.5589222463e-02   -5.3194829098e-02   -6.7050795375e-02   -7.9050061317e-02    5.3633164431e+01    5.3633164431e+01    5.3633164431e+01
    1.7856137870e+03    1.8464695762e+03   -3.1568371800e+04    1.5046206560e-01    1.9983645868e-01    1.7767028789e-01    3.2512921646e-02    6.3734398945e-02   -3.0131816809e-02    5.3637016621e+01    5.3637016621e+01    5.3637016621e+01
    1.8108356556e+03    1.8725510353e+03   -3.1599070304e+04    2.8634835979e-02    6.7972273871e-02    1.0738764709e-01    2.1609393010e-02    1.4051020741e-01    3.8618125488e-02    5.3636337844e+01    5.3636337844e+01    5.3636337844e+01
    1.8080938300e+03    1.8697157651e+03   -3.1585821022e+04    1.5331139166e-01    1.7603800285e-01    2.1818399325e-01   -5.5286828924e-03    6.0486611976e-02   -5.5191213806e-02    5.3658838786e+01    5.3658838786e+01    5.3658838786e+01
    1.8042553376e+03    1.8657464525e+03   -3.1574496617e+04    3.9366173884e-02    2.2963297002e-01    1.6261294214e-01   -7.7890372992e-02   -5.5860839076e-02   -8.4178858176e-02    5.3667666628e+01    5.3667666628e+01    5.3667666628e+01
    1.7858605800e+03    1.8467247802e+03   -3.1573282271e+04   -3.7450889093e-02    1.6532338624e-01   -1.0117369957e-01   -1.1792088258e-02   -8.4080494147e-02   -6.2808413330e-02    5.3665732112e+01    5.3665732112e+01    5.3665732112e+01
    1.8300178361e+03    1.8923869668e+03   -3.1555747843e+04   -5.7955995915e-02   -2.1788512441e-01   -1.5167941254e-01    3.6696199759e-02    1.1888902027e-02    3.2808679405e-03    5.3690071617e+01    5.3690071617e+01    5.3690071617e+01
    1.8217355775e+03    1.8838224392e+03   -3.1563673735e+04    1.8690600583e-02    1.0181831055e-01    4.0643647331e-03    6.8333669947e-03   -2.3974405105e-02   -3.7885018360e-02    5.3682822941e+01    5.3682822941e+01    5.3682822941e+01
    1.8448049754e+03    1.9076780689e+03   -3.1566802406e+04    1.1873699537e-01    1.1428759704e-01    7.7042738935e-02    2.8071057659e-02   -7.3297525691e-02    8.2252246668e-02    5.3694655726e+01    5.3694655726e+01    5.3694655726e+01
    1.8156836309e+03    1.8775642353e+03   -3.1578250305e+04   -1.8515260749e-01   -1.9111061179e-01    8.2585840857e-02    2.0318453383e-02    8.1688631350e-02   -8.1561099258e-02    5.3692670150e+01    5.3692670150e+01    5.3692670150e+01
    1.7975692954e+03    1.8588325422e+03   -3.1578349007e+04    1.2714225095e-01    8.6822916646e-02   -4.7257768069e-02   -1.9900318874e-02   -4.2155244910e-02    2.1754553462e-02    5.3664602585e+01    5.3664602585e+01    5.3664602585e+01
    1.7910510819e+03    1.8520921804e+03   -3.1553619823e+04    2.4106498650e-01    1.7543399348e-01    2.2229921388e-01    5.6878712271e-03   -9.1755782980e-02    5.5440121959e-03    5.3688197326e+01    5.3688197326e+01    5.3688197326e+01
    1.8095499151e+03    1.8712214753e+03   -3.1570778111e+04    4.7265682974e-02    7.1318340087e-02   -7.5724514089e-03    1.5265568006e-02   -9.3410674488e-02   -1.0596924236e-02    5.3705753351e+01    5.3705753351e+01    5.3705753351e+01
    1.7909273497e+03    1.8519642312e+03   -3.1592833657e+04   -1.4633674672e-01    1.2861736215e-01    2.0132541136e-01   -2.6746990156e-02   -3.7701631955e-03   -1.2516043448e-02    5.3699855474e+01    5.3699855474e+01    5.3699855474e+01
    1.8033383115e+03    1.8647981730e+03   -3.1582740947e+04    2.8357928646e-01    4.7655623641e-02    1.8304038114e-01   -9.6945212699e-02   -5.7650342863e-02   -9.0219197658e-03    5.3685296437e+01    5.3685296437e+01    5.3685296437e+01
    1.7543701511e+03    1.8141611209e+03   -3.1550074948e+04    2.4395514713e-01    1.1368343523e-02    8.9612832604e-02    1.2197667781e-02   -1.5138536527e-02    8.6021351459e-03    5.3678353432e+01    5.3678353432e+01    5.3678353432e+01
    1.8031659769e+03    1.8646199651e+03   -3.1586194403e+04   -6.7920418782e-03    8.2123864625e-02    2.7535587354e-03    3.9637657344e-03    5.0577624301e-03    8.4715475547e-02    5.3692139589e+01    5.3692139589e+01    5.3692139589e+01
    1.8147761770e+03    1.8766258542e+03   -3.1583408025e+04   -9.8410707010e-02   -6.6381046376e-02   -5.5628834056e-02   -2.0269995672e-02   -2.6767477679e-02    3.0870938169e-02    5.3700329870e+01    5.3700329870e+01    5.3700329870e+01
    1.8004892903e+03    1.8618520539e+03   -3.1558164031e+04    1.8949031897e-01    1.1761378241e-01    1.0857922835e-01    6.2105008634e-03   -2.9289078623e-02    2.1699157115e-02    5.3664846489e+01    5.3664846489e+01    5.3664846489e+01
    1.8070987060e+03    1.8686867261e+03   -3.1558192901e+04    1.1698755352e-01    2.5502203410e-01    1.8654434442e-01   -3.4618823707e-02   -1.0201844979e-01    7.1316956059e-02    5.3656250982e+01    5.3656250982e+01    5.3656250982e+01
    1.8034714725e+03    1.8649358723e+03   -3.1563231535e+04    4.8256844258e-03   -6.6612186219e-02    3.9185455193e-02    8.9226791312e-03    1.8107062592e-02    6.4477732297e-03    5.3673806346e+01    5.3673806346e+01    5.3673806346e+01
    1.8074758410e+03    1.8690767144e+03   -3.1571173076e+04   -1.1857476655e-01    4.6710643329e-02   -2.9308817216e-02    3.9080977455e-02   -2.4441437671e-03   -2.7956990578e-02    5.3677863736e+01    5.3677863736e+01    5.3677863736e+01
    1.8127542326e+03    1.8745349996e+03   -3.1565032678e+04   -6.6772035354e-03    1.9368077046e-01   -1.0390387020e-01    4.7792361588e-03   -8.4013096550e-03   -3.6262574028e-02    5.3684644170e+01    5.3684644170e+01    5.3684644170e+01
    1.8061073535e+03    1.8676615872e+03   -3.1581872056e+04   -3.0977159818e-02    1.4047785531e-01    1.8439587434e-02    7.5309327940e-02   -1.4004131138e-02   -8.2449785003e-02    5.3675122391e+01    5.3675122391e+01    5.3675122391e+01
    1.7831261444e+03    1.8438971518e+03   -3.1582471648e+04    1.0367348480e-01    1.0198297264e-01    1.8015488780e-01    6.8302121226e-02    3.1940053371e-02   -4.1760029639e-02    5.3666592736e+01    5.3666592736e+01    5.3666592736e+01
    1.7891179480e+03    1.8500931630e+03   -3.1579102343e+04    5.1471193760e-02    7.6094500917e-02    1.3039605534e-01   -3.5065860877e-02   -4.5799688265e-02    2.8849212958e-02    5.3661363314e+01    5.3661363314e+01    5.3661363314e+01
    1.8273898441e+03    1.8896694098e+03   -3.1592200279e+04    1.4685780458e-01   -5.9869767696e-03    1.1195568079e-01   -3.7736793674e-02    3.5215633665e-02   -1.1495042401e-01    5.3650931155e+01    5.3650931155e+01    5.3650931155e+01
    1.8136346451e+03    1.8754454176e+03   -3.1574935239e+04    3.5537620711e-02    3.2321029466e-02   -3.6761225106e-02   -1.0556798218e-02    7.7198302385e-02    4.4848200149e-02    5.3676632922e+01    5.3676632922e+01    5.3676632922e+01
    1.8005086578e+03    1.8618720814e+03   -3.1579072505e+04   -8.0014994932e-03    1.0845609776e-02    6.6194698315e-02   -7.6653512397e-02    5.9048212482e-02   -4.6925184811e-02    5.3666842407e+01    5.3666842407e+01    5.3666842407e+01
    1.7987012042e+03    1.8600030278e+03   -3.1583887333e+04    2.2616840715e-01    1.1678467809e-01    1.6137832819e-01    6.9952966916e-02   -4.8958708163e-02    1.1596543482e-02    5.3672602098e+01    5.3672602098e+01    5.3672602098e+01
    1.7734924777e+03    1.8339351586e+03   -3.1550819988e+04    1.1356720247e-01    1.2066150149e-01    9.7408684101e-02    3.1907324644e-02    7.9225240939e-04    6.9941971508e-02    5.3701331263e+01    5.3701331263e+01    5.3701331263e+01
    1.7940852215e+03    1.8552297270e+03   -3.1560631286e+04    1.0747660095e-01    1.0583335123e-01    1.2132059404e-01    6.6754435208e-02   -6.9937268878e-02   -4.7568459724e-02    5.3690398227e+01    5.3690398227e+01    5.3690398227e+01
    1.8112501513e+03    1.8729796575e+03   -3.1559324401e+04    2.7980326866e-01    9.6344205976e-02    1.8641800212e-01   -5.9715797911e-02   -6.3006087470e-02   -1.7518780939e-02    5.3690398227e+01    5.3690398227e+01    5.3690398227e+01
    1.8204889407e+03    1.8825333155e+03   -3.1573514315e+04   -2.7379200705e-01   -4.7422932596e-02   -9.4229182180e-02    6.8587255187e-02   -3.0606812157e-02    3.3973294294e-02    5.3690398227e+01    5.3690398227e+01    5.3690398227e+01
    1.8026272023e+03    1.8640628284e+03   -3.1567916133e+04    7.9246595202e-03    7.6024755937e-02    1.1832167468e-01    2.5507600902e-03   -1.6353452634e-02   -2.7916944067e-02    5.3690398227e+01    5.3690398227e+01    5.3690398227e+01
    1.7993139908e+03    1.8606366988e+03   -3.1570303200e+04    4.5165904241e-02    1.8913802991e-01    1.9882880418e-01    5.7511014246e-02    1.9885546883e-02    6.0172530398e-03    5.3690398227e+01    5.3690398227e+01    5.3690398227e+01
    1.8132544406e+03    1.8750522553e+03   -3.1558474919e+04    1.8411214449e-01    8.7061561008e-02    2.2021847624e-01   -3.4271030674e-02    4.1010556077e-02    2.7108400276e-02    5.3690398227e+01    5.3690398227e+01    5.3690398227e+01
    1.8181523058e+03    1.8801170454e+03   -3.1566880963e+04    8.8573444470e-02    1.4191490638e-01    1.0674327250e-01   -2.0238320235e-02   -1.0738370663e-01    5.1808051149e-02    5.3690398227e+01    5.3690398227e+01    5.3690398227e+01
    1.8142835918e+03    1.8761164812e+03   -3.1580618236e+04    3.8238519589e-02   -5.8804528708e-02   -1.4991567156e-01    1.8722817079e-02    1.0221340045e-01    5.8172318484e-02    5.3690398227e+01    5.3690398227e+01    5.3690398227e+01
    1.7760995249e+03    1.8366310569e+03   -3.1563395734e+04   -2.7073184673e-02    3.5111456489e-02    6.8838024628e-02   -1.7372887415e-02   -1.3392835699e-01    2.7660438967e-02    5.3690398227e+01    5.3690398227e+01    5.3690398227e+01
    1.7851631836e+03    1.8460036157e+03   -3.1581422643e+04    1.7248562385e-01    9.2816375807e-02    1.7850930704e-01    1.6965657111e-02    4.5133201303e-02   -5.0903445407e-02    5.3690398227e+01    5.3690398227e+01    5.3690398227e+01
    1.7985307247e+03    1.8598267381e+03   -3.1595204192e+04    2.0166889254e-01    2.1473267122e-02   -9.8477998421e-02   -1.4766374291e-01    9.3212439991e-03    4.7198376089e-02    5.3690398227e+01    5.3690398227e+01    5.3690398227e+01
    1.8071878705e+03    1.8687789295e+03   -3.1548109668e+04   -1.8040643348e-02    2.4164329994e-01    1.5194951778e-01    2.9597943082e-02    4.1122812848e-02    2.8758238070e-03    5.3690398227e+01    5.3690398227e+01    5.3690398227e+01
    1.8004990797e+03    1.8618621769e+03   -3.1555262203e+04   -1.8384122370e-01   -3.9168790661e-03   -4.9654671333e-02   -7.5050144705e-02   -4.8552199822e-04    8.3291297399e-03    5.3690398227e+01    5.3690398227e+01    5.3690398227e+01
    1.8062002496e+03    1.8677576493e+03   -3.1557716900e+04    6.3790895088e-02    2.1536376387e-02    1.2005822407e-01   -3.2163786698e-02    1.8391670058e-02    7.0964374684e-02    5.3690398227e+01    5.3690398227e+01    5.3690398227e+01
    1.8068211788e+03    1.8683997405e+03   -3.1570887738e+04    6.5172315624e-02    1.9216797146e-01    2.4309894243e-01   -3.2580324417e-02   -6.4632048483e-02   -1.4167629502e-02    5.3690398227e+01    5.3690398227e+01    5.3690398227e+01
    1.8010679704e+03    1.8624504561e+03   -3.1580806614e+04   -2.5053386235e-02    1.1725081332e-01   -1.1855247323e-01   -8.8159643458e-02   -5.9097658993e-03   -4.0333439202e-02    5.3690398227e+01    5.3690398227e+01    5.3690398227e+01
    1.8110216862e+03    1.8727434061e+03   -3.1569665950e+04   -4.8725147947e-02    3.1434906626e-02    9.0184401868e-02   -7.5416198358e-02    1.1509278092e-01    9.0520707738e-02    5.3690398227e+01    5.3690398227e+01    5.3690398227e+01
    1.7999642482e+03    1.8613091178e+03   -3.1598618026e+04   -9.0731485394e-02   -1.3853235038e-01   -8.4878280861e-02   -2.9107841657e-02    4.4150815642e-02   -8.7514056439e-02    5.3690398227e+01    5.3690398227e+01    5.3690398227e+01
    1.7776191225e+03    1.8382024443e+03   -3.1595514129e+04   -5.6361919851e-02   -1.0617072487e-01   -8.1553524480e-02   -7.5845917732e-03    7.4263899775e-02   -9.9377780559e-02    5.3690398227e+01    5.3690398227e+01    5.3690398227e+01
    1.7757883424e+03    1.8363092691e+03   -3.1545231761e+04    8.9601002016e-02    2.5959589295e-01   -4.9296943091e-02   -7.1491156145e-02    5.5344718630e-03    1.1380785237e-01    5.3690398227e+01    5.3690398227e+01    5.3690398227e+01
    1.7991404320e+03    1.8604572249e+03   -3.1587367745e+04    7.4875018290e-02    3.2167712982e-02    1.4803814588e-02   -3.9541306617e-02   -4.3073147059e-02   -4.1983820554e-02    5.3690398227e+01    5.3690398227e+01    5.3690398227e+01
    1.8213828318e+03    1.8834576715e+03   -3.1568866092e+04    1.2374570886e-01    1.5008269959e-02   -1.6305218314e-01   -6.1156998279e-02    5.8539760399e-02   -7.4988180397e-02    5.3690398227e+01    5.3690398227e+01    5.3690398227e+01
    1.8186409168e+03    1.8806223089e+03   -3.1549175488e+04    2.5512669603e-01    9.2329713977e-02   -2.3692352056e-03    2.9191536159e-02   -5.1042497167e-02    2.2271793683e-02    5.3690398227e+01    5.3690398227e+01    5.3690398227e+01
    1.8135237087e+03    1.8753307004e+03   -3.1568576368e+04   -8.1247672209e-02   -7.2350583937e-02   -9.1376493634e-02    2.1583689547e-02    3.2369335112e-02    5.1927794800e-02    5.3690398227e+01    5.3690398227e+01    5.3690398227e+01
    1.8007641049e+03    1.8621362344e+03   -3.1557022408e+04   -2.6195656454e-02   -4.2477053757e-02   -1.6249633077e-01    8.2792514212e-02    6.7397038286e-02    1.0515971537e-01    5.3690398227e+01    5.3690398227e+01    5.3690398227e+01
    1.8101549036e+03    1.8718470825e+03   -3.1585229454e+04    8.7175839067e-02    1.5836316063e-02    1.8698756020e-01    6.0407099047e-02    4.3294461676e-02    1.4157997706e-01    5.3690398227e+01    5.3690398227e+01    5.3690398227e+01
    1.8271531571e+03    1.8894246562e+03   -3.1576206641e+04   -7.5467931778e-02    2.6553761912e-02    7.5471599242e-02    1.1532926443e-02    8.3326001974e-02   -5.5994751892e-02    5.3690398227e+01    5.3690398227e+01    5.3690398227e+01
    1.8005585026e+03    1.8619236250e+03   -3.1550015631e+04    3.7315111083e-02    4.9133653317e-02    1.8381185913e-01    9.6555231092e-02    5.1661851467e-03   -6.9070163838e-02    5.3690398227e+01    5.3690398227e+01    5.3690398227e+01
    1.8304233233e+03    1.8928062734e+03   -3.1546815818e+04    1.9586950202e-01    1.1700809229e-02    9.1115660430e-02   -1.0931754024e-02    2.5702557353e-02   -6.8211330001e-02    5.3690398227e+01    5.3690398227e+01    5.3690398227e+01
    1.8367462826e+03    1.8993447265e+03   -3.1546212204e+04    1.0156380637e-01   -1.3061891364e-01   -2.8726426733e-02    5.7571977379e-03    5.7365788184e-02   -6.5890175240e-02    5.3690398227e+01    5.3690398227e+01    5.3690398227e+01
    1.7991928152e+03    1.8605113934e+03   -3.1584916671e+04    4.3552703389e-02    3.0830779595e-02    7.6810568518e-02    2.6090393021e-02   -1.1345226704e-02   -6.8164185748e-02    5.3690398227e+01    5.3690398227e+01    5.3690398227e+01
    1.8051225628e+03    1.8666432337e+03   -3.1565419099e+04    3.3625357180e-01    3.0596460737e-01    2.2547763163e-01    1.0835839724e-02    1.2690385397e-01   -1.2706484949e-01    5.3690398227e+01    5.3690398227e+01    5.3690398227e+01
    1.7944707776e+03    1.8556284233e+03   -3.1544958887e+04   -3.7782992684e-02   -1.3578542261e-01    8.5218543829e-02   -1.6830152679e-01   -2.6131628053e-02    1.0971399507e-01    5.3690398227e+01    5.3690398227e+01    5.3690398227e+01
    1.8242165425e+03    1.8863879584e+03   -3.1562192221e+04    2.7103639650e-01    1.3925868879e-01    1.4714540860e-01   -7.9863867941e-02   -2.9268652306e-02   -3.8890703628e-02    5.3690398227e+01    5.3690398227e+01    5.3690398227e+01
    1.8126408628e+03    1.8744177660e+03   -3.1558436226e+04   -2.9976047476e-02    1.4741130800e-01    1.7982893969e-02   -2.5574179884e-02   -6.1499257182e-02    4.0905760325e-02    5.3690398227e+01    5.3690398227e+01    5.3690398227e+01
    1.8168549133e+03    1.8787754363e+03   -3.1585991453e+04    9.1594225135e-02    5.0948226707e-02    7.8304586102e-02   -4.6284854092e-03   -1.4234565999e-01   -8.9141651510e-03    5.3690398227e+01    5.3690398227e+01    5.3690398227e+01
    1.8146702566e+03    1.8765163239e+03   -3.1568461761e+04    3.3905743195e-02    2.6400161835e-02    4.0445658557e-02   -1.6832006593e-01   -1.1363507862e-02   -4.6482821744e-02    5.3690398227e+01    5.3690398227e+01    5.3690398227e+01
    1.8178240310e+03    1.8797775827e+03   -3.1563217458e+04    7.5887770103e-02   -1.1639113869e-01    2.6225299507e-02   -1.3691924415e-03   -1.3541054047e-01   -3.6713022805e-02    5.3690398227e+01    5.3690398227e+01    5.3690398227e+01
    1.8262353450e+03    1.8884755640e+03   -3.1586296483e+04    2.8177398084e-02   -3.3567077916e-02    4.7197114331e-02    3.7965517805e-02    4.1341876723e-03   -1.1701397140e-02    5.3690398227e+01    5.3690398227e+01    5.3690398227e+01
    1.7994969826e+03    1.8608259272e+03   -3.1552859146e+04    1.0399598440e-01    1.6771982363e-01    2.5716069122e-03   -6.8212108127e-02   -1.0442897652e-01   -1.1107782991e-01    5.3690398227e+01    5.3690398227e+01    5.3690398227e+01
    1.7893469965e+03    1.8503300178e+03   -3.1569733849e+04   -5.4980649379e-02   -6.4887560589e-02    5.7656613371e-02   -2.4264671274e-02   -6.9645806789e-02   -6.1738328672e-02    5.3690398227e+01    5.3690398227e+01    5.3690398227e+01
    1.8110637864e+03    1.8727869411e+03   -3.1561683596e+04    1.7983034296e-02   -2.1165318487e-02   -2.9093222435e-02   -8.8782844203e-02    7.0229583784e-02    6.9035710811e-02    5.3690398227e+01    5.3690398227e+01    5.3690398227e+01
    1.8124011315e+03    1.8741698645e+03   -3.1560272339e+04   -2.5405517777e-01   -1.8760046956e-02    1.4318939475e-01   -1.6115111108e-02    9.8595189326e-03   -2.6415099429e-02    5.3690398227e+01    5.3690398227e+01    5.3690398227e+01
    1.7699091214e+03    1.8302296774e+03   -3.1536311410e+04    1.3487286129e-01    1.5128900749e-01    2.6650136218e-02   -1.6329847221e-02   -3.9505875234e-03    9.2435531372e-02    5.3690398227e+01    5.3690398227e+01    5.3690398227e+01
    1.8098026523e+03    1.8714828260e+03   -3.1559567189e+04    4.4721713375e-02    1.1173302578e-01    2.2942702830e-02   -4.0813121348e-02   -4.5355454932e-02    1.2813480846e-01    5.3690398227e+01    5.3690398227e+01    5.3690398227e+01
    1.7989102125e+03    1.8602191593e+03   -3.1566330667e+04   -3.7544088897e-02    1.0444964648e-01   -3.4858114178e-02    4.2987118621e-02   -2.4239533318e-02   -2.5299076945e-02    5.3690398227e+01    5.3690398227e+01    5.3690398227e+01
    1.7885901117e+03    1.8495473375e+03   -3.1548057374e+04   -1.4605123363e-02   -1.3901785458e-01   -5.9853289776e-02   -6.3444001431e-02   -4.0363655353e-02   -5.2686949004e-02    5.3690398227e+01    5.3690398227e+01    5.3690398227e+01
    1.7773713770e+03    1.8379462553e+03   -3.1580702412e+04    1.7553763909e-01    1.7591581374e-01    1.2888524443e-01    2.2216095083e-02    7.6459178849e-03   -1.3148287619e-01    5.3690398227e+01    5.3690398227e+01    5.3690398227e+01
    1.7909196498e+03    1.8519562689e+03   -3.1577147746e+04   -1.2605402110e-02    2.4304493257e-02    2.2156721810e-02   -7.7608488680e-02   -4.6152801632e-02    1.0609897153e-01    5.3690398227e+01    5.3690398227e+01    5.3690398227e+01
    1.7759805995e+03    1.8365080785e+03   -3.1557147553e+04   -6.4404722906e-02   -1.1675224288e-01    6.4799919225e-02   -6.3345370668e-03    1.2666977631e-02   -2.3465283643e-03    5.3690398227e+01    5.3690398227e+01    5.3690398227e+01
    1.8127737292e+03    1.8745551607e+03   -3.1547099737e+04    1.3155009738e-02    1.3163828502e-01    1.2700848097e-01   -2.0528023856e-03   -2.8937310265e-02   -5.3540351009e-02    5.3690398227e+01    5.3690398227e+01    5.3690398227e+01
    1.7815342959e+03    1.8422510513e+03   -3.1548373921e+04    1.6057617469e-01    2.5648970855e-01    1.3272328371e-01   -6.9605323458e-02    3.2920361912e-02    1.7411760857e-02    5.3690398227e+01    5.3690398227e+01    5.3690398227e+01
    1.8005072343e+03    1.8618706094e+03   -3.1571082234e+04    1.2594911089e-01    7.6156938921e-02    2.6900319912e-01   -1.0215938256e-01   -1.0514130335e-01    2.4707835724e-02    5.3690398227e+01    5.3690398227e+01    5.3690398227e+01
    1.8068282487e+03    1.8684070514e+03   -3.1560778105e+04    1.4579406635e-01    2.0231408354e-01    3.5121601153e-02    6.4690655750e-02   -2.0570847200e-02   -3.6157610178e-02    5.3690398227e+01    5.3690398227e+01    5.3690398227e+01
    1.7827093099e+03    1.8434661112e+03   -3.1551139608e+04    1.7190074623e-01    2.7123954448e-01    7.9583501201e-02   -5.3254808298e-02   -1.9982308990e-02   -2.9198238094e-02    5.3690398227e+01    5.3690398227e+01    5.3690398227e+01
    1.7999623581e+03    1.8613071632e+03   -3.1585380935e+04    1.4449361925e-01    1.7596614556e-01    1.6079516056e-01    2.5026877498e-02    2.7996388299e-02   -5.5211725033e-02    5.3690398227e+01    5.3690398227e+01    5.3690398227e+01
    1.7922016601e+03    1.8532819716e+03   -3.1546667881e+04    3.3665978786e-02    1.8493302261e-01    2.2724882321e-01    1.2528207352e-01   -1.5685700590e-02   -6.6869363101e-02    5.3690398227e+01    5.3690398227e+01    5.3690398227e+01
    1.7996035844e+03    1.8609361621e+03   -3.1563480626e+04    1.0472215469e-01    1.0340002725e-02    5.6031504055e-02    1.2770446947e-01   -1.2390257240e-02   -1.2034295361e-02    5.3690398227e+01    5.3690398227e+01    5.3690398227e+01
    1.7931235308e+03    1.8542352607e+03   -3.1552513748e+04    7.1655586058e-02    7.7840062213e-02    4.5212519080e-02    2.7270691131e-02   -2.4725330556e-03   -1.0371623985e-01    5.3690398227e+01    5.3690398227e+01    5.3690398227e+01
    1.8098210316e+03    1.8715018317e+03   -3.1548960770e+04    7.1327355312e-02    5.2618595280e-02    1.1340953071e-01    1.5457815368e-02    2.6726442590e-02   -2.7217090025e-02    5.3690398227e+01    5.3690398227e+01    5.3690398227e+01
    1.7954074538e+03    1.8565970224e+03   -3.1554120078e+04   -7.7387271508e-02    2.3455638489e-02   -7.7180948806e-03    2.0132311805e-02    6.7314050890e-02    1.2236159113e-02    5.3690398227e+01    5.3690398227e+01    5.3690398227e+01
    1.7833269104e+03    1.8441047602e+03   -3.1566367857e+04    9.0440199185e-02    4.8897371205e-02    1.4725626967e-04    1.2021220013e-01   -2.1234347993e-02   -2.5731807089e-02    5.3690398227e+01    5.3690398227e+01    5.3690398227e+01
    1.7942722371e+03    1.8554231163e+03   -3.1566796336e+04    7.9191996605e-02   -6.8545831213e-02    1.9603640910e-02    7.3812701052e-02    4.5294887924e-02    6.2931844431e-02    5.3690398227e+01    5.3690398227e+01    5.3690398227e+01
    1.7994425814e+03    1.8607696719e+03   -3.1558655153e+04   -6.7087799928e-02   -5.6455622404e-02   -2.3155457889e-01   -9.1079638315e-02   -2.9291769243e-02   -2.4149150355e-02    5.3690398227e+01    5.3690398227e+01    5.3690398227e+01
    1.8036044839e+03    1.8650734169e+03   -3.1562424522e+04   -6.7313346410e-02   -7.1043663223e-02   -1.7046102239e-02   -2.5249066570e-02   -1.8237597804e-02    2.4911701996e-02    5.3690398227e+01    5.3690398227e+01    5.3690398227e+01
    1.7968312016e+03    1.8580692933e+03   -3.1564843147e+04    8.0441716447e-02   -2.0459786346e-02   -2.2419620022e-02    6.3125298929e-02   -3.1330392826e-02    8.9660632748e-03    5.3690398227e+01    5.3690398227e+01    5.3690398227e+01
    1.8099572418e+03    1.8716426841e+03   -3.1558802952e+04    1.8704448501e-01   -2.0823076471e-02    1.2410141558e-01   -1.7852395714e-02    6.8114643119e-02   -1.4016872732e-02    5.3690398227e+01    5.3690398227e+01    5.3690398227e+01
    1.7946115544e+03    1.8557739979e+03   -3.1567565657e+04    8.7669192669e-02   -1.1304467214e-01   -2.7535996660e-02   -1.2273486963e-01   -3.6649133579e-02   -4.1325820627e-02    5.3690398227e+01    5.3690398227e+01    5.3690398227e+01
    1.8002950746e+03    1.8616512191e+03   -3.1572625574e+04    1.6576495337e-01    1.8341665185e-01    1.0342590764e-01    1.2733700232e-01    3.2037363515e-02   -4.5924790400e-02    5.3690398227e+01    5.3690398227e+01    5.3690398227e+01
    1.7902928892e+03    1.8513081476e+03   -3.1575427011e+04    4.8815525032e-02   -3.2264969188e-02   -1.9514163665e-02    1.0221134009e-01   -8.7571863491e-02    3.0772378998e-02    5.3690398227e+01    5.3690398227e+01    5.3690398227e+01
    1.8016696459e+03    1.8630726374e+03   -3.1583327075e+04   -3.3111099909e-02    2.2104709715e-01   -5.8037759644e-02   -9.1725911969e-02    1.5140918283e-02    2.3487842258e-02    5.3690398227e+01    5.3690398227e+01    5.3690398227e+01
    1.8231444587e+03    1.8852793367e+03   -3.1587697530e+04    2.4155605955e-03    1.2311013328e-01    5.9015062317e-02    1.1394147065e-02   -6.3225760023e-02   -7.2008562053e-02    5.3690398227e+01    5.3690398227e+01    5.3690398227e+01
    1.8120373448e+03    1.8737936795e+03   -3.1579730312e+04    5.5066801671e-02    2.1286447717e-01    2.2532669276e-01   -8.4438853981e-02    9.1955373187e-02   -6.7362670074e-02    5.3690398227e+01    5.3690398227e+01    5.3690398227e+01
    1.8247857868e+03    1.8869766032e+03   -3.1570798876e+04    8.6632498835e-02    2.6007071863e-01    2.4952380207e-01   -1.3229891053e-01   -3.7686782672e-02    6.7659681339e-02    5.3690398227e+01    5.3690398227e+01    5.3690398227e+01
    1.8162695132e+03    1.8781700851e+03   -3.1550381336e+04   -1.3309230430e-01   -4.0464893432e-02    4.1933371159e-02    3.1466791194e-03    1.9050713409e-02   -1.2102327290e-01    5.3690398227e+01    5.3690398227e+01    5.3690398227e+01
    1.8192153732e+03    1.8812163434e+03   -3.1567667312e+04    1.1347434435e-01    1.5578956865e-01   -7.6688431165e-02   -4.5340355634e-02   -1.1654893584e-02   -3.5569975989e-02    5.3690398227e+01    5.3690398227e+01    5.3690398227e+01
    1.8175430429e+03    1.8794870181e+03   -3.1561318227e+04   -6.7701523867e-02   -1.1533814120e-01    4.5655896282e-02   -2.3188548373e-03   -2.6657118924e-02   -2.8296778742e-02    5.3690398227e+01    5.3690398227e+01    5.3690398227e+01
    1.8248936630e+03    1.8870881559e+03   -3.1545700988e+04    2.6763369702e-02   -1.8225088805e-02   -3.2722610804e-02   -1.5936484488e-01    3.7133525951e-02    3.8143786205e-02    5.3690398227e+01    5.3690398227e+01    5.3690398227e+01
    1.8234473017e+03    1.8855925009e+03   -3.1570664950e+04   -1.2130853830e-01   -1.2123912006e-01    5.8196611288e-03   -1.2034905748e-01   -4.4263385314e-03    1.0180000399e-02    5.3690398227e+01    5.3690398227e+01    5.3690398227e+01
    1.7968115764e+03    1.8580489992e+03   -3.1538256932e+04    7.7589539612e-02    9.1317812785e-02   -4.5511576709e-02   -3.5905075448e-02    1.8721235695e-02    4.6948317936e-02    5.3690398227e+01    5.3690398227e+01    5.3690398227e+01
    1.8284651064e+03    1.8907813183e+03   -3.1572005795e+04   -2.1438236858e-02   -5.7491523724e-02   -1.3111169835e-01    5.7044139858e-02    7.2854308406e-02    8.3630812425e-02    5.3690398227e+01    5.3690398227e+01    5.3690398227e+01
    1.8154926381e+03    1.8773667332e+03   -3.1579252392e+04    6.8469634310e-02    1.3647083028e-01    7.9982692121e-02    3.8381140106e-02   -5.4251952955e-02   -5.1158432426e-02    5.3690398227e+01    5.3690398227e+01    5.3690398227e+01
    1.8232944268e+03    1.8854344158e+03   -3.1575904319e+04    7.3201787362e-02   -1.1072248171e-01    1.2385933889e-01    3.3238785046e-02   -2.3788078898e-02    3.5347110125e-02    5.3690398227e+01    5.3690398227e+01    5.3690398227e+01
    1.8059037135e+03    1.8674510069e+03   -3.1571842064e+04   -1.5982787150e-02   -4.1983805361e-02    1.0860942177e-01    6.6979796106e-02   -5.3073708032e-02   -7.2730315398e-02    5.3690398227e+01    5.3690398227e+01    5.3690398227e+01
    1.7964628155e+03    1.8576883521e+03   -3.1589406243e+04    2.9519155699e-02    5.5246930151e-02   -1.3052422529e-03   -9.0897196401e-03    3.3231111192e-02   -2.7581090729e-02    5.3690398227e+01    5.3690398227e+01    5.3690398227e+01
    1.7683444057e+03    1.8286116344e+03   -3.1570522358e+04    3.4951466356e-03   -9.0519489407e-03    1.3676138542e-01   -6.3133870575e-02   -2.7741524477e-03    4.3648551591e-02    5.3690398227e+01    5.3690398227e+01    5.3690398227e+01
    1.8101264080e+03    1.8718176157e+03   -3.1562058035e+04    1.0367714656e-01    1.6700552317e-01    2.3668445789e-01    1.0567930789e-02   -6.2727044421e-02   -4.5974577585e-02    5.3690398227e+01    5.3690398227e+01    5.3690398227e+01
    1.8232282099e+03    1.8853659422e+03   -3.1574207518e+04   -3.4799369657e-02   -1.3487077686e-01   -7.3175403606e-02   -3.0460074305e-02   -1.2187627964e-02   -3.4714015719e-03    5.3690398227e+01    5.3690398227e+01    5.3690398227e+01
    1.8360997897e+03    1.8986762004e+03   -3.1568521833e+04   -1.3526997446e-01    3.3185284731e-02    1.2962466217e-02    7.9725014706e-03   -5.7508445332e-02   -4.8715995609e-02    5.3690398227e+01    5.3690398227e+01    5.3690398227e+01
    1.7973457244e+03    1.8586013516e+03   -3.1556183840e+04    2.9556663389e-01    2.8471796559e-01    4.8247360171e-02   -6.4854623595e-02   -3.8408671637e-02    3.6827535489e-02    5.3690398227e+01    5.3690398227e+01    5.3690398227e+01
    1.8105746172e+03    1.8722811004e+03   -3.1569375190e+04    1.3163410107e-01    2.3772110367e-01    3.2060456999e-01   -8.8544809853e-02    9.0083638177e-02    6.4613736776e-02    5.3690398227e+01    5.3690398227e+01    5.3690398227e+01
    1.7993409043e+03    1.8606645295e+03   -3.1579899185e+04    7.7173517472e-02    1.0357683865e-01    1.5691252169e-01   -2.7498205590e-02    8.9112085168e-02    2.1591027003e-02    5.3690398227e+01    5.3690398227e+01    5.3690398227e+01
    1.7972950564e+03    1.8585489568e+03   -3.1589790149e+04   -1.4165146783e-01   -1.1681156563e-01    5.4130825217e-03    1.1374792513e-01   -1.0919517986e-02    8.6503689454e-02    5.3690398227e+01    5.3690398227e+01    5.3690398227e+01
    1.7902573464e+03    1.8512713935e+03   -3.1572743322e+04    3.2331308789e-02    4.3778152951e-02    4.0422644100e-02   -6.4450562940e-02    7.4958832052e-02   -2.2701014883e-02    5.3690398227e+01    5.3690398227e+01    5.3690398227e+01
    1.7725226711e+03    1.8329322999e+03   -3.1577085865e+04    8.4904547366e-02    1.6688951365e-01    6.4452523002e-03   -4.7689724018e-02   -2.0203426726e-02   -1.4375403072e-01    5.3690398227e+01    5.3690398227e+01    5.3690398227e+01
    1.7776804377e+03    1.8382658491e+03   -3.1587495282e+04   -3.5389341613e-02   -4.5201131536e-02   -1.0797027568e-01    1.0596824355e-02    5.6324834652e-02   -1.7833523860e-02    5.3690398227e+01    5.3690398227e+01    5.3690398227e+01
    1.7943140758e+03    1.8554663809e+03   -3.1575555012e+04    2.4924130245e-01    2.0262554646e-01    2.0926093965e-01   -6.9300338657e-02    9.1571365234e-02   -1.0438814227e-01    5.3690398227e+01    5.3690398227e+01    5.3690398227e+01
    1.7842672927e+03    1.8450771918e+03   -3.1553367672e+04   -1.0436392846e-01    1.5000055755e-01    4.3308525893e-02   -1.1064436435e-01   -6.6538810998e-03   -8.6145943916e-02    5.3690398227e+01    5.3690398227e+01    5.3690398227e+01
    1.7767827495e+03    1.8373375667e+03   -3.1581304380e+04    8.1510320111e-03    1.5097813277e-01    2.0122027656e-01   -4.2647961145e-02   -5.3056789944e-02   -2.3427721151e-02    5.3690398227e+01    5.3690398227e+01    5.3690398227e+01
    1.7799471287e+03    1.8406097916e+03   -3.1579321696e+04    2.8376911222e-01    1.6770731450e-01    1.9594566936e-01   -2.8759797693e-02   -5.7741570576e-02    5.9048914768e-02    5.3690398227e+01    5.3690398227e+01    5.3690398227e+01
    1.8181423642e+03    1.8801067650e+03   -3.1569914233e+04    9.3033517093e-02   -1.8118667833e-02    1.1337569469e-01   -1.7559158775e-02   -3.8153454653e-02   -6.9469869932e-02    5.3690398227e+01    5.3690398227e+01    5.3690398227e+01
    1.8375529996e+03    1.9001789374e+03   -3.1552159637e+04    1.0997795531e-01   -3.9233594454e-02    1.2141771697e-02    6.1743848493e-02   -1.1269472143e-02    9.6916705335e-02    5.3690398227e+01    5.3690398227e+01    5.3690398227e+01
    1.8167763953e+03    1.8786942424e+03   -3.1557392375e+04   -8.6074109007e-02    2.0119970876e-01   -8.9526378623e-02   -3.6117587793e-02    4.7317527683e-02    8.2451779475e-02    5.3690398227e+01    5.3690398227e+01    5.3690398227e+01
    1.8128576664e+03    1.8746419586e+03   -3.1581994426e+04    1.5405857319e-01    5.5043511555e-02    2.3344286384e-01   -3.1104813390e-02   -8.4818380367e-02    5.7075663322e-02    5.3690398227e+01    5.3690398227e+01    5.3690398227e+01
    1.8149054203e+03    1.8767595023e+03   -3.1559966570e+04   -9.6863211472e-02   -1.0514738064e-01   -8.8913657782e-02    5.4079928862e-02   -1.4326120817e-01    1.6314043518e-04    5.3690398227e+01    5.3690398227e+01    5.3690398227e+01
    1.8014057916e+03    1.8627997906e+03   -3.1528225332e+04    8.7271933007e-02    6.8284368106e-02   -5.0256786083e-02   -1.3341791700e-02    9.1833061753e-03    3.7138245808e-02    5.3690398227e+01    5.3690398227e+01    5.3690398227e+01
    1.7855270425e+03    1.8463798753e+03   -3.1535828589e+04   -1.1976124490e-02    5.1005750716e-03    3.5371532296e-02   -4.8364082634e-02   -3.2162350034e-02    5.0880031232e-02    5.3690398227e+01    5.3690398227e+01    5.3690398227e+01
    1.8027971410e+03    1.8642385589e+03   -3.1578974100e+04    2.3182435408e-01    4.6555573540e-02    1.5691198499e-01   -7.8349655800e-02    6.7669625978e-04    5.2018111941e-02    5.3690398227e+01    5.3690398227e+01    5.3690398227e+01
    1.8215042762e+03    1.8835832548e+03   -3.1600666113e+04    5.4461038559e-02   -2.1006427880e-02   -2.5930146549e-02   -2.6635369993e-02   -9.7569022789e-02   -7.1738201149e-03    5.3690398227e+01    5.3690398227e+01    5.3690398227e+01
    1.8201160787e+03    1.8821477460e+03   -3.1551495218e+04    3.0432202387e-01    2.9160392599e-01    1.0497151855e-01    1.9171154298e-02    9.1083263625e-02    4.1403342403e-02    5.3690398227e+01    5.3690398227e+01    5.3690398227e+01
    1.7667682705e+03    1.8269817826e+03   -3.1571188829e+04   -8.3224813051e-02    2.9842505714e-03    6.0544893399e-02   -3.2291751700e-02    5.1449037691e-02    1.1890689712e-01    5.3690398227e+01    5.3690398227e+01    5.3690398227e+01
    1.7864922477e+03    1.8473779759e+03   -3.1584383637e+04   -1.0294804545e-01   -1.5072949881e-01    1.2115357602e-01   -5.3334874271e-02    1.1220740283e-01   -2.1642481698e-02    5.3690398227e+01    5.3690398227e+01    5.3690398227e+01
    1.8107883775e+03    1.8725021459e+03   -3.1568935441e+04    3.0609775900e-01    8.1451971974e-02    3.6599919049e-03    1.8816582461e-02   -3.2816627959e-02    1.8059545226e-02    5.3690398227e+01    5.3690398227e+01    5.3690398227e+01
    1.8104560949e+03    1.8721585388e+03   -3.1584322099e+04   -8.5443206891e-02    1.0622244378e-01   -2.0668826262e-02   -2.0961918890e-02    1.8323695289e-02    1.1698073858e-01    5.3690398227e+01    5.3690398227e+01    5.3690398227e+01
    1.7715858063e+03    1.8319635056e+03   -3.1580127717e+04    1.0823781378e-01   -3.1542406921e-03    4.7364868875e-02   -1.1975734328e-01   -1.2540607685e-02    5.5610104066e-03    5.3690398227e+01    5.3690398227e+01    5.3690398227e+01
    1.7739213091e+03    1.8343786050e+03   -3.1552541027e+04    2.3040596796e-01    1.5741482886e-01    1.2956791171e-01    2.9214437587e-02    1.9314265323e-02    7.1760290941e-02    5.3690398227e+01    5.3690398227e+01    5.3690398227e+01
    1.8074222653e+03    1.8690213127e+03   -3.1581491179e+04    6.5161312776e-02    7.8205250051e-02   -2.1676464241e-02   -1.1687939153e-02    6.4525579722e-03    1.5963373896e-03    5.3690398227e+01    5.3690398227e+01    5.3690398227e+01
    1.7799613821e+03    1.8406245307e+03   -3.1560818978e+04    2.3969304863e-02    3.3679414617e-01    2.2095352950e-01   -7.4505914698e-02    4.5237130023e-03   -5.9097235074e-05    5.3690398227e+01    5.3690398227e+01    5.3690398227e+01
    1.7951396816e+03    1.8563201243e+03   -3.1576164720e+04   -9.9486948065e-02    7.4439010048e-02   -9.2667201290e-02    1.3467085584e-02   -3.0863204300e-02   -3.2547917748e-02    5.3690398227e+01    5.3690398227e+01    5.3690398227e+01
    1.8013814989e+03    1.8627746700e+03   -3.1569322002e+04   -1.5733111266e-02    2.2792265682e-01   -4.0094295796e-02    6.0128550419e-02    3.6787969915e-02   -3.2083539339e-02    5.3690398227e+01    5.3690398227e+01    5.3690398227e+01
    1.8172111385e+03    1.8791438020e+03   -3.1560660734e+04   -2.8989654774e-02    4.7746430370e-02    1.5993903552e-01    7.0863900236e-02    8.3579847841e-02    6.3244899876e-02    5.3690398227e+01    5.3690398227e+01    5.3690398227e+01
    1.8072308643e+03    1.8688233886e+03   -3.1563792034e+04    1.0572807647e-01    7.1454899748e-02    1.3686541766e-01    8.4501053510e-02    9.0596929269e-02    8.3569223194e-02    5.3690398227e+01    5.3690398227e+01    5.3690398227e+01
    1.8046313933e+03    1.8661353245e+03   -3.1565386380e+04   -4.0232179552e-02   -1.0638111984e-03    6.9324229731e-03    5.7267944265e-02    3.9869606602e-02   -3.6027293729e-02    5.3690398227e+01    5.3690398227e+01    5.3690398227e+01
    1.8059226430e+03    1.8674705815e+03   -3.1559713368e+04    8.6962356872e-02   -2.2032822526e-02    1.0588357403e-02   -5.3370251379e-02    1.2057812748e-01    3.8387107315e-03    5.3690398227e+01    5.3690398227e+01    5.3690398227e+01
    1.7858505335e+03    1.8467143912e+03   -3.1529652680e+04    1.0899909337e-01   -9.6473993132e-02    9.2483288355e-03    5.6013506979e-02    1.6337933901e-01   -9.7091588781e-02    5.3690398227e+01    5.3690398227e+01    5.3690398227e+01
    1.8027259548e+03    1.8641649465e+03   -3.1537382044e+04    1.0372184545e-01    4.1890537010e-02    5.5158868280e-02   -1.0560398158e-02    9.6125839343e-02    3.1708901908e-02    5.3690398227e+01    5.3690398227e+01    5.3690398227e+01
    1.8104553142e+03    1.8721577314e+03   -3.1570003314e+04    2.6279010920e-02   -2.9724733578e-02   -9.6042400851e-02   -8.5729120295e-02   -1.9229694045e-02   -9.7592739461e-03    5.3690398227e+01    5.3690398227e+01    5.3690398227e+01
    1.7797006438e+03    1.8403549062e+03   -3.1581001631e+04    4.3509540906e-03   -1.1388177432e-02    1.1038867076e-01   -1.4603211191e-02    7.1696477144e-02   -1.1656328048e-01    5.3690398227e+01    5.3690398227e+01    5.3690398227e+01
    1.7842659553e+03    1.8450758088e+03   -3.1558907151e+04    1.8065567410e-01    1.1585112253e-01    2.0841865855e-01    3.3103977783e-02    5.3099012665e-02   -6.3166546432e-02    5.3690398227e+01    5.3690398227e+01    5.3690398227e+01
    1.8004352368e+03    1.8617961581e+03   -3.1573234810e+04   -2.5842475169e-01   -1.9269245699e-01   -1.6250888673e-01   -4.7505918823e-02   -2.0672749792e-02   -1.2846193116e-03    5.3690398227e+01    5.3690398227e+01    5.3690398227e+01
    1.7812953248e+03    1.8420039358e+03   -3.1585269911e+04   -6.9931720927e-02   -9.5764354432e-02    8.7554886680e-02    3.4550948920e-02    9.9293129961e-02    6.3351525212e-03    5.3690398227e+01    5.3690398227e+01    5.3690398227e+01
    1.7787792925e+03    1.8394021542e+03   -3.1570435439e+04    1.4226353621e-01    1.5945886016e-01   -3.9409497223e-03    7.0715145799e-02   -6.7297033766e-02    8.2090090751e-02    5.3690398227e+01    5.3690398227e+01    5.3690398227e+01
    1.8049174949e+03    1.8664311768e+03   -3.1571097382e+04   -4.1995675184e-02   -1.2671808639e-02    4.8412578105e-02    1.1465388896e-02   -9.9759168832e-02   -3.0114702113e-02    5.3690398227e+01    5.3690398227e+01    5.3690398227e+01
    1.7787872314e+03    1.8394103637e+03   -3.1536799577e+04    1.0527365059e-01    1.0905318295e-01    2.5968668258e-01   -1.8665019714e-02   -4.8697049038e-02    5.7048688494e-02    5.3690398227e+01    5.3690398227e+01    5.3690398227e+01
    1.8252562350e+03    1.8874630848e+03   -3.1550411574e+04    2.1799251149e-01   -1.6263642786e-02    2.3906967852e-01   -1.5377817083e-01    5.6355967362e-02   -5.0986986633e-02    5.3690398227e+01    5.3690398227e+01    5.3690398227e+01
    1.8326639824e+03    1.8951232968e+03   -3.1576306384e+04   -2.2404528315e-02    2.3445597410e-02    9.4206771254e-02   -2.1054762048e-02    1.7776036439e-02   -6.7710483250e-02    5.3690398227e+01    5.3690398227e+01    5.3690398227e+01
    1.7984951143e+03    1.8597899141e+03   -3.1561468467e+04    1.8258415734e-01    4.3726310411e-02    2.5187514580e-02   -1.1249968580e-01   -3.8236238406e-02   -2.9403421265e-02    5.3690398227e+01    5.3690398227e+01    5.3690398227e+01
    1.7978332534e+03    1.8591054962e+03   -3.1567540168e+04    1.3671959211e-01   -2.7613788712e-02   -2.5033133935e-02    4.2951541241e-02    6.2948097017e-02   -1.0814471518e-01    5.3690398227e+01    5.3690398227e+01    5.3690398227e+01
    1.7643396799e+03    1.8244704228e+03   -3.1551441745e+04    3.0455789074e-02    3.2154359024e-02    3.5832295490e-02    3.0298226336e-02   -3.1578077356e-02    3.2739767235e-02    5.3690398227e+01    5.3690398227e+01    5.3690398227e+01
    1.7945179239e+03    1.8556771764e+03   -3.1568524282e+04    1.2152799004e-01    1.7322287107e-01    4.6449542046e-02   -7.8227009648e-02    1.1777878420e-01   -1.0871358313e-02    5.3690398227e+01    5.3690398227e+01    5.3690398227e+01
    1.8018036354e+03    1.8632111934e+03   -3.1553691728e+04   -1.2306760992e-01   -8.4547027866e-02    5.0089688238e-03   -6.0302977875e-02   -6.3527989453e-03    2.6691372165e-02    5.3690398227e+01    5.3690398227e+01    5.3690398227e+01
    1.7717018466e+03    1.8320835007e+03   -3.1561182474e+04    8.0205221723e-02   -3.1073462270e-02   -4.0474688869e-02    3.5506953864e-02   -6.1158365268e-03   -7.6388850145e-02    5.3690398227e+01    5.3690398227e+01    5.3690398227e+01
    1.7720836870e+03    1.8324783547e+03   -3.1556117203e+04    3.5586012680e-02   -1.5947850552e-02    1.1893388720e-01    1.0127876547e-02   -8.5027636524e-02    5.5540688600e-02    5.3690398227e+01    5.3690398227e+01    5.3690398227e+01
    1.7750773274e+03    1.8355740218e+03   -3.1577781253e+04    7.2549883005e-02    1.0382603660e-02   -2.0312069235e-02   -9.8363510380e-02    3.2957073433e-02    6.2228956828e-03    5.3690398227e+01    5.3690398227e+01    5.3690398227e+01
    1.8194732177e+03    1.8814829755e+03   -3.1593310925e+04   -4.3507362508e-02   -1.2372795774e-01   -8.9796647905e-02    1.7330974473e-03   -2.4669956515e-02    5.7147553368e-02    5.3690398227e+01    5.3690398227e+01    5.3690398227e+01
    1.8043292396e+03    1.8658228732e+03   -3.1568651832e+04   -6.5468735236e-02    3.5116957375e-02   -5.1708025860e-02   -1.2794146583e-01    2.8277972707e-02    4.1747091344e-02    5.3690398227e+01    5.3690398227e+01    5.3690398227e+01
    1.7963561324e+03    1.8575780332e+03   -3.1559687900e+04   -6.4794149393e-02   -6.4510599857e-02    7.8945757694e-02    9.6439025357e-03   -3.2607463561e-02   -6.6152976346e-02    5.3690398227e+01    5.3690398227e+01    5.3690398227e+01
    1.8346370287e+03    1.8971635868e+03   -3.1597724324e+04    6.3585321334e-02   -1.0897675885e-01   -6.6259457048e-02    1.0971071679e-01   -6.9162158777e-02   -4.3385113230e-02    5.3690398227e+01    5.3690398227e+01    5.3690398227e+01
    1.7928072677e+03    1.8539082190e+03   -3.1557929532e+04    1.3311668561e-01    2.4144993542e-01    1.3934124571e-01   -3.2566462834e-02   -1.0998605882e-01    1.8377004441e-02    5.3690398227e+01    5.3690398227e+01    5.3690398227e+01
    1.7983488819e+03    1.8596386979e+03   -3.1556607458e+04    2.0654649252e-01    2.2318694615e-01    1.2204645892e-01    4.4467393836e-02    1.0043467816e-01    5.3544755066e-02    5.3690398227e+01    5.3690398227e+01    5.3690398227e+01
    1.8176862944e+03    1.8796351519e+03   -3.1555442389e+04    1.5033020835e-01    1.2529756269e-01    5.3343843696e-02   -3.2428116694e-02    5.0228582622e-02   -9.2166413958e-02    5.3690398227e+01    5.3690398227e+01    5.3690398227e+01
    1.8043589444e+03    1.8658535903e+03   -3.1546713769e+04   -5.1913404620e-02    1.3906296145e-01    8.4427016750e-02   -3.0592874165e-02    1.4343045891e-02   -5.0521393715e-02    5.3690398227e+01    5.3690398227e+01    5.3690398227e+01
    1.8228059501e+03    1.8849292913e+03   -3.1583935250e+04   -6.6487822444e-02   -1.4466561507e-02   -1.4310146091e-01    3.7640164833e-02    3.8143871825e-02   -1.7540000093e-02    5.3690398227e+01    5.3690398227e+01    5.3690398227e+01
    1.7780966517e+03    1.8386962481e+03   -3.1572545666e+04    6.2690100196e-02   -1.7262603010e-02    1.7242375483e-02   -2.1061868416e-02    1.6422020186e-03    5.2117932922e-02    5.3690398227e+01    5.3690398227e+01    5.3690398227e+01
    1.8163372194e+03    1.8782400988e+03   -3.1557522933e+04    1.7072016366e-01    1.2857017839e-01    1.3506691332e-01    4.0223402176e-02    7.6872466368e-03    7.7004312258e-02    5.3690398227e+01    5.3690398227e+01    5.3690398227e+01
    1.8195556717e+03    1.8815682397e+03   -3.1551232584e+04   -1.0203615763e-01    1.8177782899e-02    2.9715428622e-02    6.6420762527e-02   -3.6423501261e-02   -6.4780396979e-02    5.3690398227e+01    5.3690398227e+01    5.3690398227e+01
    1.7924163942e+03    1.8535040241e+03   -3.1562641149e+04    2.3613852090e-01    9.3479920369e-02    1.8933092985e-01   -9.1751372514e-02    2.0536077473e-02   -3.5086475102e-02    5.3690398227e+01    5.3690398227e+01    5.3690398227e+01
    1.7825862203e+03    1.8433388265e+03   -3.1585683344e+04    7.8558828690e-02    2.8905163901e-01    1.5657159592e-01    4.7389578635e-02    3.4698920434e-02    9.4155919712e-02    5.3690398227e+01    5.3690398227e+01    5.3690398227e+01
    1.8068170701e+03    1.8683954917e+03   -3.1582455723e+04    2.0076872656e-02    9.9711898076e-02   -7.3209716564e-03   -1.1661488667e-02    4.2198285044e-02   -5.7361732315e-02    5.3690398227e+01    5.3690398227e+01    5.3690398227e+01
    1.7867222173e+03    1.8476157830e+03   -3.1574957270e+04    6.4443487778e-02    5.8397476241e-02   -5.1992294830e-02   -6.7827019600e-02   -5.3024085976e-02    4.9357911684e-03    5.3690398227e+01    5.3690398227e+01    5.3690398227e+01
    1.7816081525e+03    1.8423274250e+03   -3.1553272560e+04    2.1573174043e-01    2.2714807087e-01    3.2926123651e-01   -3.1067964951e-02   -6.7738058026e-03    3.4888839467e-02    5.3690398227e+01    5.3690398227e+01    5.3690398227e+01
    1.7852400809e+03    1.8460831338e+03   -3.1561494106e+04    1.8127914603e-01    1.1523425777e-01    3.8789308724e-02    6.7311027617e-02    2.3006823081e-01   -1.5884171517e-02    5.3690398227e+01    5.3690398227e+01    5.3690398227e+01
    1.8021240889e+03    1.8635425683e+03   -3.1538551465e+04    1.9749320775e-01    3.6059852396e-02    2.5634432005e-01   -6.0779853348e-02    2.8360343741e-02    1.1955877268e-01    5.3690398227e+01    5.3690398227e+01    5.3690398227e+01
    1.7974428038e+03    1.8587017396e+03   -3.1571713676e+04   -2.2658326588e-01   -2.5023751238e-01   -3.7998305346e-01   -7.2752390741e-02    3.2089987697e-02    1.6407446673e-02    5.3690398227e+01    5.3690398227e+01    5.3690398227e+01
    1.7874521055e+03    1.8483705467e+03   -3.1557114417e+04    1.6501878358e-01    1.6334788587e-02   -9.0132144926e-02   -4.8985279480e-03   -1.5182547551e-02   -5.1311904214e-03    5.3690398227e+01    5.3690398227e+01    5.3690398227e+01
    1.7828815923e+03    1.8436442651e+03   -3.1558706693e+04    2.5988739660e-01    7.8779506743e-02    1.6161217568e-01   -1.5493178868e-01    6.9152524737e-02    3.8143225870e-02    5.3690398227e+01    5.3690398227e+01    5.3690398227e+01
    1.7696508901e+03    1.8299626453e+03   -3.1552215361e+04    1.3097360389e-01    7.0026982314e-02    1.1403752445e-01    1.4882477922e-02   -4.1936369276e-02    8.3311584587e-03    5.3690398227e+01    5.3690398227e+01    5.3690398227e+01
    1.8051758994e+03    1.8666983881e+03   -3.1560126642e+04    5.5872219958e-02    1.6157040149e-01    1.5181412555e-02    4.7473066659e-02    7.2900039177e-02    3.5661805064e-03    5.3690398227e+01    5.3690398227e+01    5.3690398227e+01
    1.7928135348e+03    1.8539146998e+03   -3.1564988695e+04    8.6645976759e-02    1.6263375682e-01    2.0726441805e-01   -6.4989414466e-02    1.9052661678e-02   -8.2320007448e-02    5.3690398227e+01    5.3690398227e+01    5.3690398227e+01
    1.8049025262e+03    1.8664156980e+03   -3.1527032084e+04    1.2420512376e-01    1.0795854422e-01    2.7126679990e-01   -3.7018121673e-02    3.2980982264e-02   -7.8520041330e-03    5.3690398227e+01    5.3690398227e+01    5.3690398227e+01
    1.8207590803e+03    1.8828126618e+03   -3.1555815323e+04    3.7173821950e-02   -4.7847368460e-02   -4.3322338355e-02   -4.7094694086e-02    1.9036802522e-02    1.5069249672e-02    5.3690398227e+01    5.3690398227e+01    5.3690398227e+01
    1.8152174693e+03    1.8770821863e+03   -3.1548437778e+04   -1.7356179346e-01   -1.6327716167e-01   -9.6060206242e-02    7.1445078035e-03   -1.4655847549e-02   -5.0704631396e-03    5.3690398227e+01    5.3690398227e+01    5.3690398227e+01
    1.7936057897e+03    1.8547339556e+03   -3.1554241438e+04    1.2780251137e-01    3.8345032722e-02   -1.9069103715e-02   -3.2487352167e-02    5.6958983428e-02    6.5005861810e-02    5.3690398227e+01    5.3690398227e+01    5.3690398227e+01
    1.8276221596e+03    1.8899096429e+03   -3.1570002099e+04   -1.4700896797e-02    2.2181397540e-03   -7.9204015347e-02    1.1049250027e-01   -3.4649078906e-02    2.5439505417e-03    5.3690398227e+01    5.3690398227e+01    5.3690398227e+01
    1.8162427977e+03    1.8781424591e+03   -3.1577279709e+04   -3.9268215770e-02   -1.2795821102e-01    4.7768618526e-02   -3.7439794853e-02   -5.5568748680e-02    5.7309061832e-02    5.3690398227e+01    5.3690398227e+01    5.3690398227e+01
    1.8205790974e+03    1.8826265449e+03   -3.1579621373e+04   -1.1430674403e-02   -8.6049657325e-03   -1.1382279341e-01    2.5759720281e-02    6.8550465007e-02   -1.6772862315e-02    5.3690398227e+01    5.3690398227e+01    5.3690398227e+01
    1.8077119203e+03    1.8693208394e+03   -3.1574108957e+04    2.3185606055e-01    3.4537500200e-03   -1.2302838898e-01   -8.1416750205e-02    2.7740461079e-02    4.1594106950e-02    5.3690398227e+01    5.3690398227e+01    5.3690398227e+01
    1.7883946069e+03    1.8493451697e+03   -3.1537503421e+04   -1.5596511732e-01   -2.0714632855e-01   -1.9085704905e-01   -1.9119701959e-02    2.8243108199e-03    6.9598814304e-02    5.3690398227e+01    5.3690398227e+01    5.3690398227e+01
    1.7886558919e+03    1.8496153595e+03   -3.1563285583e+04    1.3262110280e-01    5.9324073502e-02    5.6232559908e-02   -6.7078359831e-02   -3.6870988156e-02    9.4974837600e-02    5.3690398227e+01    5.3690398227e+01    5.3690398227e+01
    1.7951207558e+03    1.8563005535e+03   -3.1545288265e+04    5.5241844802e-02    1.7378985491e-01    1.5382376295e-01   -4.8982763380e-02   -1.4768917009e-02    6.1100488564e-02    5.3690398227e+01    5.3690398227e+01    5.3690398227e+01
    1.7976318472e+03    1.8588972258e+03   -3.1561902792e+04    1.2718047841e-01    2.0249624126e-01    2.4313795120e-01   -1.1386832556e-02   -6.6306544721e-03   -6.8136686269e-02    5.3690398227e+01    5.3690398227e+01    5.3690398227e+01
    1.8341717314e+03    1.8966824316e+03   -3.1587126773e+04    3.0620643705e-01    2.4558353934e-01    4.5550894765e-02   -1.9798279559e-02   -6.5644727578e-02    4.3532220599e-02    5.3690398227e+01    5.3690398227e+01    5.3690398227e+01
    1.8014811025e+03    1.8628776682e+03   -3.1556014061e+04    4.1939694811e-02    1.9677043495e-01    2.6120909289e-01    2.8010750228e-02   -3.5317579412e-02    2.6259916742e-03    5.3690398227e+01    5.3690398227e+01    5.3690398227e+01
    1.7928617234e+03    1.8539645306e+03   -3.1552913837e+04    2.0382979260e-01    2.0315277965e-01    1.7955101041e-01   -2.9983420214e-02    2.2682231694e-02    4.7691773858e-02    5.3690398227e+01    5.3690398227e+01    5.3690398227e+01
    1.8207082804e+03    1.8827601306e+03   -3.1574624690e+04   -8.0148929803e-02    3.3782655286e-02    3.2515233089e-02   -8.5921868046e-02   -9.3463762275e-02   -2.8261346429e-03    5.3690398227e+01    5.3690398227e+01    5.3690398227e+01
    1.7899895220e+03    1.8509944413e+03   -3.1580416337e+04    1.5992230286e-02   -4.9180765588e-02    1.5468540407e-01   -1.2172481980e-01   -7.3032786459e-03   -2.7991496219e-02    5.3690398227e+01    5.3690398227e+01    5.3690398227e+01
    1.7947125653e+03    1.8558784514e+03   -3.1569121068e+04    1.1903364483e-01    8.4707124053e-02    1.2320563890e-02    7.8497403947e-03   -7.3879313442e-02   -3.0402418491e-02    5.3690398227e+01    5.3690398227e+01    5.3690398227e+01
    1.8107599443e+03    1.8724727437e+03   -3.1581774570e+04    3.0980218467e-02    2.1200530980e-02   -8.5016001559e-04   -2.3348045794e-02    6.2024737495e-02    3.7761866878e-02    5.3690398227e+01    5.3690398227e+01    5.3690398227e+01
    1.8145293175e+03    1.8763705815e+03   -3.1573872272e+04    2.7682922342e-01    7.8844835070e-02    4.1849628545e-02   -8.1729106580e-02   -6.9869973860e-02    2.5537748922e-02    5.3690398227e+01    5.3690398227e+01    5.3690398227e+01
    1.8287613447e+03    1.8910876527e+03   -3.1596956404e+04   -2.4494519546e-01   -1.4636993016e-01    1.7358332759e-01    5.8112077270e-02   -1.0977210457e-01   -8.1668096183e-02    5.3690398227e+01    5.3690398227e+01    5.3690398227e+01
    1.7944490711e+03    1.8556059770e+03   -3.1567134472e+04   -1.2375684562e-01    1.2113787481e-01    5.7224888877e-02   -1.6196268751e-02    4.1943258169e-02    2.7958079013e-02    5.3690398227e+01    5.3690398227e+01    5.3690398227e+01
    1.8057802441e+03    1.8673233295e+03   -3.1558357693e+04    1.2588752962e-02    1.1721230463e-01   -3.4935361096e-02   -5.8104502046e-02   -4.1999815417e-02   -1.7344118344e-02    5.3690398227e+01    5.3690398227e+01    5.3690398227e+01
    1.8008990911e+03    1.8622758212e+03   -3.1583117697e+04    3.9760456166e-02    1.6229042676e-02    3.6971966269e-02    1.1561474492e-01    2.9641876283e-02   -6.7788023410e-02    5.3690398227e+01    5.3690398227e+01    5.3690398227e+01
    1.8065641659e+03    1.8681339683e+03   -3.1549116913e+04    2.3526718517e-01    2.4611388661e-01    1.6652225060e-01   -3.3466634062e-03   -3.6738285805e-03   -8.8899633549e-02    5.3690398227e+01    5.3690398227e+01    5.3690398227e+01
    1.7944142364e+03    1.8555699551e+03   -3.1587198219e+04    1.8866504586e-02    2.3062596412e-02    4.3063515007e-02   -6.4345897868e-02    4.7258672800e-02    5.4263116394e-02    5.3690398227e+01    5.3690398227e+01    5.3690398227e+01
    1.8003908478e+03    1.8617502564e+03   -3.1548729749e+04    1.8319062251e-01    1.5646506165e-01    1.6799231767e-01    1.1818298243e-01    3.1916118609e-02   -9.2108044590e-03    5.3690398227e+01    5.3690398227e+01    5.3690398227e+01
    1.8070745707e+03    1.8686617683e+03   -3.1566023702e+04    2.3331761647e-01    1.4571510761e-01   -1.2042296546e-01   -4.2956384637e-02   -5.6491203788e-02   -4.4735029944e-02    5.3690398227e+01    5.3690398227e+01    5.3690398227e+01
    1.8150709239e+03    1.8769306464e+03   -3.1549763014e+04    7.6971186185e-02    6.3187926229e-02   -1.3571435046e-01    3.5122749028e-02    1.2969718255e-01    8.0132479631e-02    5.3690398227e+01    5.3690398227e+01    5.3690398227e+01
    1.7728531410e+03    1.8332740326e+03   -3.1589534482e+04   -1.2042435682e-01   -6.2393647926e-02    4.5799012794e-03    1.2141870961e-01   -5.0445047383e-02    8.7388555689e-02    5.3690398227e+01    5.3690398227e+01    5.3690398227e+01
    1.7734488166e+03    1.8338900095e+03   -3.1609240209e+04    1.4051724244e-01    3.3340550052e-02    1.5585078821e-02   -1.4612662470e-02    1.4598069124e-02   -5.6362701220e-02    5.3690398227e+01    5.3690398227e+01    5.3690398227e+01
    1.7953848141e+03    1.8565736112e+03   -3.1575615715e+04    1.2306165382e-01    6.3026372556e-02    1.3649014264e-01   -1.0349983719e-01    4.3954487157e-03    9.8405144951e-02    5.3690398227e+01    5.3690398227e+01    5.3690398227e+01
