-5.41205 -5.41271
-5.41159 -5.41207
-5.41165 -5.41234
-5.41171 -5.41237
-5.41157 -5.4123
-5.41162 -5.4124
-5.41162 -5.41235
-5.41157 -5.41232
-5.4117 -5.41239
-5.41172 -5.41242
-5.39832 -5.39927
-5.39664 -5.39726
-5.39699 -5.39811
-5.39771 -5.3987
-5.39862 -5.39958
-5.39804 -5.39893
-5.3979 -5.39886
-5.39778 -5.39873
-5.39796 -5.39893
-5.39874 -5.39968
-5.38451 -5.38563
-5.38583 -5.38693
-5.38414 -5.3851
-5.38288 -5.38331
-5.3856 -5.38669
-5.38589 -5.38685
-5.38504 -5.38613
-5.38481 -5.38567
-5.38502 -5.38611
-5.38491 -5.3862
-5.37042 -5.37093
-5.37544 -5.37618
-5.37388 -5.37453
-5.42286 -5.42327
-5.37108 -5.37155
-5.41894 -5.41948
-5.4225 -5.42291
-5.41277 -5.41347
-5.42284 -5.42324
-5.42209 -5.42251
-5.42346 -5.42381
-5.35615 -5.35655
-5.42195 -5.42234
-5.35997 -5.3604
-5.41546 -5.41603
-5.4232 -5.42357
-5.42056 -5.42095
-5.42361 -5.42396
-5.42299 -5.42336
-5.35901 -5.35984
-5.34371 -5.344
-5.42272 -5.4231
-5.34382 -5.34388
-5.38984 -5.39055
-5.42312 -5.42349
-5.42131 -5.42171
-5.42226 -5.42264
-5.42315 -5.42352
-5.42329 -5.42365
-5.4191 -5.41954
-5.42154 -5.42193
-5.42213 -5.42249
-5.42353 -5.42388
-5.40589 -5.40633
-5.42279 -5.42315
-5.42249 -5.42285
-5.32659 -5.32719
-5.42315 -5.42351
-5.3266 -5.32602
-5.41904 -5.41947
-5.40619 -5.40665
-5.31137 -5.31242
-5.4232 -5.42354
-5.42305 -5.42339
-5.42282 -5.42316
-5.42145 -5.42181
-5.42223 -5.42258
-5.42334 -5.42367
-5.32126 -5.32176
-5.41863 -5.41901
-5.41029 -5.41072
-5.42303 -5.42336
-5.42299 -5.42333
-5.42258 -5.42293
-5.41912 -5.41952
-5.42331 -5.42365
-5.42151 -5.42186
-5.30877 -5.30873
-5.30426 -5.305
-5.42199 -5.42234
-5.42139 -5.42173
-5.42251 -5.42284
-5.41067 -5.41109
-5.28972 -5.29025
-5.29105 -5.29206
-5.42208 -5.42241
-5.41859 -5.41894
-5.42331 -5.42363
-5.42301 -5.42334
-5.42318 -5.4235
