-0.00755169 -0.0085464 -0.0100364 -0.00493745 -0.00528537 -0.00555873 -0.0181139 -0.0179466 -0.0200198 -0.00399266 -0.00473438 -0.00397719
-0.00893832 -0.0109714 -0.00651742 -0.0139821 0.0217867 0.00387773 -0.0160237 -0.0185567 -0.0146922 -0.0119208 0.0185497 0.00408094
-0.0108832 -0.00445093 -0.00964378 -0.00178967 -0.00339635 -0.00135176 -0.022528 -0.0148277 -0.0204038 -0.000909375 -0.00334563 -0.00137859
-0.00708334 -0.00846921 -0.00665696 -0.00367723 0.00299181 0.000643576 -0.0179558 -0.0196903 -0.0174917 -0.00281016 0.00218563 0.000229844
-0.0104438 -0.00643736 -0.00610774 0.0108604 -0.00164426 -0.00131803 -0.0219433 -0.0171758 -0.0166952 0.00948516 -0.00115203 -0.000647344
-0.0101228 -0.0107782 -0.00835901 -0.000281554 0.000228392 0.000483137 -0.0207809 -0.0211587 -0.0188252 -0.000325469 0.000502188 0.00030375
-0.00597232 -0.0121799 -0.00871565 -1.15612e-06 -0.00302029 -0.00143359 -0.0157617 -0.0243312 -0.0186284 -0.000313125 -0.00265891 -0.00231391
-0.00869448 -0.00493125 -0.0112733 -0.00442342 0.00827411 0.000462383 -0.0190395 -0.0149291 -0.0235028 -0.00473781 0.00750484 0.000764375
-0.00792162 -0.00820331 -0.00795377 -0.00369501 0.00172541 -0.00683731 -0.0180366 -0.0188767 -0.0192289 -0.00290844 0.00104969 -0.00635641
-0.00773628 -0.00563364 -0.0113022 -0.00106481 -0.000114401 -0.000100188 -0.0191131 -0.0153475 -0.0224916 -0.000856563 5.29687e-05 -0.000120781
-0.0139882 -0.0240807 -0.0128045 0.0111373 0.0106621 0.00682658 -0.0294278 -0.046445 -0.029338 0.00196453 0.0205152 0.00594672
-0.011679 -0.0104956 -0.0184536 -0.0354227 -0.0177163 0.0227336 -0.0174552 -0.016252 -0.0241458 -0.0306586 -0.0137805 0.019643
-0.0158729 -0.0232198 -0.00951141 -0.0125076 0.00280622 0.0041174 -0.0316484 -0.0437636 -0.0273203 -0.00888047 0.00491219 0.00408266
-0.0216009 -0.0221864 -0.0213814 -0.00607568 -0.00926389 0.00201922 -0.0356878 -0.038793 -0.0444652 -0.00795938 -0.0152173 0.00442594
-0.0158593 -0.0223091 -0.0127629 -0.00430302 0.0191885 -0.0219832 -0.0292189 -0.0424044 -0.0299823 -0.00627562 0.00907719 -0.0186028
-0.0105107 -0.00895138 -0.0213366 0.00689469 -0.0042951 -0.00519517 -0.0245764 -0.0224942 -0.0434995 0.00507984 -0.0146045 -0.00752078
-0.0165633 -0.0164699 -0.0137559 0.00727719 -0.00798586 0.00965128 -0.0305427 -0.0384758 -0.0288987 0.0103045 -0.0108989 0.00673594
-0.014263 -0.0167026 -0.0109328 -0.0187388 0.0141377 -0.0166481 -0.0307775 -0.0352466 -0.02537 -0.00903078 0.00746094 -0.0139284
-0.011746 -0.0174713 -0.0214038 -0.0127548 -0.0056354 -0.00740006 -0.0279672 -0.0340889 -0.0381052 -0.00872047 0.00206891 -0.0165758
-0.0187694 -0.00833502 -0.0205387 -0.00542232 0.00395117 0.0116692 -0.0303881 -0.0278953 -0.03776 -0.00138906 0.00383547 0.00314391
-0.0247213 -0.0331836 -0.0299879 -0.0184428 0.00599384 0.00598914 -0.0346427 -0.041667 -0.0421178 -0.0164938 0.00332281 0.00470656
-0.0203767 -0.0228073 -0.0336033 0.00165194 -0.00177269 0.0299158 -0.0325673 -0.0327772 -0.0436327 -0.00197016 -0.00142828 0.0259066
-0.0208764 -0.024559 -0.0237077 0.00996478 -0.00353111 -0.019274 -0.0288823 -0.0373375 -0.0315894 0.00804141 -0.0027375 -0.0182052
-0.0237063 -0.0121071 -0.014962 0.0328564 -0.0627552 -0.0370063 -0.0235041 -0.0170489 -0.017458 0.0247525 -0.0568917 -0.031835
-0.0290963 -0.0202742 -0.0221102 0.0224307 0.00596155 0.00289444 -0.0387058 -0.0293025 -0.0312286 0.0192639 0.00405141 0.00199062
-0.0306619 -0.0169652 -0.0267872 0.00627275 0.000583653 0.0108547 -0.0444158 -0.0242128 -0.0362558 0.00549781 0.00283219 0.00972734
-0.02655 -0.0332389 -0.0193534 0.0239513 -0.00576284 0.0224622 -0.0371009 -0.0439916 -0.0295495 0.0194453 -0.00328094 0.0197219
-0.0224485 -0.0223351 -0.020977 -0.0352163 -0.00803574 0.0120633 -0.0305263 -0.0330252 -0.0321455 -0.0290281 -0.00480797 0.0108695
-0.0267945 -0.0288465 -0.0205427 -0.00423613 -0.0542727 -0.0116976 -0.0391447 -0.0377955 -0.0285689 -0.00405297 -0.0449859 -0.00994766
-0.0328805 -0.0273096 -0.0237702 -0.0305176 -0.00140617 -0.00311402 -0.0440308 -0.036533 -0.033158 -0.0246069 -0.000678437 -0.00347234
-0.0435487 -0.0442583 -0.0313624 -0.0519211 0.052246 -0.0144714 -0.057443 -0.0594586 -0.0480391 -0.0371361 0.0401425 -0.0107673
-0.0439811 -0.0421729 -0.0457563 0.0125425 0.0573886 0.0036567 -0.0512959 -0.0594588 -0.0558991 0.00818187 0.0585916 0.00465641
-0.0282872 -0.0279001 -0.0421818 -0.0261698 -0.0483219 0.0763454 -0.0371987 -0.0353805 -0.0491187 -0.0204806 -0.0374428 0.0665133
-0.0342363 -0.0349306 -0.0339621 0.00046509 -0.000584442 -0.0054562 -0.0425305 -0.0432709 -0.042193 0.00104063 -0.000212969 -0.00454234
-0.0359164 -0.0415859 -0.019927 0.060476 -0.0864344 0.0117414 -0.0387033 -0.0454794 -0.0242061 0.0500794 -0.0730541 0.00879078
-0.0352053 -0.0319316 -0.0351919 -0.00469053 0.000432556 -0.0115509 -0.0439486 -0.0410231 -0.0447578 -0.00282172 0.000421719 -0.00988578
-0.0338995 -0.0339014 -0.0346057 -0.00210186 -0.00981731 -0.00490315 -0.0420628 -0.041915 -0.0430163 -0.00172828 -0.00814844 -0.00462406
-0.0351018 -0.0343138 -0.0372348 0.00176437 0.00048255 0.034942 -0.0447492 -0.0432255 -0.0485033 0.000612813 0.000844531 0.0330588
-0.0342334 -0.0342704 -0.0343994 -0.00192082 -0.00087802 0.00447283 -0.0424945 -0.042493 -0.0426147 -0.00155484 -0.00108109 0.0039325
-0.0340909 -0.0345803 -0.0345085 -3.31998e-05 0.0080969 -0.00743289 -0.042537 -0.0427025 -0.042573 0.000301719 0.00758437 -0.00680031
-0.0433755 -0.0427292 -0.0429067 0.00824221 0.00295167 0.00264932 -0.0507806 -0.0501256 -0.0502856 0.0072975 0.00250906 0.00245172
-0.0535189 -0.025023 -0.0736675 0.0944032 -0.0104802 -0.109859 -0.0535547 -0.0252748 -0.0805675 0.0839102 -0.00863391 -0.0900403
-0.0427362 -0.0431063 -0.0428481 0.00378543 0.00417179 0.00468036 -0.0500958 -0.0502353 -0.0503953 0.00322141 0.00367594 0.00410281
-0.0220374 -0.0300314 -0.0322931 -0.00138595 -0.0632346 0.0198721 -0.0247145 -0.0270662 -0.0348237 -0.00502344 -0.0599292 0.0122305
-0.0427223 -0.0427779 -0.0424817 -0.0113951 -0.00619085 0.00259855 -0.0497892 -0.0511361 -0.0494452 -0.00938047 -0.00476078 0.00240672
-0.0425491 -0.0433403 -0.0427167 0.00777765 0.00858534 -0.00681309 -0.0498473 -0.050988 -0.0499661 0.00666266 0.00759609 -0.00589516
-0.0436533 -0.0427745 -0.0412446 0.00822167 0.00738797 -0.00141235 -0.0506377 -0.0501383 -0.0481767 0.00731297 0.00681688 -0.00155422
-0.043356 -0.0430052 -0.0431946 0.00682415 0.000168311 0.00189765 -0.0507188 -0.050377 -0.0506759 0.00576703 0.000207656 0.00161734
-0.0430866 -0.0421849 -0.0432967 0.00714086 -0.00526911 0.00890067 -0.0503883 -0.0494145 -0.0508025 0.00614328 -0.00459531 0.00751437
-0.05357 -0.0251662 -0.032746 -0.00169462 -0.0291568 0.034234 -0.0609831 -0.0316547 -0.0379766 -0.000276875 -0.0273822 0.0255327
-0.0342403 -0.0562774 -0.0819555 -0.00816894 0.0630461 0.0414024 -0.037518 -0.0507245 -0.0742703 -0.00935703 0.0566081 0.0361969
-0.0523425 -0.0520989 -0.0516579 0.0151001 0.00478498 -0.00285937 -0.0590803 -0.0591309 -0.0585641 0.0135364 0.00409281 -0.00239719
-0.0606421 -0.0695546 -0.0340107 -0.011049 -0.0020846 0.128585 -0.0537314 -0.0659005 -0.0384469 -0.00933547 -0.00417406 0.103767
-0.0542704 -0.0466585 -0.0544673 0.0151921 0.0051443 -0.000322278 -0.058282 -0.0505044 -0.061007 0.0104739 0.00278 -0.00223438
-0.051563 -0.0514008 -0.0517462 0.0073028 -0.00961993 0.000351437 -0.0585216 -0.0584073 -0.0584609 0.00637422 -0.00846344 0.000195937
-0.0516477 -0.0522926 -0.0514627 0.00389469 0.00918733 -0.0152202 -0.0587095 -0.0588889 -0.0582744 0.00344672 0.00794563 -0.01329
-0.0517275 -0.0515177 -0.0522783 -0.000186404 0.00646059 0.011806 -0.0586616 -0.058362 -0.0591725 0.000137187 0.00559297 0.00993078
-0.0514619 -0.0519873 -0.0522124 0.00255646 -0.0036351 0.00165069 -0.0583095 -0.0589327 -0.0590891 0.00207875 -0.00323734 0.00143578
-0.0518062 -0.0516298 -0.0517937 -0.00145353 0.0102772 -0.000798655 -0.0587063 -0.0585716 -0.0585953 -0.00101328 0.00891125 -0.000460938
-0.0500606 -0.0520017 -0.0513114 0.00428266 0.000925665 -0.0157461 -0.0567437 -0.0585342 -0.0578947 0.00355 0.00125234 -0.0133127
-0.0597768 -0.0594133 -0.0609712 -0.0157815 -0.0080598 -0.00693584 -0.066142 -0.0659136 -0.0667036 -0.0138844 -0.00704156 -0.00619328
-0.0599488 -0.0597591 -0.0598616 0.0141016 0.00818598 -0.00104315 -0.0658419 -0.0661519 -0.0657953 0.0119614 0.00706969 -0.000991562
-0.0601429 -0.0603857 -0.0603934 0.000972005 0.000143315 0.00609483 -0.0662964 -0.0665775 -0.0667098 0.00091125 -5.60938e-05 0.00516375
-0.0647638 -0.0609532 -0.0641621 0.0109608 -0.0389358 -0.0450108 -0.0686317 -0.0652941 -0.0683748 0.0106659 -0.032552 -0.0371763
-0.0594486 -0.0606012 -0.0602948 0.0102867 -0.00360457 -0.00268379 -0.0656461 -0.0666506 -0.0666994 0.00889406 -0.00302391 -0.00239734
-0.060007 -0.0604096 -0.0600829 -0.0104246 -0.00240434 0.00347461 -0.0661737 -0.0668648 -0.0660697 -0.0092125 -0.00220187 0.00312391
-0.0231896 -0.0330416 -0.0198277 -0.0366276 0.0164832 0.0326599 -0.0172352 -0.0380961 -0.0163502 -0.0240364 0.0118772 0.0344463
-0.0603561 -0.0602097 -0.0604516 0.00928968 0.00541198 -0.00360118 -0.0665478 -0.0666125 -0.0666752 0.00801719 0.00485781 -0.00328969
-0.0644782 -0.0397926 -0.063721 0.0375897 -0.0509585 -0.0674524 -0.06076 -0.0454128 -0.0673877 0.0223691 -0.0235722 -0.0530859
-0.0619237 -0.0597155 -0.0603716 -0.0122932 0.00167223 -0.0105936 -0.0682569 -0.0650023 -0.0658919 -0.0113236 0.00115328 -0.00864062
-0.0683194 -0.0685837 -0.0666608 0.0295274 0.0324824 0.0189395 -0.0714575 -0.0728173 -0.0684572 0.0250472 0.0277516 0.0166858
-0.0874177 -0.0735018 -0.0806576 -0.0667192 0.0119056 -0.0324124 -0.0885852 -0.0734269 -0.0837569 -0.0530598 0.00513016 -0.021502
-0.0693839 -0.0691798 -0.0694122 -0.00143655 -0.00106192 -0.00188792 -0.0749575 -0.074583 -0.0748311 -0.00148578 -0.000901094 -0.00152969
-0.0690088 -0.0690585 -0.0690412 -0.00577803 -0.0068219 0.00329491 -0.0743781 -0.0742734 -0.0744206 -0.00493109 -0.00582531 0.00285031
-0.0692253 -0.0688942 -0.069062 0.0101915 -0.00949689 -0.00516996 -0.0746983 -0.0742286 -0.0742909 0.00872719 -0.00823344 -0.00447797
-0.069252 -0.069378 -0.0693454 0.0117887 -0.0128203 0.00736796 -0.0747117 -0.0745655 -0.0745063 0.00955516 -0.0110237 0.00624391
-0.0686797 -0.0690619 -0.0696281 -0.00115688 -0.00741552 0.00623942 -0.0741933 -0.0744288 -0.074832 -0.00131391 -0.00653359 0.00531406
-0.0689305 -0.0688269 -0.0684092 -0.00477232 0.00210776 -0.0090877 -0.0744745 -0.0741873 -0.073902 -0.00416062 0.00180406 -0.00795219
-0.087069 -0.0978115 -0.0836126 0.0255085 -0.0282214 -0.0059943 -0.0741839 -0.0782595 -0.0832639 0.0215877 -0.0232109 0.00192109
-0.067296 -0.0697646 -0.0686371 0.0150115 0.00896466 -0.00053871 -0.0726592 -0.073973 -0.073495 0.0135566 0.00818203 -0.000217344
-0.0789222 -0.0811443 -0.0785915 0.0337778 0.0152874 0.0246237 -0.0824447 -0.0851505 -0.0812769 0.0300248 0.0126963 0.0213044
-0.0774193 -0.0775929 -0.0771579 -0.00106262 -0.00619765 0.0030401 -0.0822384 -0.0825767 -0.0819269 -0.000886406 -0.00535031 0.002605
-0.0778489 -0.0771485 -0.0775166 -0.0104532 0.00570088 -0.0043769 -0.082633 -0.0820505 -0.0824367 -0.0089725 0.00482437 -0.0037425
-0.0779523 -0.0775783 -0.0775877 -0.000333698 -0.00182048 -0.00972998 -0.0826728 -0.0825098 -0.0824294 -0.000499531 -0.00162094 -0.00838828
-0.0783314 -0.0774556 -0.0773964 -0.0219748 -0.000520463 -0.00995393 -0.0827523 -0.0819308 -0.0816356 -0.0184727 -0.000910469 -0.00867641
-0.0771997 -0.0770069 -0.0777193 -0.00939859 -0.00190131 -0.000540495 -0.0820859 -0.0819491 -0.0826739 -0.00805406 -0.00180781 -0.000545781
-0.0781746 -0.0780034 -0.0779371 -0.01768 0.000327951 0.0140838 -0.0830103 -0.0827053 -0.0823942 -0.0152297 0.00020625 0.0124664
-0.10155 -0.0642364 -0.0594386 0.0921787 0.102713 0.0621011 -0.0924794 -0.0598548 -0.0486483 0.0826106 0.0853806 0.060667
-0.101076 -0.128017 -0.102945 0.0311019 -0.0979105 -0.0971811 -0.0906998 -0.129773 -0.094992 0.0354045 -0.0756859 -0.0852252
-0.0776891 -0.0771647 -0.0768655 0.00616761 0.000331275 -0.00560771 -0.082475 -0.0815841 -0.081627 0.00499719 0.00055625 -0.00491719
-0.0864495 -0.0874233 -0.0862152 -0.00279888 0.0211341 0.015709 -0.0899922 -0.0915662 -0.0900516 -0.00253016 0.0178623 0.0136098
-0.0854453 -0.0862029 -0.0862395 0.00219339 -0.0016761 0.00692986 -0.0894833 -0.0903072 -0.090263 0.00197797 -0.00161188 0.00592422
-0.084574 -0.0845162 -0.0845299 0.0202899 -0.00636305 0.0418992 -0.0884144 -0.0873202 -0.0886361 0.0162863 -0.00543297 0.0356336
-0.0730366 -0.0759557 -0.0623127 0.217259 0.0836488 0.00590326 -0.0750555 -0.0702947 -0.0564064 0.190374 0.0717658 0.00188672
-0.0924989 -0.0977695 -0.0589383 -0.0583359 0.151344 -0.0712556 -0.0910363 -0.0789975 -0.0430606 -0.0527436 0.121681 -0.0699648
-0.0863304 -0.0859973 -0.086212 0.00397066 0.00171748 0.0182527 -0.090328 -0.0898097 -0.0901298 0.0032175 0.00135656 0.0156045
-0.0858114 -0.086046 -0.0852076 -0.0151497 0.017771 -0.01202 -0.0890314 -0.0897612 -0.0884758 -0.013443 0.015223 -0.01086
-0.0863187 -0.0862258 -0.0860287 0.0102306 0.00245307 0.00941719 -0.0904445 -0.0902917 -0.0901688 0.00883344 0.00208016 0.00821484
-0.0857762 -0.0859764 -0.0863322 -0.00753775 -0.00638703 0.00348412 -0.0898 -0.0899528 -0.0903394 -0.00656891 -0.00555016 0.00293359
-0.0863115 -0.0864272 -0.0860349 -0.0026082 -0.00936448 -0.00597027 -0.0904236 -0.0904598 -0.0901006 -0.0022875 -0.00830703 -0.00529359
