-5.24859 -5.24989
-5.28392 -5.28428
-5.2663 -5.26644
-5.27736 -5.27735
-5.28872 -5.28845
-5.29522 -5.29417
-5.2769 -5.27674
-5.28882 -5.28977
-5.30183 -5.30212
-5.26108 -5.26169
-5.28219 -5.28267
-5.28867 -5.2887
-5.30094 -5.30026
-5.29164 -5.29158
-5.28312 -5.28365
-5.31144 -5.31127
-5.30887 -5.30921
-5.28255 -5.28327
-5.27502 -5.27573
-5.28038 -5.2796
-5.24309 -5.2405
-5.27829 -5.27793
-5.27153 -5.27202
-5.30303 -5.30337
-5.26449 -5.26458
-5.30771 -5.30773
-5.28317 -5.28338
-5.27301 -5.27264
-5.27764 -5.27733
-5.29219 -5.29173
-5.24916 -5.24931
-5.30419 -5.30409
-5.2639 -5.2655
-5.29342 -5.29352
-5.28447 -5.2844
-5.30497 -5.30404
-5.30323 -5.3029
-5.28705 -5.28806
-5.30362 -5.30355
-5.2731 -5.27274
-5.28062 -5.28239
-5.30407 -5.3034
-5.2594 -5.25924
-5.29071 -5.29164
-5.29504 -5.29527
-5.24272 -5.2454
-5.30275 -5.30398
-5.28631 -5.2857
-5.28109 -5.28097
-5.26632 -5.2658
-5.31308 -5.31345
-5.28933 -5.2896
-5.24265 -5.23992
-5.29669 -5.29569
-5.2863 -5.28668
-5.30503 -5.30478
-5.2878 -5.2873
-5.28813 -5.28721
-5.29654 -5.29594
-5.28212 -5.28307
-5.29081 -5.29107
-5.25072 -5.25066
-5.29902 -5.30037
-5.27349 -5.27234
-5.28458 -5.2848
-5.28571 -5.28576
-5.27867 -5.27895
-5.30593 -5.30652
-5.28573 -5.28607
-5.27069 -5.27002
-5.26512 -5.26503
-5.27768 -5.27819
-5.27291 -5.27325
-5.30669 -5.30756
-5.29619 -5.29578
-5.28773 -5.28746
-5.27412 -5.27361
-5.28614 -5.28564
-5.2893 -5.2895
-5.30733 -5.30717
-5.29282 -5.29342
-5.28589 -5.28724
-5.2667 -5.26674
-5.28422 -5.28481
-5.33079 -5.33086
-5.28103 -5.28178
-5.26868 -5.26759
-5.27691 -5.27622
-5.29959 -5.29928
-5.29794 -5.29919
-5.28657 -5.28632
-5.28514 -5.28544
-5.29109 -5.29087
-5.28132 -5.28245
-5.26556 -5.26504
-5.24221 -5.24115
-5.29579 -5.29623
-5.27864 -5.27901
-5.31855 -5.31873
-5.27075 -5.27073
-5.35313 -5.3527
-5.35134 -5.34873
-5.35239 -5.35149
-5.33261 -5.33236
-5.30059 -5.30062
-5.21781 -5.21847
-5.27334 -5.27144
-5.37742 -5.37703
-5.28825 -5.28729
-5.35237 -5.35219
-5.3669 -5.36519
-5.30347 -5.30139
-5.36347 -5.36215
-5.38099 -5.38026
-5.30394 -5.30218
-5.3484 -5.34738
-5.3398 -5.33754
-5.36709 -5.3661
-5.29238 -5.28996
-5.39578 -5.39484
-5.33045 -5.3323
-5.36684 -5.36606
-5.33894 -5.33936
-5.35559 -5.35447
-5.37144 -5.37032
-5.31989 -5.31854
-5.33775 -5.3366
-5.34954 -5.34879
-5.33215 -5.32764
-5.34849 -5.34578
-5.30309 -5.30408
-5.38715 -5.3858
-5.33722 -5.33649
-5.32127 -5.31877
-5.34697 -5.34689
-5.33493 -5.33317
-5.29348 -5.29183
-5.2935 -5.29205
-5.3125 -5.3125
-5.37298 -5.37222
-5.29889 -5.2953
-5.32355 -5.32248
-5.36768 -5.36763
-5.33742 -5.33462
-5.37245 -5.3711
-5.35041 -5.34783
-5.31901 -5.31782
-5.38802 -5.38752
-5.36393 -5.36405
-5.30594 -5.30394
-5.41552 -5.41595
-5.41184 -5.41213
-5.4099 -5.41036
-5.41224 -5.41249
-5.41191 -5.41223
-5.40879 -5.40907
-5.40941 -5.40988
-5.41142 -5.41177
-5.41427 -5.41467
-5.41135 -5.41167
-5.4054 -5.40594
-5.39935 -5.39976
-5.3956 -5.39595
-5.39989 -5.40018
-5.39764 -5.39803
-5.39749 -5.39791
-5.3959 -5.39609
-5.40013 -5.40049
-5.39974 -5.40007
-5.39558 -5.39585
-5.38781 -5.388
-5.39711 -5.39758
-5.38576 -5.3862
-5.38546 -5.38581
-5.38583 -5.38607
-5.37906 -5.37932
-5.38341 -5.38367
-5.38862 -5.38903
-5.3856 -5.38581
-5.38395 -5.38406
-5.37093 -5.37122
-5.36813 -5.36795
-5.36983 -5.37002
-5.36411 -5.36433
-5.36563 -5.36599
-5.3756 -5.37591
-5.36909 -5.36954
-5.37237 -5.37249
-5.37756 -5.37765
-5.37935 -5.37956
-5.35047 -5.35061
-5.35846 -5.35886
-5.3515 -5.35228
-5.35513 -5.3554
-5.35612 -5.35658
-5.35629 -5.35687
-5.35532 -5.35559
-5.35461 -5.35408
-5.36325 -5.36433
-5.37336 -5.37365
-5.33888 -5.33844
-5.34147 -5.34198
-5.34126 -5.34129
-5.35585 -5.35589
-5.34363 -5.344
-5.34354 -5.34375
-5.33855 -5.33825
-5.34327 -5.34393
-5.34369 -5.34403
-5.34081 -5.34088
-5.32672 -5.32637
-5.3259 -5.32645
-5.32684 -5.3274
-5.33165 -5.33198
-5.33764 -5.33821
-5.32345 -5.32376
-5.31952 -5.32001
-5.32651 -5.32689
-5.33453 -5.33519
-5.34177 -5.34195
-5.31877 -5.31797
-5.30529 -5.30559
-5.31409 -5.31388
-5.31572 -5.31606
-5.3353 -5.33455
-5.33077 -5.3314
-5.31291 -5.31345
-5.32531 -5.32567
-5.32496 -5.32533
-5.31168 -5.31111
-5.30438 -5.30494
-5.28895 -5.28815
-5.29069 -5.28997
-5.29861 -5.29841
-5.31331 -5.31266
-5.2995 -5.299
-5.30243 -5.30222
-5.29902 -5.29811
-5.29582 -5.29598
-5.29839 -5.29796
-5.29855 -5.29829
-5.28322 -5.28285
-5.29786 -5.29785
-5.26719 -5.26678
-5.28881 -5.28985
-5.28586 -5.28509
-5.28156 -5.28229
-5.28604 -5.28514
-5.28498 -5.28389
-5.29402 -5.29317
-5.41218 -5.41271
-5.4117 -5.41207
-5.41179 -5.41234
-5.41183 -5.41237
-5.41174 -5.4123
-5.41181 -5.4124
-5.41177 -5.41235
-5.41176 -5.41232
-5.41184 -5.41239
-5.41186 -5.41242
-5.39905 -5.39927
-5.39674 -5.39726
-5.39764 -5.39811
-5.3984 -5.3987
-5.39933 -5.39958
-5.39874 -5.39893
-5.39852 -5.39886
-5.39848 -5.39873
-5.39864 -5.39893
-5.3994 -5.39968
-5.38491 -5.38563
-5.38617 -5.38693
-5.38441 -5.3851
-5.38286 -5.38331
-5.3859 -5.38669
-5.38614 -5.38685
-5.38533 -5.38613
-5.38501 -5.38567
-5.38536 -5.38611
-5.38533 -5.3862
-5.37105 -5.37093
-5.37607 -5.37618
-5.37434 -5.37453
-5.423 -5.42327
-5.37123 -5.37155
-5.41913 -5.41948
-5.42264 -5.42291
-5.41304 -5.41347
-5.42297 -5.42324
-5.42223 -5.42251
-5.42356 -5.42381
-5.35626 -5.35655
-5.42207 -5.42234
-5.36003 -5.3604
-5.41562 -5.41603
-5.42332 -5.42357
-5.42068 -5.42095
-5.42372 -5.42396
-5.42311 -5.42336
-5.35933 -5.35984
-5.34361 -5.344
-5.42283 -5.4231
-5.34411 -5.34388
-5.38994 -5.39055
-5.42322 -5.42349
-5.42143 -5.42171
-5.42237 -5.42264
-5.42326 -5.42352
-5.4234 -5.42365
-5.41922 -5.41954
-5.42164 -5.42193
-5.42223 -5.42249
-5.42363 -5.42388
-5.40601 -5.40633
-5.4229 -5.42315
-5.42259 -5.42285
-5.32666 -5.32719
-5.42325 -5.42351
-5.32663 -5.32602
-5.41915 -5.41947
-5.40625 -5.40665
-5.3114 -5.31242
-5.42328 -5.42354
-5.42314 -5.42339
-5.4229 -5.42316
-5.42153 -5.42181
-5.42231 -5.42258
-5.42342 -5.42367
-5.32097 -5.32176
-5.4187 -5.41901
-5.41038 -5.41072
-5.42311 -5.42336
-5.42307 -5.42333
-5.42266 -5.42293
-5.4192 -5.41952
-5.42339 -5.42365
-5.42159 -5.42186
-5.30851 -5.30873
-5.30426 -5.305
-5.42207 -5.42234
-5.42145 -5.42173
-5.42259 -5.42284
-5.41077 -5.41109
-5.28961 -5.29025
-5.29082 -5.29206
-5.42215 -5.42241
-5.41866 -5.41894
-5.42338 -5.42363
-5.42308 -5.42334
-5.42325 -5.4235
