0.0582955 0.0636636 0.0504248 0.0484175 0.0502599 0.0103861 0.0749569 0.0686681 0.0418622 0.0476148 0.0480725 0.0195764
0.00119695 0.0217735 0.0510264 0.115809 0.0952641 0.01438 0.0232127 0.0347991 0.0436459 0.10645 0.0848411 0.00371906
-0.024486 0.0176092 0.0131704 0.00728936 -0.0245508 0.119505 -0.00909172 0.0135664 0.00861234 0.00515641 -0.00716891 0.0898416
-0.0167969 0.0173997 -0.0261844 -0.0359733 0.0390306 -0.0462955 -0.00753234 0.0269986 -0.030355 -0.045863 0.0362631 -0.0400042
-0.0330825 -0.0260052 -0.00841844 -0.00901477 0.0176707 0.106432 -0.0292947 -0.0166498 0.0162814 -0.00141734 0.0169 0.0923564
-0.0169677 -0.0108126 -0.0387772 0.0969837 0.0517046 0.0228119 0.0014 -0.00113766 -0.0363481 0.0791425 0.0379234 0.0252948
0.0311637 -0.00153932 0.0404053 0.0234047 -0.0520069 -0.0888747 0.0315678 0.00311234 0.0582223 0.00267594 -0.0545564 -0.0808295
0.0665936 0.0317219 0.0527167 0.0460342 -0.0658464 0.018103 0.068747 0.0187247 0.0671119 0.0522952 -0.0443478 0.0341119
0.0525465 -0.00181143 0.00750564 -0.0124134 0.00971049 -0.0261681 0.0614583 -0.00322937 0.00534406 -0.0109106 0.00943922 -0.0206689
0.00762821 0.0405647 -0.0023244 -0.0910408 0.0177612 0.0809856 0.025373 0.0431152 -0.00818281 -0.0792355 0.031778 0.0604917
-0.0369933 -0.0187258 0.0165946 -0.0846051 -0.0972667 -0.0838196 -0.0177878 -0.00928578 0.023602 -0.0611191 -0.080503 -0.0709713
-0.0334214 -0.0454789 -0.0291052 -0.116079 -0.056622 -0.118452 -0.0362355 -0.04698 -0.0105534 -0.0810277 -0.0455375 -0.0920989
0.0660677 0.0668296 0.071365 -0.0382533 -0.0106104 -0.00911271 0.0562433 0.0591892 0.0605425 -0.0389864 -0.00204531 -0.00047
0.00934552 0.0285436 0.0221519 0.105379 -0.0461593 0.0762805 0.00769188 0.0367705 0.0287975 0.0901578 -0.0477516 0.0723556
0.0411859 0.0635177 0.0762 -0.0512636 -0.0131267 -0.0550065 0.0512191 0.0644156 0.0842725 -0.0466969 -0.0145192 -0.0378827
-0.0349092 -0.0204959 -0.00184802 -0.00114566 -0.0433216 -0.0440978 -0.0321284 -0.00933734 0.0151366 -0.00297078 -0.031255 -0.0410672
0.00165729 0.0150901 0.0383675 0.0578272 -0.043582 -0.0194653 0.00495891 0.0220802 0.0304634 0.0481703 -0.035552 -0.020787
0.019883 -0.00968558 -0.0102131 -0.0172498 -0.0586937 0.0809828 0.00718953 0.00607203 -0.0134691 -0.00213625 -0.0507375 0.0854161
-0.00821479 0.0368339 0.0190353 0.0141473 0.0514791 0.107896 0.0195436 0.0520145 0.0278808 0.0227945 0.0495175 0.0843155
-0.0228215 -0.0141953 -0.0129895 0.0084569 -0.067242 0.0163339 -0.0395253 -0.0132761 -0.0116591 -0.000111719 -0.0547292 0.00472656
-0.00254158 -0.006783 -0.0260095 -0.134255 -0.0640919 0.112233 -0.0208708 0.0375911 0.0109964 -0.128698 -0.0570508 0.0982383
0.0239871 0.061097 0.0362805 0.0222357 -0.00243458 0.158509 0.0163345 0.0826222 0.0219009 0.0258969 -0.0124109 0.142028
-0.0258256 -0.0260914 -0.0419982 -0.0643342 0.0617231 0.131522 -0.0297686 -0.0165369 -0.0226006 -0.03719 0.0472734 0.110901
0.0203086 -0.00433152 0.0270515 0.0566581 -0.0805831 0.0133188 0.0358542 -0.00384578 0.0196336 0.0395372 -0.0652292 0.0160053
-0.0300735 -0.00506719 -0.0219837 -0.115827 0.0679403 -0.0710043 -0.0100305 -0.000945156 -0.0138722 -0.10835 0.0565333 -0.0733369
0.0182985 -0.00501392 0.0120835 -0.0171196 0.0416958 0.0350689 0.0150367 -0.00490344 0.00841016 -0.0168359 0.0246625 0.0321136
-0.0342076 -0.0367792 -0.0411189 -0.0342275 -0.0133161 0.131928 -0.0313998 -0.0141458 -0.0279794 -0.0383519 -0.00436953 0.106569
0.0438961 0.0695728 0.041112 -0.132794 0.133315 -0.0590483 0.0580161 0.0626745 0.0442187 -0.115079 0.120097 -0.0517695
-0.0210316 -0.0640695 -0.04479 0.100753 -0.170845 -0.0636988 -0.0170964 -0.0550855 -0.0185134 0.0944269 -0.145532 -0.0345294
0.0396978 0.069828 0.034448 -0.075784 0.132538 -0.0266136 0.0469667 0.0660933 0.0255819 -0.0660014 0.1194 -0.0155863
0.00513456 0.0222304 0.00453742 0.0586861 -0.113358 0.0872777 0.0389155 0.00913391 0.0188531 0.0516934 -0.0972853 0.0753964
0.030375 0.0538946 0.0421713 0.0151073 -0.013414 0.00492246 0.0313887 0.0489953 0.043562 0.0147056 0.00046625 0.000524062
-0.0308805 -0.0103644 0.0505192 0.021421 0.0833384 -0.0053311 -0.0201031 -0.00982844 0.0651152 0.0300109 0.075453 -0.00830859
0.0430787 0.0846682 0.0689237 0.0277959 -0.0327885 -0.0144754 0.0418237 0.0718581 0.0690494 0.0238178 -0.032667 -0.000225625
0.0224005 -0.0105268 0.0229944 -0.022905 0.0427852 0.0065578 0.0367456 -0.00485281 0.00864406 -0.0165666 0.0335956 0.000904062
0.0399085 0.0423107 0.0484731 0.118578 -0.112966 0.00373135 0.0534209 0.0265045 0.0568047 0.103106 -0.0992147 0.00860969
0.0283254 0.0150722 0.0549754 0.00866193 -0.0629627 0.00258584 0.0418856 0.00799953 0.060168 0.00353188 -0.0445773 0.0109694
-0.0453051 -0.0549859 -0.0121585 0.10493 -0.0974874 -0.0905795 -0.0289606 -0.051075 0.0254567 0.0840572 -0.0972342 -0.0815727
-0.0104449 -0.0297979 0.029909 -0.0558052 0.0352409 0.0564723 -0.0138391 -0.0362814 0.0362359 -0.0395908 0.0269041 0.0495358
-0.0239066 0.000584295 0.00411459 0.0124937 -0.0601791 -0.129517 -0.043083 0.00788344 0.0181052 0.0184019 -0.0566056 -0.112264
-0.0494707 0.00629806 -0.00502371 0.00556651 0.0185029 -0.02907 -0.0255995 0.00297 0.014047 0.015795 0.0315103 -0.0288339
0.0438733 0.0558423 0.0530413 -0.0150403 -0.095809 0.0673778 0.0320084 0.0613647 0.0551305 -0.020757 -0.0699519 0.0692231
-0.0310805 0.0133365 -0.00447445 -0.0610781 0.0994571 -0.0507488 -0.00677672 0.01189 0.0146584 -0.0638169 0.0973816 -0.0383039
-0.0225375 -0.0335151 -0.0385803 0.106944 0.051672 -0.136259 -0.0564292 -0.0259559 -0.0139781 0.0820405 0.0359566 -0.0978177
0.0231232 -0.00127716 0.00090908 -0.0556262 0.0558518 0.0533248 0.0435164 0.0149189 -0.0249256 -0.0512858 0.0509155 0.0503306
-0.422691 -0.371979 -0.394985 -0.0264615 -0.0353174 -0.0699892 -0.395668 -0.329737 -0.295974 -0.0742052 -0.0473697 -0.0622177
0.0427948 0.0283962 -0.027555 0.0921789 -0.0398348 0.0294254 0.0545489 0.0263667 -0.0321547 0.0649536 -0.0270319 0.0398456
0.0176184 0.0275443 0.0152029 0.00287688 0.0150828 0.0411383 0.0233003 0.0364688 -0.00721484 0.00624641 0.0164314 0.0358091
-0.104802 0.0143807 -0.0402508 -0.0440273 0.0874846 -0.0130997 -0.113645 0.0442283 -0.00949391 -0.046128 0.070533 0.00308859
0.0209372 0.0198884 0.0389989 -0.0534382 0.00209744 -0.0232237 0.0208906 0.0349538 0.0519888 -0.0498027 0.00297281 -0.0214959
0.0259003 0.0343746 0.0344618 0.00543251 0.0418798 0.00302891 0.0288586 0.0236188 0.02634 -0.000544063 0.03363 0.00317406
0.0409245 0.0607451 0.088914 -0.0289675 0.0216931 -0.0805577 0.0426331 0.0590634 0.0995395 -0.0225628 0.0317208 -0.0561886
-0.242419 -0.180348 -0.127232 0.0124579 0.00246444 0.00898231 -0.210336 -0.159144 -0.119002 -0.00767781 0.0102769 0.00597844
0.0386336 0.00655132 0.0332276 0.0150333 -0.0759658 0.08863 0.0540272 0.00345953 0.0116427 -0.00525875 -0.0698811 0.0736897
0.049646 0.0914989 0.0817916 -0.0393432 -0.17892 0.0492333 0.0465136 0.0840305 0.0732425 -0.0236852 -0.15751 0.0429059
0.0425518 0.0651148 0.0655558 -0.0232215 0.0815826 -0.0835183 0.0451569 0.05418 0.0540544 -0.0231414 0.0732633 -0.0749369
-0.0559439 -0.028571 -0.0414186 0.0568467 -0.0878103 0.0591307 -0.0446723 -0.0232575 -0.0242475 0.0484703 -0.067217 0.0455641
-0.0240862 -0.0637415 -0.0532743 -0.041179 0.0628801 -0.0323689 -0.0369989 -0.0380434 -0.0313878 -0.0259056 0.0610142 -0.0195695
-0.0453173 -0.0331387 0.00370622 0.0881899 0.0248479 0.0491739 -0.0339942 -0.0280642 0.0132595 0.0787867 0.0170063 0.0430398
-0.00819729 -0.026401 -0.0135116 -0.0628371 0.0243338 -0.0515217 -0.0112003 -0.0197997 0.000287812 -0.0663048 0.0235481 -0.0317452
0.0436286 0.0699185 0.0441179 -0.0455109 -0.0854952 -0.0429296 0.0434931 0.079607 0.0367453 -0.0367225 -0.0684978 -0.0292642
-0.12372 -0.0948064 -0.120575 -0.0200305 -0.0259363 -0.0284952 -0.122279 -0.0580397 -0.0743952 -0.00674187 -0.0217898 -0.0295789
0.0916406 0.0917681 0.0883093 0.0488848 -0.0367735 -0.125181 0.093452 0.08645 0.0876483 0.0534806 -0.0289384 -0.0933084
-0.00578053 0.0233767 0.0676048 0.0679237 -0.0516423 0.0825786 0.00702188 0.0360509 0.0581583 0.0499172 -0.05329 0.0486731
-0.0289198 -0.000653431 -0.0391565 -0.00827781 0.0441709 0.0614731 -0.0234659 0.0136008 -0.0436814 -0.000628125 0.0312506 0.0600308
0.0585453 0.057806 0.0326871 0.0378035 0.0692886 0.0697676 0.0734492 0.0585169 0.0145897 0.0272569 0.0641511 0.0660569
0.0563834 0.047262 0.0666694 -0.137357 0.0509869 0.0430442 0.08756 0.0482983 0.0633353 -0.0998389 0.0323491 0.0345183
-0.0158732 -0.0237842 -0.0265369 0.0381146 0.0363043 -0.0330976 -0.00518109 -0.00818469 -0.0374473 0.0327542 0.0330872 -0.0330361
0.041779 -0.00934453 0.0135306 0.0515062 -0.0530635 0.0882803 0.0652433 -0.00294625 -0.00028875 0.027588 -0.0464187 0.077125
-0.0067499 0.0230182 0.0344632 0.0944818 0.210046 0.0206219 -0.00528594 0.0184113 0.0271528 0.0817639 0.192784 0.0362367
-0.0179535 -0.0464634 -0.0488997 0.0309807 -0.0377398 -0.090533 -0.0254608 -0.0351748 -0.0522408 0.019647 -0.0444997 -0.0563212
-0.0380225 -0.0017645 -0.064886 0.00168461 -0.0654471 0.0804992 -0.039342 0.0115494 -0.0493595 -0.00116422 -0.057402 0.067118
0.0156605 0.0272992 0.0274993 0.0329575 0.0502345 0.0391913 0.00516781 0.0370425 0.025507 0.0349041 0.0579131 0.0272933
0.0203378 0.0537334 0.0622555 0.0229228 0.00421031 -0.0656886 0.0352495 0.0510736 0.0619939 0.0211162 0.00532703 -0.0517281
-0.0367165 -0.0743627 -0.0174354 0.0217206 -0.0927465 0.0572332 -0.0440194 -0.0699259 0.011907 0.0205752 -0.0800967 0.0591606
0.00896001 0.0091962 0.00140111 -0.0522365 0.0450199 0.0116251 0.00922703 0.0156723 0.00151484 -0.0340683 0.0404886 0.00958016
-0.0525208 -0.0232724 -0.0420164 -0.0110869 0.0179701 -0.113428 -0.0811445 -0.00415578 -0.0220758 -0.017613 0.0360641 -0.0818061
0.0127943 0.0188138 -0.0664806 0.0466574 -0.0230982 0.043717 0.0335514 0.0219789 -0.0639259 0.0359587 -0.018605 0.0355848
0.0346387 0.0417912 0.0202115 0.0834544 0.0101199 0.106718 0.0449866 0.044828 0.0108023 0.0713644 0.0180647 0.0936598
0.0358221 -0.00568689 -0.0125877 0.00957745 0.0722516 0.0263175 0.0524264 -0.00531547 -0.0184736 0.00634516 0.058165 0.0298363
0.0179423 -0.00749135 -0.0377181 -0.0596981 0.0143715 -0.0560893 0.0239152 -0.00146609 -0.0316244 -0.0546342 0.0235761 -0.0421739
-0.075247 -0.121403 -0.113542 -0.0100832 -0.00253703 -0.0905914 -0.078992 -0.100695 -0.0713244 0.00163406 -0.0188486 -0.0640512
-0.0160247 0.0480531 -0.0280738 0.101063 -0.0753691 -0.090075 -0.0206091 0.071628 -0.0192492 0.0697044 -0.0648464 -0.059725
0.0185482 -0.0345364 0.00119836 -0.0933447 -0.0506132 -0.0207584 0.0135291 -0.0199303 -0.00781016 -0.0792864 -0.0330503 -0.0241431
-0.0569021 -0.0408006 -0.0363838 -0.00733549 -0.0196358 -0.0133804 -0.0615562 -0.0372094 -0.0218927 -0.0102605 -0.0259925 -0.0101455
0.0346773 -0.0366959 0.0473535 0.0498886 0.0313427 0.0696045 0.0398823 -0.0234797 0.0409698 0.0544242 0.0217691 0.0588378
-0.0237324 -0.00108883 0.0103977 0.0099172 0.00386738 0.0498902 -0.000799062 0.0111741 0.00941766 0.00299609 0.00423453 0.0500638
-0.0574926 -0.0665253 -0.0438353 0.0558003 0.105278 0.0351243 -0.0556553 -0.0582984 -0.0246489 0.0306964 0.0900614 0.0325647
0.0170254 -0.0139271 -0.0311956 0.0719045 0.109353 -0.0666297 0.00654828 -0.00519266 -0.0482155 0.0509666 0.0994505 -0.0383759
0.0693267 0.0325168 0.0375881 -0.0349513 -0.0120571 -0.0308333 0.0779637 0.0193355 0.0377227 -0.0352353 -0.00324531 -0.0222956
-0.00760053 -0.0119479 0.0157116 0.0025958 -0.107015 0.0204907 -0.0204458 -0.00389313 0.040905 0.0135481 -0.0920084 0.0189903
-0.00734879 -0.060693 0.0154077 -0.0104198 -0.112401 0.0227462 -0.00637391 -0.0659581 0.0216125 -0.00568281 -0.087395 0.0293159
0.0321375 -0.00733685 0.0485344 -0.0042576 0.0402569 -0.0894921 0.0507323 -0.00334406 0.0443103 0.00217234 0.0406494 -0.0657341
0.0589904 0.0248435 0.0490098 0.0504172 -0.11204 0.144529 0.0598398 0.0297505 0.0479572 0.0321289 -0.101182 0.116756
0.0232044 0.0527392 0.0590203 -0.0344301 -0.041515 0.038438 0.0280903 0.0647033 0.0609084 -0.0325847 -0.0396684 0.0343489
0.0281071 0.0536847 -0.0209355 0.0903995 0.0761898 0.0392451 0.0211514 0.0750209 -0.0171236 0.0819914 0.0522259 0.0434353
0.0333677 0.0335887 -0.0282953 0.0936806 -0.0789857 0.0671748 0.0494898 0.0340359 -0.0232695 0.0735417 -0.0540156 0.041317
-0.033408 -0.0165191 -0.0329477 0.0173286 0.0494246 -0.10349 -0.0248469 0.00538953 -0.0373666 0.016957 0.0366269 -0.0835983
0.0707809 0.0371518 0.0277804 0.0555011 -0.057053 0.0548371 0.0576253 0.0319388 0.0210791 0.0522506 -0.0407439 0.0430964
0.0981987 0.0026695 0.0265415 0.0707881 -0.0480353 0.0214652 0.101119 -0.00705547 0.0177123 0.06422 -0.0626819 0.0307619
0.0474097 0.43775 0.181073 -0.517535 -0.372659 0.280523 0.01469 0.456134 0.187314 -0.51207 -0.368931 0.298993
0.203895 0.0978568 0.439585 -0.290166 0.0210456 -0.484345 0.171615 0.0767063 0.435659 -0.289065 0.0759737 -0.397659
0.825924 0.709504 0.781146 -0.197402 -0.12468 -0.306997 0.801096 0.678564 0.738975 -0.2313 -0.145763 -0.285521
0.154307 0.0215025 0.203334 0.423252 -0.0607236 0.363461 0.172505 -0.00421875 0.221359 0.399911 -0.0275437 0.364079
0.833277 0.858129 0.761665 -0.366353 0.0463362 -0.320379 0.824697 0.838548 0.734856 -0.375224 0.0460688 -0.31674
1.2316 1.27814 1.32691 -0.312163 -0.218966 -0.760991 1.20986 1.29542 1.31786 -0.269411 -0.200274 -0.713911
0.487491 0.75557 0.745312 -0.0571982 0.177278 -0.74747 0.459796 0.786201 0.765899 -0.05811 0.207855 -0.729725
0.363277 0.216862 0.452823 -0.100241 0.161774 0.0443515 0.356566 0.17645 0.449429 -0.0869225 0.134677 0.0518788
0.0765076 0.297876 0.129364 -0.0267694 0.0435745 -0.365774 0.0593 0.311839 0.137387 0.0035775 0.03611 -0.3715
0.0615522 0.189118 0.212202 0.233993 0.268417 -0.345006 0.0410975 0.197949 0.211964 0.224734 0.238442 -0.300817
0.144965 0.0848097 0.462756 0.0298585 -0.105934 -0.244505 0.124585 0.0558013 0.474206 0.0377875 -0.136857 -0.274612
-0.202872 -0.351551 0.119708 -0.154629 0.206599 0.656279 -0.225167 -0.37509 0.143316 -0.160506 0.125255 0.585899
-0.00839643 0.325306 0.408769 -0.0135188 -0.237363 -0.19356 -0.0625 0.329 0.419505 -0.0286663 -0.221178 -0.20633
-0.28829 -0.0265098 -0.0557075 -0.0563194 -0.00741456 -0.0975868 -0.308011 -0.0089825 -0.04092 -0.0756225 0.01007 -0.0860512
0.604804 0.650859 0.642217 0.0579292 0.0447138 0.164425 0.585441 0.649944 0.629914 0.0275162 0.0239863 0.199135
0.149604 0.352753 0.366756 0.244822 0.257617 -0.014459 0.113115 0.352331 0.3729 0.251678 0.275549 -0.04426
0.499466 0.228863 -0.00188625 -0.00612398 0.0898916 -0.387237 0.52054 0.261569 -0.081185 0.00501125 0.0945537 -0.34304
-0.167264 -0.0169738 -0.233496 -0.242176 0.308067 -0.115365 -0.160715 0.00499625 -0.248618 -0.269721 0.27946 -0.0910062
-0.299372 0.000475017 0.156681 -0.270925 0.818594 -0.280778 -0.332426 0.0219925 0.176061 -0.234073 0.758144 -0.232619
0.165613 -0.216437 0.255692 0.0680731 0.0351393 0.148849 0.186609 -0.282996 0.275503 0.070265 0.0414125 0.143
-0.345964 -0.144446 -0.213966 -0.525697 0.395518 0.334 -0.364075 -0.116491 -0.189624 -0.485544 0.390436 0.31489
-0.200027 0.0508124 0.359776 -0.272572 0.227699 0.3664 -0.244813 0.0497313 0.380476 -0.271812 0.219271 0.372009
-0.326419 -0.411691 -0.361121 0.256108 0.631523 0.427288 -0.291393 -0.404779 -0.356921 0.299405 0.575666 0.420758
0.124719 0.279516 0.0395894 0.00215821 -0.225738 -0.139372 0.126986 0.288565 0.0143063 -0.00344125 -0.242138 -0.136726
-0.0770673 -0.257529 0.0118452 -0.18372 -0.156521 -0.159011 -0.0660912 -0.271691 0.0345563 -0.190907 -0.165426 -0.110026
0.716849 0.406426 0.618042 -0.458159 -0.224968 0.265169 0.718311 0.352974 0.62356 -0.421851 -0.212508 0.300413
0.0167689 0.238499 -0.147835 -0.177699 0.20964 0.269649 0.0361413 0.265495 -0.198905 -0.164455 0.188999 0.268061
0.0962803 0.166106 0.0937179 -0.116228 0.128873 0.523751 0.09045 0.168498 0.0870887 -0.0819625 0.0871125 0.487246
0.433758 0.589549 -0.00736354 -0.0471215 0.146496 -0.0686851 0.443455 0.607249 -0.10463 -0.100291 0.188801 -0.0744175
-0.220164 0.161462 -0.00628434 0.170981 0.305713 0.484253 -0.240205 0.177253 -0.00358375 0.135581 0.237496 0.465841
0.293723 0.458325 0.225952 0.528831 0.415727 -0.59214 0.304735 0.474541 0.205726 0.505811 0.409069 -0.557139
0.160259 0.167251 -0.128615 -0.0940496 0.0565216 -0.343058 0.169158 0.18593 -0.17271 -0.108791 0.0650025 -0.292405
0.268171 0.675302 0.631242 -0.110568 0.407664 0.483019 0.194896 0.687376 0.636644 -0.127276 0.413109 0.468605
0.601396 0.364743 0.150724 0.159105 -0.0456707 -0.242275 0.628185 0.367126 0.0886713 0.151885 -0.0112225 -0.26485
-0.489447 -0.412148 -0.0744649 -0.152835 0.0496226 0.41642 -0.508054 -0.406171 -0.0306625 -0.124539 0.0419562 0.401194
-0.19963 -0.0412451 0.284906 0.682829 -0.131097 0.184973 -0.22976 -0.039135 0.320278 0.639235 -0.164136 0.213604
-0.503999 -0.344895 -0.608587 -0.462391 0.189401 0.0976496 -0.522329 -0.317209 -0.632655 -0.380843 0.158296 0.120381
0.845251 0.765723 0.779731 0.24684 0.476928 0.61721 0.832704 0.765131 0.775694 0.299766 0.512293 0.61512
0.696638 0.497725 0.465516 0.781969 -0.0869642 -0.0652485 0.689499 0.472096 0.463728 0.742344 -0.098975 -0.0376975
0.0610385 0.419596 0.390284 -0.19796 -0.0150515 -0.0648178 0.00422 0.42637 0.401389 -0.172597 -0.0183637 -0.0696713
0.428046 0.0288619 0.405598 -0.46591 -0.638818 -0.114039 0.46461 -0.0482025 0.429586 -0.487444 -0.582722 -0.158595
-0.42065 -0.349096 -0.133704 -0.191886 0.24841 0.351745 -0.43498 -0.346505 -0.100054 -0.212378 0.267792 0.368288
-0.272625 -0.439037 -0.36793 -0.460373 -0.198022 0.187927 -0.239514 -0.446724 -0.348148 -0.456573 -0.217707 0.193789
-0.034902 0.567068 0.474359 0.405798 -0.0910283 0.171285 -0.133298 0.592365 0.500199 0.394432 -0.0284138 0.1455
0.379533 -0.0297703 -0.00580651 0.175902 -0.136704 -0.265141 0.39999 -0.0526025 -0.02545 0.190176 -0.103489 -0.271221
-0.137116 -0.10213 -0.409203 0.0143738 -0.109482 0.0136031 -0.113152 -0.0750737 -0.453185 0.0359638 -0.156023 0.0388012
0.898754 0.688816 0.610222 -0.330151 -0.269553 0.244632 0.895435 0.660021 0.582088 -0.276706 -0.250229 0.266328
0.3875 0.0613977 0.417687 0.183825 0.227737 0.369649 0.387996 0.0134687 0.417787 0.185331 0.210461 0.332195
0.424063 0.662429 0.621843 0.167262 0.264583 0.170282 0.381079 0.651074 0.605304 0.150633 0.259801 0.167865
0.0295525 0.377067 -0.0215784 0.478447 -0.0449216 0.187899 0.0388713 0.391494 -0.0597075 0.47251 0.0225262 0.186306
0.107381 0.106245 0.10798 -0.00167718 0.0341364 0.0109898 0.098832 0.0966086 0.0985222 -0.00172328 0.0293019 0.00964828
-0.0103787 -0.009237 -0.00831352 0.00975433 -0.0236579 0.00150505 -0.0103209 -0.0131423 -0.00939953 0.00803563 -0.0203434 0.00130125
0.000471024 0.00946 0.00537228 0.018218 -0.0446208 -0.00960774 -0.00038375 0.006125 0.0012475 0.0151272 -0.0392961 -0.00663594
-0.0133427 -0.00995203 -0.00554242 -0.0139375 0.0341465 0.018819 -0.0136641 -0.0124962 -0.00667797 -0.01267 0.0290031 0.0162727
-0.0118058 -0.0124195 -0.0118131 -0.0061357 0.0128097 0.0166956 -0.0111269 -0.0145691 -0.0146134 -0.00464219 0.0103847 0.0148094
-0.0159528 -0.0075776 -0.00843121 0.00940668 -0.0111906 -0.00620346 -0.0167014 -0.010647 -0.0108461 0.00740203 -0.0117334 -0.00593578
0.00256019 -0.000256381 0.000818987 0.00126593 0.0342761 0.0174998 -0.000340156 -0.00286203 -0.00261641 0.00173031 0.0285903 0.0159447
-0.0193195 -0.0181623 -0.0134461 -0.00438697 0.00696041 -0.0141614 -0.0194703 -0.0207863 -0.015393 -0.00315125 0.00678859 -0.0105753
0.0278751 0.0302131 0.028888 0.000771129 0.0183493 0.0172457 0.0270014 0.0250623 0.024177 -0.000764531 0.0134762 0.0157792
-0.0198263 -0.0173856 -0.0150972 0.00809248 -0.0363096 -0.0256195 -0.0187766 -0.0194497 -0.0171083 0.00587031 -0.0312733 -0.0222938
0.10647 0.11186 0.114831 0.00705581 0.0495824 -0.00533938 0.0972328 0.10211 0.10545 0.00731984 0.0399478 -0.00575125
-0.00956884 -0.0109621 -0.0169919 0.0194788 -0.0550816 0.00157575 -0.0143472 -0.013408 -0.0171305 0.0151755 -0.0469634 0.000637031
-0.0181521 -0.0171385 -0.016964 -0.0108388 -0.0430084 0.0211237 -0.0198436 -0.0246497 -0.0176388 -0.00756922 -0.0373031 0.0173731
-0.0029817 -0.0125745 -0.00262428 -0.00252432 0.045377 0.00924455 -0.00409391 -0.0147998 -0.00479875 -0.00479703 0.0394652 0.0106455
-0.019899 -0.0311658 -0.0381069 -0.00642024 0.0869066 -0.00574644 -0.0198256 -0.0313667 -0.0372358 -0.00768781 0.0729403 -0.00342453
0.00549847 -0.00448533 -0.0106542 -0.0299079 0.00123114 0.00237703 0.00371406 -0.00930594 -0.0122814 -0.0262605 -0.00347125 0.0004475
-0.0128662 -0.0150705 -0.0101436 -0.00785394 0.0548118 -0.00465561 -0.0133942 -0.0199811 -0.0125128 -0.00599484 0.0478264 -0.00298
0.0220421 0.0291865 0.0351901 0.00877197 -0.0374786 0.00306788 0.0228428 0.0225097 0.0337828 0.0119447 -0.0384966 0.00376672
-0.0146988 -0.0252739 -0.0216193 -0.0372021 0.0421355 0.0166301 -0.021248 -0.0253717 -0.0202392 -0.0331128 0.035187 0.0147214
-0.0241503 -0.0249765 -0.0224602 0.0364468 -0.0396258 0.00398177 -0.0248198 -0.0313037 -0.0222811 0.0337086 -0.0378072 0.00264437
-0.00226134 -0.0137495 -0.0185725 -0.0721768 0.0618864 -0.0257957 -0.00506188 -0.0181195 -0.0231759 -0.0636886 0.0530339 -0.0240873
0.113163 0.125391 0.114123 -0.0171876 0.0641612 0.00818851 0.103883 0.114918 0.102928 -0.0171942 0.0558581 0.00735609
-0.0344126 -0.0200276 -0.0247374 0.0633824 -0.0668149 0.0623295 -0.0396047 -0.0224875 -0.0315462 0.0538678 -0.0568666 0.0513559
-0.0118108 -0.00403194 0.00144883 0.0413501 -0.0666564 0.0308036 -0.013893 -0.00838938 -0.000829531 0.0319219 -0.0576553 0.0267798
0.0313316 0.0376099 0.0360301 0.0662825 -0.0701674 0.0618536 0.0285638 0.0321581 0.0300338 0.0541816 -0.0655603 0.0531709
-0.0220319 -0.0202292 -0.0102571 0.0445881 -0.0211038 0.00743277 -0.023122 -0.0241872 -0.0196887 0.0365802 -0.0167736 0.00833906
-0.0249625 -0.0228364 -0.03829 -0.0730225 0.0616454 -0.0300343 -0.0265625 -0.0243781 -0.0420309 -0.0640039 0.0495058 -0.0252156
-0.0302982 -0.0250645 -0.0285747 0.0481341 -0.0635989 0.0130549 -0.032115 -0.0256611 -0.0307759 0.0442633 -0.0564522 0.0121398
-0.0332444 -0.0350679 -0.0255432 -0.0202217 0.0597261 -0.0417013 -0.0338122 -0.0389422 -0.0307341 -0.0157667 0.0450275 -0.0364384
-0.00827304 0.00763179 -0.00858146 -0.0401411 0.0496083 -0.00840375 -0.00826109 0.00695453 -0.0135553 -0.0345398 0.0388189 -0.00710313
0.0298147 0.0156149 0.0196033 0.0485351 0.024949 0.0869229 0.0324805 0.00450063 0.0185775 0.0433487 0.0241669 0.0707508
-0.0421974 -0.0510324 -0.0365687 -0.000596974 0.0328733 -0.0703826 -0.0389339 -0.0627159 -0.0364813 -0.00273188 0.0287189 -0.060292
-0.031074 -0.0273129 -0.0227025 -0.0989803 -0.0026974 -0.0940203 -0.0301069 -0.038628 -0.0203203 -0.0819602 0.00541859 -0.0788231
-0.0122064 -0.0170251 -0.000838137 0.0706272 0.0317133 0.114521 -0.0174009 -0.025295 -0.00555813 0.0618078 0.0298781 0.0981098
-0.0348104 -0.0104596 -0.0116764 -0.109041 -3.64278e-05 -0.0945966 -0.0261689 -0.0205278 -0.0136792 -0.0873098 0.0134933 -0.0758581
-0.0473982 -0.0362726 -0.0304994 -0.110049 -0.0254105 0.0213129 -0.0445373 -0.0475092 -0.0307134 -0.0936642 -0.0141519 0.0186286
-0.0544542 -0.0453151 -0.0393104 0.0329494 0.063796 -0.068782 -0.0519487 -0.0509947 -0.0386589 0.027648 0.0586011 -0.055902
-0.0405983 -0.0298508 -0.0418199 -0.0440639 -0.0179522 0.0909883 -0.0367889 -0.0349595 -0.0475552 -0.0346069 -0.0127498 0.0773475
-0.0191721 -0.0208079 -0.0266698 0.132743 0.000368092 0.0247008 -0.0200303 -0.0267239 -0.026825 0.111358 0.00151672 0.0209781
0.115544 0.131104 0.126818 -0.125087 -0.10437 -0.0546461 0.103809 0.117817 0.114971 -0.107672 -0.0897522 -0.0459208
-0.0070653 -0.0249407 -0.0120456 0.0219929 -0.0590916 -0.0892573 -0.00953141 -0.0318444 -0.0076775 0.020268 -0.052068 -0.0827053
-0.0323008 -0.0379413 -0.0266984 0.0401579 -0.00961846 0.0498486 -0.0320055 -0.0473806 -0.023237 0.0259637 -0.00326234 0.0477389
-0.0229535 -0.012615 -0.006254 0.0406837 -0.00354112 -0.0252773 -0.0237931 -0.0229162 0.00135234 0.0374889 0.00149609 -0.00944453
0.0341643 0.0158517 0.018472 -0.0730003 -0.0636732 -0.0045929 0.0307077 0.0149158 0.0210392 -0.0678067 -0.0478212 0.00177266
-0.0480104 -0.0668123 -0.0679938 0.00494901 -0.0479974 -0.0550882 -0.0508948 -0.0766636 -0.0509864 0.0104523 -0.0351805 -0.0477214
-0.0368375 -0.0466467 -0.0481944 -0.0214145 -0.00384827 -0.0824222 -0.0434233 -0.0483534 -0.0410914 -0.0195988 -0.00189328 -0.0692452
-0.0405466 -0.0309167 -0.0322023 -0.0823885 0.0418172 -0.0355596 -0.0426327 -0.041548 -0.0276 -0.0673073 0.0428342 -0.0260109
-0.0271924 -0.0425659 -0.0456678 6.79782e-05 0.0259343 0.0969586 -0.0394166 -0.0408078 -0.0413112 0.000618437 0.0228453 0.0819811
-0.0252949 -0.0411295 -0.0247038 -0.0241265 -0.0340924 0.0968302 -0.0356441 -0.042365 -0.0197764 -0.0137247 -0.0258991 0.0805933
0.120403 0.128705 0.122583 0.0560851 0.108778 0.0513278 0.115774 0.115994 0.114974 0.0485297 0.0941847 0.0475356
-0.0486293 -0.0294513 -0.0319705 -0.0162402 0.0577242 0.0345258 -0.0506498 -0.0327414 -0.0421197 -0.0238153 0.0432912 0.027112
-0.0484681 -0.0372048 -0.0567013 0.000899984 -0.0382329 -0.00618657 -0.0395189 -0.0355939 -0.0576125 0.00874406 -0.03524 -0.00461
-0.0740638 -0.0670908 -0.0512594 0.0252191 -0.0395986 -0.0180802 -0.0570478 -0.0782816 -0.0516659 0.0128995 -0.0365202 -0.0131597
0.167532 0.12858 0.150594 -0.0282274 0.08781 -0.0666007 0.160881 0.114131 0.137509 -0.0220752 0.0770886 -0.062928
0.0240615 0.0296975 0.0304005 0.0787641 -0.118061 0.0192097 0.0212059 0.0278177 0.0314406 0.0656048 -0.0985019 0.00805281
-0.0532103 -0.050782 -0.0511273 -0.052881 0.0146164 0.0113753 -0.0525758 -0.0400708 -0.0551309 -0.0504458 0.00718094 0.00794172
-0.0503766 -0.0461069 -0.0453988 -0.0120258 0.00912107 -0.0196097 -0.0531166 -0.0449142 -0.0557714 -0.0181442 0.00854297 -0.00998828
-0.0501931 -0.0346681 -0.0266868 -0.0399385 0.0494065 -0.072055 -0.0458459 -0.0422313 -0.0303133 -0.0356875 0.0464766 -0.0672722
-0.0421412 -0.0562153 -0.0516467 -0.0897313 0.080067 -0.0119784 -0.0285309 -0.0575547 -0.0535878 -0.0751112 0.0647733 -0.00863141
-0.0622808 -0.0160059 -0.0367885 -0.015632 0.0273776 -0.00347272 -0.0631322 -0.0142625 -0.0437213 -0.0137234 0.024518 -0.00410109
-0.0593065 -0.0252211 -0.0441243 0.00701442 0.0272936 -0.0635201 -0.0580989 -0.0234012 -0.0456812 0.00618219 0.0183808 -0.0555728
-0.0626178 -0.0743043 -0.0506866 0.0397989 0.0775459 -0.0931915 -0.0716273 -0.0835239 -0.049965 0.029555 0.0663834 -0.0807136
-0.0455935 -0.116081 -0.0703527 0.0056415 -0.0349247 0.030482 -0.0461856 -0.112956 -0.0693211 0.00678625 -0.0291302 0.022268
-0.0538263 -0.0732131 -0.0447048 0.0077194 0.0450149 -0.0178495 -0.0528267 -0.0704722 -0.0441173 0.00488422 0.0525997 -0.0176584
-0.0414485 -0.0738062 -0.0162239 -0.00465313 -0.146413 0.0569825 -0.0480692 -0.0752005 -0.0180369 -0.00431234 -0.12049 0.0544567
0.0252558 0.00980343 0.0353737 0.0860588 -0.0446617 -0.0268523 0.0262141 0.00620266 0.0231473 0.0755072 -0.0381953 -0.0247872
0.115513 0.143592 0.136487 -0.147639 0.00581544 -0.0223207 0.105521 0.132748 0.132267 -0.116806 0.00243938 -0.0209413
-0.0531196 -0.0575688 -0.060968 -0.11926 -0.0116478 0.0299474 -0.0594308 -0.0630609 -0.0554591 -0.0920519 -0.0142061 0.0306206
-0.0367249 -0.0531241 -0.0137868 0.0701544 0.0507879 -0.0462557 -0.0350683 -0.0636108 -0.0176827 0.0599466 0.0435286 -0.0264189
-0.0668183 -0.108803 -0.0884797 0.0183588 0.119745 -0.00352771 -0.0598575 -0.117414 -0.0943705 0.0155545 0.10685 -0.00254781
-0.0692367 -0.0730559 -0.0913162 -0.113337 -0.0892039 0.00435956 -0.0772464 -0.0781242 -0.083538 -0.0975119 -0.0708336 0.00992984
0.00757691 -0.0381818 -0.0497236 0.0358953 -0.00969144 0.0912843 -0.00233281 -0.0382577 -0.0559339 0.0196864 -0.0134163 0.0843631
-0.0588801 -0.0485714 -0.0384355 0.00961012 0.102619 -0.0379582 -0.0701125 -0.0603578 -0.0414723 0.0100042 0.0846684 -0.0309292
-0.0798349 -0.0599232 -0.015586 -0.0349831 0.138893 -0.128188 -0.0888648 -0.0625673 -0.0135752 -0.031267 0.116421 -0.0990089
0.0163301 0.0297029 0.0541859 -0.0678873 -0.0307222 -0.101738 0.00204734 0.0174719 0.0520233 -0.0582241 -0.0277469 -0.0882836
-0.067179 -0.0880705 -0.0473422 0.0691025 0.0126176 0.0504569 -0.0670998 -0.0837978 -0.0479064 0.0654286 0.0123381 0.0463595
-0.044851 -0.045016 -0.057297 -0.0215813 -0.00657854 0.0625966 -0.050482 -0.0415648 -0.0649552 -0.0170313 -0.00453328 0.0555016
-0.0646338 -0.0883704 -0.0840934 -0.0796356 -0.0276942 -0.0269681 -0.0589634 -0.0892675 -0.0911894 -0.0716533 -0.0141014 -0.0204381
-0.0332223 -0.0431643 -0.0447746 0.122366 -0.028764 -0.0631448 -0.041443 -0.0348878 -0.0435886 0.107001 -0.0292211 -0.0581413
0.099998 0.0968966 0.104651 0.0431599 0.0690461 0.0276253 0.0951923 0.0955334 0.0842884 0.0371253 0.0681336 0.0212855
-0.06873 -0.0875888 -0.0607732 0.0378488 -0.0480595 -0.044273 -0.0724848 -0.101679 -0.0725464 0.0298931 -0.0464064 -0.0393748
0.040056 0.121178 0.0521403 0.124022 -0.0165733 -0.0478692 0.0356744 0.137163 0.0564184 0.111295 -0.0107608 -0.0409973
-0.0419282 -0.0598721 -0.0512385 0.0315297 -0.169147 -0.0428531 -0.0446008 -0.0612073 -0.0643361 0.0356427 -0.147142 -0.0388533
-0.0662737 -0.0579637 -0.0853578 -0.0358488 -0.0800791 -0.0687126 -0.0648958 -0.0648898 -0.0826569 -0.0280888 -0.0537222 -0.0679033
-0.0666542 -0.0670277 -0.0697839 -0.0341276 0.0887924 0.0140573 -0.0626327 -0.0920519 -0.0708883 -0.0231675 0.0726573 0.00443953
-0.0378323 -0.0472795 -0.0584773 -0.0645358 -0.0335182 -0.0858219 -0.0400402 -0.0756009 -0.0646012 -0.0561162 -0.0359855 -0.0741241
-0.111949 -0.0740045 -0.0732759 -0.0362121 0.0141409 0.0842268 -0.113355 -0.0629977 -0.0831895 -0.0335347 -0.00293266 0.0606337
-0.0570471 -0.0682766 -0.053975 -0.0627964 0.0698661 0.0637122 -0.0648661 -0.0619252 -0.0746641 -0.0543392 0.0577827 0.0691308
0.0760628 0.017931 0.0473362 0.0376401 -0.00279049 0.0822085 0.0709559 0.025102 0.0435362 0.0283719 -0.00394937 0.0634
-0.0844291 -0.0524851 -0.0809425 0.000484291 0.0116007 0.0205282 -0.0895997 -0.0694873 -0.0794333 0.0123731 0.000512031 0.0179545
-0.0178845 0.00290529 -0.0194381 -0.127594 0.0317809 -0.0331763 -0.0274363 -0.0147691 -0.024887 -0.10906 0.0276859 -0.0301858
-0.0446428 -0.0745505 -0.0130688 -0.129503 0.00358744 -0.0818067 -0.0491314 -0.0944042 -0.00587141 -0.101008 -0.00669859 -0.0536273
-0.10191 -0.0369062 -0.107533 -0.0562221 -0.0397273 0.00994049 -0.0958753 -0.0339936 -0.114747 -0.0441844 -0.0412884 0.00525859
-0.0921628 -0.112559 -0.1757 -0.0113107 0.099493 0.0787663 -0.0702972 -0.115198 -0.169847 -0.00515406 0.0819041 0.0714255
-0.144477 -0.128293 -0.129838 0.0967448 0.0714841 0.0479073 -0.133471 -0.11705 -0.117351 0.0932073 0.0501142 0.0572353
0.055673 0.0979383 0.0445549 -0.0716217 -0.12809 -0.0477364 0.0625602 0.0865972 0.0545455 -0.0642731 -0.110247 -0.0503231
-0.053724 -0.102976 -0.0540479 -0.040987 -0.0529222 -0.0592495 -0.0612886 -0.0995389 -0.0577934 -0.0285431 -0.0212986 -0.0479805
-0.130232 -0.123338 -0.107489 -0.0333749 0.00909705 0.0384667 -0.115907 -0.126087 -0.111427 -0.0460686 -0.00376734 0.0279731
-0.0755493 -0.0859143 -0.115729 -0.0417903 -0.031803 0.0508379 -0.0814742 -0.0973792 -0.121344 -0.0348814 -0.0327498 0.0520622
-0.105959 -0.104316 -0.0754627 -0.0466043 0.093323 -0.0183564 -0.118945 -0.104162 -0.0803966 -0.032193 0.0665428 -0.0171722
-0.0131993 -0.0129748 -0.0148832 -0.00512076 -0.00536518 -0.00575347 -0.0181139 -0.0179466 -0.0200198 -0.00399266 -0.00473438 -0.00397719
-0.0144479 -0.0159249 -0.0117529 -0.013494 0.0219082 0.00398291 -0.0160237 -0.0185567 -0.0146922 -0.0119208 0.0185497 0.00408094
-0.0154609 -0.00938929 -0.0141482 -0.00309347 -0.00236395 -0.000858825 -0.022528 -0.0148277 -0.0204038 -0.000909375 -0.00334563 -0.00137859
-0.0124855 -0.0136792 -0.0120175 -0.00465901 0.0040448 0.00145881 -0.0179558 -0.0196903 -0.0174917 -0.00281016 0.00218563 0.000229844
-0.0150629 -0.0112082 -0.0107118 0.0108547 -0.00193166 -0.00151988 -0.0219433 -0.0171758 -0.0166952 0.00948516 -0.00115203 -0.000647344
-0.0130802 -0.0135538 -0.011462 -0.000520509 -0.000179327 0.000297954 -0.0207809 -0.0211587 -0.0188252 -0.000325469 0.000502188 0.00030375
-0.00999763 -0.0166868 -0.0124446 0.000399136 -0.0028334 0.000500821 -0.0157617 -0.0243312 -0.0186284 -0.000313125 -0.00265891 -0.00231391
-0.0134029 -0.00974489 -0.0166438 -0.00315189 0.00841023 0.000512111 -0.0190395 -0.0149291 -0.0235028 -0.00473781 0.00750484 0.000764375
-0.0120922 -0.0125775 -0.0125195 -0.00457625 0.00248603 -0.00560301 -0.0180366 -0.0188767 -0.0192289 -0.00290844 0.00104969 -0.00635641
-0.012226 -0.00980697 -0.0153334 -0.000902806 -0.000439452 0.000182384 -0.0191131 -0.0153475 -0.0224916 -0.000856563 5.29687e-05 -0.000120781
-0.0227224 -0.0376727 -0.0238712 0.00847085 0.0154461 0.00789105 -0.0294278 -0.046445 -0.029338 0.00196453 0.0205152 0.00594672
-0.0130715 -0.0108092 -0.0231381 -0.0355373 -0.0179253 0.0222684 -0.0174552 -0.016252 -0.0241458 -0.0306586 -0.0137805 0.019643
-0.0274377 -0.0351387 -0.0162228 -0.0119065 0.00390346 0.00463158 -0.0316484 -0.0437636 -0.0273203 -0.00888047 0.00491219 0.00408266
-0.0311098 -0.0317989 -0.0360837 -0.00667913 -0.012197 0.00294231 -0.0356878 -0.038793 -0.0444652 -0.00795938 -0.0152173 0.00442594
-0.023242 -0.0343717 -0.0239327 -0.00554208 0.0165228 -0.0221082 -0.0292189 -0.0424044 -0.0299823 -0.00627562 0.00907719 -0.0186028
-0.0181696 -0.018595 -0.0341592 0.0055523 -0.00911742 -0.00718246 -0.0245764 -0.0224942 -0.0434995 0.00507984 -0.0146045 -0.00752078
-0.025265 -0.027444 -0.0235237 0.00956145 -0.0086625 0.00980969 -0.0305427 -0.0384758 -0.0288987 0.0103045 -0.0108989 0.00673594
-0.024175 -0.0283307 -0.0184209 -0.0158538 0.0125065 -0.0167412 -0.0307775 -0.0352466 -0.02537 -0.00903078 0.00746094 -0.0139284
-0.0214297 -0.0263907 -0.033906 -0.0120388 -0.00331022 -0.0115754 -0.0279672 -0.0340889 -0.0381052 -0.00872047 0.00206891 -0.0165758
-0.0277037 -0.0176188 -0.030913 -0.00413977 0.00502896 0.00858086 -0.0303881 -0.0278953 -0.03776 -0.00138906 0.00383547 0.00314391
-0.0199563 -0.0289144 -0.0272942 -0.0173161 0.00643957 0.00671726 -0.0346427 -0.041667 -0.0421178 -0.0164938 0.00332281 0.00470656
-0.0187967 -0.0209998 -0.0307048 0.00449505 -0.00102266 0.0288345 -0.0325673 -0.0327772 -0.0436327 -0.00197016 -0.00142828 0.0259066
-0.0181921 -0.0236548 -0.0207223 0.0086735 -0.00517737 -0.0171679 -0.0288823 -0.0373375 -0.0315894 0.00804141 -0.0027375 -0.0182052
-0.0239009 -0.0127731 -0.0147306 0.0338561 -0.0625108 -0.0375271 -0.0235041 -0.0170489 -0.017458 0.0247525 -0.0568917 -0.031835
-0.0247784 -0.0161003 -0.0187419 0.0232672 0.00938007 0.00258379 -0.0387058 -0.0293025 -0.0312286 0.0192639 0.00405141 0.00199062
-0.0280691 -0.0152604 -0.0239308 0.00589629 -0.000947537 0.0100221 -0.0444158 -0.0242128 -0.0362558 0.00549781 0.00283219 0.00972734
-0.0246249 -0.0309905 -0.0173961 0.0248308 -0.00726684 0.0188846 -0.0371009 -0.0439916 -0.0295495 0.0194453 -0.00328094 0.0197219
-0.0222595 -0.0225078 -0.0221993 -0.0402875 -0.0105973 0.00960678 -0.0305263 -0.0330252 -0.0321455 -0.0290281 -0.00480797 0.0108695
-0.0235317 -0.0237966 -0.0166364 -0.00559729 -0.0566729 -0.0120163 -0.0391447 -0.0377955 -0.0285689 -0.00405297 -0.0449859 -0.00994766
-0.0277156 -0.0211384 -0.0189927 -0.0318314 -0.000310029 -0.00186438 -0.0440308 -0.036533 -0.033158 -0.0246069 -0.000678437 -0.00347234
-0.0488467 -0.0519766 -0.0392646 -0.0492225 0.0504985 -0.0115555 -0.057443 -0.0594586 -0.0480391 -0.0371361 0.0401425 -0.0107673
-0.0480196 -0.0532394 -0.057488 0.0125589 0.0647356 0.00214145 -0.0512959 -0.0594588 -0.0558991 0.00818187 0.0585916 0.00465641
-0.0326501 -0.0315559 -0.0455081 -0.0247948 -0.0481839 0.0758429 -0.0371987 -0.0353805 -0.0491187 -0.0204806 -0.0374428 0.0665133
-0.0428062 -0.0435819 -0.0425395 0.000617446 -0.000522997 -0.0054365 -0.0425305 -0.0432709 -0.042193 0.00104063 -0.000212969 -0.00454234
-0.038113 -0.0405772 -0.018388 0.0615816 -0.0873162 0.0130775 -0.0387033 -0.0454794 -0.0242061 0.0500794 -0.0730541 0.00879078
-0.043745 -0.0405728 -0.0435723 -0.00446208 0.000476869 -0.0115899 -0.0439486 -0.0410231 -0.0447578 -0.00282172 0.000421719 -0.00988578
-0.0424283 -0.0422794 -0.0431104 -0.00198239 -0.00980332 -0.00504318 -0.0420628 -0.041915 -0.0430163 -0.00172828 -0.00814844 -0.00462406
-0.0436527 -0.0416357 -0.0457749 0.00141499 0.000838534 0.035789 -0.0447492 -0.0432255 -0.0485033 0.000612813 0.000844531 0.0330588
-0.042742 -0.0428196 -0.0429742 -0.00183767 -0.00101703 0.00456355 -0.0424945 -0.042493 -0.0426147 -0.00155484 -0.00108109 0.0039325
-0.0426167 -0.0429568 -0.042978 4.34015e-05 0.00818165 -0.00763718 -0.042537 -0.0427025 -0.042573 0.000301719 0.00758437 -0.00680031
-0.0518561 -0.0512724 -0.0513479 0.00827297 0.00294057 0.00268549 -0.0507806 -0.0501256 -0.0502856 0.0072975 0.00250906 0.00245172
-0.0552391 -0.0234217 -0.0704605 0.0945943 -0.00905041 -0.111374 -0.0535547 -0.0252748 -0.0805675 0.0839102 -0.00863391 -0.0900403
-0.0510461 -0.0512496 -0.0511058 0.00378211 0.00421854 0.00477993 -0.0500958 -0.0502353 -0.0503953 0.00322141 0.00367594 0.00410281
-0.0208708 -0.0280861 -0.0337509 0.00113703 -0.0677428 0.0166447 -0.0247145 -0.0270662 -0.0348237 -0.00502344 -0.0599292 0.0122305
-0.0496596 -0.0507236 -0.0498333 -0.0116562 -0.00613546 0.00290892 -0.0497892 -0.0511361 -0.0494452 -0.00938047 -0.00476078 0.00240672
-0.0509518 -0.0518697 -0.0511126 0.00782706 0.00863599 -0.0068563 -0.0498473 -0.050988 -0.0499661 0.00666266 0.00759609 -0.00589516
-0.0512175 -0.0508569 -0.0491106 0.00827293 0.00765142 -0.00156439 -0.0506377 -0.0501383 -0.0481767 0.00731297 0.00681688 -0.00155422
-0.0518595 -0.0515078 -0.051742 0.00684504 0.0001781 0.00190467 -0.0507188 -0.050377 -0.0506759 0.00576703 0.000207656 0.00161734
-0.0513122 -0.0505059 -0.0518527 0.00720036 -0.00534457 0.00899312 -0.0503883 -0.0494145 -0.0508025 0.00614328 -0.00459531 0.00751437
-0.0515242 -0.0238508 -0.0327261 -0.00248187 -0.0289932 0.0332639 -0.0609831 -0.0316547 -0.0379766 -0.000276875 -0.0273822 0.0255327
-0.029723 -0.0516964 -0.0750666 -0.00848955 0.0591252 0.0405554 -0.037518 -0.0507245 -0.0742703 -0.00935703 0.0566081 0.0361969
-0.0606264 -0.060711 -0.0599186 0.0152946 0.00494081 -0.0029708 -0.0590803 -0.0591309 -0.0585641 0.0135364 0.00409281 -0.00239719
-0.0558679 -0.0660418 -0.0292765 -0.00991665 -0.001368 0.128655 -0.0537314 -0.0659005 -0.0384469 -0.00933547 -0.00417406 0.103767
-0.0563027 -0.0471876 -0.0557805 0.0150459 0.0065278 -0.000395665 -0.058282 -0.0505044 -0.061007 0.0104739 0.00278 -0.00223438
-0.0600373 -0.0598419 -0.0601269 0.00737958 -0.00969372 0.000329288 -0.0585216 -0.0584073 -0.0584609 0.00637422 -0.00846344 0.000195937
-0.0599756 -0.0602014 -0.0593823 0.00384593 0.00918658 -0.0154077 -0.0587095 -0.0588889 -0.0582744 0.00344672 0.00794563 -0.01329
-0.059995 -0.0597784 -0.0605456 -0.000113848 0.00651817 0.0118159 -0.0586616 -0.058362 -0.0591725 0.000137187 0.00559297 0.00993078
-0.0598534 -0.0604869 -0.06064 0.00261285 -0.00369078 0.00161938 -0.0583095 -0.0589327 -0.0590891 0.00207875 -0.00323734 0.00143578
-0.0603118 -0.0600748 -0.0602045 -0.00142415 0.0103362 -0.000756612 -0.0587063 -0.0585716 -0.0585953 -0.00101328 0.00891125 -0.000460938
-0.0574888 -0.0598047 -0.0589508 0.00435014 0.00110859 -0.0159338 -0.0567437 -0.0585342 -0.0578947 0.00355 0.00125234 -0.0133127
-0.0677678 -0.067578 -0.0688579 -0.0160792 -0.00792111 -0.00690144 -0.066142 -0.0659136 -0.0667036 -0.0138844 -0.00704156 -0.00619328
-0.0679874 -0.0680716 -0.0677734 0.0139629 0.00820582 -0.00106339 -0.0658419 -0.0661519 -0.0657953 0.0119614 0.00706969 -0.000991562
-0.068522 -0.0687772 -0.0688581 0.000975311 5.26029e-05 0.00612878 -0.0662964 -0.0665775 -0.0667098 0.00091125 -5.60938e-05 0.00516375
-0.0686822 -0.0649062 -0.0703901 0.0115668 -0.039282 -0.0447662 -0.0686317 -0.0652941 -0.0683748 0.0106659 -0.032552 -0.0371763
-0.0676814 -0.0688984 -0.0685882 0.0105002 -0.00364175 -0.00272242 -0.0656461 -0.0666506 -0.0666994 0.00889406 -0.00302391 -0.00239734
-0.0681138 -0.0688453 -0.0682146 -0.0105788 -0.00234464 0.00349322 -0.0661737 -0.0668648 -0.0660697 -0.0092125 -0.00220187 0.00312391
-0.0182389 -0.0328817 -0.0177084 -0.035623 0.0161324 0.0286974 -0.0172352 -0.0380961 -0.0163502 -0.0240364 0.0118772 0.0344463
-0.0686758 -0.0686079 -0.0687892 0.00937317 0.00541459 -0.00364629 -0.0665478 -0.0666125 -0.0666752 0.00801719 0.00485781 -0.00328969
-0.0604971 -0.0411109 -0.0596916 0.0317303 -0.0412225 -0.0625386 -0.06076 -0.0454128 -0.0673877 0.0223691 -0.0235722 -0.0530859
-0.0689505 -0.0675012 -0.0674756 -0.0125979 0.00175626 -0.0106965 -0.0682569 -0.0650023 -0.0658919 -0.0113236 0.00115328 -0.00864062
-0.0721884 -0.072853 -0.0710239 0.029689 0.0329794 0.0188619 -0.0714575 -0.0728173 -0.0684572 0.0250472 0.0277516 0.0166858
-0.0871701 -0.0685676 -0.0777041 -0.0640835 0.0123044 -0.0304627 -0.0885852 -0.0734269 -0.0837569 -0.0530598 0.00513016 -0.021502
-0.0776474 -0.0774151 -0.0774711 -0.0014568 -0.00104386 -0.00191138 -0.0749575 -0.074583 -0.0748311 -0.00148578 -0.000901094 -0.00152969
-0.0772411 -0.0771033 -0.0771564 -0.00585797 -0.00686339 0.00334396 -0.0743781 -0.0742734 -0.0744206 -0.00493109 -0.00582531 0.00285031
-0.0772163 -0.0770461 -0.0772573 0.0103009 -0.00953412 -0.00524334 -0.0746983 -0.0742286 -0.0742909 0.00872719 -0.00823344 -0.00447797
-0.0771499 -0.0771574 -0.0770308 0.011748 -0.0128106 0.00746321 -0.0747117 -0.0745655 -0.0745063 0.00955516 -0.0110237 0.00624391
-0.0765967 -0.0770209 -0.0775438 -0.00127278 -0.00747279 0.0063371 -0.0741933 -0.0744288 -0.074832 -0.00131391 -0.00653359 0.00531406
-0.077156 -0.0770099 -0.07661 -0.00485187 0.00212864 -0.00920834 -0.0744745 -0.0741873 -0.073902 -0.00416062 0.00180406 -0.00795219
-0.0802813 -0.092909 -0.0737364 0.0284516 -0.0321597 -0.00487111 -0.0741839 -0.0782595 -0.0832639 0.0215877 -0.0232109 0.00192109
-0.0740735 -0.0765082 -0.0757834 0.0151349 0.00887829 -0.000334886 -0.0726592 -0.073973 -0.073495 0.0135566 0.00818203 -0.000217344
-0.0842329 -0.0867763 -0.084325 0.0342258 0.0156949 0.0246809 -0.0824447 -0.0851505 -0.0812769 0.0300248 0.0126963 0.0213044
-0.0854802 -0.0856407 -0.0852971 -0.00111703 -0.00623272 0.00307761 -0.0822384 -0.0825767 -0.0819269 -0.000886406 -0.00535031 0.002605
-0.0859506 -0.0854324 -0.0856587 -0.0104954 0.0057531 -0.00439891 -0.082633 -0.0820505 -0.0824367 -0.0089725 0.00482437 -0.0037425
-0.0858642 -0.0855406 -0.0857456 -0.000307485 -0.00186091 -0.00979722 -0.0826728 -0.0825098 -0.0824294 -0.000499531 -0.00162094 -0.00838828
-0.0851945 -0.0844741 -0.0847065 -0.02199 -0.000617602 -0.00981587 -0.0827523 -0.0819308 -0.0816356 -0.0184727 -0.000910469 -0.00867641
-0.0853954 -0.085287 -0.0858448 -0.00953613 -0.00195036 -0.000626488 -0.0820859 -0.0819491 -0.0826739 -0.00805406 -0.00180781 -0.000545781
-0.0859473 -0.0856264 -0.0857106 -0.0178291 0.000358026 0.0141511 -0.0830103 -0.0827053 -0.0823942 -0.0152297 0.00020625 0.0124664
-0.0894911 -0.061091 -0.0517021 0.0936671 0.10496 0.0590882 -0.0924794 -0.0598548 -0.0486483 0.0826106 0.0853806 0.060667
-0.0983264 -0.128724 -0.096445 0.0322784 -0.0937364 -0.0969733 -0.0906998 -0.129773 -0.094992 0.0354045 -0.0756859 -0.0852252
-0.0852931 -0.0851389 -0.0849072 0.00619764 0.000364384 -0.0056524 -0.082475 -0.0815841 -0.081627 0.00499719 0.00055625 -0.00491719
-0.0939183 -0.0948489 -0.0936207 -0.0029203 0.0213692 0.0157542 -0.0899922 -0.0915662 -0.0900516 -0.00253016 0.0178623 0.0136098
-0.0932632 -0.0939079 -0.094029 0.00223182 -0.00169333 0.00697557 -0.0894833 -0.0903072 -0.090263 0.00197797 -0.00161188 0.00592422
-0.0905845 -0.0900943 -0.0894028 0.0205646 -0.0065194 0.0422348 -0.0884144 -0.0873202 -0.0886361 0.0162863 -0.00543297 0.0356336
-0.0660955 -0.0747452 -0.0588124 0.220465 0.0809926 0.00955808 -0.0750555 -0.0702947 -0.0564064 0.190374 0.0717658 0.00188672
-0.089398 -0.0948956 -0.051868 -0.0624443 0.146736 -0.0646678 -0.0910363 -0.0789975 -0.0430606 -0.0527436 0.121681 -0.0699648
-0.0939456 -0.0937848 -0.093752 0.00400731 0.00169082 0.0184631 -0.090328 -0.0898097 -0.0901298 0.0032175 0.00135656 0.0156045
-0.0922757 -0.0925732 -0.0919531 -0.0149629 0.0177561 -0.0122199 -0.0890314 -0.0897612 -0.0884758 -0.013443 0.015223 -0.01086
-0.0943779 -0.0941882 -0.0941108 0.0103272 0.00246257 0.00946493 -0.0904445 -0.0902917 -0.0901688 0.00883344 0.00208016 0.00821484
-0.0936283 -0.0938623 -0.0942061 -0.00756845 -0.00641098 0.00355442 -0.0898 -0.0899528 -0.0903394 -0.00656891 -0.00555016 0.00293359
-0.094345 -0.0943753 -0.0940304 -0.0026319 -0.0094246 -0.00603809 -0.0904236 -0.0904598 -0.0901006 -0.0022875 -0.00830703 -0.00529359
