    1.5587631553e+03    1.6118876118e+03   -3.4976964195e+04    3.0542035555e+00    3.0412810525e+00    3.0907181270e+00   -6.2889423355e-03    7.2146221212e-03    4.5450908339e-03    5.4429296335e+01    5.4429296335e+01    5.4429296335e+01
    1.9195339079e+03    1.9849538502e+03   -3.4589446442e+04    2.7533505135e+00    2.8131007252e+00    2.8145955914e+00   -9.6368030779e-04    1.7172448251e-02   -1.2699058407e-02    5.4540868901e+01    5.4540868901e+01    5.4540868901e+01
    2.0196184759e+03    2.0884494164e+03   -3.4182102583e+04    2.3516792681e+00    2.4048137757e+00    2.3018502639e+00    3.8278591148e-02    1.1019905639e-01   -1.7188245968e-01    5.4620514328e+01    5.4620514328e+01    5.4620514328e+01
    2.0899200006e+03    2.1611468985e+03   -3.3832410738e+04    1.8239135265e+00    1.8846294207e+00    1.8073278515e+00   -8.8969730237e-02   -8.4506837230e-02    1.3669196543e-01    5.4703691987e+01    5.4703691987e+01    5.4703691987e+01
    2.0804723715e+03    2.1513772833e+03   -3.3404711720e+04    1.4885466739e+00    1.3651192599e+00    1.3549489436e+00   -1.4584357712e-01    2.5899575199e-02   -6.9418919980e-02    5.4756990467e+01    5.4756990467e+01    5.4756990467e+01
    2.0509890738e+03    2.1208891606e+03   -3.2884456411e+04    6.1022403815e-01    5.8104611415e-01    4.6096553334e-01   -2.5544579712e-02    1.1861706411e-02   -1.0587139187e-01    5.4822840804e+01    5.4822840804e+01    5.4822840804e+01
    1.9453475209e+03    2.0116472210e+03   -3.2265080775e+04   -8.7137014607e-02   -6.0061866430e-02   -9.9398519576e-03   -1.7301175696e-01    5.2419983045e-02    2.9500272979e-02    5.4842108527e+01    5.4842108527e+01    5.4842108527e+01
    1.9989717613e+03    2.0670990377e+03   -3.1701054037e+04   -6.0030053372e-01   -5.7502830737e-01   -5.3116932571e-01   -2.1291746478e-02    2.8172439941e-02   -2.0170929755e-02    5.4834400697e+01    5.4834400697e+01    5.4834400697e+01
    2.0702521910e+03    2.1408087871e+03   -3.1306651506e+04   -4.8138145368e-01   -4.1445200652e-01   -4.4880794405e-01    9.5799169374e-03   -3.0880971662e-02   -1.9447678876e-02    5.4805258678e+01    5.4805258678e+01    5.4805258678e+01
    2.2213602438e+03    2.2970667777e+03   -3.1068484917e+04   -2.2220824329e-01   -2.7655675830e-01   -2.3258899891e-01   -4.2963318327e-02    5.8311401632e-02    4.3659941612e-02    5.4803750943e+01    5.4803750943e+01    5.4803750943e+01
    2.3366076772e+03    2.4162419773e+03   -3.0965619263e+04   -1.8573524068e-01   -2.1956920099e-01   -1.7409226462e-01   -5.3950727443e-02    2.1268439629e-02    1.7453912592e-02    5.4797023719e+01    5.4797023719e+01    5.4797023719e+01
    2.3848383611e+03    2.4661164188e+03   -3.0894356120e+04    9.9547438953e-03   -1.3635281724e-01   -3.3373901351e-02   -1.3815462112e-02    1.6059464716e-01   -1.0639822584e-02    5.4796286867e+01    5.4796286867e+01    5.4796286867e+01
    2.4479811862e+03    2.5314112247e+03   -3.0889185772e+04   -2.7672228164e-01   -2.4873325619e-01   -1.7382511753e-01    2.5237703905e-02   -3.8188489542e-02   -8.1537107308e-02    5.4804870349e+01    5.4804870349e+01    5.4804870349e+01
    2.4943706956e+03    2.5793817424e+03   -3.0866195998e+04   -2.9146164126e-01   -2.2616316053e-01   -1.5201548565e-01    5.2470296167e-02   -3.1401397358e-02   -7.3482488365e-03    5.4826234659e+01    5.4826234659e+01    5.4826234659e+01
    2.4735503661e+03    2.5578518319e+03   -3.0827756884e+04   -3.0926643217e-02    4.1734621012e-03    1.2650541072e-01    3.4863254398e-02   -8.4491034862e-02   -1.4538470414e-02    5.4823802009e+01    5.4823802009e+01    5.4823802009e+01
    2.5108304914e+03    2.5964025071e+03   -3.0854543610e+04   -7.5148864766e-02   -1.8813125334e-01   -1.6044982817e-01   -5.1640085384e-02    1.2246627010e-01    5.1529032672e-02    5.4833275118e+01    5.4833275118e+01    5.4833275118e+01
    2.4955405927e+03    2.5805915109e+03   -3.0861321134e+04    1.2869976493e-02    7.6603246284e-02    9.2339718245e-02    9.8739251189e-03    1.2668072856e-01   -1.7316606207e-02    5.4847109003e+01    5.4847109003e+01    5.4847109003e+01
    2.5100304881e+03    2.5955752387e+03   -3.0852467144e+04   -9.9941421201e-02    7.5219316218e-02   -2.0515482957e-01   -4.9384517451e-02    3.8513082691e-02   -5.8780389852e-02    5.4860189656e+01    5.4860189656e+01    5.4860189656e+01
    2.5078918615e+03    2.5933637253e+03   -3.0833427914e+04   -6.1045079664e-02   -7.0665859838e-02   -8.1396187348e-02   -2.0524432780e-02   -3.2652865213e-02    2.8723456992e-02    5.4862110032e+01    5.4862110032e+01    5.4862110032e+01
    2.5130158259e+03    2.5986623204e+03   -3.0824276820e+04   -1.4300411564e-01    4.6204015704e-02   -1.3463401618e-01   -6.7455733092e-02    8.6824731233e-02   -4.9472870998e-02    5.4902894335e+01    5.4902894335e+01    5.4902894335e+01
    2.4886953982e+03    2.5735130243e+03   -3.0816834316e+04   -4.3505819579e-02    7.1378413124e-03   -1.5074563004e-01    2.4468339740e-02    1.6314804414e-02   -1.3606792688e-01    5.4888696287e+01    5.4888696287e+01    5.4888696287e+01
    2.5121020435e+03    2.5977173952e+03   -3.0836988194e+04   -1.5753714230e-02    6.2736070744e-02    9.2552573944e-02    1.2688069068e-01   -6.2772279631e-03   -1.0690558513e-02    5.4875480399e+01    5.4875480399e+01    5.4875480399e+01
    2.4898312371e+03    2.5746875739e+03   -3.0838571975e+04   -2.1777431223e-01   -1.8122899152e-01   -2.9888931719e-01   -4.8592488479e-03   -2.8661082227e-02    7.4241345289e-02    5.4869302548e+01    5.4869302548e+01    5.4869302548e+01
    2.5172724382e+03    2.6030640029e+03   -3.0845952457e+04   -1.4562420915e-01   -9.5136055638e-03   -4.9043889932e-02    3.1863221523e-02   -6.7169398733e-02   -9.5413807864e-02    5.4873931778e+01    5.4873931778e+01    5.4873931778e+01
    2.5046813238e+03    2.5900437687e+03   -3.0829395445e+04   -1.4548706837e-01    6.7322680464e-02   -5.7440471976e-02   -8.1210777501e-02   -8.6069607103e-03    7.3386509578e-02    5.4888525559e+01    5.4888525559e+01    5.4888525559e+01
    2.5262982234e+03    2.6123973974e+03   -3.0836950201e+04   -7.1984050145e-02   -1.0251143096e-01   -4.9332622511e-02    1.7753371302e-02    5.5020059219e-02    5.4176605396e-02    5.4914574415e+01    5.4914574415e+01    5.4914574415e+01
    2.5165434270e+03    2.6023101462e+03   -3.0879684094e+04    5.7427163912e-02   -9.6260756842e-02   -2.5096139166e-01   -1.0171062643e-01   -1.1006677924e-01   -3.8104689792e-02    5.4901585430e+01    5.4901585430e+01    5.4901585430e+01
    2.4532293585e+03    2.5368382608e+03   -3.0843696477e+04   -5.6686505910e-02   -2.9470802078e-01   -1.4621641545e-01   -1.0143599615e-01   -1.5100188303e-01   -7.1292112728e-02    5.4889493160e+01    5.4889493160e+01    5.4889493160e+01
    2.4901660887e+03    2.5750338376e+03   -3.0889734672e+04   -3.4267885780e-01   -2.8328513627e-01   -1.9439142386e-01   -3.4003450012e-02    4.5083358182e-02   -7.9943944926e-02    5.4848699367e+01    5.4848699367e+01    5.4848699367e+01
    2.4850298552e+03    2.5697225553e+03   -3.0913672143e+04   -2.2827871363e-01    6.8962604997e-02   -8.3970131692e-02    3.7309619539e-02   -1.9540246942e-02   -1.0170681777e-01    5.4801995248e+01    5.4801995248e+01    5.4801995248e+01
    2.4570775508e+03    2.5408176040e+03   -3.0874934706e+04    1.1559884541e-01    1.3474719003e-01   -1.5165348273e-02    6.0230212039e-02   -5.4309423280e-04   -5.8590434918e-02    5.4784889149e+01    5.4784889149e+01    5.4784889149e+01
    2.4745973815e+03    2.5589345308e+03   -3.0867980469e+04   -3.1187850472e-02    2.2436008272e-01    1.8713917734e-01   -8.2370330525e-02    8.9069233217e-02   -7.8558301645e-02    5.4763126253e+01    5.4763126253e+01    5.4763126253e+01
    2.4699165587e+03    2.5540941801e+03   -3.0873738504e+04   -6.4261163215e-02    2.4415073013e-02   -1.1592565860e-01    1.5578961485e-02   -9.3946242098e-02    1.5312133395e-02    5.4752924549e+01    5.4752924549e+01    5.4752924549e+01
    2.4730662223e+03    2.5573511879e+03   -3.0865243128e+04   -1.1235696395e-01   -3.8390193570e-02   -2.7844261931e-01    2.7990444066e-02   -6.2236294534e-02   -7.6110684493e-02    5.4761705626e+01    5.4761705626e+01    5.4761705626e+01
    2.4939393606e+03    2.5789357070e+03   -3.0889730485e+04   -1.5683574054e-01   -4.1750584818e-03    7.1916805367e-02    2.6992690556e-02   -7.0422763494e-02    4.6035934763e-03    5.4751023522e+01    5.4751023522e+01    5.4751023522e+01
    2.4917699632e+03    2.5766923740e+03   -3.0883652738e+04    8.7760704147e-02   -8.8077399158e-02   -5.1767157610e-03   -1.1284040547e-02   -4.4543359643e-03   -8.9244169375e-02    5.4744790911e+01    5.4744790911e+01    5.4744790911e+01
    2.5259617557e+03    2.6120494625e+03   -3.0888879564e+04   -6.2337070364e-02    6.0101259263e-02    2.7388899102e-02   -3.5532181396e-03    4.8883659227e-02   -6.5287672746e-02    5.4758468898e+01    5.4758468898e+01    5.4758468898e+01
    2.5259934002e+03    2.6120821854e+03   -3.0862408839e+04   -3.6150480122e-02   -9.8324254470e-02   -4.0494914746e-03    1.2758214434e-01   -1.3927286099e-01    2.6145938557e-02    5.4759408332e+01    5.4759408332e+01    5.4759408332e+01
    2.4880506083e+03    2.5728462592e+03   -3.0843754691e+04    4.1427373231e-02    1.7260584211e-01    6.1256087350e-03    1.9765319423e-02    6.6087422499e-02   -1.0010345402e-01    5.4749093902e+01    5.4749093902e+01    5.4749093902e+01
    2.5119817962e+03    2.5975930497e+03   -3.0864879050e+04   -4.3775639296e-02    1.5243712085e-01   -2.7481468465e-01   -1.0586507417e-01   -7.9641883768e-03    5.3956869892e-02    5.4756066249e+01    5.4756066249e+01    5.4756066249e+01
    2.4848546673e+03    2.5695413968e+03   -3.0863307606e+04   -1.3623655665e-01    7.2667393546e-02    1.4199353007e-01   -9.9434945439e-02    7.8341228729e-02    2.2672275277e-01    5.4758162517e+01    5.4758162517e+01    5.4758162517e+01
    2.4895713795e+03    2.5744188600e+03   -3.0838036974e+04    7.8564395080e-02    9.1127928836e-02    4.0212421925e-02   -4.0042448308e-02    4.9107309885e-03    1.0070222477e-04    5.4785038077e+01    5.4785038077e+01    5.4785038077e+01
    2.5000206254e+03    2.5852242283e+03   -3.0844623164e+04   -1.8956604404e-02    3.7261266681e-02   -2.1800724204e-01    4.7876099059e-02   -1.8173711360e-02    6.9882024472e-02    5.4789138155e+01    5.4789138155e+01    5.4789138155e+01
    2.5267168058e+03    2.6128302456e+03   -3.0853739479e+04   -1.8701143030e-02   -2.8210886150e-02    3.8608212013e-02    7.7831610908e-02   -1.1614823033e-01   -1.0431435889e-01    5.4786025126e+01    5.4786025126e+01    5.4786025126e+01
    2.5299602028e+03    2.6161841813e+03   -3.0877604240e+04   -3.8335462645e-02    3.1560933597e-03   -2.7030571146e-02   -7.3642325116e-02    8.6600639655e-03    8.8254829210e-04    5.4758170882e+01    5.4758170882e+01    5.4758170882e+01
    2.4943532505e+03    2.5793637027e+03   -3.0869763663e+04    7.6471935453e-02    4.5006939553e-02    1.7869832932e-01    2.5612065639e-03   -5.3332267253e-02    7.1573201936e-02    5.4764003047e+01    5.4764003047e+01    5.4764003047e+01
    2.5383886882e+03    2.6248999193e+03   -3.0884343854e+04   -9.4813592297e-02    7.2263562188e-02   -4.3545328981e-02    7.2425879980e-02   -5.2700030852e-02   -9.3661142219e-03    5.4779370652e+01    5.4779370652e+01    5.4779370652e+01
    2.5055803642e+03    2.5909734495e+03   -3.0854941391e+04   -1.3059995359e-01   -7.1886363061e-02    5.5005636136e-03    3.0344973278e-02    2.9744398858e-02   -1.0608251941e-01    5.4791125013e+01    5.4791125013e+01    5.4791125013e+01
    2.5060810029e+03    2.5914911505e+03   -3.0814074542e+04    1.5380840674e-01    1.3342606427e-01    2.9272549342e-01    2.4639366394e-02    5.1291341907e-02    6.9366366077e-03    5.4810342841e+01    5.4810342841e+01    5.4810342841e+01
    2.5132520412e+03    2.5989065862e+03   -3.0866807051e+04    4.4484906498e-02   -9.2215554939e-02   -1.1035596691e-01   -2.7213511132e-02    1.6041935971e-02    6.0510921210e-03    5.4798550520e+01    5.4798550520e+01    5.4798550520e+01
    2.5063923648e+03    2.5918131240e+03   -3.0901989816e+04    1.2405601644e-01   -1.9517724921e-01   -1.6311593311e-01    3.7517261064e-02   -7.4213236512e-02   -1.2921866330e-02    5.4784094418e+01    5.4784094418e+01    5.4784094418e+01
    2.5103481788e+03    2.5959037568e+03   -3.0878205086e+04   -3.4346792923e-02   -2.1403041552e-02   -4.4194411886e-02   -6.4922617135e-02   -1.4665212278e-01    8.1030374937e-03    5.4792682568e+01    5.4792682568e+01    5.4792682568e+01
    2.5195385158e+03    2.6054073111e+03   -3.0858059186e+04    3.2429285299e-03   -2.8208686387e-02    3.3851627968e-02    1.1923778195e-01    1.6393198052e-02   -1.3364783341e-02    5.4810317728e+01    5.4810317728e+01    5.4810317728e+01
    2.4932310727e+03    2.5782032798e+03   -3.0857506235e+04   -8.2763866302e-02    5.9002946585e-02   -7.2040967032e-02    1.9548671834e-02   -5.6863456676e-02    1.4586676573e-02    5.4792541158e+01    5.4792541158e+01    5.4792541158e+01
    2.4871969036e+03    2.5719634593e+03   -3.0872396987e+04   -1.4097095877e-01    7.2331804112e-02   -8.4753736185e-02   -4.3118573096e-03   -6.0001025531e-04    7.3310119395e-02    5.4799122761e+01    5.4799122761e+01    5.4799122761e+01
    2.5207729992e+03    2.6066838672e+03   -3.0876512501e+04   -3.3160180105e-02   -1.4944869511e-01   -8.7524242763e-04    5.6581250382e-02    6.2487364606e-02   -8.1062472654e-02    5.4799037497e+01    5.4799037497e+01    5.4799037497e+01
    2.4900234286e+03    2.5748863155e+03   -3.0863878876e+04   -9.7864023124e-02    6.1131312855e-03   -1.0981930709e-01   -3.5220306265e-02    7.8826896564e-02    4.1864303760e-02    5.4799606416e+01    5.4799606416e+01    5.4799606416e+01
    2.4973300417e+03    2.5824419464e+03   -3.0859755104e+04    2.0043341736e-01    6.3872246799e-02   -3.0867883730e-02    7.0162500437e-02   -3.3384030957e-03   -6.6343100878e-02    5.4816533944e+01    5.4816533944e+01    5.4816533944e+01
    2.4732034302e+03    2.5574930720e+03   -3.0835912964e+04   -1.1229204005e-01   -1.1249825940e-01   -4.2664034835e-02   -1.4421588408e-02   -5.5163785473e-02    8.4598695192e-02    5.4797608767e+01    5.4797608767e+01    5.4797608767e+01
    2.4586379060e+03    2.5424311378e+03   -3.0869294878e+04   -1.7013293731e-01   -7.2841779446e-02    5.2164670220e-02   -6.7972944029e-02   -9.1984470452e-03    3.9948322348e-02    5.4797555722e+01    5.4797555722e+01    5.4797555722e+01
    2.5035217142e+03    2.5888446384e+03   -3.0871866771e+04    7.8824428063e-03    8.3480837190e-02   -2.1885897573e-01   -7.3695579926e-02   -1.7505274254e-02   -1.4312147045e-01    5.4806647953e+01    5.4806647953e+01    5.4806647953e+01
    2.5180489922e+03    2.6038670228e+03   -3.0859808570e+04    1.0728301106e-01    3.6773785061e-02    3.5755576290e-02    2.4297544209e-02    7.7311903458e-02    2.1478057821e-02    5.4819363894e+01    5.4819363894e+01    5.4819363894e+01
    2.4924833204e+03    2.5774300433e+03   -3.0855490615e+04   -1.3471510432e-01    5.6468074959e-04   -1.2370377461e-01    2.9784794011e-02    2.0610485060e-02   -5.7830018135e-02    5.4814256326e+01    5.4814256326e+01    5.4814256326e+01
    2.4741451448e+03    2.5584668813e+03   -3.0835530087e+04    1.0779808247e-02   -7.6182443057e-02   -5.7872791491e-02    1.0224025053e-02    9.1475432688e-03    2.9955134621e-02    5.4835457795e+01    5.4835457795e+01    5.4835457795e+01
    2.5081213395e+03    2.5936010242e+03   -3.0836634862e+04    9.2792040466e-02    1.0191550477e-01    7.5190028145e-03    5.3762712677e-03    8.3960435808e-02   -2.6045319700e-02    5.4829307712e+01    5.4829307712e+01    5.4829307712e+01
    2.4999764592e+03    2.5851785569e+03   -3.0828786104e+04   -8.7330014129e-02    3.4594445527e-02   -3.2886301066e-01    9.2683290382e-02   -2.3816001476e-02    2.4988549535e-02    5.4835456972e+01    5.4835456972e+01    5.4835456972e+01
    2.5229621188e+03    2.6089475945e+03   -3.0856843511e+04   -1.2332261447e-01   -1.6685340025e-01   -2.4070907746e-01   -3.6882789028e-02    6.0449305350e-02    2.9427077152e-02    5.4842506918e+01    5.4842506918e+01    5.4842506918e+01
    2.4993466221e+03    2.5845272542e+03   -3.0875991650e+04   -2.0999739390e-01   -1.0225375224e-01   -1.2032592480e-01    3.0077972845e-02    6.9596789855e-02   -4.0861207549e-02    5.4840294545e+01    5.4840294545e+01    5.4840294545e+01
    2.5117551416e+03    2.5973586704e+03   -3.0856027624e+04   -4.6528658739e-02   -2.3469480749e-01   -1.0347862310e-01   -1.0849027036e-01    2.3769956106e-03    4.9885007688e-02    5.4862044515e+01    5.4862044515e+01    5.4862044515e+01
    2.4864226210e+03    2.5711627881e+03   -3.0870454102e+04    5.6983381655e-02   -1.2990647817e-01   -1.7123427155e-01    5.9914723629e-02   -4.4796060528e-02   -7.5344894931e-02    5.4840146816e+01    5.4840146816e+01    5.4840146816e+01
    2.4714453360e+03    2.5556750599e+03   -3.0854936793e+04   -6.2752788568e-02    1.0312316594e-01    8.2162526392e-02   -7.5372402128e-02   -2.3022152505e-02   -1.1390917661e-01    5.4845112900e+01    5.4845112900e+01    5.4845112900e+01
    2.5122866420e+03    2.5979082850e+03   -3.0854352914e+04   -4.5648659656e-01   -2.8806953653e-01   -2.7616933121e-01    5.2322735724e-02    1.4546172190e-01   -4.3450695037e-02    5.4858579789e+01    5.4858579789e+01    5.4858579789e+01
    2.4637203597e+03    2.5476868075e+03   -3.0821220475e+04   -2.2118665375e-02   -2.1094298936e-01   -2.7903729395e-02    4.8559576034e-02   -2.6034979564e-02   -3.3547810368e-02    5.4844003103e+01    5.4844003103e+01    5.4844003103e+01
    2.4917192865e+03    2.5766399702e+03   -3.0825832132e+04   -1.0866689073e-01   -1.9774936604e-01   -1.1751147954e-02    4.9777020367e-03    5.2280617202e-02    8.5997945476e-03    5.4857696574e+01    5.4857696574e+01    5.4857696574e+01
    2.5021042191e+03    2.5873788333e+03   -3.0857369135e+04    3.9333503102e-02   -1.2360663796e-01   -1.4286021649e-01    5.7827858151e-02    1.9835232854e-02   -3.3564326360e-02    5.4841299270e+01    5.4841299270e+01    5.4841299270e+01
    2.4505431541e+03    2.5340605074e+03   -3.0830435050e+04    1.9411611323e-02    2.3693354931e-01   -7.1490142500e-02    2.1582436370e-02    1.8337148080e-03    3.6096081075e-03    5.4854266429e+01    5.4854266429e+01    5.4854266429e+01
    2.5254371871e+03    2.6115070160e+03   -3.0851217345e+04   -1.9937626142e-01    1.0154507265e-02   -2.1900864868e-01   -2.0792696820e-02   -3.0156568835e-02   -1.0876586979e-02    5.4865629776e+01    5.4865629776e+01    5.4865629776e+01
    2.4972319283e+03    2.5823404892e+03   -3.0860015634e+04   -1.1432526869e-01   -9.7850476220e-02   -3.1455187610e-02   -3.3505763427e-03    5.6809422212e-02   -2.1219485513e-02    5.4814776185e+01    5.4814776185e+01    5.4814776185e+01
    2.5142696181e+03    2.5999588433e+03   -3.0863006738e+04   -2.4838917651e-02   -7.0100985786e-02   -1.5366760465e-01   -4.7673535590e-02    1.7288408034e-03    4.0371255605e-02    5.4806729047e+01    5.4806729047e+01    5.4806729047e+01
    2.4960183918e+03    2.5810855940e+03   -3.0847970906e+04   -4.9130281912e-02   -1.0815104399e-02   -1.1042616270e-01    1.2267419540e-01    6.0691835120e-02    1.8691967987e-03    5.4818271648e+01    5.4818271648e+01    5.4818271648e+01
    2.5107334346e+03    2.5963021425e+03   -3.0874869389e+04    8.5339209887e-02   -5.1805461110e-04    6.7738492308e-02    4.5108958673e-02   -9.9148112986e-02    2.1285877004e-02    5.4786523314e+01    5.4786523314e+01    5.4786523314e+01
    2.5064109393e+03    2.5918323315e+03   -3.0858653055e+04    2.1021072564e-02   -5.6299318221e-02   -9.3449755523e-02   -8.1740237409e-02    1.5018289838e-02   -4.0810195148e-03    5.4782625660e+01    5.4782625660e+01    5.4782625660e+01
    2.5166338427e+03    2.6024036434e+03   -3.0847735618e+04   -3.3162767121e-02   -7.7592758798e-02    2.2951876197e-01    3.1442734263e-02   -3.8134768302e-02   -4.2350734793e-02    5.4768399954e+01    5.4768399954e+01    5.4768399954e+01
    2.5018318617e+03    2.5870971937e+03   -3.0869982880e+04   -2.0462652321e-01    9.1630395677e-03    1.3492968786e-02    4.0762229699e-02   -1.3551612675e-01    9.5011575635e-02    5.4754671661e+01    5.4754671661e+01    5.4754671661e+01
    2.5168486354e+03    2.6026257564e+03   -3.0876240050e+04    1.7531656576e-01    2.0225298496e-01    1.7146032335e-01    7.7860272288e-02    1.1476942011e-01   -7.2134908737e-02    5.4738682921e+01    5.4738682921e+01    5.4738682921e+01
    2.5157244443e+03    2.6014632516e+03   -3.0896876187e+04   -2.3370437352e-02   -7.2622173379e-02   -2.5987300904e-01    3.3824638039e-02    6.7909411218e-02    3.2104732213e-02    5.4730325690e+01    5.4730325690e+01    5.4730325690e+01
    2.5135667589e+03    2.5992320298e+03   -3.0871281326e+04   -1.0131762985e-01    1.5185814377e-01    4.2327287011e-02   -1.1852437555e-01    3.6707861275e-02    2.8944986496e-03    5.4740082233e+01    5.4740082233e+01    5.4740082233e+01
    2.5142794394e+03    2.5999689992e+03   -3.0889095872e+04    3.0949324000e-02   -1.5495016972e-01   -1.0639041022e-01    2.7027696708e-02   -3.1447069765e-02    2.0105626826e-02    5.4724031678e+01    5.4724031678e+01    5.4724031678e+01
    2.5093632028e+03    2.5948852117e+03   -3.0863729104e+04   -3.3255020398e-02   -5.1869895141e-02    1.3187143774e-01   -3.9514421812e-03    3.4817947782e-02   -1.6662544330e-01    5.4734295348e+01    5.4734295348e+01    5.4734295348e+01
    2.5291084768e+03    2.6153034274e+03   -3.0871087587e+04   -5.1749517999e-02   -7.5027323826e-02   -4.4860875148e-02    7.1564810080e-02    1.7679532191e-01    1.1664223810e-01    5.4749394945e+01    5.4749394945e+01    5.4749394945e+01
    2.5143271481e+03    2.6000183340e+03   -3.0888774607e+04    1.1902543086e-01   -1.5516074236e-02    8.4837669740e-02    4.8637353257e-02   -1.4653041971e-02   -1.2084256153e-01    5.4739252359e+01    5.4739252359e+01    5.4739252359e+01
    2.4807238281e+03    2.5652697738e+03   -3.0841725894e+04    2.8255810333e-01    2.4769672412e-01    1.6137435860e-01   -1.4156026744e-01   -4.3739280513e-02    9.3130808680e-03    5.4738920894e+01    5.4738920894e+01    5.4738920894e+01
    2.5068334945e+03    2.5922692879e+03   -3.0862701026e+04   -3.9313509990e-02    2.1061716777e-02    8.4413526170e-02    7.3449976056e-02    8.5726221198e-02   -5.8857144808e-02    5.4751793035e+01    5.4751793035e+01    5.4751793035e+01
    2.5371949081e+03    2.6236654537e+03   -3.0870543645e+04   -2.8894366664e-02    2.4588374959e-01    4.2692795974e-02    3.6966131405e-02   -4.9722285321e-02   -3.9924846108e-02    5.4756958781e+01    5.4756958781e+01    5.4756958781e+01
    2.4955628110e+03    2.5806144865e+03   -3.0834765469e+04    1.6717689998e-01    2.7850627343e-01    1.9543842270e-01   -2.5446252836e-02    4.1312024854e-02   -6.1929760590e-02    5.4774325797e+01    5.4774325797e+01    5.4774325797e+01
    2.5050423959e+03    2.5904171467e+03   -3.0837766389e+04   -1.7161277954e-01    7.1964078891e-02   -1.6810945443e-02    8.6901820513e-02    7.1937982741e-03   -2.6408619330e-02    5.4804451125e+01    5.4804451125e+01    5.4804451125e+01
    2.4911250323e+03    2.5760254632e+03   -3.0857322501e+04    6.0609869906e-02   -3.0087866890e-02   -1.9816062276e-01   -7.1585775614e-02   -1.6997003384e-02    9.0783351564e-02    5.4788244771e+01    5.4788244771e+01    5.4788244771e+01
    2.4882077954e+03    2.5730088034e+03   -3.0892561561e+04    2.5031338541e-01    2.9019843959e-01    8.7677290844e-02   -7.6244767560e-02   -6.7811965960e-03   -6.7192324838e-02    5.4764010658e+01    5.4764010658e+01    5.4764010658e+01
    2.4500442762e+03    2.5335446272e+03   -3.0854541718e+04    1.2239250817e-01   -2.6163919493e-02    1.6098817051e-01    6.2053730779e-02    5.1312388791e-02    5.3196034677e-02    5.4767476204e+01    5.4767476204e+01    5.4767476204e+01
    2.5079174760e+03    2.5933902128e+03   -3.0847589813e+04    5.2296265384e-03   -1.0645455076e-01   -1.0724999154e-01    4.3372199722e-02   -1.8835997165e-02   -7.3177508773e-02    5.4795643717e+01    5.4795643717e+01    5.4795643717e+01
    2.1769974598e+03    2.2511920585e+03   -3.1022503359e+04   -7.1219497006e-01   -9.8663976067e-01   -6.7608487007e-01   -4.6764396657e-02   -4.7208926296e-02   -4.1254776034e-02    5.4791621212e+01    5.4791621212e+01    5.4791621212e+01
    2.0101394551e+03    2.0786473395e+03   -3.1139426885e+04   -9.3457832751e-01   -9.8182425763e-01   -1.1523529716e+00    8.0998639438e-02   -1.1667413927e-01   -4.5565699535e-03    5.4767457952e+01    5.4767457952e+01    5.4767457952e+01
    1.9196959192e+03    1.9851213830e+03   -3.1229505431e+04   -1.0512075919e+00   -1.0793918387e+00   -1.1414518667e+00    1.3140159553e-01    8.6309506577e-02    5.3723199770e-03    5.4737129497e+01    5.4737129497e+01    5.4737129497e+01
    1.8800344596e+03    1.9441082149e+03   -3.1283763155e+04   -1.0831695343e+00   -1.0160563159e+00   -9.7448021301e-01   -3.4457967480e-02   -8.9652597047e-02   -7.8650267132e-03    5.4695142941e+01    5.4695142941e+01    5.4695142941e+01
    1.8621877507e+03    1.9256532693e+03   -3.1341452781e+04   -9.6220109160e-01   -9.5086641529e-01   -1.0446937269e+00    9.8563171208e-02   -1.0884497026e-01   -3.1429421517e-02    5.4658343522e+01    5.4658343522e+01    5.4658343522e+01
    1.8638707312e+03    1.9273936078e+03   -3.1363495199e+04   -1.0217760542e+00   -9.8035834497e-01   -1.0897425264e+00    2.7602562753e-02   -3.4451806207e-02    2.9961876650e-02    5.4653107030e+01    5.4653107030e+01    5.4653107030e+01
    1.8210668672e+03    1.8831309384e+03   -3.1389883738e+04   -8.9211823973e-01   -8.5980441089e-01   -8.5737967612e-01   -1.5057715792e-02    2.6522374558e-02   -1.0201318388e-01    5.4598344134e+01    5.4598344134e+01    5.4598344134e+01
    1.8234523585e+03    1.8855977300e+03   -3.1414872223e+04   -8.6498168458e-01   -1.0045034882e+00   -8.3157069986e-01    6.6789064151e-02    2.4560631922e-02   -5.3217429243e-02    5.4561021684e+01    5.4561021684e+01    5.4561021684e+01
    1.7937405063e+03    1.8548732635e+03   -3.1407704051e+04   -6.5810742660e-01   -1.0182301857e+00   -7.9884003100e-01    8.2495265623e-02   -2.5644947634e-02    7.7532009803e-03    5.4518035278e+01    5.4518035278e+01    5.4518035278e+01
    1.7988909230e+03    1.8601992124e+03   -3.1433364464e+04   -9.7854372273e-01   -8.8442849169e-01   -8.9816875765e-01   -2.6989770868e-02    1.0640861401e-02   -1.4999130316e-02    5.4480004465e+01    5.4480004465e+01    5.4480004465e+01
    1.7979637198e+03    1.8592404090e+03   -3.1446097353e+04   -7.2376509212e-01   -7.4944030087e-01   -7.3043547384e-01   -1.3637033504e-02   -8.4572060410e-02    5.3709730718e-02    5.4454715846e+01    5.4454715846e+01    5.4454715846e+01
    1.7950460206e+03    1.8562232713e+03   -3.1453252192e+04   -8.0386248729e-01   -6.5537936201e-01   -8.4953882972e-01   -2.9670980076e-03    8.0177368190e-02   -3.8986941758e-02    5.4464084245e+01    5.4464084245e+01    5.4464084245e+01
    1.7782156955e+03    1.8388193491e+03   -3.1441547120e+04   -6.8882473163e-01   -6.4963174455e-01   -7.3826520140e-01    2.1273387454e-02    9.0231040846e-02    1.0361372771e-02    5.4434605837e+01    5.4434605837e+01    5.4434605837e+01
    1.7935287525e+03    1.8546542929e+03   -3.1431912440e+04   -7.5786058785e-01   -8.6076311588e-01   -1.0325133676e+00    6.4251860253e-02    7.7976951073e-02    1.2528366679e-02    5.4400810124e+01    5.4400810124e+01    5.4400810124e+01
    1.8074058322e+03    1.8690043196e+03   -3.1465507740e+04   -8.2059390605e-01   -8.5922779528e-01   -7.3432744124e-01    4.8235044167e-02   -9.0059461689e-02    5.0519633267e-03    5.4359241796e+01    5.4359241796e+01    5.4359241796e+01
    1.7867686343e+03    1.8476637820e+03   -3.1479641435e+04   -7.1143937300e-01   -7.9603640627e-01   -6.9976375938e-01   -7.6913677993e-02   -4.8111979105e-02   -1.2316210144e-01    5.4341246310e+01    5.4341246310e+01    5.4341246310e+01
    1.7985233393e+03    1.8598191010e+03   -3.1481244929e+04   -9.3940393287e-01   -8.5239850448e-01   -7.6897545215e-01   -1.6389033663e-02   -3.0091220513e-02    6.7275384692e-02    5.4305903787e+01    5.4305903787e+01    5.4305903787e+01
    1.7772967370e+03    1.8378690715e+03   -3.1457501739e+04   -7.4778649761e-01   -7.4298916547e-01   -7.4453704276e-01   -2.3565038051e-02   -4.3846075861e-02   -8.5198367520e-02    5.4280589378e+01    5.4280589378e+01    5.4280589378e+01
    1.8040512677e+03    1.8655354276e+03   -3.1474983253e+04   -6.1190548006e-01   -5.9718866885e-01   -5.9497071939e-01    5.8032952422e-03   -4.2017151206e-02    1.0598767225e-02    5.4251599350e+01    5.4251599350e+01    5.4251599350e+01
    1.8150861975e+03    1.8769464406e+03   -3.1465535287e+04   -5.8716565777e-01   -5.6575954196e-01   -6.9031525086e-01   -6.2004563297e-02    5.5520663511e-02    2.4333093294e-02    5.4248713839e+01    5.4248713839e+01    5.4248713839e+01
    1.7829246971e+03    1.8436888390e+03   -3.1457288962e+04   -6.2088201195e-01   -3.8032188093e-01   -5.2921079923e-01   -7.4472623320e-02    2.3446651393e-02    1.1166784299e-02    5.4216467896e+01    5.4216467896e+01    5.4216467896e+01
    1.8008661968e+03    1.8622418057e+03   -3.1505343122e+04   -5.6541370133e-01   -7.2969708495e-01   -8.0828804612e-01    4.8575108728e-02    4.6015244170e-02    9.5162946440e-03    5.4193828143e+01    5.4193828143e+01    5.4193828143e+01
    1.7910010936e+03    1.8520404885e+03   -3.1497181645e+04   -5.1725011858e-01   -5.7744305730e-01   -5.4578818179e-01    1.2773606025e-01    6.2006243893e-03   -1.6559367670e-02    5.4173495542e+01    5.4173495542e+01    5.4173495542e+01
    1.8154942256e+03    1.8773683748e+03   -3.1474091592e+04   -2.7202846807e-01   -2.6332874755e-01   -1.5003362517e-01    9.8532396648e-03   -5.3355586573e-02    7.0790585383e-02    5.4153331103e+01    5.4153331103e+01    5.4153331103e+01
    1.8264579826e+03    1.8887057894e+03   -3.1470717595e+04   -5.1486143140e-01   -3.9785905517e-01   -4.5908270653e-01   -6.1770477638e-02    4.1130657850e-02   -5.4847994793e-02    5.4147206668e+01    5.4147206668e+01    5.4147206668e+01
    1.8268030799e+03    1.8890626480e+03   -3.1469017182e+04   -1.8041440245e-01   -2.6145826789e-01   -4.5434917267e-01    5.1014129139e-03    2.1186173268e-02    5.8685893496e-02    5.4149502981e+01    5.4149502981e+01    5.4149502981e+01
    1.8249490434e+03    1.8871454237e+03   -3.1480697024e+04   -3.5856649054e-01   -5.0405536130e-01   -5.6731587045e-01    1.5878955978e-02   -2.3638522267e-02   -6.4183720759e-02    5.4137595655e+01    5.4137595655e+01    5.4137595655e+01
    1.8305265611e+03    1.8929130297e+03   -3.1504298145e+04   -4.8759752678e-01   -2.6560211769e-01   -6.3419518869e-01    7.6176650879e-03    7.7195058618e-02    6.4939171771e-03    5.4111768040e+01    5.4111768040e+01    5.4111768040e+01
    1.7977236620e+03    1.8589921698e+03   -3.1502820537e+04   -5.2467878930e-01   -5.6603391205e-01   -6.1989220582e-01   -5.4283947681e-02   -4.4126922239e-02    3.4069426266e-02    5.4105723894e+01    5.4105723894e+01    5.4105723894e+01
    1.8144130864e+03    1.8762503891e+03   -3.1497913835e+04   -6.1907841792e-01   -3.8621397513e-01   -3.8094725532e-01   -2.3430229912e-02   -8.4592920459e-05   -5.5023969150e-02    5.4073937558e+01    5.4073937558e+01    5.4073937558e+01
    1.8098789348e+03    1.8715617083e+03   -3.1504528353e+04   -5.2760008409e-01   -3.9759911331e-01   -3.1154257946e-01   -3.9078430938e-02    5.7664985011e-02    2.0930588134e-02    5.4057648381e+01    5.4057648381e+01    5.4057648381e+01
    1.7984600173e+03    1.8597536209e+03   -3.1505076529e+04   -2.3050611631e-01   -4.2977357226e-01   -3.2916876844e-01    2.8979002520e-02    4.0757788736e-02   -5.9897373639e-02    5.4035148833e+01    5.4035148833e+01    5.4035148833e+01
    1.7791174802e+03    1.8397518677e+03   -3.1506181187e+04   -1.5252768300e-01   -2.2825312661e-01   -2.7741990622e-01    3.8720553344e-03    5.6616156373e-02   -1.7702573694e-01    5.4011448119e+01    5.4011448119e+01    5.4011448119e+01
    1.8018019057e+03    1.8632094048e+03   -3.1532544301e+04   -3.0172983192e-01   -4.0599566567e-01   -2.4111012809e-01   -8.1652100059e-03   -2.0572971450e-03   -8.6842135455e-02    5.4000371470e+01    5.4000371470e+01    5.4000371470e+01
    1.8038159560e+03    1.8652920962e+03   -3.1534321681e+04   -5.5894457963e-01   -4.4538425631e-01   -4.8773630560e-01    7.8405792177e-02   -2.2450608887e-02   -1.4009371000e-02    5.3985642766e+01    5.3985642766e+01    5.3985642766e+01
    1.8178171204e+03    1.8797704365e+03   -3.1546329712e+04   -2.5323822975e-01   -1.0163025664e-01   -2.5749991806e-01   -2.7882443369e-02   -7.8617945783e-02    1.4499623265e-02    5.3960850988e+01    5.3960850988e+01    5.3960850988e+01
    1.7846709447e+03    1.8454946007e+03   -3.1524274006e+04   -2.8149831354e-01   -5.4337760232e-01   -3.1767860775e-01   -1.2086216387e-02    2.4422994801e-02   -4.9846131675e-02    5.3959081692e+01    5.3959081692e+01    5.3959081692e+01
    1.7807130740e+03    1.8414018412e+03   -3.1532407348e+04   -3.3146810743e-01   -3.6507481179e-01   -4.5667469302e-01    4.4961646473e-02   -8.1093886236e-02   -7.0885039737e-02    5.3954382308e+01    5.3954382308e+01    5.3954382308e+01
    1.7928107769e+03    1.8539118478e+03   -3.1529584776e+04   -3.9241906866e-01   -4.3256482942e-01   -4.2468146420e-01    1.5569754001e-02    2.3757741792e-02   -5.5644961619e-02    5.3947966395e+01    5.3947966395e+01    5.3947966395e+01
    1.7952988689e+03    1.8564847369e+03   -3.1544159550e+04   -3.0003528195e-01   -2.2773805348e-01   -1.7722193920e-01   -1.0169393429e-02    2.2528745550e-02   -7.2082725156e-02    5.3923695950e+01    5.3923695950e+01    5.3923695950e+01
    1.7845446729e+03    1.8453640254e+03   -3.1560211506e+04   -6.2760051357e-02   -1.5219817523e-01   -2.7712777318e-01    5.3534422641e-02   -7.7146863318e-03   -6.7965713182e-02    5.3900374147e+01    5.3900374147e+01    5.3900374147e+01
    1.8043646993e+03    1.8658595414e+03   -3.1554090533e+04   -6.8958415637e-02   -5.4113574618e-02   -2.5232109056e-02   -5.2846239733e-02    2.1781401949e-02   -7.3578314781e-02    5.3877366103e+01    5.3877366103e+01    5.3877366103e+01
    1.8017195872e+03    1.8631242808e+03   -3.1543424237e+04   -8.5917031019e-02   -7.1606107483e-02   -8.0940107080e-02    2.6677664667e-02    9.8621681100e-02   -8.0343793342e-02    5.3858642984e+01    5.3858642984e+01    5.3858642984e+01
    1.7967522340e+03    1.8579876344e+03   -3.1565382848e+04   -1.2265978797e-01   -2.4136959080e-01   -2.5740131359e-01    4.3725839025e-02    1.8281748401e-02   -3.5627708367e-02    5.3835594928e+01    5.3835594928e+01    5.3835594928e+01
    1.7796730828e+03    1.8403264059e+03   -3.1539699476e+04   -5.2593936155e-02    3.3766470822e-02   -2.2091636749e-02   -7.8709322408e-02   -9.7103683144e-02   -2.3509367534e-02    5.3835021178e+01    5.3835021178e+01    5.3835021178e+01
    1.7971137933e+03    1.8583615160e+03   -3.1572294783e+04   -2.4800796402e-01   -1.0441451831e-01   -1.9608065093e-01    7.6333036241e-02   -3.3961950782e-02    2.2495792939e-02    5.3818056872e+01    5.3818056872e+01    5.3818056872e+01
    1.7903850920e+03    1.8514034928e+03   -3.1571907908e+04   -8.9811492943e-02    2.7952647939e-02   -4.1710628779e-02   -9.2647707545e-03   -9.4914659341e-02    5.2712144532e-02    5.3821768010e+01    5.3821768010e+01    5.3821768010e+01
    1.8011921302e+03    1.8625788474e+03   -3.1546075327e+04   -2.2099100306e-01   -2.0039359825e-01   -3.3558493343e-01    9.5036703149e-02   -1.0485713328e-01    2.4709265597e-02    5.3853957113e+01    5.3853957113e+01    5.3853957113e+01
    1.7879567525e+03    1.8488923927e+03   -3.1541792724e+04   -3.4777191738e-01   -1.0999057126e-01   -1.1117642670e-01   -2.5150831247e-02   -2.9243417017e-02    6.6385385055e-02    5.3863839931e+01    5.3863839931e+01    5.3863839931e+01
    1.7912698859e+03    1.8523184415e+03   -3.1551654068e+04   -2.1082573465e-02   -1.8743064316e-02   -7.8047419463e-02    6.0255657387e-02    5.7873100414e-02   -6.8651260561e-02    5.3824704490e+01    5.3824704490e+01    5.3824704490e+01
    1.7808949906e+03    1.8415899577e+03   -3.1558554429e+04   -2.0342875718e-01   -9.6997277768e-02   -1.5754828234e-01    4.3810655187e-02    6.5755189982e-02    5.5468919494e-02    5.3818597274e+01    5.3818597274e+01    5.3818597274e+01
    1.7944643237e+03    1.8556217494e+03   -3.1565596443e+04    5.9028737338e-02    3.0585015603e-01    2.0516048676e-01   -5.5119117079e-02   -4.7457123288e-02   -5.1559330963e-02    5.3792447992e+01    5.3792447992e+01    5.3792447992e+01
    1.7916126223e+03    1.8526728587e+03   -3.1555004954e+04   -1.2645933249e-01   -5.6371897129e-02   -1.2566598855e-01   -2.4822236791e-02   -1.4884600179e-02   -2.8784689172e-02    5.3808085968e+01    5.3808085968e+01    5.3808085968e+01
    1.7762574346e+03    1.8367943484e+03   -3.1568892701e+04   -3.6481152170e-02    1.9989510818e-02    2.2640416258e-02   -1.6955511740e-02   -7.3495356668e-02    7.6933819667e-02    5.3797000587e+01    5.3797000587e+01    5.3797000587e+01
    1.8159488826e+03    1.8778385270e+03   -3.1568732005e+04   -1.2972073254e-01    1.4269070094e-02   -2.2505104468e-02   -2.0797655775e-02    7.3258987223e-02    1.5675716438e-02    5.3795450202e+01    5.3795450202e+01    5.3795450202e+01
    1.8032050190e+03    1.8646603378e+03   -3.1562361289e+04    7.5999207514e-02   -1.5813834022e-02    2.9414380447e-02    8.0777252768e-02   -1.2299242475e-03   -4.7762927589e-02    5.3781124165e+01    5.3781124165e+01    5.3781124165e+01
    1.8163795416e+03    1.8782838634e+03   -3.1581785448e+04   -1.9223139694e-01   -3.1725596207e-01   -2.5534460717e-02    4.5256072459e-02    4.4419660708e-02    2.9543721610e-02    5.3791466882e+01    5.3791466882e+01    5.3791466882e+01
    1.8229640757e+03    1.8850928061e+03   -3.1583073979e+04   -1.8969878707e-01   -5.0547539474e-02    6.3211888348e-02    9.7024258284e-02   -5.3116207010e-02    3.2893923954e-02    5.3779511838e+01    5.3779511838e+01    5.3779511838e+01
    1.8110096672e+03    1.8727309774e+03   -3.1551278147e+04   -1.1444134497e-01   -5.2766182887e-02   -9.2852597573e-02   -7.3343093698e-02    7.9584626160e-02    5.0366204157e-02    5.3802982719e+01    5.3802982719e+01    5.3802982719e+01
    1.8248116708e+03    1.8870033693e+03   -3.1567497503e+04   -1.2869732893e-01   -2.8219522698e-02   -4.4447891812e-02   -3.4483270560e-02   -2.3870926675e-02   -9.3207867207e-02    5.3790349554e+01    5.3790349554e+01    5.3790349554e+01
    1.8227741377e+03    1.8848963947e+03   -3.1546511215e+04   -2.2374017152e-02   -4.9573128745e-02   -2.5267365836e-01   -5.7554835042e-02    3.4851801137e-02    1.3887388940e-01    5.3804057704e+01    5.3804057704e+01    5.3804057704e+01
    1.7976476662e+03    1.8589135839e+03   -3.1539907620e+04   -3.4901605570e-02   -1.3154909425e-01   -7.0233369927e-02   -1.3560628555e-02   -4.9940187882e-03    6.5850983759e-02    5.3799349800e+01    5.3799349800e+01    5.3799349800e+01
    1.7850471752e+03    1.8458836535e+03   -3.1564169917e+04   -2.1575652724e-02   -9.4483632459e-02   -1.6592453426e-01    1.1744512433e-01   -9.7817616387e-02    1.9375709963e-02    5.3806798116e+01    5.3806798116e+01    5.3806798116e+01
    1.7865120474e+03    1.8473984503e+03   -3.1551477053e+04   -1.7274503454e-01    4.1220979330e-02   -2.0230916224e-01    1.1637776173e-02    3.6440296059e-02    4.2368240563e-02    5.3794863982e+01    5.3794863982e+01    5.3794863982e+01
    1.8111045702e+03    1.8728291148e+03   -3.1566981792e+04   -2.4497550348e-01   -2.7545835539e-01   -1.3886114555e-01   -9.4193756026e-02    6.5605309600e-02   -5.5545790696e-02    5.3782863750e+01    5.3782863750e+01    5.3782863750e+01
    1.7735549938e+03    1.8339998053e+03   -3.1559160072e+04   -1.8679397765e-01   -1.2714951247e-02   -1.4491365324e-01    2.2104324962e-02    1.1012537749e-01   -3.2549490963e-02    5.3777939848e+01    5.3777939848e+01    5.3777939848e+01
    1.8106748940e+03    1.8723847948e+03   -3.1543794972e+04    2.2058197248e-02   -1.0673496292e-02    6.0878601061e-02    6.1694653296e-02    1.7963226889e-02   -9.0155072290e-03    5.3788172604e+01    5.3788172604e+01    5.3788172604e+01
    1.8119986919e+03    1.8737537092e+03   -3.1524680061e+04    2.3557574815e-02   -1.6975677499e-01   -5.2086865206e-02    4.8500524423e-02   -4.0179255460e-02    4.4575930836e-02    5.3796235168e+01    5.3796235168e+01    5.3796235168e+01
    1.8068383808e+03    1.8684175287e+03   -3.1533451063e+04   -1.5064448338e-01    1.4498124909e-01    6.7878561385e-04    1.6838252045e-01   -2.9238766851e-02    3.8080385786e-02    5.3788297435e+01    5.3788297435e+01    5.3788297435e+01
    1.8317394037e+03    1.8941672074e+03   -3.1531948834e+04    9.6543233667e-02    2.6855918771e-01    1.9478495095e-01   -1.0169330913e-01   -4.5197149290e-02   -8.5237007745e-02    5.3781820814e+01    5.3781820814e+01    5.3781820814e+01
    1.8201702792e+03    1.8822037937e+03   -3.1534670904e+04   -7.9342491367e-04   -6.8555231550e-03   -2.5063882308e-02   -2.4672401661e-02   -3.3850489665e-03    1.8625242170e-02    5.3796518181e+01    5.3796518181e+01    5.3796518181e+01
    1.8213714927e+03    1.8834459459e+03   -3.1527283073e+04   -6.1972863680e-02   -4.7287935354e-02   -3.6686645459e-03   -1.0905783923e-01   -7.2155993030e-02   -6.6971091747e-04    5.3780267178e+01    5.3780267178e+01    5.3780267178e+01
    1.8182337317e+03    1.8802012465e+03   -3.1544645767e+04   -1.5796446637e-01   -1.3012562486e-02   -1.5304630012e-01    3.8539806977e-02   -6.0054139618e-02    9.9407839752e-02    5.3775202019e+01    5.3775202019e+01    5.3775202019e+01
    1.8060006499e+03    1.8675512470e+03   -3.1546643622e+04    9.6803145333e-02   -6.1477358951e-03    1.4881055650e-03    8.2150851103e-02   -1.0345541957e-02   -6.6279488101e-02    5.3777933298e+01    5.3777933298e+01    5.3777933298e+01
    1.8061192370e+03    1.8676738757e+03   -3.1559132166e+04    9.3097558975e-04   -1.1348694165e-01   -1.1518100774e-01   -1.3852997950e-03    7.1921148218e-04    2.7924176042e-02    5.3786962232e+01    5.3786962232e+01    5.3786962232e+01
    1.8190970299e+03    1.8810939668e+03   -3.1553264470e+04   -4.4803315843e-02   -9.7632735883e-02   -1.6224251479e-01    3.5678140994e-03   -8.5935256195e-03    8.7621383189e-03    5.3787168144e+01    5.3787168144e+01    5.3787168144e+01
    1.8106663470e+03    1.8723759565e+03   -3.1551810128e+04   -5.7360183804e-02   -1.6815792850e-01   -1.6216319906e-01   -1.0727067493e-01   -1.0216085744e-02   -1.0901896778e-02    5.3765721672e+01    5.3765721672e+01    5.3765721672e+01
    1.8308063498e+03    1.8932023539e+03   -3.1570029285e+04   -7.6976478897e-02   -1.4246371640e-01   -1.5098515196e-01    6.6758040429e-02    1.2548268855e-01    6.2175419323e-04    5.3765773579e+01    5.3765773579e+01    5.3765773579e+01
    1.8132174006e+03    1.8750139530e+03   -3.1555683891e+04   -7.8711373877e-02   -2.1810511258e-01   -6.9471945096e-02    6.4332281171e-02   -6.7436590775e-03   -6.7672647310e-02    5.3757473006e+01    5.3757473006e+01    5.3757473006e+01
    1.8040657808e+03    1.8655504353e+03   -3.1547824076e+04    4.2924541365e-02    4.3037985165e-02   -3.3239988957e-04    1.6674830779e-02   -5.5718241484e-02    2.2094484055e-02    5.3764499266e+01    5.3764499266e+01    5.3764499266e+01
    1.8253535862e+03    1.8875637538e+03   -3.1555381553e+04   -1.0844819587e-01    3.6203782864e-02   -1.2987745714e-01    3.2333045793e-03   -4.0961552118e-02   -3.2826797778e-02    5.3747521459e+01    5.3747521459e+01    5.3747521459e+01
    1.8024410290e+03    1.8638703101e+03   -3.1562121913e+04    1.9360658764e-03   -1.2523124397e-02   -1.8855797113e-02    6.4016389200e-02    5.0322178220e-02    2.9096769783e-02    5.3743230239e+01    5.3743230239e+01    5.3743230239e+01
    1.8088730791e+03    1.8705215719e+03   -3.1552033478e+04    1.1559387118e-01    9.9714444862e-02    9.4111549713e-02   -6.8823364880e-03    6.2555576657e-03   -7.7631051266e-02    5.3745328770e+01    5.3745328770e+01    5.3745328770e+01
    1.7972386131e+03    1.8584905899e+03   -3.1552820706e+04    1.0781649791e-01   -2.0596378623e-01    9.5570079970e-02    3.4679464203e-02    5.6651962186e-02   -3.6681617405e-02    5.3737474687e+01    5.3737474687e+01    5.3737474687e+01
    1.7898714866e+03    1.8508723831e+03   -3.1533164173e+04   -4.2225036820e-02    6.5996072763e-02   -2.2584594080e-02   -1.2410156428e-02   -2.0156258083e-02   -4.1195892177e-02    5.3736286700e+01    5.3736286700e+01    5.3736286700e+01
    1.7947620065e+03    1.8559295776e+03   -3.1522866068e+04    1.5783226921e-02    3.8100328433e-02    9.1017786910e-02   -3.6727471962e-02   -7.5766161900e-02   -5.2651360963e-02    5.3753598240e+01    5.3753598240e+01    5.3753598240e+01
    1.8137185145e+03    1.8755321454e+03   -3.1540107304e+04   -8.2966351838e-02    5.6811931690e-02    6.8353656692e-02   -1.5800448746e-01    6.8685315686e-02    6.6752963830e-02    5.3753238149e+01    5.3753238149e+01    5.3753238149e+01
    1.8131795162e+03    1.8749747774e+03   -3.1541072380e+04    2.5434245151e-01    2.1581241399e-01    2.5699301411e-01   -6.2737135236e-04    2.9461236034e-02   -5.4071569305e-02    5.3782957642e+01    5.3782957642e+01    5.3782957642e+01
    1.8151714678e+03    1.8770346171e+03   -3.1566193382e+04   -1.0089262868e-01    5.0640113492e-02   -1.1332264537e-01   -1.4715290923e-02   -6.1529295357e-02   -1.3275641591e-02    5.3792986602e+01    5.3792986602e+01    5.3792986602e+01
    1.8022918989e+03    1.8637160975e+03   -3.1563557085e+04   -2.6017363850e-01   -1.7913712006e-01   -1.3303378121e-01    2.3999248976e-02   -1.0867741450e-01   -8.7204351616e-02    5.3777502668e+01    5.3777502668e+01    5.3777502668e+01
    1.7718864430e+03    1.8322743884e+03   -3.1578129398e+04   -1.9457174388e-02    1.2318246647e-01   -4.4863930009e-02   -1.4023396713e-02    5.3281886335e-02   -4.1519316063e-02    5.3744291000e+01    5.3744291000e+01    5.3744291000e+01
    1.7896315064e+03    1.8506242242e+03   -3.1583604324e+04   -8.8522719855e-02   -3.6012494448e-02    9.4270708136e-02   -8.5583769708e-02    4.5313458759e-02    2.3421655229e-02    5.3755059959e+01    5.3755059959e+01    5.3755059959e+01
    1.7792714609e+03    1.8399110963e+03   -3.1590618051e+04   -2.6321995144e-01   -1.8849339765e-01   -2.7263977474e-01    6.3114790901e-02   -1.9258462188e-03   -5.8036174815e-02    5.3753412828e+01    5.3753412828e+01    5.3753412828e+01
    1.7920590492e+03    1.8531345004e+03   -3.1573242162e+04   -8.0923184192e-02    5.8690693278e-02   -1.2506743171e-01    6.4444341434e-02   -1.0240967398e-01    2.8582248917e-02    5.3744726896e+01    5.3744726896e+01    5.3744726896e+01
    1.7978064179e+03    1.8590777461e+03   -3.1575107709e+04   -8.5348325901e-02   -1.3335052096e-01   -1.1106231977e-01    4.7042579750e-02   -7.5198193873e-03    6.4938658267e-02    5.3741533258e+01    5.3741533258e+01    5.3741533258e+01
    1.7639286439e+03    1.8240453783e+03   -3.1574096008e+04    6.8805546000e-03    1.0687693635e-01    2.2914774169e-01   -2.3868504918e-02   -2.2566479895e-03    6.0612109854e-02    5.3734811405e+01    5.3734811405e+01    5.3734811405e+01
    1.7706047208e+03    1.8309489836e+03   -3.1576070400e+04   -5.8571859343e-04   -5.5175233646e-02   -4.4329546000e-02   -9.9140918958e-02   -5.2246039021e-02   -9.3515961455e-02    5.3718912765e+01    5.3718912765e+01    5.3718912765e+01
    1.7758446795e+03    1.8363675261e+03   -3.1578420892e+04    1.2240069249e-01    2.9645792402e-02   -1.0483883342e-02   -5.1226516161e-02   -3.0501588781e-02   -4.1587943533e-02    5.3717811804e+01    5.3717811804e+01    5.3717811804e+01
    1.7754564760e+03    1.8359660922e+03   -3.1560011669e+04    5.0685760052e-02    3.8313894561e-02   -9.4757282388e-03   -1.3153394369e-02   -3.4744343378e-02   -2.6241048446e-02    5.3725220550e+01    5.3725220550e+01    5.3725220550e+01
    1.8006848823e+03    1.8620543118e+03   -3.1559630722e+04    2.0187414258e-02    9.4133078161e-03   -1.6422439829e-01    5.0814912819e-02    3.6961083562e-02    3.5345072223e-03    5.3750336382e+01    5.3750336382e+01    5.3750336382e+01
    1.7871908691e+03    1.8481004070e+03   -3.1579059699e+04    3.0909589188e-02    2.0720914925e-02   -1.3201996244e-02    4.0899723767e-02    9.1896806552e-02   -9.0856657902e-02    5.3750336382e+01    5.3750336382e+01    5.3750336382e+01
    1.8290502193e+03    1.8913863725e+03   -3.1592690936e+04   -1.6807010137e-01   -1.7550786435e-02   -9.6267287099e-02   -7.9452826244e-03    6.8935692837e-02   -1.7952717212e-01    5.3750336382e+01    5.3750336382e+01    5.3750336382e+01
    1.7729724324e+03    1.8333973896e+03   -3.1563853179e+04   -9.9372037691e-02   -3.7960552116e-02   -6.2309402381e-02    5.4988173423e-02    7.7327056416e-02   -1.2725068467e-02    5.3750336382e+01    5.3750336382e+01    5.3750336382e+01
    1.8308019736e+03    1.8931978286e+03   -3.1571032264e+04    5.2136330718e-02    2.2773067108e-01    1.1247972547e-01    5.8096401562e-02   -3.8960748517e-03    4.1249740229e-02    5.3750336382e+01    5.3750336382e+01    5.3750336382e+01
    1.8211046637e+03    1.8831700232e+03   -3.1546374347e+04    2.0169807629e-01   -5.0113603293e-02    5.1134026000e-02   -1.2007403380e-01    3.2554652259e-02   -4.9520249844e-02    5.3750336382e+01    5.3750336382e+01    5.3750336382e+01
    1.8331740058e+03    1.8956507024e+03   -3.1573440629e+04   -1.4825917949e-01   -8.3568406802e-02    3.1621896452e-03   -7.7403395057e-03   -4.7200052498e-02   -3.1315096626e-03    5.3750336382e+01    5.3750336382e+01    5.3750336382e+01
    1.8106949885e+03    1.8724055741e+03   -3.1524533157e+04   -7.0200979751e-03    8.1791012370e-02   -2.0634474771e-03   -3.3994275907e-02   -1.1512010095e-01   -5.4683112942e-03    5.3750336382e+01    5.3750336382e+01    5.3750336382e+01
    1.8021449461e+03    1.8635641364e+03   -3.1539270674e+04   -1.2175925767e-01   -1.7345701230e-01   -1.7073028924e-01    3.9933103072e-02    4.1925517612e-02    6.4745990392e-02    5.3750336382e+01    5.3750336382e+01    5.3750336382e+01
    1.8085456895e+03    1.8701830245e+03   -3.1532819937e+04   -4.8008479411e-02   -1.6611993020e-01   -4.3541553065e-02    2.4783124380e-02   -6.6364977945e-03   -2.2135093849e-02    5.3750336382e+01    5.3750336382e+01    5.3750336382e+01
    1.8172671756e+03    1.8792017490e+03   -3.1543761306e+04    6.5680586729e-03   -4.2296400613e-02   -1.1437865399e-01    6.5782022964e-03    1.9641238647e-02    3.9896003974e-02    5.3750336382e+01    5.3750336382e+01    5.3750336382e+01
    1.8144644027e+03    1.8763034543e+03   -3.1559373309e+04   -3.2067315402e-02    5.1624734036e-02   -2.1750135013e-01    9.4981119563e-02   -3.6136078217e-02   -4.7441597341e-02    5.3750336382e+01    5.3750336382e+01    5.3750336382e+01
    1.7944996662e+03    1.8556582965e+03   -3.1552310611e+04    1.2442037233e-01    8.6563811149e-02   -5.7814080209e-02   -2.2027446287e-02   -4.4220463352e-02    6.0280253916e-02    5.3750336382e+01    5.3750336382e+01    5.3750336382e+01
    1.7950020884e+03    1.8561778418e+03   -3.1564209462e+04   -1.1636793297e-01   -2.5989420414e-01   -1.0725444641e-01   -4.7648421370e-02    8.6973317320e-02    9.9567447062e-02    5.3750336382e+01    5.3750336382e+01    5.3750336382e+01
    1.8157468740e+03    1.8776296337e+03   -3.1572355829e+04   -1.3938854783e-01   -9.0950159090e-02   -1.7203157747e-01   -8.0518611247e-02    1.8664720055e-02   -4.2301608610e-02    5.3750336382e+01    5.3750336382e+01    5.3750336382e+01
    1.8109454371e+03    1.8726645582e+03   -3.1551350296e+04   -6.1439866528e-02    6.4180945419e-02    2.1537175033e-02   -1.8285189704e-03    7.3270173914e-02   -7.3638729276e-03    5.3750336382e+01    5.3750336382e+01    5.3750336382e+01
    1.8146667348e+03    1.8765126821e+03   -3.1546272680e+04    7.4899891275e-02    1.1005016039e-01    9.3131482894e-02   -8.7243685271e-02    5.2900832138e-02    3.9871742955e-03    5.3750336382e+01    5.3750336382e+01    5.3750336382e+01
    1.8337849289e+03    1.8962824465e+03   -3.1529636511e+04    1.2750342021e-01   -1.1368941319e-01    1.6149507314e-03   -1.3044765935e-01    4.8381787439e-02    1.9036095017e-02    5.3750336382e+01    5.3750336382e+01    5.3750336382e+01
    1.8072497286e+03    1.8688428958e+03   -3.1537068016e+04    7.9405286008e-02    1.6440329843e-02    1.1000102651e-01    5.9680395793e-02   -1.4706098159e-02    7.8254381462e-03    5.3750336382e+01    5.3750336382e+01    5.3750336382e+01
    1.8124423340e+03    1.8742124712e+03   -3.1562576599e+04    6.5422689164e-02    1.7034260315e-01    2.0258200048e-01   -4.1496892648e-02    5.5610616913e-02    4.9599615717e-04    5.3750336382e+01    5.3750336382e+01    5.3750336382e+01
    1.8336914133e+03    1.8961857437e+03   -3.1560749461e+04    9.2508987553e-02    2.1898717762e-02   -4.7966607686e-02    1.4415085637e-02   -2.3795278494e-02   -1.9170230694e-02    5.3750336382e+01    5.3750336382e+01    5.3750336382e+01
    1.8250534334e+03    1.8872533715e+03   -3.1544715955e+04   -3.4384677779e-02   -8.1218040014e-03   -2.6800697243e-03    8.3380312455e-02    2.9283066756e-02   -1.8856767051e-02    5.3750336382e+01    5.3750336382e+01    5.3750336382e+01
    1.8118808997e+03    1.8736319025e+03   -3.1547327048e+04    5.7367698758e-02    1.7595472342e-01    6.3602246687e-02    2.0812013444e-02   -1.6923027254e-02    2.0482497652e-03    5.3750336382e+01    5.3750336382e+01    5.3750336382e+01
    1.7982154900e+03    1.8595007598e+03   -3.1564168553e+04   -8.5360885439e-02   -8.3280310738e-02   -1.1548248981e-01   -4.5676939953e-03    8.7286615259e-03    6.2009786543e-03    5.3750336382e+01    5.3750336382e+01    5.3750336382e+01
    1.7752727137e+03    1.8357760671e+03   -3.1550714961e+04   -1.1934123888e-01   -1.0379983886e-01   -3.1900664171e-02    1.5306683890e-02    9.5867464215e-03   -7.6826304273e-02    5.3750336382e+01    5.3750336382e+01    5.3750336382e+01
    1.8269760434e+03    1.8892415062e+03   -3.1571281127e+04   -1.9205361146e-01   -1.5991420153e-01   -3.6914802560e-02   -2.6644782429e-02   -2.2727589018e-02   -1.4003139708e-02    5.3750336382e+01    5.3750336382e+01    5.3750336382e+01
    1.7966330360e+03    1.8578643740e+03   -3.1570906834e+04   -2.8921702065e-04    1.7601450270e-01    1.7018879001e-03   -1.0777158060e-01    8.9267016027e-03   -1.9729955626e-02    5.3750336382e+01    5.3750336382e+01    5.3750336382e+01
    1.7943850133e+03    1.8555397361e+03   -3.1572610383e+04    9.3716810661e-02    9.8192136576e-02    1.7770871021e-01    2.7623126852e-02    1.2157412942e-01    3.3997343141e-02    5.3750336382e+01    5.3750336382e+01    5.3750336382e+01
    1.7748972833e+03    1.8353878416e+03   -3.1566455805e+04   -5.8162614076e-02   -5.0007493714e-02   -1.2685308734e-02    6.4006757813e-02   -1.9977729041e-02    3.1064810908e-02    5.3750336382e+01    5.3750336382e+01    5.3750336382e+01
    1.8197294436e+03    1.8817479339e+03   -3.1581274133e+04    8.6120649516e-02    4.4869573119e-02    5.2309906428e-02    7.1035313347e-02   -2.0046873901e-02   -7.3106063478e-02    5.3750336382e+01    5.3750336382e+01    5.3750336382e+01
    1.7844562067e+03    1.8452725442e+03   -3.1566820110e+04   -2.5737881752e-01   -4.6711125035e-02   -2.3290906150e-01    6.5633487172e-03   -4.9254167167e-02    1.3946003201e-02    5.3750336382e+01    5.3750336382e+01    5.3750336382e+01
    1.7813589014e+03    1.8420696791e+03   -3.1581326527e+04   -9.1118308212e-02    1.1035446887e-01    6.3365259736e-02    3.5394660076e-02    2.0987094841e-02   -2.0768347002e-03    5.3750336382e+01    5.3750336382e+01    5.3750336382e+01
    1.7939887975e+03    1.8551300167e+03   -3.1583334396e+04   -3.9731692524e-02   -1.2777186692e-01   -1.5632943556e-01   -4.9192620725e-02    6.4971950072e-04   -4.6202241154e-03    5.3750336382e+01    5.3750336382e+01    5.3750336382e+01
    1.7876443615e+03    1.8485693550e+03   -3.1566483808e+04   -2.5543306172e-02   -9.7072533273e-02   -3.0290366413e-02    7.2166748990e-02   -2.1129932600e-02    4.9165161038e-02    5.3750336382e+01    5.3750336382e+01    5.3750336382e+01
    1.7935216677e+03    1.8546469666e+03   -3.1542439352e+04    8.4976209877e-02    1.9359148184e-01    1.0805263380e-02    2.4867788903e-04   -1.3868976442e-01   -3.9625370965e-02    5.3750336382e+01    5.3750336382e+01    5.3750336382e+01
    1.7911338474e+03    1.8521777667e+03   -3.1548457222e+04   -1.8079779209e-02    3.2640525217e-02   -5.5927232688e-03   -4.4044894821e-02   -1.0040623936e-01   -1.2403059961e-01    5.3750336382e+01    5.3750336382e+01    5.3750336382e+01
    1.7988136725e+03    1.8601193290e+03   -3.1545866797e+04   -1.0440423167e-01   -2.2036723069e-01    6.2034095735e-02    7.6852611726e-02   -5.1567436221e-02    3.4792202580e-02    5.3750336382e+01    5.3750336382e+01    5.3750336382e+01
    1.8194934720e+03    1.8815039201e+03   -3.1546354899e+04   -4.4402934061e-02   -3.1707505505e-02    1.9738574912e-02    4.1981970639e-02    9.4609630897e-02    9.3342526733e-03    5.3750336382e+01    5.3750336382e+01    5.3750336382e+01
    1.8113111764e+03    1.8730427624e+03   -3.1534304308e+04   -7.5108202980e-02   -8.1665559925e-02    9.8833894641e-02   -8.3417460722e-02    2.4890343466e-03    7.4634979527e-02    5.3750336382e+01    5.3750336382e+01    5.3750336382e+01
    1.8267521910e+03    1.8890100247e+03   -3.1546582007e+04   -1.1226985840e-01   -9.4640206434e-02   -1.8195603779e-01   -1.8991192532e-01    3.5862284557e-02    8.0900400301e-02    5.3750336382e+01    5.3750336382e+01    5.3750336382e+01
    1.8113175615e+03    1.8730493651e+03   -3.1583060655e+04   -3.0442476798e-02   -2.2072856275e-02   -1.0145904200e-01   -5.7813219123e-02    6.9253430944e-03   -7.4868395457e-02    5.3750336382e+01    5.3750336382e+01    5.3750336382e+01
    1.7967755040e+03    1.8580116974e+03   -3.1570947153e+04   -4.3578988863e-02   -5.1879930168e-02   -3.2682263523e-02    3.7784121971e-02    5.1652162233e-03    1.6181960437e-02    5.3750336382e+01    5.3750336382e+01    5.3750336382e+01
    1.7938624910e+03    1.8549994056e+03   -3.1588263348e+04    5.4497324415e-02   -1.3056954589e-01   -3.2201405131e-02    3.1404140524e-02   -7.0611661552e-02   -1.3222786069e-02    5.3750336382e+01    5.3750336382e+01    5.3750336382e+01
    1.7635541268e+03    1.8236580972e+03   -3.1592408609e+04   -1.2440327264e-01    1.2243612451e-01   -8.6322217587e-02   -7.1656953708e-02    2.1815699665e-02   -7.4717544499e-02    5.3750336382e+01    5.3750336382e+01    5.3750336382e+01
    1.8006673462e+03    1.8620361781e+03   -3.1583419243e+04    5.5009821553e-02   -2.8519259642e-02   -3.1788832355e-02   -4.5095997737e-02    1.3440668836e-01    2.2075500809e-02    5.3750336382e+01    5.3750336382e+01    5.3750336382e+01
    1.7888755900e+03    1.8498425452e+03   -3.1546610714e+04    1.3316812807e-02    9.4213776120e-03   -1.3361475728e-01    7.2750541827e-02   -4.2951584306e-03   -6.5480715391e-02    5.3750336382e+01    5.3750336382e+01    5.3750336382e+01
    1.8240820603e+03    1.8862488928e+03   -3.1578359733e+04   -2.5972153514e-02   -9.3633168480e-02   -6.3209772834e-02   -1.7589773968e-02   -5.0178731654e-02   -1.2202963825e-02    5.3750336382e+01    5.3750336382e+01    5.3750336382e+01
    1.8227545327e+03    1.8848761216e+03   -3.1558980799e+04    6.9497975827e-02    1.7785295539e-01    3.5426191652e-02    1.5974084546e-02    7.8894251974e-02   -1.0348289040e-01    5.3750336382e+01    5.3750336382e+01    5.3750336382e+01
    1.8179313481e+03    1.8798885573e+03   -3.1549093959e+04    9.0142356158e-02    1.1465664841e-01    1.0306523359e-01   -7.4989884981e-02    7.2799749619e-02   -4.9152360684e-02    5.3750336382e+01    5.3750336382e+01    5.3750336382e+01
    1.8180256843e+03    1.8799861086e+03   -3.1557615469e+04   -9.1054697305e-02   -6.9157193790e-03   -7.2623767370e-02    3.6551105828e-02   -1.1042876434e-01    5.7497878234e-02    5.3750336382e+01    5.3750336382e+01    5.3750336382e+01
    1.8021438985e+03    1.8635630530e+03   -3.1554390999e+04    1.0951795910e-01    1.8004997098e-02   -2.1375777531e-01   -7.3871091965e-02   -9.3159317837e-02   -4.7875087961e-02    5.3750336382e+01    5.3750336382e+01    5.3750336382e+01
    1.7883886192e+03    1.8493389779e+03   -3.1552918375e+04    1.1275321349e-01    1.4061374342e-01    7.3923559547e-02   -6.7981695470e-02   -5.4506184130e-02    8.1336921944e-03    5.3750336382e+01    5.3750336382e+01    5.3750336382e+01
    1.7926249708e+03    1.8537197093e+03   -3.1568813877e+04    2.2107224232e-01    1.0044476710e-01    2.0655845166e-01    5.8002622756e-02   -1.0220032493e-01   -3.5866502426e-02    5.3750336382e+01    5.3750336382e+01    5.3750336382e+01
    1.8061657205e+03    1.8677219434e+03   -3.1560027604e+04    4.4009926518e-02   -2.1225422204e-02    4.7240705455e-02   -2.6515001772e-02    9.7692062935e-02    6.5142572269e-02    5.3750336382e+01    5.3750336382e+01    5.3750336382e+01
    1.7936928112e+03    1.8548239429e+03   -3.1561289323e+04   -2.0607833567e-02    1.6312644926e-01   -1.0055475363e-01   -7.6446702478e-02   -4.0731202364e-02   -5.3006751017e-02    5.3750336382e+01    5.3750336382e+01    5.3750336382e+01
    1.8038488218e+03    1.8653260822e+03   -3.1571035048e+04    6.7579615283e-02   -2.9744822253e-02   -3.0534346839e-02    2.6661684909e-02    1.5771588106e-01    1.1472375447e-01    5.3750336382e+01    5.3750336382e+01    5.3750336382e+01
    1.7870297927e+03    1.8479338410e+03   -3.1567890922e+04    9.6390234692e-03    7.3058362745e-02    4.8888737033e-02    8.6229637848e-02    8.4441836628e-02   -8.8684036015e-02    5.3750336382e+01    5.3750336382e+01    5.3750336382e+01
    1.7860920323e+03    1.8469641207e+03   -3.1570694889e+04   -9.9923875843e-02   -4.1028558820e-02   -3.2620692248e-02    9.0372118110e-02   -2.1897296827e-02   -4.9564326333e-02    5.3750336382e+01    5.3750336382e+01    5.3750336382e+01
    1.7732482622e+03    1.8336826199e+03   -3.1565433903e+04   -1.0351328325e-01   -2.4674865234e-02   -2.1087132362e-01   -2.7329376995e-02   -8.4312649759e-02    6.6730409213e-02    5.3750336382e+01    5.3750336382e+01    5.3750336382e+01
    1.7932864873e+03    1.8544037710e+03   -3.1561629006e+04   -1.2806933949e-02   -5.8467225717e-02   -6.9558211195e-02    5.4800266136e-03    9.0301781143e-02   -2.9446126287e-02    5.3750336382e+01    5.3750336382e+01    5.3750336382e+01
    1.7951044879e+03    1.8562837311e+03   -3.1574187971e+04   -2.5604937265e-01   -7.6270228068e-02    6.1807230967e-02   -4.3305488080e-02    2.1773518839e-02   -2.2919481648e-02    5.3750336382e+01    5.3750336382e+01    5.3750336382e+01
    1.7808453752e+03    1.8415386513e+03   -3.1547751132e+04   -8.0583714193e-03   -6.7043071871e-02   -3.9574064015e-02    6.5222609082e-04    4.8270200857e-02   -2.9024385819e-02    5.3750336382e+01    5.3750336382e+01    5.3750336382e+01
    1.8002757285e+03    1.8616312136e+03   -3.1554528193e+04    9.7360814881e-03   -2.2311395163e-01    1.7062484732e-03   -2.9877265019e-03   -1.6237979742e-02   -8.7657460739e-03    5.3750336382e+01    5.3750336382e+01    5.3750336382e+01
    1.7944331677e+03    1.8555895316e+03   -3.1566860785e+04    1.9010698759e-02    4.0293066932e-02    1.2280785307e-01    1.1794917975e-02    2.7502528784e-02    3.7135335607e-02    5.3750336382e+01    5.3750336382e+01    5.3750336382e+01
    1.8091969636e+03    1.8708564948e+03   -3.1547526766e+04   -2.0382556755e-01   -2.2454048009e-01    3.7097720835e-02   -9.8172555986e-02   -7.4887500022e-02    9.2600383677e-02    5.3750336382e+01    5.3750336382e+01    5.3750336382e+01
    1.8098423446e+03    1.8715238711e+03   -3.1542548706e+04   -5.8194538254e-02   -1.6506534055e-01   -7.6596053636e-02    2.2504225213e-02   -2.5849781336e-02    9.8418944943e-02    5.3750336382e+01    5.3750336382e+01    5.3750336382e+01
    1.8098726935e+03    1.8715552543e+03   -3.1576673522e+04   -7.8737058764e-02    3.9368595467e-02   -1.7082274251e-01   -8.5313757183e-02    5.0701305966e-02   -2.6195627057e-02    5.3750336382e+01    5.3750336382e+01    5.3750336382e+01
    1.8088391831e+03    1.8704865208e+03   -3.1545110033e+04   -1.2300573401e-01   -2.3202353610e-01   -2.2326786573e-01   -6.7531498034e-03    4.3816361707e-02    7.2765125686e-02    5.3750336382e+01    5.3750336382e+01    5.3750336382e+01
    1.7878507518e+03    1.8487827794e+03   -3.1533651414e+04   -4.0529461680e-02    4.9081722510e-02   -7.9639293964e-02   -1.6802885366e-02    2.0444968675e-02   -2.7416852497e-02    5.3750336382e+01    5.3750336382e+01    5.3750336382e+01
    1.8053300831e+03    1.8668578265e+03   -3.1574537427e+04    1.6413975226e-01    1.2299931397e-01    5.4281495944e-02    2.6097320349e-02    8.7482405409e-02    8.2071793138e-02    5.3750336382e+01    5.3750336382e+01    5.3750336382e+01
    1.8102153741e+03    1.8719096139e+03   -3.1561621517e+04   -1.0576642789e-02    3.2416906387e-02    1.1770722873e-01   -4.6007760106e-02    6.2441672333e-03    7.6384994879e-02    5.3750336382e+01    5.3750336382e+01    5.3750336382e+01
    1.7899777415e+03    1.8509822593e+03   -3.1563928732e+04    1.3311714039e-01   -7.9241347173e-02   -6.1726674409e-02   -1.8535355250e-02    2.4104300483e-02    3.9784638705e-02    5.3750336382e+01    5.3750336382e+01    5.3750336382e+01
    1.7897180137e+03    1.8507136797e+03   -3.1556961552e+04   -2.1642147656e-02    2.8402628300e-02    1.5011451748e-01   -9.4783502210e-02   -4.1129109880e-03   -1.7169099156e-02    5.3750336382e+01    5.3750336382e+01    5.3750336382e+01
    1.8068869800e+03    1.8684677842e+03   -3.1597622030e+04   -8.9754007610e-02    1.2154033613e-03    9.2527970983e-03    3.0069268459e-02    3.8663336691e-02    1.0546586986e-02    5.3750336382e+01    5.3750336382e+01    5.3750336382e+01
    1.8106944793e+03    1.8724050475e+03   -3.1566848463e+04    6.1167903502e-02    1.9760343011e-02    5.6877131981e-02   -8.8834131785e-03   -9.9622836382e-02   -1.6458577684e-02    5.3750336382e+01    5.3750336382e+01    5.3750336382e+01
    1.7710531025e+03    1.8314126467e+03   -3.1547232547e+04   -4.2674401448e-02   -7.5943283316e-02   -5.6148342799e-03    3.2780209119e-02    3.6896543029e-02    1.9785776179e-01    5.3750336382e+01    5.3750336382e+01    5.3750336382e+01
    1.7772569735e+03    1.8378279528e+03   -3.1542560557e+04    1.0545139825e-01    6.6150578376e-02   -6.5521629148e-02   -7.1501237802e-02    2.0507668559e-03   -4.0843003978e-02    5.3750336382e+01    5.3750336382e+01    5.3750336382e+01
    1.7936145423e+03    1.8547430065e+03   -3.1564097710e+04    1.3309232006e-01    1.1993443890e-01    1.5727418720e-01   -3.4434174469e-02   -8.8774534629e-02   -1.9396771447e-02    5.3750336382e+01    5.3750336382e+01    5.3750336382e+01
    1.7703356545e+03    1.8306707472e+03   -3.1543743926e+04    1.1145586900e-03    2.8373519209e-02    2.8166349689e-02   -3.1896756540e-02   -4.4242917166e-02    4.4086513852e-02    5.3750336382e+01    5.3750336382e+01    5.3750336382e+01
    1.7739547419e+03    1.8344131773e+03   -3.1556927972e+04    4.6985493648e-02    7.8009253900e-02    1.2832968173e-02   -4.2699606202e-02    4.9489525539e-02    1.1191748872e-01    5.3750336382e+01    5.3750336382e+01    5.3750336382e+01
    1.7921681367e+03    1.8532473057e+03   -3.1542826310e+04    5.6639054307e-02   -1.0350525317e-01    1.0176794381e-02   -6.3183973571e-02   -1.4847583805e-01   -1.0943613424e-01    5.3750336382e+01    5.3750336382e+01    5.3750336382e+01
    1.8124053071e+03    1.8741741824e+03   -3.1557389072e+04    3.1256799033e-02   -8.5556479408e-02    1.3025474134e-01   -6.7416056054e-02   -4.7683145148e-02    5.2140237979e-02    5.3750336382e+01    5.3750336382e+01    5.3750336382e+01
    1.8035887178e+03    1.8650571135e+03   -3.1535528893e+04   -6.4925922541e-02    6.7827738701e-02    8.6655972356e-03   -7.0672531694e-02    9.0147032721e-03   -1.4073122141e-01    5.3750336382e+01    5.3750336382e+01    5.3750336382e+01
    1.8064498585e+03    1.8680157652e+03   -3.1538182840e+04    4.3364581061e-02   -9.9763666118e-02    9.6701252724e-02   -1.1233894724e-02    2.3117193530e-02    1.8830046083e-02    5.3750336382e+01    5.3750336382e+01    5.3750336382e+01
    1.8189477121e+03    1.8809395601e+03   -3.1552115138e+04   -1.8005952226e-01    1.0229073567e-01   -8.4584233913e-02   -7.3707851551e-02   -5.2238637022e-02    1.8394835173e-02    5.3750336382e+01    5.3750336382e+01    5.3750336382e+01
    1.8072375749e+03    1.8688303278e+03   -3.1566991667e+04   -3.8031846436e-02    6.7183779035e-02   -9.6554940201e-02   -8.4487725711e-02    2.6365727193e-02   -3.2739335938e-02    5.3750336382e+01    5.3750336382e+01    5.3750336382e+01
    1.7996909254e+03    1.8610264798e+03   -3.1560436305e+04    1.1692539455e-01   -4.3789790213e-02    1.1908525046e-01    1.0985738749e-01   -6.1979512144e-03   -4.2236038216e-02    5.3750336382e+01    5.3750336382e+01    5.3750336382e+01
    1.8174708873e+03    1.8794124034e+03   -3.1554912194e+04   -1.9510417432e-01    5.6168172631e-02   -6.5987207074e-02    3.5725694590e-02    3.5552530049e-02   -6.0352786928e-02    5.3750336382e+01    5.3750336382e+01    5.3750336382e+01
    1.7953811354e+03    1.8565698072e+03   -3.1571011562e+04    6.5787740278e-02    7.9490584734e-02   -2.6195893322e-03    1.4133061146e-02    5.4824661923e-03   -3.6553168743e-02    5.3750336382e+01    5.3750336382e+01    5.3750336382e+01
    1.7938423606e+03    1.8549785891e+03   -3.1551738478e+04    6.1304604693e-02   -1.3846589053e-01   -1.4798093579e-01   -7.1763320250e-02    3.6195382741e-02    9.4451583260e-02    5.3750336382e+01    5.3750336382e+01    5.3750336382e+01
    1.7974334460e+03    1.8586920629e+03   -3.1575667672e+04    4.9640230355e-02    3.6287602447e-03    1.1781490177e-02    1.7827166064e-02    7.4902854026e-02   -9.3891270756e-03    5.3750336382e+01    5.3750336382e+01    5.3750336382e+01
    1.7712246821e+03    1.8315900739e+03   -3.1511540852e+04   -8.5306337237e-02    9.9729419424e-02   -8.1104779667e-02   -2.5320057179e-02    1.0445979228e-01    4.3948642164e-02    5.3750336382e+01    5.3750336382e+01    5.3750336382e+01
    1.8081215212e+03    1.8697444001e+03   -3.1539571608e+04   -7.6290717355e-02   -6.4769788620e-02    8.2672164336e-02   -8.7499121866e-02    1.3423738208e-02   -1.5100466034e-02    5.3750336382e+01    5.3750336382e+01    5.3750336382e+01
    1.8198752660e+03    1.8818987262e+03   -3.1543749709e+04   -7.1651307906e-02   -4.6179909140e-02    4.4881076393e-02    2.2973288276e-03    4.0248158818e-02    5.6140369154e-02    5.3750336382e+01    5.3750336382e+01    5.3750336382e+01
    1.7938240483e+03    1.8549596527e+03   -3.1542927426e+04    2.3085756096e-01    1.6618816241e-01    7.5163604436e-02    3.2418622889e-02    3.0923947003e-02   -1.3591152900e-02    5.3750336382e+01    5.3750336382e+01    5.3750336382e+01
    1.7984176902e+03    1.8597098513e+03   -3.1556503361e+04   -1.2702607603e-01    1.1318684885e-01    3.3943483841e-02    4.8678365370e-02   -9.2775540271e-02    1.8655766673e-02    5.3750336382e+01    5.3750336382e+01    5.3750336382e+01
    1.8296552351e+03    1.8920120079e+03   -3.1549818081e+04   -4.0228850412e-02   -9.8440937999e-02   -1.5525026938e-01    6.6855410071e-02   -1.5897662120e-02    8.1198516570e-03    5.3750336382e+01    5.3750336382e+01    5.3750336382e+01
    1.8200675190e+03    1.8820975313e+03   -3.1526448195e+04    7.2999569162e-02    7.2751944985e-02   -7.2608864782e-02    5.4243868733e-02   -6.1925929127e-02   -2.0452640583e-02    5.3750336382e+01    5.3750336382e+01    5.3750336382e+01
    1.8135160757e+03    1.8753228072e+03   -3.1535380832e+04   -7.1275125967e-03    6.0214699778e-02   -8.3200859483e-02    1.3201641212e-01    2.0885886830e-03   -6.8619551740e-02    5.3750336382e+01    5.3750336382e+01    5.3750336382e+01
    1.8098311316e+03    1.8715122760e+03   -3.1564026842e+04    4.4193343799e-02    1.6179492260e-01    8.5561939353e-02    5.0365926513e-02    4.7998764190e-02   -8.3005086048e-02    5.3750336382e+01    5.3750336382e+01    5.3750336382e+01
    1.8116315342e+03    1.8733740383e+03   -3.1569340989e+04    5.9232864502e-02   -6.8309779011e-02    1.7818622465e-02   -1.2950734754e-01   -9.4842775874e-02   -2.2462999290e-02    5.3750336382e+01    5.3750336382e+01    5.3750336382e+01
    1.7921891865e+03    1.8532690729e+03   -3.1568538388e+04    9.2871654890e-02    6.3282183238e-02   -3.2254501165e-02    3.3551321242e-02   -5.6044658108e-02   -2.8440782416e-02    5.3750336382e+01    5.3750336382e+01    5.3750336382e+01
    1.7708532188e+03    1.8312059507e+03   -3.1563388537e+04    4.7688807747e-02   -9.6957188004e-02    1.2014669144e-01   -2.3210825433e-02    9.0227411628e-02    1.1575057633e-01    5.3750336382e+01    5.3750336382e+01    5.3750336382e+01
    1.7880136571e+03    1.8489512366e+03   -3.1570853000e+04   -7.8773074264e-02   -2.6097571420e-02   -2.0722534492e-02    5.3663284409e-02    1.1531249581e-02    7.2640915135e-02    5.3750336382e+01    5.3750336382e+01    5.3750336382e+01
    1.8053336605e+03    1.8668615258e+03   -3.1544858097e+04    6.8134916034e-02    1.3807805567e-01    1.5607648007e-01   -6.6829243374e-02    2.9559135646e-02    2.6034832087e-02    5.3750336382e+01    5.3750336382e+01    5.3750336382e+01
    1.8303464334e+03    1.8927267630e+03   -3.1556751954e+04   -2.5058537335e-01   -1.0095968552e-01   -6.4480035701e-04    8.0728455038e-02    1.5001967804e-01    1.1644961467e-01    5.3750336382e+01    5.3750336382e+01    5.3750336382e+01
    1.7816464656e+03    1.8423670438e+03   -3.1553694937e+04   -9.8088537436e-02   -3.5987115887e-02    6.3915736302e-02    6.4882706569e-02   -6.8842020346e-02   -3.2850357396e-02    5.3750336382e+01    5.3750336382e+01    5.3750336382e+01
    1.7998828776e+03    1.8612249740e+03   -3.1558321115e+04   -2.6590613043e-02   -1.7755086983e-01   -9.8572461415e-02    1.2949912813e-02    1.4016594772e-02    8.8565600346e-02    5.3750336382e+01    5.3750336382e+01    5.3750336382e+01
    1.8031925243e+03    1.8646474173e+03   -3.1560671402e+04   -1.8372973341e-02   -7.7350347584e-02   -9.6590838869e-02    1.0466507413e-02   -9.0284900710e-03    1.2918221994e-02    5.3750336382e+01    5.3750336382e+01    5.3750336382e+01
    1.7693506622e+03    1.8296521852e+03   -3.1543003035e+04   -4.4338907556e-02   -5.3767966048e-02   -1.4776305899e-01    4.8802111265e-02    5.9536476030e-02   -1.4257965515e-01    5.3750336382e+01    5.3750336382e+01    5.3750336382e+01
    1.7779409405e+03    1.8385352302e+03   -3.1552408385e+04    8.8997757163e-02    6.5442073569e-02    2.7866088201e-02   -3.1032112377e-02   -6.0302102779e-02   -5.4996946120e-03    5.3750336382e+01    5.3750336382e+01    5.3750336382e+01
    1.7624541551e+03    1.8225206372e+03   -3.1550469833e+04   -1.0561585275e-01   -1.5934423451e-01   -7.6817705054e-02   -1.0885387564e-01    1.7923567598e-02   -2.5400644233e-02    5.3750336382e+01    5.3750336382e+01    5.3750336382e+01
    1.8029982707e+03    1.8644465433e+03   -3.1556012142e+04   -2.1488150306e-02    1.5094857549e-01    2.0303735354e-01    4.6046310609e-02   -4.0175865538e-02    1.8813713705e-02    5.3750336382e+01    5.3750336382e+01    5.3750336382e+01
    1.7850751588e+03    1.8459125909e+03   -3.1574350965e+04   -1.6086013080e-01   -3.3950908208e-01   -1.5276825118e-01    8.1401023233e-03   -3.0571793399e-02   -2.6987138799e-02    5.3750336382e+01    5.3750336382e+01    5.3750336382e+01
    1.7883561053e+03    1.8493053558e+03   -3.1576678642e+04    2.6091217856e-02   -3.8325568449e-02   -6.0090066166e-02    7.3428329018e-02    8.1825259924e-02   -8.3050564202e-02    5.3750336382e+01    5.3750336382e+01    5.3750336382e+01
    1.7852119715e+03    1.8460540663e+03   -3.1563753016e+04    8.3657405500e-02   -1.3727368696e-01   -5.9310622418e-02   -6.9781571463e-02   -1.0242133054e-01   -3.5940861922e-02    5.3750336382e+01    5.3750336382e+01    5.3750336382e+01
    1.8314615864e+03    1.8938799217e+03   -3.1582318313e+04   -6.7184850794e-03    2.3746236638e-02   -1.5917426279e-01    8.7083693097e-05    2.0587111509e-02   -6.7690923588e-02    5.3750336382e+01    5.3750336382e+01    5.3750336382e+01
    1.7723975139e+03    1.8328028771e+03   -3.1550565422e+04   -3.8120316256e-04    4.9020513727e-02   -7.2747594057e-02    3.8264372350e-02    6.7436602999e-02    4.5374783724e-02    5.3750336382e+01    5.3750336382e+01    5.3750336382e+01
    1.8031881789e+03    1.8646429237e+03   -3.1574428782e+04    9.0455172143e-02   -6.3757272355e-03    8.6563646952e-03    2.7037085954e-02    4.5620369120e-02    5.7638429454e-02    5.3750336382e+01    5.3750336382e+01    5.3750336382e+01
    1.8024057293e+03    1.8638338073e+03   -3.1585072510e+04   -3.4453618253e-02    6.6649067502e-02   -7.3356971492e-02    1.3204551382e-02   -1.5342071802e-01   -5.0152894867e-02    5.3750336382e+01    5.3750336382e+01    5.3750336382e+01
    1.7848626493e+03    1.8456928388e+03   -3.1586859765e+04   -9.7622855203e-02    7.7984648826e-02    5.9891925258e-02    3.2044937173e-02    3.2851784506e-02    1.3307512378e-02    5.3750336382e+01    5.3750336382e+01    5.3750336382e+01
    1.7567738932e+03    1.8166467853e+03   -3.1561618766e+04   -1.4695894957e-01   -1.1603011538e-01   -1.3438322302e-01    2.5141030183e-02    2.7818175020e-02   -5.5358580499e-02    5.3750336382e+01    5.3750336382e+01    5.3750336382e+01
    1.7821785885e+03    1.8429173021e+03   -3.1582741944e+04   -1.1383831690e-01    6.7055275645e-02    1.5951386707e-01    3.7887213490e-02   -8.9907307804e-02    4.9234873131e-02    5.3750336382e+01    5.3750336382e+01    5.3750336382e+01
    1.7940862608e+03    1.8552308017e+03   -3.1567230464e+04   -5.4956175778e-02    1.2890476160e-02   -1.1766986298e-02   -5.5244194312e-02   -6.0278544836e-02   -8.6198035783e-02    5.3750336382e+01    5.3750336382e+01    5.3750336382e+01
    1.8081334574e+03    1.8697567431e+03   -3.1541687102e+04    1.3679826085e-01    1.7500803805e-02   -9.7427013740e-02   -1.4518052079e-02    1.1373116145e-02    1.7979162480e-02    5.3750336382e+01    5.3750336382e+01    5.3750336382e+01
    1.8145645155e+03    1.8764069790e+03   -3.1543586212e+04    1.0577207702e-01   -8.9780278913e-02    8.0064445059e-02    9.5042588928e-02   -8.7748670393e-02    1.4182491504e-01    5.3750336382e+01    5.3750336382e+01    5.3750336382e+01
    1.8041478534e+03    1.8656353051e+03   -3.1541977711e+04   -2.1421356270e-02    8.8764814441e-02    1.9104393759e-01    7.1146069188e-02    8.7062807091e-02   -8.4950057689e-04    5.3750336382e+01    5.3750336382e+01    5.3750336382e+01
    1.8036478832e+03    1.8651182953e+03   -3.1563556305e+04    2.4657534632e-02   -2.0154440450e-02    4.2085472000e-02    1.0069319872e-02    3.4139427846e-02   -7.3564679739e-03    5.3750336382e+01    5.3750336382e+01    5.3750336382e+01
    1.8274949320e+03    1.8897780791e+03   -3.1579028789e+04    8.7846795795e-03   -1.1534445377e-01   -6.4484864900e-03    1.0330807110e-01    5.9833392994e-02   -2.6105626758e-02    5.3750336382e+01    5.3750336382e+01    5.3750336382e+01
    1.7968645107e+03    1.8581037376e+03   -3.1575137154e+04   -1.9697216381e-01   -3.6051319861e-02   -1.3618167270e-01    1.1710468766e-02    7.8558013678e-02    1.6683193624e-02    5.3750336382e+01    5.3750336382e+01    5.3750336382e+01
    1.8163103339e+03    1.8782122970e+03   -3.1566457067e+04    7.7480321911e-02    1.0219843489e-01    5.0532406777e-02    2.4544272216e-02    5.0073236205e-02   -2.7824448577e-02    5.3750336382e+01    5.3750336382e+01    5.3750336382e+01
    1.7950270395e+03    1.8562036433e+03   -3.1558891462e+04    3.2097692003e-02    1.1342230979e-01   -3.1971365102e-02   -1.0752424974e-01   -9.8859106959e-02   -1.6997107576e-02    5.3750336382e+01    5.3750336382e+01    5.3750336382e+01
    1.7954828164e+03    1.8566749535e+03   -3.1568910176e+04   -1.2842102683e-01   -4.9457312900e-02   -2.1531691575e-03    9.9861731771e-02   -7.4702833823e-02   -5.1059018099e-02    5.3750336382e+01    5.3750336382e+01    5.3750336382e+01
    1.7729088192e+03    1.8333316084e+03   -3.1568488058e+04   -7.1769831391e-02   -9.4917001230e-02    2.1325949818e-02   -6.3623234931e-03    7.6516514033e-03    1.0533779321e-02    5.3750336382e+01    5.3750336382e+01    5.3750336382e+01
    1.7995069181e+03    1.8608362013e+03   -3.1570667948e+04    1.0551286395e-01    6.6578560507e-02    3.0628339548e-02    2.3242935363e-02   -6.5149610728e-02    3.0040060728e-02    5.3750336382e+01    5.3750336382e+01    5.3750336382e+01
    1.7698188689e+03    1.8301363489e+03   -3.1563891576e+04   -1.2035309026e-02    9.7462456985e-02   -2.0513177726e-02    1.0824217456e-01   -6.9843970831e-02   -2.0492706869e-02    5.3750336382e+01    5.3750336382e+01    5.3750336382e+01
    1.7943562324e+03    1.8555099742e+03   -3.1583333236e+04    6.9453466971e-02    2.2460304791e-02   -9.5834991248e-02   -4.6686170923e-02   -4.1292372645e-02   -8.3556289128e-02    5.3750336382e+01    5.3750336382e+01    5.3750336382e+01
    1.7858924445e+03    1.8467577307e+03   -3.1578475953e+04   -8.7077699534e-02   -7.5287092722e-03   -8.4856956694e-03   -2.7511406881e-02   -3.9376386100e-02   -1.2352243170e-02    5.3750336382e+01    5.3750336382e+01    5.3750336382e+01
    1.7994786740e+03    1.8608069946e+03   -3.1555388125e+04    2.7466503213e-03   -8.0620525186e-02    8.2313760602e-02   -8.0904108548e-02   -4.5221317781e-02    9.9594032897e-02    5.3750336382e+01    5.3750336382e+01    5.3750336382e+01
    1.7773924880e+03    1.8379680857e+03   -3.1544251400e+04   -1.2057480536e-01   -2.2748992260e-03   -2.5947336476e-01   -1.4469700196e-01   -3.5279304905e-02    1.5133727753e-01    5.3750336382e+01    5.3750336382e+01    5.3750336382e+01
    1.7950230603e+03    1.8561995284e+03   -3.1585472363e+04   -3.7049822165e-02    2.2567198220e-02   -1.2384359442e-01    4.0875630953e-02   -8.0610550918e-02    2.8413086007e-02    5.3750336382e+01    5.3750336382e+01    5.3750336382e+01
    1.7931035055e+03    1.8542145530e+03   -3.1554497532e+04    2.0440366415e-02   -5.7801866596e-02    1.2034203199e-01   -1.0899298126e-02    3.1397028731e-02    6.1897358334e-02    5.3750336382e+01    5.3750336382e+01    5.3750336382e+01
    1.7920222121e+03    1.8530964078e+03   -3.1532576414e+04   -3.4339291549e-01   -2.5365211045e-01   -4.1470180917e-01   -1.6565021944e-02   -5.6780205402e-02   -9.1672429239e-03    5.3750336382e+01    5.3750336382e+01    5.3750336382e+01
    1.7838939292e+03    1.8446911036e+03   -3.1562248942e+04   -1.1921352245e-01   -1.2335908697e-01   -1.4165036013e-01    5.4061332097e-02    1.1470451418e-01   -1.8891261094e-02    5.3750336382e+01    5.3750336382e+01    5.3750336382e+01
    1.8030298973e+03    1.8644792477e+03   -3.1558129067e+04   -1.2683463936e-01   -1.3139979946e-01   -8.9275065211e-02   -5.7873098232e-02   -5.4209164874e-02    1.4932682427e-02    5.3750336382e+01    5.3750336382e+01    5.3750336382e+01
    1.7992156598e+03    1.8605350166e+03   -3.1569185583e+04    4.9795102175e-02    2.0363363362e-02    4.8142373726e-02    3.5790224797e-02   -8.5912574525e-02   -5.0767171569e-02    5.3750336382e+01    5.3750336382e+01    5.3750336382e+01
    1.8123903438e+03    1.8741587091e+03   -3.1574646251e+04    5.7584879102e-02    1.3200685591e-01    3.3517699025e-02   -5.2721121346e-03   -1.0196904360e-01    5.6905480473e-03    5.3750336382e+01    5.3750336382e+01    5.3750336382e+01
    1.7778257489e+03    1.8384161127e+03   -3.1565035152e+04    2.2004314043e-01    8.2930025097e-02    2.2033266528e-02    4.8271539128e-03    5.7593234234e-02    8.4849000143e-03    5.3750336382e+01    5.3750336382e+01    5.3750336382e+01
    1.7942015459e+03    1.8553500158e+03   -3.1585371237e+04    3.7125050208e-02   -1.3745942216e-01   -1.0368449571e-01   -4.9399576367e-02   -3.9882677660e-02   -4.2373174671e-02    5.3750336382e+01    5.3750336382e+01    5.3750336382e+01
    1.7945705929e+03    1.8557316404e+03   -3.1569495111e+04   -1.9905324656e-01    3.9960871451e-02    4.2842075674e-02    3.1499285393e-02   -6.0766956741e-02   -2.9085274792e-02    5.3750336382e+01    5.3750336382e+01    5.3750336382e+01
    1.7836676630e+03    1.8444571260e+03   -3.1573341652e+04   -1.1234604537e-01    1.0393541973e-02   -1.6679347369e-01   -5.6061737867e-03    9.5752799086e-03    5.6619718689e-02    5.3750336382e+01    5.3750336382e+01    5.3750336382e+01
    1.8021490573e+03    1.8635683877e+03   -3.1575989493e+04   -1.6676138980e-01   -3.9923954532e-02   -1.3791225825e-01    1.6482509852e-02    8.6608988490e-02    4.1655558613e-02    5.3750336382e+01    5.3750336382e+01    5.3750336382e+01
    1.8053058725e+03    1.8668327907e+03   -3.1564650759e+04   -9.7992693606e-02   -4.5588284898e-02    1.1395594443e-02   -5.4948095023e-02    3.1530172447e-02    2.5936536146e-02    5.3750336382e+01    5.3750336382e+01    5.3750336382e+01
    1.8007483115e+03    1.8621199028e+03   -3.1543155712e+04   -2.1342521740e-01   -1.4226396763e-01   -1.4985538816e-01    4.7249019235e-02    2.1570450390e-02   -5.7271177416e-04    5.3750336382e+01    5.3750336382e+01    5.3750336382e+01
    1.8058347810e+03    1.8673797251e+03   -3.1551218256e+04   -1.5712347280e-01    1.8527458818e-02   -6.0080935945e-02   -5.9502024563e-03   -5.4926850337e-02    1.6950180107e-01    5.3750336382e+01    5.3750336382e+01    5.3750336382e+01
    1.8146737571e+03    1.8765199438e+03   -3.1562758764e+04    1.6178914715e-01   -2.7730541212e-01   -1.9603299594e-01   -2.1399826192e-02   -5.8956868125e-03   -8.7608174559e-02    5.3750336382e+01    5.3750336382e+01    5.3750336382e+01
    1.8044708213e+03    1.8659692800e+03   -3.1523464662e+04    1.0524278090e-01    1.4027313607e-01    1.2453334953e-01    4.7049385325e-02   -1.3030317603e-01    7.8656992808e-03    5.3750336382e+01    5.3750336382e+01    5.3750336382e+01
    1.8275217072e+03    1.8898057669e+03   -3.1538930874e+04   -2.1403829421e-01    1.2413063323e-02   -7.5946403806e-02    7.3218364074e-02   -4.4295660707e-02    6.0398903031e-02    5.3750336382e+01    5.3750336382e+01    5.3750336382e+01
    1.8099769801e+03    1.8716630951e+03   -3.1526645048e+04    1.5109202283e-01    2.5032339223e-01    2.2774389366e-01    7.2940145389e-02    2.3287996328e-02    1.0072329921e-01    5.3750336382e+01    5.3750336382e+01    5.3750336382e+01
    1.8376837437e+03    1.9003141374e+03   -3.1534413411e+04    4.5376995163e-02   -6.6247508585e-04    1.1262900863e-01   -4.2286345454e-02    1.4700648582e-02   -3.8709839774e-03    5.3750336382e+01    5.3750336382e+01    5.3750336382e+01
    1.8332623729e+03    1.8957420811e+03   -3.1540611588e+04   -1.3323169243e-01   -7.4759504160e-02   -5.3916103157e-03   -4.5533177443e-02    4.5547329536e-02    1.0368056676e-03    5.3750336382e+01    5.3750336382e+01    5.3750336382e+01
    1.8207797490e+03    1.8828340349e+03   -3.1547212832e+04   -2.2709972518e-02    9.3317648752e-02   -1.0218723054e-01   -3.6822674465e-02   -4.0684369009e-02   -7.2884291065e-02    5.3750336382e+01    5.3750336382e+01    5.3750336382e+01
    1.8103962947e+03    1.8720967004e+03   -3.1551863698e+04   -2.5756867302e-02    2.0961858492e-02   -7.2758357922e-02   -4.1604053071e-03   -7.7387014203e-02   -5.9864819462e-02    5.3750336382e+01    5.3750336382e+01    5.3750336382e+01
    1.7826042852e+03    1.8433575071e+03   -3.1551742182e+04   -1.5130498027e-01   -1.2223613119e-01   -5.4620261548e-02    2.0537921337e-02    2.2343504313e-02   -8.5786412220e-02    5.3750336382e+01    5.3750336382e+01    5.3750336382e+01
    1.8007297048e+03    1.8621006620e+03   -3.1559424549e+04    2.9197490755e-02    1.7472772537e-01    2.1433861670e-02    6.5224714256e-02   -3.5121353941e-02   -1.0219085270e-01    5.3750336382e+01    5.3750336382e+01    5.3750336382e+01
    1.8049896545e+03    1.8665057957e+03   -3.1548926132e+04   -8.7211163536e-02   -8.4286828558e-02    6.6900643902e-02   -8.5711502214e-02   -2.0177364084e-02   -4.1537950909e-03    5.3750336382e+01    5.3750336382e+01    5.3750336382e+01
    1.8413783311e+03    1.9041346406e+03   -3.1545402223e+04    1.9528965317e-01    1.4547867243e-01    2.2402776585e-01   -1.4680295995e-02   -2.3077939034e-02    2.6752089140e-02    5.3750336382e+01    5.3750336382e+01    5.3750336382e+01
    1.8455247582e+03    1.9084223828e+03   -3.1551328946e+04   -7.2989131288e-02   -9.5239090902e-02    1.1500843478e-01    6.3152176100e-02   -3.1969699217e-02   -1.6756028622e-02    5.3750336382e+01    5.3750336382e+01    5.3750336382e+01
    1.7998128944e+03    1.8611526056e+03   -3.1571460181e+04   -1.6562118035e-01   -1.1102355114e-02    7.2658122425e-02   -5.4245528892e-02   -1.2265105909e-01    1.5661219042e-02    5.3750336382e+01    5.3750336382e+01    5.3750336382e+01
    1.7849368478e+03    1.8457695661e+03   -3.1585343489e+04    1.4201582053e-02    1.0885957181e-02    1.2055586582e-02   -4.1622529102e-02    5.9150211089e-03   -5.9373850514e-02    5.3750336382e+01    5.3750336382e+01    5.3750336382e+01
    1.7857476292e+03    1.8466079799e+03   -3.1560505752e+04   -1.9989978239e-01   -8.2912875400e-02   -2.1151671094e-01    4.5403361251e-02    1.6800114182e-02   -4.5615244484e-02    5.3750336382e+01    5.3750336382e+01    5.3750336382e+01
    1.8155528452e+03    1.8774289922e+03   -3.1593101656e+04   -1.1743949418e-01   -9.0689158234e-02   -8.1304761311e-02    3.0845902390e-03    5.2954129726e-02    2.0911576633e-02    5.3750336382e+01    5.3750336382e+01    5.3750336382e+01
    1.7832496861e+03    1.8440249040e+03   -3.1575092793e+04   -2.3968101088e-01   -4.6558982212e-02   -1.4262810742e-01   -3.2201785248e-02   -7.9333350946e-02   -7.2193506703e-02    5.3750336382e+01    5.3750336382e+01    5.3750336382e+01
    1.8036211002e+03    1.8650905995e+03   -3.1588344089e+04   -1.8633626126e-01   -3.7210284089e-02   -1.5458629810e-01    7.7649129679e-04    2.9302664092e-02    2.7203176416e-02    5.3750336382e+01    5.3750336382e+01    5.3750336382e+01
    1.7909578852e+03    1.8519958074e+03   -3.1576367477e+04   -1.8132260678e-01   -9.6289703675e-02   -1.8124052474e-01   -2.3925114546e-02    3.9761412196e-02   -3.2717238781e-02    5.3750336382e+01    5.3750336382e+01    5.3750336382e+01
    1.7726835577e+03    1.8330986697e+03   -3.1568055791e+04   -2.5874455496e-02   -1.3086087842e-01   -6.0638236080e-02    8.0888321675e-02   -6.9000576695e-02   -3.7800689721e-02    5.3750336382e+01    5.3750336382e+01    5.3750336382e+01
    1.7817296103e+03    1.8424530222e+03   -3.1557026065e+04   -2.2771452337e-01   -5.4890505778e-03   -9.3161342023e-02   -7.9972212007e-03   -1.8052189181e-02   -1.7882914915e-02    5.3750336382e+01    5.3750336382e+01    5.3750336382e+01
    1.7750936642e+03    1.8355909153e+03   -3.1557637181e+04    2.3558210318e-01    1.1377587822e-01    1.1436117531e-01    4.6245435466e-02    3.9493366488e-02   -5.3088687183e-02    5.3750336382e+01    5.3750336382e+01    5.3750336382e+01
    1.8123676545e+03    1.8741352465e+03   -3.1563469733e+04   -1.2818000805e-01    9.3633776796e-02   -6.2062877819e-02   -6.8460249437e-02    7.5660720983e-03    6.3304584143e-02    5.3750336382e+01    5.3750336382e+01    5.3750336382e+01
    1.8451620840e+03    1.9080473482e+03   -3.1561248148e+04    8.4415696583e-02   -1.6804007435e-01   -2.8632654702e-02    1.4060894635e-03    2.7608141683e-02    5.4572848901e-02    5.3750336382e+01    5.3750336382e+01    5.3750336382e+01
    1.7942634976e+03    1.8554140790e+03   -3.1560712198e+04   -3.9499421224e-02   -5.3801313554e-03   -5.0501148770e-02    7.0061339278e-02   -1.1645096783e-01    1.7118820905e-02    5.3750336382e+01    5.3750336382e+01    5.3750336382e+01
    1.8090986387e+03    1.8707548189e+03   -3.1554695630e+04   -9.6698233091e-02   -1.1381623939e-01   -3.0488311393e-03   -2.3928884414e-02    4.2152353169e-02    2.9501164730e-02    5.3750336382e+01    5.3750336382e+01    5.3750336382e+01
    1.7911060150e+03    1.8521489857e+03   -3.1544638128e+04    3.5902174798e-02    4.4401802486e-02    2.5681857750e-03    5.6163604652e-02   -5.3440127069e-02   -5.0041302873e-02    5.3750336382e+01    5.3750336382e+01    5.3750336382e+01
    1.8020863955e+03    1.8635035903e+03   -3.1561355065e+04   -1.4907824781e-01   -1.1503700001e-01   -3.5652111082e-02   -4.7481235665e-02    4.6677879210e-02   -5.0566915827e-02    5.3750336382e+01    5.3750336382e+01    5.3750336382e+01
    1.8220774507e+03    1.8841759638e+03   -3.1545009123e+04   -9.9106658278e-02    7.4129241624e-02    1.7980680876e-01   -3.7205839719e-02   -1.1042310524e-02   -3.0332055197e-02    5.3750336382e+01    5.3750336382e+01    5.3750336382e+01
    1.7899000219e+03    1.8509018909e+03   -3.1519017306e+04   -1.6821898136e-01   -4.8805626805e-02   -1.4238903386e-01    6.7009185760e-02    8.5124544826e-02   -1.5834106250e-03    5.3750336382e+01    5.3750336382e+01    5.3750336382e+01
    1.8314092778e+03    1.8938258304e+03   -3.1563779802e+04   -1.0873320803e-02   -4.4885663204e-02    8.9313456919e-02    5.2338537310e-02   -3.0749615618e-02   -2.7440862269e-02    5.3750336382e+01    5.3750336382e+01    5.3750336382e+01
    1.7993381911e+03    1.8606617239e+03   -3.1555930852e+04   -9.9525347130e-04   -4.2924858729e-02   -2.9416795765e-02    4.8299288657e-02   -4.9069744842e-02   -2.4210330258e-02    5.3750336382e+01    5.3750336382e+01    5.3750336382e+01
    1.8005740545e+03    1.8619397070e+03   -3.1567681982e+04    3.9085964528e-02    1.4614346541e-01   -1.0904960374e-05   -7.4608523505e-02   -2.5918292480e-02    1.1933255759e-01    5.3750336382e+01    5.3750336382e+01    5.3750336382e+01
    1.7920983881e+03    1.8531751800e+03   -3.1555296472e+04    7.2761233449e-03   -1.2431596402e-02    1.2836283965e-01   -4.3645105833e-02   -2.2063025092e-02   -1.5776001238e-02    5.3750336382e+01    5.3750336382e+01    5.3750336382e+01
    1.7857371311e+03    1.8465971239e+03   -3.1562535486e+04    1.1046168866e-01    2.4762708597e-01    3.7756640543e-02    4.1441596950e-02   -1.4713723035e-02    6.5607987449e-02    5.3750336382e+01    5.3750336382e+01    5.3750336382e+01
    1.8069067899e+03    1.8684882693e+03   -3.1566547541e+04   -4.0157641576e-02   -9.2844989819e-02   -2.5557580681e-01    2.7851882080e-02   -7.3305448404e-02    3.5028796319e-02    5.3750336382e+01    5.3750336382e+01    5.3750336382e+01
    1.7894755940e+03    1.8504629980e+03   -3.1558642943e+04   -1.9939010505e-02   -1.3251351004e-01    1.4355556306e-02    4.8921310960e-03    5.7617597345e-02    8.7933556889e-02    5.3750336382e+01    5.3750336382e+01    5.3750336382e+01
    1.7919929772e+03    1.8530661766e+03   -3.1571807161e+04    1.5279139763e-02    1.7569586964e-01    1.7792613629e-01    6.3562897835e-02    1.6579065843e-02    1.5758935645e-04    5.3750336382e+01    5.3750336382e+01    5.3750336382e+01
    1.7958100855e+03    1.8570133764e+03   -3.1566707900e+04    1.5927742433e-01    2.0470751627e-02    2.8413810292e-01    1.1437171746e-01   -5.6127023257e-02    7.6588789062e-02    5.3750336382e+01    5.3750336382e+01    5.3750336382e+01
    1.7857835628e+03    1.8466451381e+03   -3.1569822033e+04   -6.7464990755e-02   -3.6718167249e-01   -1.8627520694e-01   -6.5556553814e-02    4.2603910943e-02    2.1369984896e-02    5.3750336382e+01    5.3750336382e+01    5.3750336382e+01
    1.8218608405e+03    1.8839519713e+03   -3.1553657268e+04    2.4191754144e-01    1.4691547916e-01    6.8325141422e-02   -3.4888785004e-02    4.3756650934e-02   -1.7975708900e-02    5.3750336382e+01    5.3750336382e+01    5.3750336382e+01
    1.8318350770e+03    1.8942661414e+03   -3.1575717212e+04    3.9566667601e-02    4.0224602961e-02   -8.0978815809e-02    4.0614803838e-02    6.5857181310e-02   -1.1652400116e-02    5.3750336382e+01    5.3750336382e+01    5.3750336382e+01
    1.8086497964e+03    1.8702906795e+03   -3.1569680523e+04    6.6114175948e-02   -9.4727411543e-03   -8.7111028278e-02   -1.3049253601e-02    4.4867305616e-02   -6.4971132206e-03    5.3750336382e+01    5.3750336382e+01    5.3750336382e+01
    1.7894520887e+03    1.8504386917e+03   -3.1570436441e+04   -2.1289826645e-01   -9.3992528219e-02   -2.2670784607e-01    1.2090772953e-01   -1.1208103399e-01    7.8426222644e-02    5.3750336382e+01    5.3750336382e+01    5.3750336382e+01
    1.8032929886e+03    1.8647513054e+03   -3.1565119138e+04   -8.3626288370e-02   -8.4184035168e-02   -1.7273868899e-02   -6.1889251690e-02   -8.1775732575e-03   -1.5937948057e-02    5.3750336382e+01    5.3750336382e+01    5.3750336382e+01
