0.48 13.8799 14.2379 15.2976
0.96 14.399 14.7562 15.8201
1.44 15.2578 15.6155 16.6852
1.92 16.4481 16.8096 17.8851
2.4 17.9597 18.3318 19.4105
2.88 19.7831 20.176 21.2528
3.36 21.9108 22.3391 23.4055
3.84 24.3401 24.8232 25.8671
4.32 27.0757 27.6375 28.6431
4.8 30.132 30.8012 31.749
5.28 33.5361 34.3456 35.2125
5.76 37.3298 38.3164 39.0758
6.24 41.572 42.7755 43.3978
6.72 46.3401 47.8024 48.2559
7.2 51.7314 53.4954 53.7464
7.68 57.8631 59.9716 59.9857
8.16 64.8728 67.3668 67.1097
8.64 72.9169 75.8346 75.2729
9.12 82.1692 85.5443 84.6468
9.6 92.8185 96.6789 95.4175
10.08 105.065 109.431 107.782
10.56 119.115 124.001 121.945
11.04 135.181 140.588 138.113
11.52 153.468 159.39 156.491
12 174.178 180.596 177.275
12.48 197.494 204.38 200.648
12.96 223.581 230.896 226.771
13.44 252.577 260.269 255.781
13.92 284.588 292.596 287.78
14.4 319.679 327.933 322.836
14.88 357.875 366.296 360.97
15.36 399.15 407.655 402.161
15.84 443.43 451.927 446.332
16.32 490.585 498.982 493.358
16.8 540.429 548.634 543.055
17.28 592.724 600.643 595.189
17.76 647.175 654.721 649.468
18.24 703.435 710.525 705.551
18.72 761.112 767.671 763.05
19.2 819.766 825.73 821.531
19.68 878.924 884.24 880.527
20.16 938.08 942.709 939.536
20.64 996.709 1000.62 998.038
21.12 1054.27 1057.46 1055.5
21.6 1110.22 1112.69 1111.37
22.08 1164.02 1165.8 1165.13
22.56 1215.14 1216.26 1216.25
23.04 1263.09 1263.61 1264.24
23.52 1307.41 1307.38 1308.63
24 1347.67 1347.17 1348.99
24.48 1383.49 1382.62 1384.96
24.96 1414.57 1413.41 1416.22
25.44 1440.65 1439.31 1442.5
25.92 1461.55 1460.12 1463.62
26.4 1477.13 1475.72 1479.45
26.88 1487.37 1486.07 1489.94
27.36 1492.26 1491.18 1495.09
27.84 1491.91 1491.13 1494.99
28.32 1486.46 1486.05 1489.78
28.8 1476.13 1476.16 1479.67
29.28 1461.17 1461.69 1464.9
29.76 1441.9 1442.94 1445.78
30.24 1418.66 1420.24 1422.64
30.72 1391.83 1393.96 1395.88
31.2 1361.82 1364.47 1365.86
31.68 1329.03 1332.18 1333.01
32.16 1293.88 1297.49 1297.74
32.64 1256.78 1260.79 1260.46
33.12 1218.14 1222.47 1221.58
33.6 1178.35 1182.91 1181.47
34.08 1137.75 1142.45 1140.5
34.56 1096.68 1101.44 1099.01
35.04 1055.45 1060.16 1057.3
35.52 1014.33 1018.88 1015.65
36 973.535 977.835 974.306
36.48 933.278 937.232 933.469
36.96 893.724 897.245 893.318
37.44 855.009 858.018 854.001
37.92 817.246 819.674 815.639
38.4 780.52 782.313 778.329
38.88 744.904 746.018 742.152
39.36 710.452 710.86 707.174
39.84 677.211 676.9 673.45
40.32 645.225 644.195 641.03
40.8 614.535 612.801 609.962
41.28 585.184 582.774 580.298
41.76 557.223 554.178 552.089
42.24 530.709 527.079 525.397
42.72 505.706 501.553 500.288
43.2 482.289 477.68 476.834
43.68 460.538 455.546 455.116
44.16 440.541 435.242 435.216
44.64 422.387 416.86 417.222
45.12 406.166 400.489 401.217
45.6 391.966 386.215 387.284
46.08 379.867 374.113 375.494
46.56 369.938 364.249 365.909
47.04 362.234 356.67 358.576
47.52 356.79 351.405 353.523
48 353.621 348.462 350.757
48.48 352.718 347.823 350.26
48.96 354.049 349.447 351.992
49.44 357.551 353.265 355.885
49.92 363.139 359.183 361.848
50.4 370.702 367.084 369.765
50.88 380.105 376.828 379.496
51.36 391.194 388.254 390.885
51.84 403.796 401.186 403.757
52.32 417.727 415.438 417.928
52.8 432.793 430.813 433.202
53.28 448.795 447.113 449.385
53.76 465.536 464.14 466.278
54.24 482.823 481.701 483.693
54.72 500.469 499.613 501.446
55.2 518.302 517.705 519.368
55.68 536.161 535.821 537.304
56.16 553.904 553.819 555.114
56.64 571.404 571.577 572.676
57.12 588.552 588.988 589.885
57.6 605.255 605.962 606.651
58.08 621.436 622.423 622.899
58.56 637.029 638.307 638.567
59.04 651.979 653.559 653.601
59.52 666.238 668.131 667.953
60 679.764 681.979 681.581
60.48 692.514 695.058 694.442
60.96 704.447 707.323 706.491
61.44 715.518 718.726 717.683
61.92 725.679 729.214 727.966
62.4 734.88 738.732 737.286
62.88 743.069 747.221 745.586
63.36 750.195 754.623 752.812
63.84 756.212 760.885 758.911
64.32 761.081 765.964 763.842
64.8 764.782 769.83 767.578
65.28 767.312 772.477 770.114
65.76 768.7 773.925 771.473
66.24 769.009 774.234 771.717
66.72 768.345 773.504 770.949
67.2 766.864 771.889 769.321
67.68 764.775 769.594 767.044
68.16 762.346 766.887 764.386
68.64 759.908 764.098 761.677
69.12 757.852 761.62 759.313
69.6 756.629 759.906 757.747
70.08 756.746 759.467 757.489
70.56 758.757 760.861 759.099
71.04 763.256 764.689 763.175
71.52 770.861 771.575 770.343
72 782.204 782.16 781.24
72.48 797.909 797.075 796.497
72.96 818.577 816.933 816.722
73.44 844.764 842.299 842.479
73.92 876.965 873.677 874.266
74.4 915.587 911.484 912.499
74.88 960.934 956.036 957.487
75.36 1013.19 1007.52 1009.41
75.84 1072.38 1065.99 1068.33
76.32 1138.42 1131.35 1134.12
76.8 1211.01 1203.31 1206.51
77.28 1289.71 1281.46 1285.06
77.76 1373.92 1365.18 1369.16
78.24 1462.83 1453.67 1458.01
78.72 1555.49 1546.01 1550.67
79.2 1650.82 1641.08 1646.02
79.68 1747.56 1737.66 1742.83
80.16 1844.38 1834.39 1839.75
80.64 1939.82 1929.84 1935.33
81.12 2032.39 2022.5 2028.07
81.6 2120.57 2110.83 2116.43
82.08 2202.81 2193.32 2198.89
82.56 2277.64 2268.45 2273.93
83.04 2343.63 2334.82 2340.16
83.52 2399.48 2391.09 2396.23
84 2444 2436.08 2440.98
84.48 2476.18 2468.78 2473.39
84.96 2495.21 2488.34 2492.62
85.44 2500.46 2494.16 2498.08
85.92 2491.56 2485.84 2489.37
86.4 2468.37 2463.23 2466.35
86.88 2430.98 2426.42 2429.11
87.36 2379.74 2375.75 2378.01
87.84 2315.23 2311.79 2313.62
88.32 2238.25 2235.34 2236.74
88.8 2149.81 2147.4 2148.38
89.28 2051.11 2049.16 2049.75
89.76 1943.49 1941.97 1942.19
90.24 1828.42 1827.29 1827.17
90.72 1707.49 1706.7 1706.27
91.2 1582.3 1581.82 1581.12
91.68 1454.52 1454.29 1453.36
92.16 1325.78 1325.77 1324.64
92.64 1197.67 1197.83 1196.55
93.12 1071.69 1071.99 1070.6
93.6 949.267 949.656 948.194
94.08 831.655 832.109 830.61
94.56 719.976 720.466 718.964
95.04 615.179 615.678 614.204
95.52 518.026 518.513 517.093
96 429.094 429.551 428.208
96.48 348.767 349.181 347.933
96.96 277.244 277.605 276.467
97.44 214.544 214.845 213.826
97.92 160.518 160.757 159.862
98.4 114.867 115.042 114.275
98.88 77.1581 77.272 76.6299
99.36 46.8458 46.903 46.3813
99.84 23.2959 23.3023 22.8936
100.32 5.80748 5.77009 5.46484
100.8 -6.36386 -6.43727 -6.65018
101.28 -13.983 -14.0843 -14.2171
101.76 -17.8141 -17.9351 -18.0006
102.24 -18.6008 -18.7337 -18.745
102.72 -17.0493 -17.1868 -17.1565
103.2 -13.8133 -13.949 -13.8891
103.68 -9.48237 -9.61069 -9.53226
104.16 -4.57334 -4.6898 -4.60258
104.64 0.475594 0.374384 0.462026
105.12 5.30739 5.22372 5.30494
105.6 9.64604 9.58113 9.65066
106.08 13.2938 13.2479 13.302
106.56 16.1262 16.0987 16.1352
107.04 18.0853 18.0748 18.0926
107.52 19.1708 19.1754 19.1749
108 19.4314 19.4487 19.4312
108.48 18.9542 18.9816 18.9492
108.96 17.8549 17.8895 17.8449
109.44 16.2675 16.3066 16.2528
109.92 14.3352 14.3761 14.3164
110.4 12.2016 12.2418 12.1795
110.88 10.0034 10.0409 9.979
111.36 7.86425 7.89733 7.83856
111.84 5.88995 5.91731 5.864
112.32 4.1651 4.18588 4.13988
112.8 2.75125 2.76501 2.72762
113.28 1.68631 1.69302 1.66499
113.76 0.985222 0.985194 0.966764
114.24 0.641684 0.635554 0.62646
114.72 0.630769 0.619412 0.618964
115.2 0.912167 0.896637 0.90379
115.68 1.43388 1.41535 1.42879
116.16 2.13615 2.11581 2.13405
116.64 2.95534 2.93438 2.95584
117.12 3.82769 3.80723 3.83033
117.6 4.69269 4.67374 4.69697
118.08 5.496 5.47938 5.50139
118.56 6.19172 6.1781 6.19774
119.04 6.74411 6.73396 6.75031
119.52 7.12857 7.12216 7.13457
120 7.332 7.32941 7.33748
