0 1 1 1
0.002 0.991382 0.991395 0.991391
0.004 0.965752 0.965806 0.965788
0.006 0.923779 0.923898 0.923857
0.008 0.86655 0.866758 0.866687
0.01 0.795542 0.795859 0.79575
0.012 0.712568 0.713015 0.71286
0.014 0.61973 0.62032 0.620115
0.016 0.519346 0.52009 0.51983
0.018 0.41389 0.414795 0.414477
0.02 0.305913 0.306982 0.306604
0.022 0.19798 0.199211 0.198772
0.024 0.0925929 0.0939789 0.0934815
0.026 -0.00786779 -0.0063381 -0.00689099
0.028 -0.101208 -0.0995501 -0.100154
0.03 -0.18547 -0.183704 -0.184351
0.032 -0.258981 -0.257127 -0.257812
0.034 -0.320384 -0.31847 -0.319181
0.036 -0.368672 -0.366724 -0.367453
0.038 -0.403205 -0.401252 -0.401987
0.04 -0.423716 -0.421786 -0.422517
0.042 -0.430316 -0.428439 -0.429153
0.044 -0.423483 -0.421687 -0.422372
0.046 -0.404046 -0.402354 -0.403001
0.048 -0.373154 -0.371592 -0.372189
0.05 -0.332251 -0.330837 -0.331375
0.052 -0.283027 -0.281777 -0.282249
0.054 -0.227374 -0.226299 -0.226698
0.056 -0.167332 -0.16644 -0.166761
0.058 -0.105032 -0.104327 -0.104565
0.06 -0.0426367 -0.042115 -0.0422708
0.062 0.0177245 0.0180689 0.0179954
0.064 0.0740138 0.0741918 0.0741982
0.066 0.124346 0.124373 0.124454
0.068 0.167043 0.166936 0.167088
0.07 0.200683 0.200465 0.200678
0.072 0.224143 0.223838 0.224104
0.074 0.236631 0.236263 0.236572
0.076 0.237704 0.237302 0.237641
0.078 0.227286 0.226876 0.227234
0.08 0.205659 0.205268 0.205633
0.082 0.173455 0.173109 0.173467
0.084 0.131629 0.131351 0.13169
0.086 0.0814256 0.0812362 0.0815453
0.088 0.0243368 0.0242541 0.0245218
0.09 -0.0379492 -0.0379115 -0.0376949
0.092 -0.103603 -0.103435 -0.103278
0.094 -0.17071 -0.170409 -0.170317
0.096 -0.237336 -0.236901 -0.236879
0.098 -0.301577 -0.301014 -0.301064
0.1 -0.361622 -0.360942 -0.361063
0.102 -0.4158 -0.41502 -0.415209
0.104 -0.462632 -0.461771 -0.462023
0.106 -0.500861 -0.499945 -0.500252
0.108 -0.529496 -0.528552 -0.528905
0.11 -0.547825 -0.546885 -0.547271
0.112 -0.55544 -0.554537 -0.554942
0.114 -0.552237 -0.551405 -0.551815
0.116 -0.538421 -0.537694 -0.538093
0.118 -0.514493 -0.513904 -0.514274
0.12 -0.48123 -0.480812 -0.481139
0.122 -0.439669 -0.439449 -0.439717
0.124 -0.391066 -0.391071 -0.391265
0.126 -0.336863 -0.337112 -0.337219
0.128 -0.278642 -0.279152 -0.279161
0.13 -0.21808 -0.218862 -0.218764
0.132 -0.1569 -0.157958 -0.157746
0.134 -0.0968151 -0.0981474 -0.0978194
0.136 -0.039482 -0.0410807 -0.0406355
0.138 0.0135524 0.0117016 0.012261
0.14 0.0608958 0.0588132 0.0594809
0.142 0.101353 0.0990649 0.0998317
0.144 0.133962 0.1315 0.132353
0.146 0.158021 0.155421 0.156347
0.148 0.173109 0.170412 0.171392
0.15 0.179099 0.176348 0.177363
0.152 0.176153 0.173395 0.174424
0.154 0.16472 0.162002 0.163023
0.156 0.145514 0.142884 0.143875
0.158 0.119492 0.116997 0.117934
0.16 0.0878148 0.0855007 0.0863627
0.162 0.0518125 0.0497216 0.0504877
0.164 0.0129373 0.0111082 0.0117599
0.166 -0.0272833 -0.028817 -0.0282956
0.168 -0.067296 -0.0685064 -0.068128
0.17 -0.10557 -0.106436 -0.106209
0.172 -0.140645 -0.141152 -0.141083
0.174 -0.171174 -0.171317 -0.171405
0.176 -0.195968 -0.195748 -0.195989
0.178 -0.214023 -0.213452 -0.213836
0.18 -0.224559 -0.223652 -0.224167
0.182 -0.227031 -0.225816 -0.226443
0.184 -0.221154 -0.219664 -0.22038
0.186 -0.206904 -0.205178 -0.205958
0.188 -0.184522 -0.182604 -0.183419
0.19 -0.154502 -0.152444 -0.153261
0.192 -0.117582 -0.115436 -0.116222
0.194 -0.0747186 -0.0725406 -0.0732608
0.196 -0.0270585 -0.0249053 -0.0255252
0.198 0.0240925 0.0261642 0.0256788
0.2 0.0773099 0.0792448 0.0789264
0.202 0.131092 0.132838 0.132716
0.204 0.183907 0.185414 0.185517
0.206 0.234235 0.235459 0.235809
0.208 0.28062 0.281522 0.282139
0.21 0.321711 0.322259 0.323155
0.212 0.356305 0.356474 0.357659
0.214 0.383386 0.383159 0.384635
0.216 0.402157 0.401525 0.403287
0.218 0.412064 0.411024 0.413065
0.22 0.412814 0.411372 0.413677
0.222 0.404384 0.402556 0.405104
0.224 0.387024 0.384831 0.387597
0.226 0.361246 0.358716 0.36167
0.228 0.327805 0.324975 0.328082
0.23 0.287683 0.284592 0.287816
0.232 0.242049 0.238741 0.242042
0.234 0.192225 0.18875 0.192086
0.236 0.139646 0.136054 0.139384
0.238 0.0858169 0.08216 0.0854419
0.24 0.0322632 0.0285928 0.0317868
0.242 -0.0195115 -0.023145 -0.0200769
0.244 -0.0680705 -0.0716191 -0.0687118
0.246 -0.112085 -0.115504 -0.112789
0.248 -0.150371 -0.153621 -0.151124
0.25 -0.181923 -0.18497 -0.182713
0.252 -0.205942 -0.208757 -0.206756
0.254 -0.221853 -0.224415 -0.22268
0.256 -0.229322 -0.231618 -0.230153
0.258 -0.228266 -0.230287 -0.229091
0.26 -0.218848 -0.220594 -0.21966
0.262 -0.201475 -0.202953 -0.202269
0.264 -0.176784 -0.178007 -0.177556
0.266 -0.145622 -0.146611 -0.146371
0.268 -0.109024 -0.109802 -0.109749
0.27 -0.0681765 -0.068773 -0.0688805
0.272 -0.0243894 -0.0248369 -0.0250762
0.274 0.0209469 0.0206137 0.020272
0.276 0.0664012 0.0661462 0.0657312
0.278 0.110544 0.110331 0.109871
0.28 0.151992 0.151785 0.151306
0.282 0.189445 0.189211 0.188736
0.284 0.221731 0.221439 0.220989
0.286 0.24784 0.247463 0.247054
0.288 0.266952 0.266467 0.266111
0.29 0.278464 0.277855 0.277558
0.292 0.282009 0.281263 0.281029
0.294 0.277463 0.276577 0.276401
0.296 0.264951 0.263925 0.2638
0.298 0.244841 0.243683 0.243595
0.3 0.217727 0.216452 0.216386
0.302 0.184416 0.183044 0.182978
0.304 0.145895 0.144452 0.144363
0.306 0.103301 0.10182 0.10168
0.308 0.0578856 0.0564015 0.0561848
0.31 0.0109753 0.00952773 0.00920523
0.312 -0.0360709 -0.0374398 -0.0378962
0.314 -0.0819015 -0.0831481 -0.0837652
0.316 -0.125214 -0.126294 -0.127096
0.318 -0.164791 -0.165661 -0.166671
0.32 -0.199539 -0.200157 -0.201393
0.322 -0.228516 -0.228844 -0.230318
0.324 -0.25096 -0.250962 -0.252684
0.326 -0.266307 -0.265954 -0.267926
0.328 -0.27421 -0.273476 -0.275696
0.33 -0.274541 -0.273407 -0.275868
0.332 -0.267399 -0.265855 -0.268542
0.334 -0.253105 -0.251143 -0.254039
0.336 -0.232187 -0.22981 -0.23289
0.338 -0.205367 -0.202585 -0.20582
0.34 -0.173542 -0.170369 -0.173729
0.342 -0.137751 -0.13421 -0.137658
0.344 -0.0991475 -0.0952657 -0.0987669
0.346 -0.0589652 -0.0547758 -0.0582919
0.348 -0.0184801 -0.0140204 -0.0175136
0.35 0.021028 0.0257169 0.0222837
0.352 0.0583137 0.0631881 0.0598502
0.354 0.0922043 0.0972187 0.0940088
0.356 0.121636 0.126744 0.123691
0.358 0.145685 0.150841 0.147971
0.36 0.1636 0.168757 0.166091
0.362 0.17482 0.179936 0.177489
0.364 0.178996 0.18403 0.181812
0.366 0.175999 0.180914 0.17893
0.368 0.165926 0.170688 0.168938
0.37 0.149093 0.153672 0.152149
0.372 0.126027 0.130399 0.129093
0.374 0.0974473 0.101593 0.100487
0.376 0.0642437 0.0681477 0.0672228
0.378 0.0274468 0.0310995 0.0303329
0.38 -0.0118037 -0.00840732 -0.00904107
0.382 -0.0522947 -0.0491553 -0.0496831
0.384 -0.092777 -0.0898912 -0.0903405
0.386 -0.132003 -0.129364 -0.129762
0.388 -0.168764 -0.166362 -0.166735
0.39 -0.201927 -0.19975 -0.200121
0.392 -0.230464 -0.228499 -0.22889
0.394 -0.253489 -0.251721 -0.252148
0.396 -0.270274 -0.268688 -0.269164
0.398 -0.280275 -0.278858 -0.279392
0.4 -0.283147 -0.281886 -0.282479
0.402 -0.278752 -0.277634 -0.278285
0.404 -0.267159 -0.266175 -0.266877
0.406 -0.248649 -0.247792 -0.248531
0.408 -0.223701 -0.222966 -0.223726
0.41 -0.19298 -0.192365 -0.193123
0.412 -0.157318 -0.156822 -0.157555
0.414 -0.11769 -0.117316 -0.117996
0.416 -0.0751861 -0.0749398 -0.0755366
0.418 -0.0309816 -0.0308684 -0.0313527
0.42 0.0136994 0.0136721 0.01333
0.422 0.0576181 0.0574418 0.0572706
0.424 0.0995575 0.0992236 0.0992498
0.426 0.138358 0.137859 0.138105
0.428 0.172954 0.17228 0.172767
0.43 0.2024 0.201547 0.202289
0.432 0.225907 0.224869 0.225877
0.434 0.24286 0.241635 0.242911
0.436 0.252837 0.251426 0.252969
0.438 0.255626 0.254031 0.255833
0.44 0.251223 0.249452 0.251498
0.442 0.239841 0.237902 0.240173
0.444 0.221892 0.219799 0.222269
0.446 0.197984 0.195752 0.19839
0.448 0.168894 0.166541 0.169313
0.45 0.135545 0.133093 0.13596
0.452 0.0989802 0.0964523 0.0993742
0.454 0.0603287 0.0577502 0.0606842
0.456 0.0207713 0.0181682 0.0210716
0.458 -0.0184943 -0.0210953 -0.0182648
0.46 -0.0562889 -0.0588614 -0.0561442
0.462 -0.0914855 -0.0940041 -0.0914376
0.464 -0.123042 -0.125483 -0.123101
0.466 -0.15003 -0.152372 -0.150203
0.468 -0.171661 -0.173884 -0.171952
0.47 -0.187305 -0.189395 -0.187717
0.472 -0.196513 -0.198459 -0.197044
0.474 -0.199022 -0.200815 -0.199668
0.476 -0.194764 -0.196402 -0.195519
0.478 -0.183867 -0.185352 -0.184722
0.48 -0.16665 -0.167987 -0.167594
0.482 -0.143614 -0.144814 -0.144635
0.484 -0.115426 -0.116503 -0.116508
0.486 -0.0829012 -0.0838716 -0.0840291
0.488 -0.0469776 -0.047862 -0.0481353
0.49 -0.00869222 -0.00951287 -0.00986298
0.492 0.0308503 0.0300696 0.029683
0.494 0.0705088 0.0697436 0.0693608
0.496 0.109138 0.108364 0.108024
0.498 0.145621 0.144815 0.144556
