    2.9856474360e+02    5.3350302482e+02   -7.4444146943e+04    9.4993910995e-01    9.4144595515e-01    9.4664386983e-01   -2.3257858969e-02   -2.8165754022e-02   -2.1383781122e-03    6.5487342673e+01    6.5487342673e+01    6.5487342673e+01
    2.9972332422e+02    5.3557328353e+02   -7.4443072357e+04    4.0541953066e-01    4.0917341189e-01    4.0484279575e-01   -1.8344581329e-04    2.0315047017e-02    3.0918238366e-03    6.5618880271e+01    6.5618880271e+01    6.5618880271e+01
    3.0409569186e+02    5.4338623337e+02   -7.4451438023e+04    1.8795953594e-01    1.7843926649e-01    1.8665852032e-01   -1.6840544879e-02    2.4670301510e-02   -2.2856393294e-02    6.5674681614e+01    6.5674681614e+01    6.5674681614e+01
    2.9922496884e+02    5.3468277618e+02   -7.4440922405e+04    6.7246513956e-02    6.7138347505e-02    7.0662232080e-02   -6.0950534408e-03    2.3239727860e-03    8.5713503166e-03    6.5698510117e+01    6.5698510117e+01    6.5698510117e+01
    3.0503372565e+02    5.4506239867e+02   -7.4454164361e+04    4.1103254245e-02    3.7889470921e-02    3.6409077538e-02   -9.1674272761e-04   -9.5562569556e-03    7.9607663117e-03    6.5708919778e+01    6.5708919778e+01    6.5708919778e+01
    3.0312528823e+02    5.4165222664e+02   -7.4450419683e+04    3.6116762607e-02    2.4168114001e-02    2.8019531196e-02   -1.3835708682e-02    1.3704568397e-02   -2.2082560958e-02    6.5713703709e+01    6.5713703709e+01    6.5713703709e+01
    2.9646862812e+02    5.2975749233e+02   -7.4437649780e+04    2.6099586329e-04    5.4641787148e-03   -2.2438466033e-03    1.2516062148e-02   -3.9697093758e-02    3.0897705605e-02    6.5715961046e+01    6.5715961046e+01    6.5715961046e+01
    2.9965852367e+02    5.3545749194e+02   -7.4443853380e+04   -1.6192918218e-03    6.5718534581e-03    5.9360840213e-03   -4.6184083140e-03    5.9534422652e-02   -2.7792445915e-02    6.5716853385e+01    6.5716853385e+01    6.5716853385e+01
    2.9710694206e+02    5.3089809055e+02   -7.4437624702e+04   -1.3809804314e-03    1.0340098281e-02    7.1205021125e-03    1.6964855362e-02   -2.1559688001e-02    1.9822985446e-02    6.5717320308e+01    6.5717320308e+01    6.5717320308e+01
    3.0062638576e+02    5.3718695720e+02   -7.4444525249e+04   -2.8747319586e-03   -4.8524429329e-03    3.4544758156e-03    3.0393593851e-03    9.4420906693e-03    5.8973662441e-03    6.5717639536e+01    6.5717639536e+01    6.5717639536e+01
    2.9955720220e+02    5.3527644139e+02   -7.4445165881e+04    4.1739926778e-03   -3.8314507313e-03    2.0646063384e-03   -1.6395869678e-02    5.1856235117e-03    3.5106217423e-03    6.5717813586e+01    6.5717813586e+01    6.5717813586e+01
    2.9811490752e+02    5.3269921621e+02   -7.4440956974e+04   -2.9682684392e-03   -1.1682093596e-03   -3.3943908877e-03    3.5054911393e-02   -3.0012177011e-02    7.4539458298e-03    6.5718192316e+01    6.5718192316e+01    6.5718192316e+01
    3.0360398793e+02    5.4250761142e+02   -7.4450324131e+04    9.4617225106e-03    1.0742863693e-02    9.1001517370e-03   -3.1479146002e-02    5.4058984436e-02   -2.6933825631e-03    6.5718439543e+01    6.5718439543e+01    6.5718439543e+01
    3.0102760041e+02    5.3790388455e+02   -7.4445110373e+04    9.4752144194e-04   -8.0497866237e-04    2.2796349581e-03    4.3992884186e-02   -2.0828202786e-02    1.4844340049e-02    6.5718545933e+01    6.5718545933e+01    6.5718545933e+01
    3.0229160973e+02    5.4016253300e+02   -7.4446974733e+04    3.5011090166e-03   -6.9280200417e-03   -7.4918254417e-05   -2.5503110811e-02    2.5234099821e-02   -2.2881621215e-02    6.5718745538e+01    6.5718745538e+01    6.5718745538e+01
    2.9844382242e+02    5.3328695169e+02   -7.4441664266e+04    2.7588732622e-03   -2.2619464350e-03   -2.7348873446e-03    1.4913488792e-02   -3.0100456408e-02    1.1894709409e-02    6.5718821652e+01    6.5718821652e+01    6.5718821652e+01
    2.9937034655e+02    5.3494255047e+02   -7.4441422070e+04   -4.0868716246e-03    3.5495442489e-03    1.0865524050e-03    1.0139918494e-02   -3.7746907195e-04   -2.2446008654e-02    6.5718958555e+01    6.5718958555e+01    6.5718958555e+01
    2.9982220664e+02    5.3574997576e+02   -7.4445005580e+04    3.2457433858e-03    6.6373665246e-03   -9.6062792928e-03   -1.7632198379e-04   -1.2564273500e-02    1.3595667964e-02    6.5719439948e+01    6.5719439948e+01    6.5719439948e+01
    2.9715634603e+02    5.3098637011e+02   -7.4438648540e+04   -4.0712390230e-03   -3.4457288692e-03   -6.2222339052e-03    1.7081822533e-02   -7.1829454395e-03    1.6366899662e-02    6.5719504498e+01    6.5719504498e+01    6.5719504498e+01
    3.0129912776e+02    5.3838907466e+02   -7.4445631124e+04    7.9674361906e-04    5.2177869435e-03    7.2317615508e-03    1.1465402072e-02    4.2567531293e-02   -1.1907758769e-02    6.5719861481e+01    6.5719861481e+01    6.5719861481e+01
    3.0014415735e+02    5.3632526700e+02   -7.4444169692e+04   -9.9275677558e-04   -6.4953853090e-03   -5.9567543729e-03   -1.2981583975e-02   -2.4674725104e-02    2.0545023851e-02    6.5720216120e+01    6.5720216120e+01    6.5720216120e+01
    3.0266078753e+02    5.4082221395e+02   -7.4448229671e+04   -1.0396175372e-03   -2.7225946616e-03   -2.0377656906e-04    4.6393696727e-03    8.9236154500e-03   -2.2542989449e-02    6.5720387962e+01    6.5720387962e+01    6.5720387962e+01
    3.0013896186e+02    5.3631598322e+02   -7.4445106978e+04    6.1974857767e-03   -8.3567071150e-03   -2.2889230468e-03    1.1621023809e-02   -2.0195507613e-02    2.2900028625e-02    6.5720381538e+01    6.5720381538e+01    6.5720381538e+01
    3.0046506688e+02    5.3689869774e+02   -7.4444211502e+04    1.0909084878e-02    2.1664716312e-03    5.1257297048e-03   -4.0648127411e-03    1.4214715131e-02   -7.3088741157e-03    6.5720370369e+01    6.5720370369e+01    6.5720370369e+01
    2.9899053868e+02    5.3426387473e+02   -7.4442161535e+04    5.8437389341e-03    8.2725465761e-04   -5.0197817299e-03   -9.2714853787e-05    7.8449013562e-03    6.9469107002e-03    6.5720577077e+01    6.5720577077e+01    6.5720577077e+01
    2.9842741236e+02    5.3325762868e+02   -7.4441460511e+04   -7.9628471483e-03   -9.5343230989e-03   -3.1517647285e-03   -3.7701473117e-03   -1.5825427938e-02    1.7789933268e-02    6.5720727828e+01    6.5720727828e+01    6.5720727828e+01
    3.0013023210e+02    5.3630038406e+02   -7.4443082498e+04    5.9936538064e-03    4.6236212326e-03    4.9592724722e-03   -3.0125968959e-02    6.8692824938e-03   -3.9469519589e-02    6.5720787593e+01    6.5720787593e+01    6.5720787593e+01
    3.0098313596e+02    5.3782443137e+02   -7.4446011858e+04    3.5873063684e-03    2.5795455798e-03    2.7593912256e-03    3.9803047606e-02    5.8288574904e-05    4.7112986737e-02    6.5720798860e+01    6.5720798860e+01    6.5720798860e+01
    3.0112983983e+02    5.3808657538e+02   -7.4445414285e+04   -2.4169048351e-03   -2.2249217548e-03    3.5945198793e-03   -2.7424694225e-02    1.7721317097e-02   -5.5229424692e-02    6.5720709498e+01    6.5720709498e+01    6.5720709498e+01
    3.0093630807e+02    5.3774075498e+02   -7.4446319268e+04   -1.7521899562e-03   -4.5479809662e-03   -5.1876920227e-03    1.4549750671e-02   -1.9814941149e-02    6.4234393600e-02    6.5720641086e+01    6.5720641086e+01    6.5720641086e+01
    2.9943548114e+02    5.3505893898e+02   -7.4443621556e+04    8.5998459764e-03   -3.3099665573e-03   -1.8787403002e-04    7.2218581310e-03    7.0538884909e-03   -4.7983238927e-02    6.5720585028e+01    6.5720585028e+01    6.5720585028e+01
    3.0121542989e+02    5.3823951558e+02   -7.4446200046e+04   -5.6867378662e-03   -4.6274411931e-03    8.3534255303e-03    6.6220471535e-03    3.6598618184e-03    2.3454280334e-02    6.5720768320e+01    6.5720768320e+01    6.5720768320e+01
    2.9938001777e+02    5.3495983190e+02   -7.4443161660e+04   -5.5939529804e-03   -1.1464031557e-03    5.1291359331e-03   -7.0827636893e-03   -3.6227768860e-02   -1.9327874964e-02    6.5720854216e+01    6.5720854216e+01    6.5720854216e+01
    2.9674215037e+02    5.3024624710e+02   -7.4438175875e+04   -1.6494556022e-04   -5.6552225876e-03    1.7948232949e-03   -3.2249675165e-03    4.0880865737e-02   -7.6259802767e-03    6.5720906963e+01    6.5720906963e+01    6.5720906963e+01
    3.0369745369e+02    5.4267462467e+02   -7.4451363987e+04    2.7154062862e-03    9.5646283528e-03    4.3342057911e-03   -3.3673688171e-02   -3.1524155032e-02    9.0715264201e-03    6.5720960630e+01    6.5720960630e+01    6.5720960630e+01
    3.0017618866e+02    5.3638250350e+02   -7.4444604854e+04   -1.5400688696e-03   -6.7732463647e-05   -2.9948429225e-03    3.9555281252e-02    1.9972686172e-02   -2.6581591922e-03    6.5721145659e+01    6.5721145659e+01    6.5721145659e+01
    3.0101652702e+02    5.3788409759e+02   -7.4445269308e+04   -6.7650369477e-03    1.4452610653e-03    1.6900141746e-03   -3.1855737443e-02    8.8951169102e-04   -1.8086733850e-02    6.5721086818e+01    6.5721086818e+01    6.5721086818e+01
    3.0166178003e+02    5.3903709519e+02   -7.4447481621e+04   -4.8285079927e-03    2.0763734265e-03   -1.0771953259e-03    1.5597503201e-02   -2.1398910687e-02   -8.0155445711e-03    6.5720871851e+01    6.5720871851e+01    6.5720871851e+01
    2.9995276115e+02    5.3598326262e+02   -7.4443232740e+04   -2.6415550680e-03   -7.3429251442e-03   -1.4467033100e-03    4.6017787919e-03    3.7352314402e-03    8.3053941997e-03    6.5720614630e+01    6.5720614630e+01    6.5720614630e+01
    3.0068188375e+02    5.3728612613e+02   -7.4444663613e+04   -4.9074493654e-03    9.4440502200e-04   -4.6610459729e-03    3.5130068860e-03   -1.1943178403e-02   -1.7567203509e-02    6.5720828644e+01    6.5720828644e+01    6.5720828644e+01
    3.0128441623e+02    5.3836278674e+02   -7.4446726426e+04    5.0256049862e-04   -6.0353910121e-03   -7.3464091691e-03   -5.6402442586e-03    1.0375557323e-02    8.8966961786e-03    6.5720907840e+01    6.5720907840e+01    6.5720907840e+01
    2.9898349518e+02    5.3425128876e+02   -7.4441781736e+04   -1.3911168318e-03    4.2965532022e-03    2.3992755169e-04   -1.5120573162e-02    1.8318920218e-03   -3.8382259425e-02    6.5720667490e+01    6.5720667490e+01    6.5720667490e+01
    3.0157338306e+02    5.3887913933e+02   -7.4446036974e+04    3.0039788031e-03   -4.1922726485e-03    2.5255749045e-03    1.0057625165e-02    1.3722810185e-02    4.1086091433e-02    6.5720546248e+01    6.5720546248e+01    6.5720546248e+01
    2.9943915973e+02    5.3506551222e+02   -7.4442902872e+04   -2.0858192171e-03   -4.0683515672e-03   -4.4526337552e-03   -1.1108817775e-02   -1.5786255895e-02   -4.3292259870e-02    6.5720331089e+01    6.5720331089e+01    6.5720331089e+01
    3.0057007975e+02    5.3708634442e+02   -7.4444038299e+04   -2.2120312392e-03    2.0160778930e-03    3.9559818230e-03    8.8706472881e-03    9.8733477712e-03    2.2428366562e-02    6.5720183678e+01    6.5720183678e+01    6.5720183678e+01
    3.0206016265e+02    5.3974896200e+02   -7.4447808819e+04    8.0671230610e-03   -3.1812417661e-03    3.1649098796e-03    1.5324350610e-02   -1.2369703980e-02    1.5139620711e-02    6.5720163145e+01    6.5720163145e+01    6.5720163145e+01
    2.9714208490e+02    5.3096088702e+02   -7.4438325799e+04   -4.2113050781e-03    5.1376989715e-03    1.6136176839e-03   -9.2006934835e-03    1.1260964029e-02   -4.1096086547e-02    6.5720435039e+01    6.5720435039e+01    6.5720435039e+01
    3.0082414025e+02    5.3754032316e+02   -7.4444602596e+04   -4.4719115618e-03    1.9941552688e-03   -8.5035547703e-04    1.9542817772e-03   -9.8128092369e-04    4.0022698856e-02    6.5720515915e+01    6.5720515915e+01    6.5720515915e+01
    3.0127502079e+02    5.3834599810e+02   -7.4445574108e+04   -5.9093050804e-03    6.0226472722e-03   -5.0402977696e-03    1.5341758973e-02   -2.0276061019e-02   -4.1690220881e-02    6.5720473506e+01    6.5720473506e+01    6.5720473506e+01
    3.0014256011e+02    5.3632241289e+02   -7.4443865506e+04    5.9840368716e-03    4.1284574831e-03    6.5143163889e-03   -3.3881015328e-02    1.4778695373e-02    4.7593135848e-02    6.5720383829e+01    6.5720383829e+01    6.5720383829e+01
    2.9983818435e+02    5.3577852621e+02   -7.4444457580e+04    4.0482465926e-04    1.2248896587e-04    2.8194648218e-04    3.7089959171e-02   -1.8289814160e-02   -3.6892422048e-02    6.5720298798e+01    6.5720298798e+01    6.5720298798e+01
    3.0036095402e+02    5.3671265929e+02   -7.4444969437e+04   -1.6462772099e-03    3.6730408959e-03    6.3310358737e-04   -3.3907803689e-02    2.6143991013e-02    1.9159357500e-02    6.5720331835e+01    6.5720331835e+01    6.5720331835e+01
    3.0054929325e+02    5.3704920119e+02   -7.4445910284e+04   -4.9231367167e-03    6.8278253831e-04    5.6919041017e-03    1.7640376145e-02    9.2035936335e-03   -5.6485531847e-03    6.5720142387e+01    6.5720142387e+01    6.5720142387e+01
    2.9926058714e+02    5.3474642224e+02   -7.4442180856e+04   -1.3018556662e-02   -6.4052754430e-03   -1.5674602925e-03   -2.5470079740e-02    1.1152595417e-03   -2.2160233447e-02    6.5719909073e+01    6.5719909073e+01    6.5719909073e+01
    3.0086705957e+02    5.3761701536e+02   -7.4445509060e+04   -7.4427211798e-04   -2.8194597218e-03   -2.3128173267e-03    1.2989186274e-03   -1.5404184450e-02    2.3439618107e-02    6.5720132385e+01    6.5720132385e+01    6.5720132385e+01
    2.9999024460e+02    5.3605024150e+02   -7.4443793118e+04    7.6029091559e-03    6.9690678153e-04    4.3686079184e-04   -8.5398868513e-03    1.2520612837e-02   -3.7748511463e-02    6.5720422214e+01    6.5720422214e+01    6.5720422214e+01
    3.0155345353e+02    5.3884352740e+02   -7.4446865189e+04   -5.4384141103e-03   -4.4472444322e-03   -4.1911938703e-03   -1.2472108073e-02    9.2740684769e-03    5.1064246179e-02    6.5720246185e+01    6.5720246185e+01    6.5720246185e+01
    2.9851202655e+02    5.3340882513e+02   -7.4441182964e+04    9.9483013739e-04   -1.9216645759e-03    1.1897895814e-03    2.9785793691e-02   -1.3446088939e-02   -3.4383460040e-02    6.5719950172e+01    6.5719950172e+01    6.5719950172e+01
    2.9988506177e+02    5.3586229111e+02   -7.4444462119e+04    2.0252948341e-03   -2.2951310575e-04   -3.3693625796e-03   -3.5285420090e-02    9.1696428311e-03    1.9540991852e-02    6.5719810951e+01    6.5719810951e+01    6.5719810951e+01
    2.9857161458e+02    5.3351530251e+02   -7.4441214118e+04    4.1201702880e-03    3.7341735164e-03    4.5061761119e-03    1.8868479186e-02    9.3168660728e-03    2.1523921500e-03    6.5720017398e+01    6.5720017398e+01    6.5720017398e+01
    2.9866012417e+02    5.3367345962e+02   -7.4441637201e+04    3.8469984161e-03   -1.8946152430e-03   -1.0327040416e-03    9.7154503256e-03   -9.2607127068e-03   -8.8379923444e-03    6.5720086853e+01    6.5720086853e+01    6.5720086853e+01
    2.9920569231e+02    5.3464833110e+02   -7.4442274934e+04   -3.4672307985e-03   -3.6212634917e-03    1.4408872373e-03   -1.5509000950e-02    2.1523861891e-02   -6.2283235181e-03    6.5719960513e+01    6.5719960513e+01    6.5719960513e+01
    3.0147535914e+02    5.3870398114e+02   -7.4447041765e+04   -1.4849847132e-03   -6.3324194054e-04    5.2900183371e-03    1.7814611462e-02    2.6637658442e-05   -1.6059360128e-02    6.5719872497e+01    6.5719872497e+01    6.5719872497e+01
    2.9956457206e+02    5.3528961053e+02   -7.4442950957e+04   -3.8085250571e-05    3.2413415518e-04   -5.7059353574e-05   -3.9681800215e-02    2.0899687640e-03    3.7995893614e-02    6.5719960482e+01    6.5719960482e+01    6.5719960482e+01
    2.9958576614e+02    5.3532748208e+02   -7.4443315944e+04   -1.1419905601e-03    3.0901636838e-03   -5.1069171151e-03    3.9371548187e-02   -3.8656311862e-03   -2.3523511430e-02    6.5719887403e+01    6.5719887403e+01    6.5719887403e+01
    2.9955450466e+02    5.3527162117e+02   -7.4442458780e+04    1.2654352228e-03   -8.7674325326e-03    1.8555482036e-03   -2.8772553455e-02    2.6880834251e-02    3.0085823030e-02    6.5719953805e+01    6.5719953805e+01    6.5719953805e+01
    3.0124839161e+02    5.3829841462e+02   -7.4444932711e+04    4.3347354757e-03    6.0683789153e-03    6.1681418669e-03    1.1108477215e-02   -1.3646136815e-02   -2.2144637467e-02    6.5720072409e+01    6.5720072409e+01    6.5720072409e+01
    2.9948467704e+02    5.3514684675e+02   -7.4443156630e+04    2.8833975446e-04   -1.9950548190e-03    5.4644781298e-03    1.7850124092e-02    1.1050590304e-02    2.3580384736e-02    6.5720100196e+01    6.5720100196e+01    6.5720100196e+01
    3.0096677170e+02    5.3779519020e+02   -7.4445794799e+04   -5.2829243560e-03   -3.5455373748e-03   -3.1359267441e-03   -2.2591071924e-02    5.5641531425e-03   -2.7289073915e-02    6.5720207126e+01    6.5720207126e+01    6.5720207126e+01
    2.9990062437e+02    5.3589009980e+02   -7.4444080017e+04    8.7449343556e-03   -8.0075213910e-04    8.4305482219e-04    4.3293047730e-02   -1.9218872551e-02   -9.1855328875e-03    6.5719889915e+01    6.5719889915e+01    6.5719889915e+01
    2.9901246861e+02    5.3430306116e+02   -7.4441748619e+04    8.0559944603e-03   -5.8363654273e-03    2.8577922504e-03   -2.9303831074e-02    2.8650737382e-02    2.9988229603e-02    6.5719876283e+01    6.5719876283e+01    6.5719876283e+01
    2.9981557213e+02    5.3573812061e+02   -7.4444062494e+04   -1.2902398939e-03    2.6396400280e-03    1.1059926646e-02   -4.2916649576e-03   -1.3979939849e-02   -1.7817846648e-02    6.5720084519e+01    6.5720084519e+01    6.5720084519e+01
    2.9871417798e+02    5.3377004795e+02   -7.4441776172e+04    1.5869236352e-03    2.5110075750e-03    6.7833806370e-03    1.4589763226e-02    3.6307854825e-03    2.0008828412e-02    6.5720304358e+01    6.5720304358e+01    6.5720304358e+01
    2.9952814840e+02    5.3522452539e+02   -7.4443968317e+04   -6.3527478952e-03    1.7083007302e-03    1.4588144133e-03   -4.4186862805e-02    3.9595267990e-03   -1.3964452995e-02    6.5720571846e+01    6.5720571846e+01    6.5720571846e+01
    3.0018964525e+02    5.3640654897e+02   -7.4443746717e+04   -4.4387673072e-04    7.9790822951e-03    4.8350149058e-03    2.2957605724e-02   -1.1718698929e-03    2.7558225900e-02    6.5720745323e+01    6.5720745323e+01    6.5720745323e+01
    2.9901988185e+02    5.3431630783e+02   -7.4441652647e+04    2.1845758911e-03    6.1268435596e-03    3.9057830103e-04   -1.2985850927e-02   -1.2553324034e-02   -1.8600745751e-02    6.5720789713e+01    6.5720789713e+01    6.5720789713e+01
    3.0110555005e+02    5.3804317216e+02   -7.4445495887e+04    7.8986072829e-04   -2.1523161243e-04    2.2745553702e-03   -7.7534443144e-03   -2.1163983606e-02    2.9447581338e-02    6.5720790422e+01    6.5720790422e+01    6.5720790422e+01
    3.0303731933e+02    5.4149503570e+02   -7.4449582699e+04   -5.6290134970e-03    2.1291925541e-03    7.4530635845e-04    2.4082511142e-02    2.3187165257e-02   -8.7334268146e-03    6.5720798146e+01    6.5720798146e+01    6.5720798146e+01
    3.0064727856e+02    5.3722429039e+02   -7.4446161315e+04   -2.8172953908e-03    5.4630234165e-03   -1.8962582628e-03   -4.7053559434e-02   -7.5328747989e-03   -1.0335100331e-02    6.5720916037e+01    6.5720916037e+01    6.5720916037e+01
    3.0006324014e+02    5.3618067666e+02   -7.4443686407e+04   -8.9683153654e-05   -3.6353498857e-03   -4.7522739989e-03    2.2046181116e-02    9.1750890512e-03    3.3978531668e-03    6.5720867632e+01    6.5720867632e+01    6.5720867632e+01
    2.9968191095e+02    5.3549928248e+02   -7.4443856679e+04    4.1569258796e-03   -5.6987967377e-03   -4.1659265335e-03   -3.8089941483e-02    1.2488333001e-02   -2.7341677514e-02    6.5720523383e+01    6.5720523383e+01    6.5720523383e+01
    2.9937447823e+02    5.3494993335e+02   -7.4442931378e+04   -2.0553434998e-03    1.2170453290e-03    3.6539785381e-03    1.2704464407e-02   -1.6595553842e-02    2.5259863955e-02    6.5720276218e+01    6.5720276218e+01    6.5720276218e+01
    2.9973667566e+02    5.3559714112e+02   -7.4443764776e+04   -5.7680105211e-03   -2.1805819829e-03   -1.8270170397e-03   -1.3284405186e-02    7.8516045728e-03   -3.5791393488e-02    6.5720012727e+01    6.5720012727e+01    6.5720012727e+01
    3.0004865657e+02    5.3615461738e+02   -7.4443866135e+04   -9.1350440490e-03   -4.9187676138e-03   -2.7828635852e-03   -1.0920669619e-02   -7.1583143909e-03    3.3926575937e-02    6.5719737791e+01    6.5719737791e+01    6.5719737791e+01
    3.0039152997e+02    5.3676729522e+02   -7.4444353564e+04   -4.7430530260e-03    6.0544640393e-03    4.9882395448e-03    3.4593026394e-02   -2.2228504530e-03   -3.4972092190e-02    6.5719579790e+01    6.5719579790e+01    6.5719579790e+01
    2.9880354417e+02    5.3392973570e+02   -7.4442192284e+04   -5.6990662703e-03    1.6397742835e-03    1.1033115030e-03   -3.9338860057e-02    1.2694947924e-02    2.5951323027e-03    6.5719365767e+01    6.5719365767e+01    6.5719365767e+01
    3.0062208065e+02    5.3717926443e+02   -7.4445346109e+04    3.1782669532e-03   -1.1845522739e-02   -2.8518075782e-03    3.4242203477e-02   -1.3900054237e-02    7.9841716242e-03    6.5719157861e+01    6.5719157861e+01    6.5719157861e+01
    2.9957952824e+02    5.3531633561e+02   -7.4443055644e+04   -1.6429027499e-03   -6.9036560073e-03    5.4667047646e-03   -2.6092584953e-02    9.4054232985e-03   -2.5728034702e-02    6.5719429902e+01    6.5719429902e+01    6.5719429902e+01
    3.0288131155e+02    5.4121626661e+02   -7.4449338601e+04    6.1974884741e-03   -4.4690717457e-03    3.4466436734e-03   -2.0187556492e-02   -1.2326767631e-02    2.2072269744e-02    6.5719619811e+01    6.5719619811e+01    6.5719619811e+01
    2.9676020246e+02    5.3027850424e+02   -7.4438137106e+04    4.4920076394e-03   -8.6088129568e-04    3.3765464678e-03    5.2702035979e-02   -7.8093053520e-03   -2.2795119448e-02    6.5719689776e+01    6.5719689776e+01    6.5719689776e+01
    2.9907194414e+02    5.3440933752e+02   -7.4442886873e+04    6.7246113574e-03    1.8959075404e-03   -2.6438170674e-03   -2.4917036631e-02   -1.7338850063e-02    1.4243493873e-02    6.5719719628e+01    6.5719719628e+01    6.5719719628e+01
    2.9742456446e+02    5.3146564755e+02   -7.4440427072e+04    4.1880812508e-04    4.5376679594e-03   -2.1167643754e-03    3.6010925987e-03    2.2540017205e-02   -8.8977335352e-03    6.5719881560e+01    6.5719881560e+01    6.5719881560e+01
    3.0102931524e+02    5.3790694876e+02   -7.4445516245e+04    1.3771545500e-03   -1.1658189032e-03    5.1385319528e-03    4.0257387106e-03   -1.4645910763e-02    6.0354783466e-03    6.5719949168e+01    6.5719949168e+01    6.5719949168e+01
    3.0019193016e+02    5.3641063187e+02   -7.4444512164e+04    3.8013382931e-03   -5.0277177289e-03    4.8327106297e-03   -2.0592514056e-02   -5.4952761357e-03   -5.8811571675e-03    6.5719926115e+01    6.5719926115e+01    6.5719926115e+01
    3.0011448875e+02    5.3627225240e+02   -7.4442846128e+04    2.7566853985e-03    2.7737306620e-03    5.7818815360e-03    2.3350876935e-02    6.1237873508e-03    5.5726975010e-03    6.5719779260e+01    6.5719779260e+01    6.5719779260e+01
    3.0013955992e+02    5.3631705188e+02   -7.4443716469e+04    1.4070958559e-03   -5.2677588700e-03   -7.6457741841e-03   -2.6995687052e-02   -4.2881473607e-02    1.3843980127e-03    6.5719574760e+01    6.5719574760e+01    6.5719574760e+01
    2.9852974969e+02    5.3344049447e+02   -7.4441583050e+04    7.4096795472e-03    4.2972687980e-04    2.4567835991e-03    2.0184653172e-02    5.0692203363e-02   -1.0495650587e-02    6.5719518399e+01    6.5719518399e+01    6.5719518399e+01
    3.0114425114e+02    5.3811232683e+02   -7.4445923341e+04    2.5341497600e-03    9.9393815672e-03    4.8561883133e-03   -1.6014553720e-04   -2.5288798917e-02   -1.7144507895e-03    6.5719793005e+01    6.5719793005e+01    6.5719793005e+01
    3.0029392980e+02    5.3659289423e+02   -7.4444582924e+04   -1.2891169299e-03   -2.8565946090e-03    1.8626280465e-03   -2.7052262003e-02    2.8953005950e-02   -1.3016950037e-02    6.5720097633e+01    6.5720097633e+01    6.5720097633e+01
    2.9983161038e+02    5.3576677923e+02   -7.4443338936e+04   -4.1302969063e-03   -7.7613966115e-03   -9.2120801838e-04    2.7378809574e-02   -2.4401389581e-02    9.5247407925e-03    6.5720059648e+01    6.5720059648e+01    6.5720059648e+01
