59.9240299833899783 6.6923615272066588 -67.8159636337045839
31.0953781308528860 3.4727556263246266 -64.4783005289011584
31.0565802467493768 3.4684226489367020 -64.4923319559708261
30.8484304973512380 3.4451763256310777 -64.4583491063886385
31.3067582240678774 3.4963627168998346 -64.5321990980796727
29.6599465339382533 3.3124455270741078 -64.3407057103384261
29.2638182750305269 3.2682056199702592 -64.2927035086184588
31.0871804244144236 3.4718401001960384 -64.5157354594218333
31.1358028742342619 3.4772702926017063 -64.5136650163576206
29.7725824314503669 3.3250247903062604 -64.3343722406479799
31.0590899576206212 3.4687029353674341 -64.5028901867250113
31.1303861286011312 3.4766653463040713 -64.5054663195773657
31.8783314877320656 3.5601964563994382 -64.6106360860343898
30.7836404200213174 3.4379405202123219 -64.4748421319506662
31.1926941649460474 3.4836239554861654 -64.5313065270754862
29.5859435894618166 3.3041808216020061 -64.3291214422026769
29.8867970618248648 3.3377803676326567 -64.3686456097734236
30.4912505715006112 3.4052861981694260 -64.4443146261799882
30.5041002071730070 3.4067212553148885 -64.4473204629304632
30.6720003204353482 3.4254724684546254 -64.4752398730084479
31.1738900373729315 3.4815238961283770 -64.5194774527605688
31.3983797897611900 3.5065950834726154 -64.5488506423472899
30.2335118120714661 3.3765017362740610 -64.4025841927284830
30.4613139001702891 3.4019428478053197 -64.4328954850187614
30.2180270511063327 3.3747723863192971 -64.4083463993364660
31.0847419159707208 3.4715677657069040 -64.5035811707435727
30.4191397862126145 3.3972328104835205 -64.4232095215891007
30.7333583059159139 3.4323249752291338 -64.4653382133610364
29.5731276579601285 3.3027495285641217 -64.3195392923338858
30.9836099954491502 3.4602732754288188 -64.4970921681612026
31.0797803317365506 3.4710136521826307 -64.5050977437473421
30.3982857197383787 3.3949038123804782 -64.4197980918065838
30.3088872120830040 3.3849197186306359 -64.4232513456554159
30.7829355880590825 3.4378618040393856 -64.4821150218918433
29.9880086644209669 3.3490837568658045 -64.3781981637457221
30.7520511972908999 3.4344126116431881 -64.4629552558346575
31.1181546842269796 3.4752993292358862 -64.5092484865797076
30.0993457188472320 3.3615179643081508 -64.3883950433722561
29.6670409838141040 3.3132378406654834 -64.3422375799237045
30.7183693659527641 3.4306509989433134 -64.4639522172656143
30.7851171428986135 3.4381054417533647 -64.4563101150126414
31.1178684233769403 3.4752673594050840 -64.5048510034922060
30.1969778746014903 3.3724215981787227 -64.3993204827564085
30.5512266112797910 3.4119843681904283 -64.4361902135537719
30.6193313483888616 3.4195903573499629 -64.4427237212622970
30.8357438486264250 3.4437594709926520 -64.4739127570890105
30.1314361489885663 3.3651018481044996 -64.4017229375344300
31.4918519537846748 3.5170341262831362 -64.5569433648606150
29.7072428996863245 3.3177276213958153 -64.3269079147476361
30.8686959313691993 3.4474395848109349 -64.4798103051926006
31.1867667792213119 3.4829619805123171 -64.5239765280030184
30.4268130579095164 3.3980897673388322 -64.4233687075657144
30.6376912938616535 3.4216408101108633 -64.4533656087467364
29.8642926031620526 3.3352670524669819 -64.3577914885407836
30.8978442346526947 3.4506948896282492 -64.4888867317586971
30.7763578426827635 3.4371271964019412 -64.4747215295569163
30.7981564033465673 3.4395616763388772 -64.4566835741705404
30.7321014486670236 3.4321846084497301 -64.4752101629246113
31.2301309657829478 3.4878049260532653 -64.5330655064884127
30.7053238621060878 3.4291940670902532 -64.4543899347787459
30.9717171373916216 3.4589450719395876 -64.4889683253466330
31.5596268561536988 3.5246032792464859 -64.5637617395366448
31.5213696471000198 3.5203306848618943 -64.5578761130791179
31.1122267379739270 3.4746372916618067 -64.5008192825192310
30.6679068904938852 3.4250153110661428 -64.4463991279397419
30.9994084941237844 3.4620376638510768 -64.4904467413617368
30.4601965170805151 3.4018180576067429 -64.4452777323211166
31.1655229875087265 3.4805894575964067 -64.5240362458481087
30.2895141807641757 3.3827561236671557 -64.4315179659233053
30.0316288744564694 3.3539552953042437 -64.3784165431579254
30.8832772459514686 3.4490680371822711 -64.4741014059679429
30.3724757660037277 3.3920213369955508 -64.4132702649619944
30.6447042328119856 3.4224240204996983 -64.4555384906612261
30.8423876547468367 3.4445014563445513 -64.4829503856257702
30.8425850547731706 3.4445235021305587 -64.4991311126038198
31.0859002720785220 3.4716971318034897 -64.5090576153289845
31.0128416701145433 3.4635378912258656 -64.5057316396126339
31.1112988288709325 3.4745336620630738 -64.5113504745530832
30.1405537721198158 3.3661201112333319 -64.3888568461106559
29.0628766905231863 3.2457643100359035 -64.2598042525604001
29.8232876111816481 3.3306875835823098 -64.3598772081344492
30.5126744990544481 3.4076788387939416 -64.4336528853627613
30.2829730096337180 3.3820256006694787 -64.4241342766699603
31.3795539592213473 3.5044926003108943 -64.5375071563383784
30.5909847116970468 3.4164245832711067 -64.4499473142049908
30.9143988313426519 3.4525437196554853 -64.4974376042939355
30.8876821315987726 3.4495599781823327 -64.4880259249641625
30.5573461791764664 3.4126678062163123 -64.4424760636352545
29.6214673426976063 3.3081481415489971 -64.3356831622946430
30.4243694471515305 3.3978168630193339 -64.4308620918627781
30.7312873045486796 3.4320936842115453 -64.4501053394068606
30.4654416121587239 3.4024038338390437 -64.4505848377153541
31.4656402540739357 3.5141067836001509 -64.5500203314526004
31.0303435024047332 3.4654925092498363 -64.4943463008024054
30.1462781492591780 3.3667594140530075 -64.4003464427754864
30.5860897488485186 3.4158779100741659 -64.4510355395029677
30.1532950080898345 3.3675430622170768 -64.3939967521358199
30.9022996990631746 3.4511924793032893 -64.4825637798006710
30.5309626205752664 3.4097212702009205 -64.4314567229386057
29.0398628381828061 3.2431941053944890 -64.2734690792863717
