59.9251821766108534 6.6924902050273172 -74.3613523783334074
31.1700234556087707 3.4810920733179378 -71.1385884300349289
29.9647176614917505 3.3464825998345309 -71.0049086362159443
31.0383786020291552 3.4663898753249929 -71.1250940532712548
30.6124436883371871 3.4188211382044034 -71.0780103042052502
31.2364180335454229 3.4885070705923460 -71.1479820698809817
30.0147681600229355 3.3520722778131393 -71.0096193757007228
29.2521775987673394 3.2669055803368097 -70.9251114558457800
30.7219803739797079 3.4310542790831948 -71.0913009582620674
30.2786466763592372 3.3815424324585286 -71.0402740300671240
30.3578667853966131 3.3903897948613877 -71.0487277448307140
30.8303543313342558 3.4431575655769726 -71.1028281481332698
31.0967508897363274 3.4729089370872743 -71.1324116195348921
31.5944250852970008 3.5284895721075986 -71.1876491972807628
31.0816480689515124 3.4712222425041395 -71.1302443352850844
31.2062973610302450 3.4851431708351024 -71.1448702319268449
31.5818501373633786 3.5270851922990154 -71.1871402140783260
31.2182302052646712 3.4864758400111704 -71.1456152741544372
31.4903952249043400 3.5168714376869747 -71.1769507308241600
30.5923664376532081 3.4165788954832981 -71.0760162167565284
30.4354470508159096 3.3990540182740401 -71.0583382117898026
31.5378107038816822 3.5221668346652821 -71.1813434136579986
30.5780098866339856 3.4149755448786898 -71.0732391591769499
30.1158607545830002 3.3633623761377480 -71.0223045985872830
30.3656398090838415 3.3912578920953167 -71.0499830938526884
30.3361788774580177 3.3879676727054830 -71.0467070498638549
30.9831210595923778 3.4602186706981617 -71.1193483575445100
30.0805916107803171 3.3594234911670942 -71.0185220284217849
30.9551306587721378 3.4570926813140632 -71.1164141016135432
30.5675976737200052 3.4138127009721981 -71.0730158002196220
30.9407746399335331 3.4554893901437937 -71.1147185927056995
31.1614254244487476 3.4801318386180853 -71.1393619976337561
31.8086619459123590 3.5524157086523065 -71.2118524247898108
30.6013322534570449 3.4175802046536301 -71.0761416015755003
31.2165856707967961 3.4862921771432687 -71.1460835790162918
30.4248012925534219 3.3978650918442996 -71.0573041938777834
31.0050117129689511 3.4626634356197363 -71.1221409107545952
29.7531087559506382 3.3228499553236364 -70.9818673218914711
30.4339728296642775 3.3988893761276340 -71.0580090277839673
30.5255357451466978 3.4091151925999785 -71.0685517490128831
29.3412747669901250 3.2768560202682111 -70.9355295896238118
30.1620427690667192 3.3685200188574620 -71.0268070562118652
30.0898503410158149 3.3604575132453154 -71.0190093756500715
31.9768918398764725 3.5712037519531918 -71.2314341458275209
31.4154828738046916 3.5085051689872420 -71.1679919798607017
31.4039390376810026 3.5072159445346816 -71.1661527398757841
32.0226725255350360 3.5763165739625835 -71.2360675169599631
30.8188034526061685 3.4418675546009636 -71.1002975259813326
30.8586840243257754 3.4463214473704129 -71.1053158195358179
30.8797414821791065 3.4486731603783243 -71.1068987977083822
31.4114824999540403 3.5080584041741951 -71.1668984490315353
30.7352331246662871 3.4325343564219368 -71.0919479704596426
32.0368741593923332 3.5779026232999929 -71.2378402960271444
31.0912551463325464 3.4722951682581575 -71.1313880726155361
32.0623854512999955 3.5807517439035221 -71.2408083947014603
30.3038475527913569 3.3843568856241943 -71.0438432658732353
30.0316826051774193 3.3539612959922787 -71.0134395987222575
30.8218546231943975 3.4422083116672568 -71.1019807229227467
30.7873580382745757 3.4383557066638644 -71.0974641608959814
30.6429595117078328 3.4222291687115862 -71.0812851437181052
30.5612612444165421 3.4131050436984447 -71.0720838358869571
30.2424319204922476 3.3774979408088748 -71.0361060882442104
30.5941057910256404 3.4167731477990237 -71.0752302893448302
30.8690802679985516 3.4474825078198261 -71.1063435518561704
30.9157999004121358 3.4527001921213754 -71.1122032074419224
31.2887296869865175 3.4943492760817096 -71.1535081398617564
31.2067698014502746 3.4851959333427605 -71.1440845238491448
30.6977944448918478 3.4283531760136547 -71.0875741980764957
30.4713670360647200 3.4030655897154736 -71.0626490617548399
30.5645333839091187 3.4134704787410786 -71.0728033657544103
30.5211528192327854 3.4086257040797472 -71.0675647456471609
30.3910959186695564 3.3941008498949010 -71.0535178354196120
29.4272707353041802 3.2864601158205193 -70.9456108760417408
29.5489914681893815 3.3000539804195812 -70.9584215924551529
30.3486492260683249 3.3893603707815907 -71.0480424463561775
31.7307454506150215 3.5437139348295643 -71.2032840227920900
31.7232156610219427 3.5428730021654120 -71.2025225565426183
30.6318647063328058 3.4209900923566705 -71.0806134484349741
31.0473759022830507 3.4673947007028021 -71.1272676110616686
30.2236114582470385 3.3753960571824062 -71.0340641633902834
30.9302147245675023 3.4543100507144233 -71.1137145796891872
31.0308541649674936 3.4655495404356453 -71.1251651607854143
29.7321983639590464 3.3205146667437107 -70.9791699691100462
30.9520960001723999 3.4567537683192811 -71.1168787222070193
30.8057293227807598 3.4404074257766917 -71.0995814794088687
30.5915371869563160 3.4164862841308601 -71.0756309040555152
30.9347858832347491 3.4548205612125980 -71.1137824718758083
30.4216663980040387 3.3975149844219525 -71.0566247429747762
31.1596902456531062 3.4799380525222903 -71.1389913643809422
30.9648376542949073 3.4581767660026155 -71.1164768604427167
29.8946420467935994 3.3386565015575749 -70.9975003864353056
30.6416275355809837 3.4220804125984050 -71.0809336076640790
30.4467204878723656 3.4003130443518410 -71.0596408532548480
30.3690214224825041 3.3916355532675606 -71.0498345958157245
29.8764382333599983 3.3366234857422961 -70.9947571585873050
31.1566313797823362 3.4795964360409539 -71.1388598882216172
31.8761496318584925 3.5599527850657471 -71.2194803307353368
30.6154067324955044 3.4191520532435624 -71.0773473707900507
31.3482420397750374 3.5009956611847448 -71.1592881611427686
29.4754992700708662 3.2918463154915960 -70.9506169700551084
