-0.498 3.83723e-05 1.45741e-05
-0.496 0.000134533 2.94926e-05
-0.494 0.000255182 -1.89984e-06
-0.492 0.000362418 -0.000127363
-0.49 0.000416315 -0.000391262
-0.488 0.00037765 -0.00083014
-0.486 0.000210657 -0.00146862
-0.484 -0.000114305 -0.00231592
-0.482 -0.000618287 -0.0033631
-0.48 -0.00131159 -0.00458139
-0.478 -0.00219203 -0.0059216
-0.476 -0.00324368 -0.00731474
-0.474 -0.00443621 -0.00867388
-0.472 -0.0057249 -0.00989723
-0.47 -0.0070514 -0.0108724
-0.468 -0.00834517 -0.0114812
-0.466 -0.0095258 -0.0116062
-0.464 -0.010506 -0.0111365
-0.462 -0.0111954 -0.0099746
-0.46 -0.0115046 -0.00804312
-0.458 -0.0113502 -0.00529089
-0.456 -0.0106595 -0.00169848
-0.454 -0.00937517 0.00271726
-0.452 -0.00746024 0.00789996
-0.45 -0.00490176 0.0137521
-0.448 -0.00171401 0.0201349
-0.446 0.00205943 0.0268706
-0.444 0.00634486 0.0337459
-0.442 0.011039 0.0405182
-0.44 0.016011 0.0469233
-0.438 0.0211055 0.0526841
-0.436 0.0261471 0.0575223
-0.434 0.0309456 0.0611689
-0.432 0.0353025 0.0633771
-0.43 0.0390168 0.0639341
-0.428 0.0418923 0.0626723
-0.426 0.0437438 0.0594806
-0.424 0.0444034 0.0543124
-0.422 0.0437265 0.047193
-0.42 0.041597 0.0382235
-0.418 0.037932 0.0275828
-0.416 0.0326858 0.0155259
-0.414 0.0258534 0.00237957
-0.412 0.0174733 -0.0114653
-0.41 0.00762911 -0.0255642
-0.408 -0.00354891 -0.0394316
-0.406 -0.0158839 -0.0525567
-0.404 -0.0291534 -0.0644202
-0.402 -0.0430917 -0.0745124
-0.4 -0.0573937 -0.0823521
-0.398 -0.0717202 -0.087505
-0.396 -0.0857057 -0.0896021
-0.394 -0.0989667 -0.0883555
-0.392 -0.111113 -0.0835736
-0.39 -0.121757 -0.0751727
-0.388 -0.130531 -0.0631859
-0.386 -0.137095 -0.0477688
-0.384 -0.141153 -0.0292013
-0.382 -0.142462 -0.00788488
-0.38 -0.140844 0.0156636
-0.378 -0.136194 0.0408226
-0.376 -0.128484 0.0668805
-0.374 -0.117769 0.0930545
-0.372 -0.104179 0.118512
-0.37 -0.0879252 0.142396
-0.368 -0.0692863 0.163852
-0.366 -0.0486036 0.182056
-0.364 -0.0262702 0.196244
-0.362 -0.00272062 0.20574
-0.36 0.02158 0.209981
-0.358 0.0461463 0.208544
-0.356 0.0704816 0.201163
-0.354 0.0940861 0.187746
-0.352 0.116463 0.168388
-0.35 0.137122 0.143368
-0.348 0.155588 0.113157
-0.346 0.171398 0.0783989
-0.344 0.184109 0.0399053
-0.342 0.193302 -0.00137141
-0.34 0.198583 -0.044363
-0.338 0.199594 -0.087917
-0.336 0.196016 -0.130832
-0.334 0.187584 -0.171897
-0.332 0.174088 -0.20993
-0.33 0.15539 -0.243818
-0.328 0.131429 -0.272557
-0.326 0.102234 -0.295286
-0.324 0.0679242 -0.311321
-0.322 0.0287177 -0.320177
-0.32 -0.0150679 -0.321593
-0.318 -0.0630179 -0.315544
-0.316 -0.114624 -0.302242
-0.314 -0.169289 -0.28214
-0.312 -0.226341 -0.255917
-0.31 -0.285033 -0.224458
-0.308 -0.344563 -0.188836
-0.306 -0.404075 -0.15027
-0.304 -0.462674 -0.110093
-0.302 -0.51943 -0.0697064
-0.3 -0.573388 -0.0305347
-0.298 -0.623571 0.00602518
-0.296 -0.668992 0.038652
-0.294 -0.708653 0.0661486
-0.292 -0.741562 0.0874872
-0.29 -0.76674 0.10185
-0.288 -0.783237 0.108666
-0.286 -0.790148 0.107633
-0.284 -0.786638 0.0987415
-0.282 -0.771967 0.0822832
-0.28 -0.745513 0.058847
-0.278 -0.706804 0.029311
-0.276 -0.655546 -0.00517947
-0.274 -0.591647 -0.0432425
-0.272 -0.515241 -0.0832985
-0.27 -0.426699 -0.123618
-0.268 -0.326646 -0.162374
-0.266 -0.215953 -0.197704
-0.264 -0.095739 -0.227768
-0.262 0.0326497 -0.250816
-0.26 0.167659 -0.265249
-0.258 0.307557 -0.26968
-0.256 0.450465 -0.262991
-0.254 0.594401 -0.244382
-0.252 0.737311 -0.213408
-0.25 0.877121 -0.170015
-0.248 1.01177 -0.114553
-0.246 1.13926 -0.0477821
-0.244 1.25768 0.0291328
-0.242 1.36527 0.114648
-0.24 1.46046 0.206876
-0.238 1.54188 0.303631
-0.236 1.60842 0.402491
-0.234 1.65926 0.50087
-0.232 1.6939 0.596092
-0.23 1.71218 0.685478
-0.228 1.71433 0.766432
-0.226 1.70094 0.836529
-0.224 1.67302 0.893595
-0.222 1.63194 0.935792
-0.22 1.57945 0.96168
-0.218 1.51762 0.970277
-0.216 1.44881 0.9611
-0.214 1.37559 0.934195
-0.212 1.30069 0.89014
-0.21 1.22688 0.830044
-0.208 1.15688 0.755516
-0.206 1.09327 0.668625
-0.204 1.03836 0.571845
-0.202 0.994121 0.467981
-0.2 0.962068 0.360087
-0.198 0.943198 0.25138
-0.196 0.937925 0.145137
-0.194 0.946041 0.044596
-0.192 0.966693 -0.0471483
-0.19 0.99839 -0.127245
-0.188 1.03903 -0.193187
-0.186 1.08594 -0.242897
-0.184 1.13594 -0.274817
-0.182 1.18542 -0.287968
-0.18 1.23046 -0.282006
-0.178 1.26687 -0.257259
-0.176 1.29036 -0.214739
-0.174 1.29664 -0.156139
-0.172 1.28151 -0.0837988
-0.17 1.24101 -0.000660652
-0.168 1.17154 0.0898083
-0.166 1.06997 0.183707
-0.164 0.933764 0.276815
-0.162 0.761084 0.364712
-0.16 0.550912 0.442926
-0.158 0.303127 0.50707
-0.156 0.0185901 0.552994
-0.154 -0.300804 0.576927
-0.152 -0.652094 0.575616
-0.15 -1.03125 0.546447
-0.148 -1.43321 0.487551
-0.146 -1.85195 0.397886
-0.144 -2.28057 0.277295
-0.142 -2.71149 0.126537
-0.14 -3.13657 -0.0527159
-0.138 -3.54737 -0.257903
-0.136 -3.93536 -0.48563
-0.134 -4.29218 -0.731751
-0.132 -4.60991 -0.991467
-0.13 -4.88132 -1.25945
-0.128 -5.10011 -1.52997
-0.126 -5.26115 -1.79704
-0.124 -5.36064 -2.05459
-0.122 -5.39631 -2.29657
-0.12 -5.36749 -2.51718
-0.118 -5.27517 -2.71095
-0.116 -5.12204 -2.87292
-0.114 -4.91243 -2.99878
-0.112 -4.65224 -3.08498
-0.11 -4.34882 -3.12885
-0.108 -4.0108 -3.1287
-0.106 -3.64788 -3.08388
-0.104 -3.27067 -2.99481
-0.102 -2.89038 -2.86306
-0.1 -2.51857 -2.69124
-0.098 -2.1669 -2.48307
-0.096 -1.84682 -2.2432
-0.094 -1.56925 -1.97718
-0.092 -1.34432 -1.69124
-0.09 -1.18103 -1.39222
-0.088 -1.087 -1.08726
-0.086 -1.06813 -0.783704
-0.084 -1.12841 -0.48878
-0.082 -1.26967 -0.209433
-0.08 -1.49137 0.0479125
-0.078 -1.79053 0.277561
-0.076 -2.1616 0.474725
-0.074 -2.59651 0.635677
-0.072 -3.08471 0.757866
-0.07 -3.61334 0.839995
-0.068 -4.16746 0.882053
-0.066 -4.73035 0.885302
-0.064 -5.28389 0.85223
-0.062 -5.80899 0.786459
-0.06 -6.28605 0.692625
-0.058 -6.69549 0.576229
-0.056 -7.01824 0.443469
-0.054 -7.23629 0.301058
-0.052 -7.33311 0.156035
-0.05 -7.2942 0.0155686
-0.048 -7.10743 -0.113227
-0.046 -6.76341 -0.223482
-0.044 -6.25579 -0.308747
-0.042 -5.58147 -0.363155
-0.04 -4.74075 -0.381579
-0.038 -3.73741 -0.359767
-0.036 -2.57872 -0.294467
-0.034 -1.27536 -0.183532
-0.032 0.158656 -0.0260049
-0.03 1.70622 0.177817
-0.028 3.34735 0.426346
-0.026 5.05945 0.716692
-0.024 6.81775 1.04468
-0.022 8.59564 1.40493
-0.02 10.3652 1.79089
-0.018 12.0975 2.19504
-0.016 13.7636 2.609
-0.014 15.3344 3.02376
-0.012 16.7822 3.42992
-0.01 18.0803 3.81791
-0.008 19.2045 4.17833
-0.006 20.133 4.50219
-0.004 20.8474 4.7812
-0.002 21.333 5.00806
0 21.5792 5.17667
0.002 21.5801 5.28245
0.004 21.3342 5.32216
0.006 20.8449 5.29432
0.008 20.1203 5.19913
0.01 19.1728 5.03843
0.012 18.0193 4.81563
0.014 16.68 4.53556
0.016 15.1788 4.2043
0.018 13.5419 3.82897
0.02 11.7976 3.4175
0.022 9.97536 2.97837
0.024 8.10554 2.52041
0.026 6.21832 2.05251
0.028 4.34328 1.58348
0.03 2.5088 1.12175
0.032 0.741539 0.675256
0.034 -0.934058 0.251275
0.036 -2.49612 -0.143744
0.038 -3.92569 -0.504269
0.04 -5.20699 -0.825788
0.042 -6.32765 -1.10487
0.044 -7.27878 -1.33923
0.046 -8.05509 -1.52772
0.048 -8.65484 -1.67036
0.05 -9.07983 -1.76831
0.052 -9.33522 -1.82379
0.054 -9.42936 -1.84004
0.056 -9.37351 -1.82123
0.058 -9.18157 -1.77229
0.06 -8.86963 -1.69881
0.062 -8.45561 -1.60684
0.064 -7.95878 -1.50274
0.066 -7.39928 -1.39297
0.068 -6.79758 -1.28386
0.07 -6.17401 -1.18146
0.072 -5.54822 -1.09132
0.074 -4.93874 -1.01831
0.076 -4.36249 -0.966484
0.078 -3.83446 -0.938925
0.08 -3.36734 -0.937687
0.082 -2.9713 -0.963725
0.084 -2.65385 -1.01689
0.086 -2.41972 -1.09595
0.088 -2.2709 -1.19869
0.09 -2.20674 -1.32198
0.092 -2.22408 -1.46191
0.094 -2.31748 -1.61398
0.096 -2.4795 -1.77323
0.098 -2.70102 -1.93444
0.1 -2.97155 -2.0923
0.102 -3.27957 -2.24159
0.104 -3.61291 -2.37732
0.106 -3.95909 -2.49491
0.108 -4.30562 -2.59028
0.11 -4.64037 -2.65998
0.112 -4.95182 -2.70125
0.114 -5.22934 -2.71212
0.116 -5.46344 -2.69142
0.118 -5.64595 -2.63879
0.12 -5.77023 -2.55473
0.122 -5.83126 -2.44052
0.124 -5.82578 -2.29822
0.126 -5.75227 -2.13059
0.128 -5.61103 -1.94103
0.13 -5.40408 -1.73346
0.132 -5.13508 -1.51227
0.134 -4.80921 -1.28214
0.136 -4.433 -1.04793
0.138 -4.01408 -0.814556
0.14 -3.561 -0.58685
0.142 -3.08291 -0.369399
0.144 -2.58932 -0.166426
0.146 -2.08982 0.018335
0.148 -1.59378 0.18175
0.15 -1.1101 0.321372
0.152 -0.647001 0.435512
0.154 -0.211795 0.523272
0.156 0.189273 0.584563
0.158 0.551145 0.62009
0.16 0.87003 0.631305
0.162 1.14344 0.620344
0.164 1.37016 0.589936
0.166 1.55026 0.543298
0.168 1.68493 0.48401
0.17 1.77645 0.415892
0.172 1.82801 0.342871
0.174 1.8436 0.268847
0.176 1.82782 0.197577
0.178 1.78577 0.132556
0.18 1.72283 0.0769183
0.182 1.64455 0.0333553
0.184 1.5565 0.0040475
0.186 1.46408 -0.00938361
0.188 1.37243 -0.00590547
0.19 1.28628 0.0149137
0.192 1.20985 0.0529098
0.194 1.14674 0.107344
0.196 1.09987 0.17694
0.198 1.07139 0.25993
0.2 1.06267 0.354116
0.202 1.07424 0.456941
0.204 1.10583 0.565567
0.206 1.1564 0.676959
0.208 1.22414 0.787972
0.21 1.30661 0.89545
0.212 1.40079 0.99631
0.214 1.50319 1.08764
0.216 1.61 1.16677
0.218 1.71721 1.23137
0.22 1.82075 1.27951
0.222 1.9166 1.30972
0.224 2.00096 1.32101
0.226 2.07034 1.31292
0.228 2.1217 1.28553
0.23 2.15246 1.23945
0.232 2.16066 1.17576
0.234 2.14492 1.09602
0.236 2.10452 1.00219
0.238 2.03935 0.896557
0.24 1.94995 0.781662
0.242 1.83741 0.660227
0.244 1.70338 0.535062
0.246 1.54996 0.408982
0.248 1.37969 0.284725
0.25 1.19543 0.164878
0.252 1.00029 0.0518097
0.254 0.797582 -0.0523889
0.256 0.590732 -0.145946
0.258 0.383189 -0.227446
0.26 0.178369 -0.29585
0.262 -0.0204204 -0.350502
0.264 -0.210048 -0.391134
0.266 -0.387618 -0.417845
0.268 -0.550531 -0.431086
0.27 -0.696532 -0.431628
0.272 -0.823752 -0.420526
0.274 -0.930747 -0.399076
0.276 -1.01652 -0.368773
0.278 -1.08052 -0.331261
0.28 -1.12269 -0.288286
0.282 -1.14338 -0.241639
0.284 -1.14342 -0.193115
0.286 -1.124 -0.144459
0.288 -1.08669 -0.097323
0.29 -1.03335 -0.0532221
0.292 -0.966103 -0.0134973
0.294 -0.887236 0.020717
0.296 -0.799169 0.0485187
0.298 -0.704375 0.0692565
0.3 -0.605313 0.0825406
0.302 -0.504376 0.0882445
0.304 -0.403834 0.086499
0.306 -0.305791 0.0776771
0.308 -0.212143 0.0623718
0.31 -0.124552 0.0413666
0.312 -0.0444205 0.0156006
0.314 0.0271142 -0.0138706
0.316 0.0891916 -0.0459167
0.318 0.141223 -0.0793753
0.32 0.182885 -0.113093
0.322 0.214107 -0.145966
0.324 0.235052 -0.176974
0.326 0.246099 -0.205209
0.328 0.247817 -0.229902
0.33 0.240942 -0.25044
0.332 0.226347 -0.266375
0.334 0.205017 -0.277427
0.336 0.178019 -0.283486
0.338 0.146472 -0.284597
0.34 0.111519 -0.280955
0.342 0.0743002 -0.272881
0.344 0.0359271 -0.260809
0.346 -0.00254353 -0.245258
0.348 -0.0401302 -0.226814
0.35 -0.0759461 -0.206108
0.352 -0.109214 -0.183791
0.354 -0.13928 -0.160517
0.356 -0.165618 -0.136919
0.358 -0.187838 -0.1136
0.36 -0.205685 -0.0911087
0.362 -0.219032 -0.0699335
0.364 -0.22788 -0.0504901
0.366 -0.23234 -0.0331142
0.368 -0.232627 -0.0180564
0.37 -0.229043 -0.00548018
0.372 -0.221962 0.00453813
0.374 -0.211812 0.0120064
0.376 -0.199061 0.0170118
0.378 -0.184201 0.0197128
0.38 -0.167733 0.0203303
0.382 -0.150152 0.0191361
0.384 -0.131937 0.0164407
0.386 -0.113537 0.0125799
0.388 -0.0953685 0.00790069
0.39 -0.0778024 0.00274853
0.392 -0.0611614 -0.00254611
0.394 -0.0457164 -0.00767912
0.396 -0.0316835 -0.0123827
0.398 -0.0192239 -0.0164334
0.4 -0.00844406 -0.0196575
0.402 0.000602032 -0.0219343
0.404 0.00791012 -0.0231967
0.406 0.0135216 -0.0234296
0.408 0.0175186 -0.0226657
0.41 0.0200184 -0.0209802
0.412 0.0211675 -0.0184835
0.414 0.0211344 -0.0153133
0.416 0.0201035 -0.011626
0.418 0.0182679 -0.00758823
0.42 0.0158228 -0.00336873
0.422 0.0129591 0.000869148
0.424 0.00985788 0.00497382
0.426 0.0066851 0.00881074
0.428 0.00358775 0.0122664
0.43 0.000690527 0.0152511
0.432 -0.00190614 0.0177001
0.434 -0.00412711 0.0195745
0.436 -0.00592242 0.0208598
0.438 -0.00726628 0.0215646
0.44 -0.0081551 0.0217179
0.442 -0.00860491 0.0213666
0.444 -0.0086483 0.0205713
0.446 -0.00833097 0.0194035
0.448 -0.00770821 0.017941
0.45 -0.00684141 0.0162648
0.452 -0.00579479 0.0144549
0.454 -0.00463237 0.0125879
0.456 -0.00341542 0.0107335
0.458 -0.00220027 0.00895226
0.46 -0.00103661 0.00729415
0.462 3.3741e-05 0.00579719
0.464 0.000977617 0.00448709
0.466 0.0017709 0.00337734
0.468 0.00239851 0.00247
0.47 0.00285406 0.00175702
0.472 0.00313926 0.0012219
0.474 0.00326299 0.000841761
0.476 0.00324029 0.000589569
0.478 0.00309117 0.000436382
0.48 0.00283926 0.000353527
0.482 0.00251054 0.000314553
0.484 0.00213198 0.000296853
0.486 0.00173033 0.000282871
0.488 0.00133088 0.000260853
0.49 0.00095652 0.000225095
0.492 0.000626811 0.000175714
0.494 0.000357377 0.00011797
0.496 0.000159447 6.12052e-05
0.498 3.96449e-05 1.74796e-05
0.12 0.037503 0.0101231
0.24 0.0375988 0.0101564
0.36 0.0377585 0.0102118
0.48 0.0379819 0.0102893
0.6 0.0382691 0.010389
0.72 0.03862 0.0105107
0.84 0.0390344 0.0106546
0.96 0.0395121 0.0108205
1.08 0.0400532 0.0110084
1.2 0.0406573 0.0112183
1.32 0.0413244 0.0114501
1.44 0.0420542 0.0117038
1.56 0.0428466 0.0119794
1.68 0.0437013 0.0122767
1.8 0.0446181 0.0125957
1.92 0.0455968 0.0129364
2.04 0.0466371 0.0132987
2.16 0.0477388 0.0136825
2.28 0.0489017 0.0140878
2.4 0.0501256 0.0145145
2.52 0.0514101 0.0149625
2.64 0.0527551 0.0154317
2.76 0.0541603 0.0159222
2.88 0.0556255 0.0164337
3 0.0571505 0.0169663
3.12 0.0587352 0.0175198
3.24 0.0603792 0.0180943
3.36 0.0620826 0.0186895
3.48 0.0638451 0.0193055
3.6 0.0656666 0.0199422
3.72 0.067547 0.0205996
3.84 0.0694864 0.0212775
3.96 0.0714846 0.0219759
4.08 0.0735417 0.0226948
4.2 0.0756577 0.0234341
4.32 0.0778328 0.0241938
4.44 0.080067 0.0249738
4.56 0.0823605 0.0257742
4.68 0.0847136 0.0265949
4.8 0.0871266 0.0274359
4.92 0.0895997 0.0282973
5.04 0.0921334 0.0291789
5.16 0.0947281 0.0300809
5.28 0.0973844 0.0310033
5.4 0.100103 0.0319461
5.52 0.102884 0.0329094
5.64 0.105728 0.0338932
5.76 0.108637 0.0348977
5.88 0.111611 0.035923
6 0.11465 0.036969
6.12 0.117757 0.0380361
6.24 0.120932 0.0391243
6.36 0.124175 0.0402339
6.48 0.12749 0.0413649
6.6 0.130875 0.0425176
6.72 0.134334 0.0436922
6.84 0.137868 0.044889
6.96 0.141477 0.0461083
7.08 0.145165 0.0473502
7.2 0.148931 0.0486152
7.32 0.152779 0.0499035
7.44 0.15671 0.0512155
7.56 0.160726 0.0525517
7.68 0.16483 0.0539123
7.8 0.169022 0.0552978
7.92 0.173306 0.0567088
8.04 0.177684 0.0581455
8.16 0.182158 0.0596087
8.28 0.18673 0.0610987
8.4 0.191404 0.0626162
8.52 0.196181 0.0641618
8.64 0.201065 0.065736
8.76 0.206058 0.0673395
8.88 0.211163 0.068973
9 0.216384 0.0706371
9.12 0.221721 0.0723327
9.24 0.22718 0.0740604
9.36 0.232763 0.0758211
9.48 0.238473 0.0776155
9.6 0.244314 0.0794446
9.72 0.250288 0.0813091
9.84 0.256399 0.08321
9.96 0.26265 0.0851481
10.08 0.269045 0.0871245
10.2 0.275587 0.0891401
10.32 0.282279 0.091196
10.44 0.289125 0.093293
10.56 0.296129 0.0954324
10.68 0.303295 0.0976152
10.8 0.310624 0.0998424
10.92 0.318122 0.102115
11.04 0.325791 0.104435
11.16 0.333636 0.106802
11.28 0.34166 0.109219
11.4 0.349865 0.111686
11.52 0.358257 0.114204
11.64 0.366838 0.116775
11.76 0.375612 0.119401
11.88 0.384582 0.122081
12 0.393751 0.124818
12.12 0.403124 0.127613
12.24 0.412703 0.130467
12.36 0.422492 0.133381
12.48 0.432493 0.136357
12.6 0.44271 0.139396
12.72 0.453146 0.1425
12.84 0.463804 0.145669
12.96 0.474687 0.148905
13.08 0.485797 0.152209
13.2 0.497137 0.155582
13.32 0.50871 0.159027
13.44 0.520519 0.162544
13.56 0.532565 0.166133
13.68 0.544851 0.169798
13.8 0.55738 0.173538
13.92 0.570152 0.177355
14.04 0.58317 0.181251
14.16 0.596436 0.185225
14.28 0.60995 0.18928
14.4 0.623716 0.193417
14.52 0.637733 0.197636
14.64 0.652003 0.201939
14.76 0.666528 0.206326
14.88 0.681306 0.210798
15 0.69634 0.215357
15.12 0.71163 0.220004
15.24 0.727175 0.224738
15.36 0.742976 0.22956
15.48 0.759033 0.234473
15.6 0.775346 0.239475
15.72 0.791913 0.244567
15.84 0.808734 0.249751
15.96 0.825808 0.255026
16.08 0.843134 0.260393
16.2 0.86071 0.265852
16.32 0.878536 0.271404
16.44 0.896608 0.277048
16.56 0.914926 0.282784
16.68 0.933486 0.288613
16.8 0.952287 0.294534
16.92 0.971325 0.300548
17.04 0.990598 0.306653
17.16 1.0101 0.31285
17.28 1.02984 0.319138
17.4 1.04979 0.325516
17.52 1.06997 0.331985
17.64 1.09037 0.338542
17.76 1.11097 0.345188
17.88 1.13179 0.351921
18 1.15281 0.35874
18.12 1.17403 0.365645
18.24 1.19544 0.372633
18.36 1.21704 0.379704
18.48 1.23882 0.386856
18.6 1.26078 0.394087
18.72 1.28291 0.401396
18.84 1.3052 0.408781
18.96 1.32765 0.416241
19.08 1.35026 0.423772
19.2 1.373 0.431374
19.32 1.39589 0.439043
19.44 1.4189 0.446778
19.56 1.44204 0.454576
19.68 1.4653 0.462435
19.8 1.48866 0.470351
19.92 1.51212 0.478323
20.04 1.53568 0.486347
20.16 1.55931 0.49442
20.28 1.58303 0.50254
20.4 1.60681 0.510703
20.52 1.63065 0.518905
20.64 1.65453 0.527145
20.76 1.67846 0.535417
20.88 1.70242 0.54372
21 1.7264 0.552048
21.12 1.7504 0.560399
21.24 1.77439 0.568768
21.36 1.79839 0.577152
21.48 1.82236 0.585546
21.6 1.84631 0.593948
21.72 1.87023 0.602352
21.84 1.8941 0.610754
21.96 1.91792 0.619151
22.08 1.94167 0.627538
22.2 1.96535 0.63591
22.32 1.98894 0.644264
22.44 2.01244 0.652594
22.56 2.03583 0.660897
22.68 2.05911 0.669167
22.8 2.08226 0.6774
22.92 2.10528 0.685592
23.04 2.12815 0.693738
23.16 2.15087 0.701834
23.28 2.17342 0.709873
23.4 2.1958 0.717853
23.52 2.21799 0.725768
23.64 2.23999 0.733613
23.76 2.26178 0.741384
23.88 2.28336 0.749076
24 2.30471 0.756684
24.12 2.32583 0.764204
24.24 2.3467 0.771631
24.36 2.36732 0.77896
24.48 2.38768 0.786187
24.6 2.40777 0.793307
24.72 2.42758 0.800316
24.84 2.44709 0.807208
24.96 2.46631 0.81398
25.08 2.48522 0.820628
25.2 2.50381 0.827146
25.32 2.52208 0.833531
25.44 2.54002 0.839778
25.56 2.55761 0.845883
25.68 2.57486 0.851843
25.8 2.59175 0.857653
25.92 2.60827 0.863309
26.04 2.62443 0.868807
26.16 2.6402 0.874144
26.28 2.65559 0.879317
26.4 2.67059 0.884321
26.52 2.68518 0.889153
26.64 2.69937 0.89381
26.76 2.71315 0.89829
26.88 2.72651 0.902587
27 2.73945 0.906701
27.12 2.75196 0.910628
27.24 2.76403 0.914365
27.36 2.77567 0.91791
27.48 2.78686 0.92126
27.6 2.7976 0.924414
27.72 2.80789 0.927368
27.84 2.81773 0.930121
27.96 2.8271 0.932672
28.08 2.83601 0.935018
28.2 2.84445 0.937158
28.32 2.85242 0.93909
28.44 2.85992 0.940814
28.56 2.86694 0.942328
28.68 2.87349 0.943631
28.8 2.87956 0.944723
28.92 2.88515 0.945602
29.04 2.89025 0.946269
29.16 2.89487 0.946722
29.28 2.89901 0.946963
29.4 2.90266 0.94699
29.52 2.90583 0.946805
29.64 2.90851 0.946407
29.76 2.91071 0.945796
29.88 2.91243 0.944974
30 2.91366 0.943941
30.12 2.91441 0.942699
30.24 2.91468 0.941247
30.36 2.91447 0.939588
30.48 2.91378 0.937723
30.6 2.91261 0.935653
30.72 2.91098 0.93338
30.84 2.90887 0.930906
30.96 2.9063 0.928232
31.08 2.90326 0.925362
31.2 2.89977 0.922296
31.32 2.89581 0.919038
31.44 2.89141 0.91559
31.56 2.88655 0.911955
31.68 2.88125 0.908134
31.8 2.87551 0.904132
31.92 2.86934 0.899951
32.04 2.86273 0.895594
32.16 2.8557 0.891065
32.28 2.84826 0.886366
32.4 2.8404 0.881501
32.52 2.83213 0.876474
32.64 2.82346 0.871287
32.76 2.8144 0.865946
32.88 2.80495 0.860453
33 2.79511 0.854813
33.12 2.78491 0.849029
33.24 2.77433 0.843105
33.36 2.7634 0.837046
33.48 2.75211 0.830855
33.6 2.74048 0.824537
33.72 2.72851 0.818096
33.84 2.71622 0.811536
33.96 2.7036 0.804862
34.08 2.69067 0.798078
34.2 2.67743 0.791188
34.32 2.66391 0.784196
34.44 2.65009 0.777108
34.56 2.636 0.769928
34.68 2.62163 0.76266
34.8 2.60701 0.755308
34.92 2.59214 0.747878
35.04 2.57703 0.740374
35.16 2.56168 0.732799
35.28 2.54611 0.72516
35.4 2.53033 0.717461
35.52 2.51435 0.709705
35.64 2.49817 0.701897
35.76 2.48181 0.694043
35.88 2.46528 0.686145
36 2.44858 0.67821
36.12 2.43173 0.67024
36.24 2.41473 0.662242
36.36 2.3976 0.654218
36.48 2.38035 0.646173
36.6 2.36298 0.638111
36.72 2.34551 0.630037
36.84 2.32795 0.621955
36.96 2.31031 0.613868
37.08 2.29259 0.605782
37.2 2.27481 0.597699
37.32 2.25698 0.589623
37.44 2.2391 0.58156
37.56 2.2212 0.573511
37.68 2.20327 0.565482
37.8 2.18533 0.557475
37.92 2.16739 0.549494
38.04 2.14946 0.541543
38.16 2.13154 0.533625
38.28 2.11366 0.525744
38.4 2.09581 0.517902
38.52 2.07801 0.510103
38.64 2.06027 0.50235
38.76 2.0426 0.494646
38.88 2.025 0.486994
39 2.00749 0.479396
39.12 1.99007 0.471856
39.24 1.97276 0.464376
39.36 1.95557 0.456959
39.48 1.9385 0.449607
39.6 1.92156 0.442322
39.72 1.90476 0.435107
39.84 1.88811 0.427965
39.96 1.87162 0.420896
40.08 1.8553 0.413904
40.2 1.83915 0.40699
40.32 1.82319 0.400156
40.44 1.80742 0.393403
40.56 1.79184 0.386735
40.68 1.77648 0.380151
40.8 1.76133 0.373654
40.92 1.7464 0.367245
41.04 1.73169 0.360925
41.16 1.71723 0.354695
41.28 1.70301 0.348558
41.4 1.68904 0.342513
41.52 1.67532 0.336562
41.64 1.66186 0.330706
41.76 1.64868 0.324946
41.88 1.63577 0.319281
42 1.62313 0.313714
42.12 1.61078 0.308244
42.24 1.59873 0.302873
42.36 1.58696 0.297599
42.48 1.5755 0.292425
42.6 1.56434 0.28735
42.72 1.55349 0.282375
42.84 1.54295 0.277499
42.96 1.53273 0.272722
43.08 1.52283 0.268046
43.2 1.51325 0.263469
43.32 1.504 0.258991
43.44 1.49507 0.254613
43.56 1.48648 0.250334
43.68 1.47822 0.246154
43.8 1.4703 0.242072
43.92 1.46272 0.238088
44.04 1.45547 0.234202
44.16 1.44857 0.230413
44.28 1.44201 0.226721
44.4 1.43579 0.223124
44.52 1.42991 0.219622
44.64 1.42438 0.216215
44.76 1.41918 0.212902
44.88 1.41434 0.209681
45 1.40983 0.206552
45.12 1.40567 0.203514
45.24 1.40184 0.200567
45.36 1.39836 0.197708
45.48 1.39521 0.194937
45.6 1.3924 0.192254
45.72 1.38992 0.189656
45.84 1.38777 0.187143
45.96 1.38596 0.184713
46.08 1.38446 0.182366
46.2 1.38329 0.1801
46.32 1.38244 0.177914
46.44 1.38191 0.175806
46.56 1.38168 0.173775
46.68 1.38177 0.17182
46.8 1.38216 0.169939
46.92 1.38284 0.168132
47.04 1.38382 0.166396
47.16 1.38509 0.16473
47.28 1.38664 0.163132
47.4 1.38848 0.161602
47.52 1.39058 0.160137
47.64 1.39295 0.158736
47.76 1.39558 0.157398
47.88 1.39847 0.156121
48 1.4016 0.154903
48.12 1.40497 0.153743
48.24 1.40858 0.152639
48.36 1.41242 0.15159
48.48 1.41647 0.150593
48.6 1.42074 0.149648
48.72 1.42522 0.148753
48.84 1.42989 0.147905
48.96 1.43475 0.147104
49.08 1.4398 0.146348
49.2 1.44502 0.145635
49.32 1.45041 0.144963
49.44 1.45595 0.144331
49.56 1.46164 0.143737
49.68 1.46748 0.14318
49.8 1.47345 0.142658
49.92 1.47954 0.142169
50.04 1.48575 0.141712
50.16 1.49206 0.141284
50.28 1.49847 0.140885
50.4 1.50498 0.140513
50.52 1.51156 0.140166
50.64 1.51822 0.139843
50.76 1.52493 0.139542
50.88 1.53171 0.139261
51 1.53853 0.139
51.12 1.54538 0.138756
51.24 1.55227 0.138528
51.36 1.55917 0.138315
51.48 1.56608 0.138115
51.6 1.573 0.137927
51.72 1.57991 0.137749
51.84 1.58681 0.13758
51.96 1.59368 0.137419
52.08 1.60052 0.137264
52.2 1.60732 0.137114
52.32 1.61407 0.136968
52.44 1.62077 0.136825
52.56 1.62741 0.136683
52.68 1.63397 0.136542
52.8 1.64046 0.136399
52.92 1.64685 0.136255
53.04 1.65316 0.136107
53.16 1.65937 0.135956
53.28 1.66547 0.1358
53.4 1.67145 0.135638
53.52 1.67732 0.135469
53.64 1.68306 0.135292
53.76 1.68867 0.135107
53.88 1.69414 0.134913
54 1.69946 0.134709
54.12 1.70464 0.134494
54.24 1.70966 0.134269
54.36 1.71453 0.134031
54.48 1.71923 0.133781
54.6 1.72376 0.133519
54.72 1.72812 0.133243
54.84 1.73231 0.132953
54.96 1.73631 0.13265
55.08 1.74014 0.132332
55.2 1.74377 0.131999
55.32 1.74722 0.131652
55.44 1.75048 0.13129
55.56 1.75355 0.130912
55.68 1.75642 0.13052
55.8 1.7591 0.130112
55.92 1.76158 0.12969
56.04 1.76386 0.129252
56.16 1.76594 0.128799
56.28 1.76782 0.128332
56.4 1.7695 0.12785
56.52 1.77098 0.127353
56.64 1.77227 0.126843
56.76 1.77335 0.126319
56.88 1.77424 0.125781
57 1.77493 0.125231
57.12 1.77543 0.124668
57.24 1.77574 0.124094
57.36 1.77586 0.123507
57.48 1.77579 0.122911
57.6 1.77554 0.122303
57.72 1.7751 0.121687
57.84 1.77449 0.121061
57.96 1.7737 0.120428
58.08 1.77275 0.119787
58.2 1.77162 0.119139
58.32 1.77034 0.118485
58.44 1.7689 0.117827
58.56 1.7673 0.117164
58.68 1.76556 0.116498
58.8 1.76368 0.11583
58.92 1.76165 0.115161
59.04 1.7595 0.114491
59.16 1.75722 0.113821
59.28 1.75483 0.113153
59.4 1.75232 0.112488
59.52 1.7497 0.111826
59.64 1.74698 0.111168
59.76 1.74417 0.110516
59.88 1.74128 0.109871
60 1.7383 0.109234
60.12 1.73525 0.108605
60.24 1.73214 0.107986
60.36 1.72896 0.107377
60.48 1.72574 0.106781
60.6 1.72247 0.106197
60.72 1.71917 0.105628
60.84 1.71583 0.105073
60.96 1.71248 0.104535
61.08 1.70911 0.104014
61.2 1.70573 0.103511
61.32 1.70236 0.103027
61.44 1.699 0.102564
61.56 1.69565 0.102121
61.68 1.69232 0.101701
61.8 1.68903 0.101304
61.92 1.68578 0.100932
62.04 1.68257 0.100584
62.16 1.67941 0.100262
62.28 1.67632 0.0999672
62.4 1.67329 0.0997001
62.52 1.67033 0.0994617
62.64 1.66746 0.0992528
62.76 1.66467 0.0990742
62.88 1.66198 0.0989268
63 1.65939 0.0988112
63.12 1.65691 0.0987283
63.24 1.65453 0.0986788
63.36 1.65228 0.0986634
63.48 1.65015 0.0986828
63.6 1.64815 0.0987376
63.72 1.64628 0.0988285
63.84 1.64455 0.0989561
63.96 1.64297 0.0991211
64.08 1.64154 0.0993238
64.2 1.64025 0.099565
64.32 1.63913 0.0998451
64.44 1.63816 0.100165
64.56 1.63736 0.100524
64.68 1.63673 0.100924
64.8 1.63627 0.101364
64.92 1.63597 0.101846
65.04 1.63586 0.10237
65.16 1.63592 0.102935
65.28 1.63615 0.103542
65.4 1.63657 0.104193
65.52 1.63717 0.104886
65.64 1.63795 0.105622
65.76 1.63892 0.106402
65.88 1.64006 0.107226
66 1.64139 0.108094
66.12 1.6429 0.109006
66.24 1.64459 0.109962
66.36 1.64646 0.110964
66.48 1.64851 0.11201
66.6 1.65073 0.113101
66.72 1.65313 0.114238
66.84 1.6557 0.11542
66.96 1.65844 0.116648
67.08 1.66135 0.117922
67.2 1.66442 0.119242
67.32 1.66766 0.120608
67.44 1.67104 0.12202
67.56 1.67458 0.123479
67.68 1.67827 0.124984
67.8 1.68209 0.126536
67.92 1.68606 0.128135
68.04 1.69016 0.129782
68.16 1.69438 0.131475
68.28 1.69873 0.133216
68.4 1.70319 0.135005
68.52 1.70776 0.136841
68.64 1.71243 0.138725
68.76 1.71719 0.140657
68.88 1.72205 0.142638
69 1.72698 0.144667
69.12 1.73199 0.146745
69.24 1.73707 0.148871
69.36 1.74221 0.151047
69.48 1.74739 0.153271
69.6 1.75262 0.155546
69.72 1.75788 0.157869
69.84 1.76317 0.160243
69.96 1.76848 0.162667
70.08 1.77379 0.165141
70.2 1.77911 0.167665
70.32 1.78442 0.170241
70.44 1.78971 0.172867
70.56 1.79498 0.175544
70.68 1.80021 0.178272
70.8 1.8054 0.181053
70.92 1.81054 0.183884
71.04 1.81561 0.186768
71.16 1.82061 0.189704
71.28 1.82554 0.192693
71.4 1.83037 0.195733
71.52 1.83511 0.198827
71.64 1.83974 0.201973
71.76 1.84426 0.205172
71.88 1.84865 0.208425
72 1.85291 0.21173
72.12 1.85703 0.215089
72.24 1.861 0.2185
72.36 1.8648 0.221965
72.48 1.86845 0.225484
72.6 1.87192 0.229055
72.72 1.8752 0.23268
72.84 1.87829 0.236358
72.96 1.88119 0.240088
73.08 1.88388 0.243872
73.2 1.88635 0.247708
73.32 1.88861 0.251596
73.44 1.89064 0.255536
73.56 1.89243 0.259527
73.68 1.89398 0.26357
73.8 1.89529 0.267664
73.92 1.89634 0.271807
74.04 1.89713 0.276
74.16 1.89766 0.280243
74.28 1.89792 0.284533
74.4 1.8979 0.288871
74.52 1.8976 0.293255
74.64 1.89702 0.297686
74.76 1.89614 0.302161
74.88 1.89498 0.30668
75 1.89352 0.311241
75.12 1.89175 0.315844
75.24 1.88969 0.320487
75.36 1.88732 0.325169
75.48 1.88463 0.329888
75.6 1.88164 0.334643
75.72 1.87833 0.339433
75.84 1.87471 0.344255
75.96 1.87078 0.349108
76.08 1.86652 0.35399
76.2 1.86195 0.3589
76.32 1.85706 0.363834
76.44 1.85185 0.368791
76.56 1.84632 0.37377
76.68 1.84047 0.378766
76.8 1.8343 0.38378
76.92 1.82782 0.388806
77.04 1.82102 0.393845
77.16 1.81391 0.398891
77.28 1.80648 0.403944
77.4 1.79875 0.409
77.52 1.79071 0.414057
77.64 1.78236 0.419111
77.76 1.77371 0.424159
77.88 1.76476 0.429199
78 1.75552 0.434227
78.12 1.74598 0.439239
78.24 1.73616 0.444234
78.36 1.72605 0.449207
78.48 1.71566 0.454155
78.6 1.705 0.459074
78.72 1.69407 0.463962
78.84 1.68288 0.468813
78.96 1.67142 0.473626
79.08 1.65971 0.478395
79.2 1.64775 0.483117
79.32 1.63555 0.487789
79.44 1.62312 0.492407
79.56 1.61045 0.496967
79.68 1.59756 0.501464
79.8 1.58445 0.505896
79.92 1.57112 0.510258
80.04 1.5576 0.514546
80.16 1.54387 0.518756
80.28 1.52996 0.522885
80.4 1.51586 0.526929
80.52 1.50158 0.530883
80.64 1.48713 0.534744
80.76 1.47253 0.538507
80.88 1.45776 0.54217
81 1.44285 0.545727
81.12 1.4278 0.549176
81.24 1.41262 0.552512
81.36 1.39731 0.555733
81.48 1.38188 0.558833
81.6 1.36634 0.56181
81.72 1.3507 0.56466
81.84 1.33497 0.567379
81.96 1.31914 0.569964
82.08 1.30324 0.572413
82.2 1.28727 0.57472
82.32 1.27123 0.576884
82.44 1.25513 0.578901
82.56 1.23898 0.580769
82.68 1.22279 0.582484
82.8 1.20656 0.584043
82.92 1.19031 0.585444
83.04 1.17403 0.586685
83.16 1.15774 0.587763
83.28 1.14144 0.588676
83.4 1.12514 0.589421
83.52 1.10885 0.589997
83.64 1.09257 0.590401
83.76 1.07631 0.590633
83.88 1.06007 0.59069
84 1.04387 0.590571
84.12 1.02771 0.590274
84.24 1.01159 0.589799
84.36 0.995517 0.589145
84.48 0.979503 0.58831
84.6 0.963552 0.587294
84.72 0.947667 0.586098
84.84 0.931856 0.584719
84.96 0.916122 0.583159
85.08 0.900471 0.581417
85.2 0.884908 0.579493
85.32 0.869438 0.577388
85.44 0.854065 0.575103
85.56 0.838794 0.572638
85.68 0.823629 0.569994
85.8 0.808574 0.567172
85.92 0.793633 0.564173
86.04 0.778811 0.560999
86.16 0.76411 0.557652
86.28 0.749535 0.554133
86.4 0.735088 0.550444
86.52 0.720774 0.546588
86.64 0.706594 0.542565
86.76 0.692552 0.53838
86.88 0.678651 0.534035
87 0.664892 0.529532
87.12 0.65128 0.524875
87.24 0.637815 0.520066
87.36 0.624501 0.515108
87.48 0.611338 0.510006
87.6 0.598329 0.504762
87.72 0.585476 0.49938
87.84 0.57278 0.493865
87.96 0.560243 0.488219
88.08 0.547865 0.482448
88.2 0.535649 0.476555
88.32 0.523595 0.470544
88.44 0.511703 0.46442
88.56 0.499976 0.458188
88.68 0.488412 0.451851
88.8 0.477014 0.445415
88.92 0.465781 0.438885
89.04 0.454714 0.432265
89.16 0.443812 0.42556
89.28 0.433077 0.418776
89.4 0.422508 0.411917
89.52 0.412104 0.404988
89.64 0.401866 0.397995
89.76 0.391794 0.390942
89.88 0.381887 0.383836
90 0.372144 0.376681
90.12 0.362565 0.369483
90.24 0.35315 0.362247
90.36 0.343898 0.354978
90.48 0.334807 0.347681
90.6 0.325878 0.340363
90.72 0.317109 0.333028
90.84 0.308499 0.325681
90.96 0.300048 0.318328
91.08 0.291754 0.310974
91.2 0.283615 0.303625
91.32 0.275632 0.296284
91.44 0.267803 0.288958
91.56 0.260126 0.281652
91.68 0.2526 0.27437
91.8 0.245224 0.267117
91.92 0.237997 0.259899
92.04 0.230916 0.252719
92.16 0.223982 0.245584
92.28 0.217191 0.238496
92.4 0.210543 0.231461
92.52 0.204036 0.224483
92.64 0.197669 0.217567
92.76 0.19144 0.210716
92.88 0.185347 0.203934
93 0.17939 0.197226
93.12 0.173566 0.190596
93.24 0.167873 0.184046
93.36 0.162311 0.17758
93.48 0.156877 0.171203
93.6 0.15157 0.164916
93.72 0.146388 0.158724
93.84 0.14133 0.152629
93.96 0.136394 0.146634
94.08 0.131578 0.140742
94.2 0.126881 0.134955
94.32 0.122301 0.129276
94.44 0.117837 0.123707
94.56 0.113486 0.118249
94.68 0.109247 0.112906
94.8 0.105119 0.107678
94.92 0.1011 0.102567
95.04 0.097188 0.0975756
95.16 0.0933817 0.0927037
95.28 0.0896794 0.087953
95.4 0.0860795 0.0833244
95.52 0.0825805 0.0788187
95.64 0.0791807 0.0744367
95.76 0.0758786 0.0701788
95.88 0.0726726 0.0660454
96 0.0695611 0.0620367
96.12 0.0665426 0.0581529
96.24 0.0636155 0.0543938
96.36 0.0607783 0.0507592
96.48 0.0580293 0.0472488
96.6 0.0553672 0.0438621
96.72 0.0527904 0.0405984
96.84 0.0502973 0.0374571
96.96 0.0478865 0.0344371
97.08 0.0455565 0.0315376
97.2 0.0433058 0.0287573
97.32 0.0411328 0.0260951
97.44 0.0390362 0.0235495
97.56 0.0370144 0.0211192
97.68 0.035066 0.0188025
97.8 0.0331895 0.0165977
97.92 0.0313836 0.0145031
98.04 0.0296467 0.0125168
98.16 0.0279774 0.0106369
98.28 0.0263743 0.00886134
98.4 0.024836 0.007188
98.52 0.0233611 0.0056147
98.64 0.0219482 0.00413918
98.76 0.0205958 0.00275915
98.88 0.0193026 0.0014722
99 0.0180673 0.000275929
99.12 0.0168883 -0.000832153
99.24 0.0157644 -0.00185457
99.36 0.0146943 -0.00279387
99.48 0.0136764 -0.00365267
99.6 0.0127096 -0.00443358
99.72 0.0117925 -0.00513925
99.84 0.0109236 -0.00577236
99.96 0.0101018 -0.00633559
100.08 0.00932572 -0.00683163
100.2 0.008594 -0.00726319
100.32 0.00790538 -0.00763297
100.44 0.00725857 -0.00794368
100.56 0.0066523 -0.008198
100.68 0.00608528 -0.00839863
100.8 0.00555628 -0.00854823
100.92 0.00506403 -0.00864944
101.04 0.0046073 -0.0087049
101.16 0.00418487 -0.0087172
101.28 0.00379552 -0.0086889
101.4 0.00343805 -0.00862255
101.52 0.00311128 -0.00852064
101.64 0.00281402 -0.00838562
101.76 0.00254511 -0.00821991
101.88 0.00230341 -0.00802586
102 0.00208779 -0.00780581
102.12 0.00189711 -0.007562
102.24 0.00173029 -0.00729665
102.36 0.00158622 -0.00701191
102.48 0.00146385 -0.00670988
102.6 0.00136211 -0.00639258
102.72 0.00127997 -0.00606199
102.84 0.00121641 -0.00572
102.96 0.00117043 -0.00536847
103.08 0.00114105 -0.00500915
103.2 0.00112731 -0.00464376
103.32 0.00112826 -0.00427393
103.44 0.00114298 -0.00390121
103.56 0.00117056 -0.00352712
103.68 0.00121014 -0.00315305
103.8 0.00126085 -0.00278037
103.92 0.00132185 -0.00241035
104.04 0.00139233 -0.0020442
104.16 0.00147149 -0.00168305
104.28 0.00155857 -0.00132796
104.4 0.00165281 -0.000979924
104.52 0.0017535 -0.000639856
104.64 0.00185994 -0.000308609
104.76 0.00197144 1.30396e-05
104.88 0.00208737 0.000324378
105 0.00220708 0.000624763
105.12 0.00232999 0.000913618
105.24 0.0024555 0.00119043
105.36 0.00258306 0.00145475
105.48 0.00271215 0.0017062
105.6 0.00284226 0.00194445
105.72 0.00297291 0.00216923
105.84 0.00310364 0.00238034
105.96 0.00323402 0.00257763
106.08 0.00336364 0.00276098
106.2 0.00349213 0.00293037
106.32 0.00361911 0.00308579
106.44 0.00374425 0.0032273
106.56 0.00386725 0.00335498
106.68 0.0039878 0.00346899
106.8 0.00410565 0.0035695
106.92 0.00422055 0.00365673
107.04 0.00433227 0.00373095
107.16 0.00444062 0.00379244
107.28 0.00454542 0.00384153
107.4 0.00464651 0.00387858
107.52 0.00474374 0.00390398
107.64 0.00483701 0.00391812
107.76 0.00492621 0.00392144
107.88 0.00501126 0.0039144
108 0.0050921 0.00389747
108.12 0.00516869 0.00387114
108.24 0.005241 0.00383592
108.36 0.00530901 0.00379231
108.48 0.00537273 0.00374086
108.6 0.00543218 0.00368209
108.72 0.0054874 0.00361654
108.84 0.00553842 0.00354476
108.96 0.00558531 0.00346731
109.08 0.00562815 0.00338472
109.2 0.00566702 0.00329755
109.32 0.005702 0.00320633
109.44 0.00573321 0.00311162
109.56 0.00576077 0.00301394
109.68 0.00578478 0.00291382
109.8 0.00580539 0.00281178
109.92 0.00582273 0.00270832
110.04 0.00583694 0.00260393
110.16 0.00584818 0.0024991
110.28 0.0058566 0.00239428
110.4 0.00586236 0.00228994
110.52 0.00586562 0.00218651
110.64 0.00586655 0.0020844
110.76 0.00586532 0.00198401
110.88 0.00586209 0.00188571
111 0.00585703 0.00178988
111.12 0.00585032 0.00169685
111.24 0.00584213 0.00160694
111.36 0.00583263 0.00152044
111.48 0.00582198 0.00143764
111.6 0.00581036 0.00135878
111.72 0.00579792 0.0012841
111.84 0.00578483 0.0012138
111.96 0.00577124 0.00114809
112.08 0.00575731 0.00108711
112.2 0.00574318 0.00103102
112.32 0.00572901 0.000979938
112.44 0.00571493 0.00093396
112.56 0.00570107 0.000893168
112.68 0.00568756 0.000857616
112.8 0.00567453 0.000827343
112.92 0.00566208 0.000802363
113.04 0.00565034 0.000782674
113.16 0.00563939 0.000768252
113.28 0.00562934 0.000759055
113.4 0.00562026 0.000755025
113.52 0.00561225 0.000756083
113.64 0.00560537 0.000762137
113.76 0.00559969 0.000773076
113.88 0.00559526 0.000788778
114 0.00559214 0.000809101
114.12 0.00559037 0.000833896
114.24 0.00558998 0.000862996
114.36 0.00559099 0.000896225
114.48 0.00559343 0.000933396
114.6 0.00559731 0.000974312
114.72 0.00560264 0.00101877
114.84 0.0056094 0.00106655
114.96 0.00561759 0.00111743
115.08 0.0056272 0.00117119
115.2 0.00563819 0.00122759
115.32 0.00565055 0.00128639
115.44 0.00566422 0.00134736
115.56 0.00567918 0.00141025
115.68 0.00569537 0.00147482
115.8 0.00571274 0.00154081
115.92 0.00573123 0.00160799
116.04 0.00575077 0.00167611
116.16 0.00577131 0.00174492
116.28 0.00579276 0.00181419
116.4 0.00581505 0.00188367
116.52 0.0058381 0.00195313
116.64 0.00586182 0.00202234
116.76 0.00588614 0.00209109
116.88 0.00591096 0.00215914
117 0.00593619 0.00222629
117.12 0.00596174 0.00229233
117.24 0.00598751 0.00235706
117.36 0.00601341 0.0024203
117.48 0.00603934 0.00248187
117.6 0.0060652 0.00254159
117.72 0.00609091 0.0025993
117.84 0.00611636 0.00265485
117.96 0.00614145 0.00270809
118.08 0.0061661 0.0027589
118.2 0.0061902 0.00280715
118.32 0.00621366 0.00285273
118.44 0.0062364 0.00289553
118.56 0.00625832 0.00293548
118.68 0.00627934 0.00297248
118.8 0.00629938 0.00300648
118.92 0.00631835 0.00303741
119.04 0.00633618 0.00306523
119.16 0.00635279 0.00308991
119.28 0.00636811 0.00311141
119.4 0.00638207 0.00312974
119.52 0.00639461 0.00314487
119.64 0.00640568 0.00315683
119.76 0.00641521 0.00316562
119.88 0.00642317 0.00317128
120 0.00642949 0.00317384
