59.9229104639249641 6.6922364984160598 -71.2553201692232960
31.4512970808305923 3.5125049270357911 -68.0738988525517357
30.9342032198517458 3.4547554889200831 -68.0243395645864553
30.5607273002970565 3.4130454124105638 -67.9817753068863340
31.2055412535661780 3.4850587281748817 -68.0577784897618443
30.7373678308837839 3.4327727620459547 -68.0023580765853666
29.9852045942072003 3.3487705961584320 -67.9164311090815147
30.2712561280303305 3.3807170503653174 -67.9525009849210306
30.0738992054785363 3.3586760782214271 -67.9289969800800577
30.0053450617140278 3.3510198989826918 -67.9227772646903958
31.5713701958597923 3.5259147844118051 -68.0928741737793786
30.7467897157129819 3.4338250053540600 -68.0063362028379572
30.3131230912744769 3.3853927848603731 -67.9570618021423059
30.7332945559560500 3.4323178555848299 -68.0008621926799037
30.2455076949789081 3.3778414456573733 -67.9458290359622907
30.5063108136516448 3.4069681375381555 -67.9766428683247312
30.9793645309162180 3.4597991387008120 -68.0274357927394959
30.5754800769238955 3.4146930137942544 -67.9817707137107448
30.1528746807732695 3.3674961197406947 -67.9365768983217038
31.0070536758552180 3.4628914835975482 -68.0340982323956354
30.5950089217894572 3.4168740101338742 -67.9876935039201413
29.7982076136157872 3.3278866302609336 -67.8981205976898252
30.4123127783658163 3.3964703650226178 -67.9651372876665647
30.8799856739160674 3.4487004318983829 -68.0157740013716392
31.8378211828718385 3.5556722345509217 -68.1269345351551863
31.2913653169716497 3.4946436252554443 -68.0636118256236102
30.0584204604083247 3.3569474001264119 -67.9252099960397686
30.2393906317346826 3.3771582873529922 -67.9455510215975806
31.4875960544978213 3.5165588241938255 -68.0870808633579827
31.1080238379859964 3.4741679085747594 -68.0419713886884239
31.5520984544220617 3.5237625015797613 -68.0912360594072652
30.9738646435222655 3.4591849070677014 -68.0253185020991111
31.0291512390679891 3.4653593563679737 -68.0350073299149187
29.5404757382779479 3.2991029371861544 -67.8677145423665422
30.5937028117912782 3.4167281427697378 -67.9833177858389632
30.5755231460935128 3.4146978237920771 -67.9839530421009357
29.7491665612891403 3.3224096880069576 -67.8935381836650578
30.7984822732231471 3.4395980697360753 -68.0110109537999250
31.7359302005939519 3.5442929716749969 -68.1136132707122215
31.0191739290737125 3.4642450827523770 -68.0325142299350318
31.3952391213834971 3.5062443312247038 -68.0760049102138822
30.7333861689008216 3.4323280869886115 -68.0049467870027371
31.5712296654197502 3.5258990898647165 -68.0941052379081668
30.4328664924300760 3.3987658195386601 -67.9661644061659871
30.2840648863116222 3.3821475422924583 -67.9531579863920570
31.3705464295698597 3.5034866325061338 -68.0761719390171578
30.7997131619785911 3.4397355363342581 -68.0101697247039141
30.6354535906872805 3.4213909017078796 -67.9897779688624411
31.2377818174774795 3.4886593790255542 -68.0586788749184706
29.9253325702311272 3.3420840427019218 -67.9119825083496664
30.3068776497226118 3.3846952891683495 -67.9544377137877831
29.9729927635552045 3.3474067695657475 -67.9150195464573017
31.3510554111202637 3.5013098606495960 -68.0726315395280750
31.0586759122733369 3.4686566944661887 -68.0388527468812470
30.2487448521267375 3.3782029738449748 -67.9473196210445565
30.5711751768545881 3.4142122392600598 -67.9821220482695594
30.8540072385640016 3.4457991403574875 -68.0167487109906972
30.9426568148000882 3.4556995928732812 -68.0277616870733368
30.4570118610392981 3.4014623927829062 -67.9698482011747274
29.3776684812438837 3.2809204981274527 -67.8500081236721542
29.4395707922948766 3.2878337955982277 -67.8588586760050561
31.1066717305988192 3.4740169041870184 -68.0443753145052881
31.1353802901801124 3.4772230980911436 -68.0488996798510328
30.3515027443433567 3.3896790538862862 -67.9632079466886125
30.4242210430723112 3.3978002891381958 -67.9617245112794137
31.8940868431522553 3.5619560265500234 -68.1332719954007189
31.2443590339064379 3.4893939275897523 -68.0570789599839401
30.8523546271026881 3.4456145754447776 -68.0160851048641604
30.8725467736078549 3.4478696498191201 -68.0142171654291161
30.6079726058814359 3.4183218042941150 -67.9861313486069179
31.3730813225084901 3.5037697312894229 -68.0733978659534529
30.5111535147293615 3.4075089741005371 -67.9739613690432094
29.4778130913407423 3.2921047248217370 -67.8620515216001507
30.9648204310475030 3.4581748424971646 -68.0275345179890962
30.2146086780326328 3.3743906197984135 -67.9416581475767600
30.7278567439348897 3.4317105565768578 -68.0001980852574519
29.3430267317199736 3.2770516810299841 -67.8466223895635778
30.0881408953635692 3.3602666010466682 -67.9320128250632820
31.5402752778124480 3.5224420801679588 -68.0910130038325718
30.7238248505776426 3.4312602716411931 -68.0031137913670136
31.1421750499482428 3.4779819420619420 -68.0483245625221969
30.1272746491176164 3.3646370886141992 -67.9329845679265247
30.5227608464435498 3.4088052897892362 -67.9780376519083802
30.3052746862001037 3.3845162689754398 -67.9539619502128858
31.6922658026372126 3.5394164982956977 -68.1095673190692281
30.8150478478843368 3.4414481257915401 -68.0087463657212510
31.4293009539860542 3.5100483827565969 -68.0767690681458362
30.5785515099114740 3.4150360337808130 -67.9830552314022185
30.8499618971725660 3.4453473535350732 -68.0151028927480752
30.4866920110334583 3.4047770946478790 -67.9753357978727450
30.7085287850446989 3.4295519953367011 -68.0017241750199304
30.8323282509644407 3.4433780144318726 -68.0100931518115175
31.4600438583789632 3.5134817738461268 -68.0848646102402597
31.3947188607795091 3.5061862281223055 -68.0769779515797211
30.8073464325229160 3.4405880258302375 -68.0071458185390014
29.8797490616497967 3.3369932415794112 -67.9081056527154061
30.7338579738758675 3.4323807785292870 -68.0018360007466072
30.3574704276608003 3.3903455293261273 -67.9615743202103602
30.2680477118560916 3.3803587319916417 -67.9473887192961428
31.3007065976184897 3.4956868666267780 -68.0640650451717732
