59.9244060839967503 6.6924035304102460 -73.4231860099456668
32.0979861135592586 3.5847276531091112 -70.4063487766349994
31.1644654898184221 3.4804713554450717 -70.3018331185913041
30.2447788777803943 3.3777600507948944 -70.1991963264580079
31.9625172674577875 3.5695983887049003 -70.3906393669275587
30.0713066301012937 3.3583865374192508 -70.1796731631798281
30.3224533628861010 3.3864347967342296 -70.2080458983895568
29.7521334270580233 3.3227410298465094 -70.1439333980463999
29.2153653079263869 3.2627943555239822 -70.0844357989837050
30.2667685680217105 3.3802158762293146 -70.2022042872854541
31.4616932582335451 3.5136659800841392 -70.3338122623842850
30.5686217819166046 3.4139270741593242 -70.2351972118377574
31.0451944909817250 3.4671510790192794 -70.2885074891512147
30.7699821049880313 3.4364151491369688 -70.2574176811860411
30.1816922029463690 3.3707144826704600 -70.1921421073078875
31.0445274719597606 3.4670765858244503 -70.2892125661631724
30.8982331193628923 3.4507383205702897 -70.2718246930626123
31.2089648173176357 3.4854410743946294 -70.3069306700553227
30.0350060997449617 3.3543324664089855 -70.1745063402650970
31.0185173673003227 3.4641717574310711 -70.2849793722615601
30.7065696431666417 3.4293331968724674 -70.2493877506969113
31.0627786855191417 3.4691148953220505 -70.2903813607285315
29.2250834524232452 3.2638796853384928 -70.0839956663574100
30.4266125592342362 3.3980673754933393 -70.2170143571667325
31.3422254178571045 3.5003237202445496 -70.3219879404760633
30.1420429191311463 3.3662864203111718 -70.1886480453346309
31.7548472767469114 3.5464056452166193 -70.3668390139105497
30.5919666395527585 3.4165342457254821 -70.2364084815173157
29.6017798496262152 3.3059494272563392 -70.1279743636099653
29.7606965221603019 3.3236973628606972 -70.1457594522005365
30.2840253777923571 3.3821431299507920 -70.2033937311553586
30.7102427053226954 3.4297434072649766 -70.2501565538869244
29.5496410261961877 3.3001265235548751 -70.1218476590197923
30.8756611687176203 3.4482174678483632 -70.2700335424345894
30.6808012138907742 3.4264553589708751 -70.2473053613567942
30.1680101981773561 3.3691864659072919 -70.1900204913919339
31.1900304063854783 3.4833264648915998 -70.3053068702912185
30.3318882407105654 3.3874884911099890 -70.2084118616977833
30.3665002434638289 3.3913539860653472 -70.2126137637901024
31.1553553552949793 3.4794539286496899 -70.2997301410845949
29.8615353449249774 3.3349591197569906 -70.1567657001377398
30.1275098604828280 3.3646633571994684 -70.1851466024555606
31.5343732245979069 3.5217829343482361 -70.3417879539999262
30.0367423659799861 3.3545263739508431 -70.1756520158039905
30.9848181599794295 3.4604082041681443 -70.2825083360670675
31.3559541598910521 3.5018569566612325 -70.3222618802927570
30.3428683752897008 3.3887147609426642 -70.2108342609318470
30.3698313057176890 3.3917260016470534 -70.2116072340454878
31.1733715068104047 3.4814659862383333 -70.3019593081611447
31.1112102054169526 3.4745237645279117 -70.2951446755994311
31.3703483828154113 3.5034645144930359 -70.3242394204897607
29.9340652468387987 3.3430593147084093 -70.1648797451855870
30.6131763824610417 3.4189029660448713 -70.2398530333317410
30.6923531398619787 3.4277454869037971 -70.2490138196322391
30.9947856951250529 3.4615213861211629 -70.2816342329140582
30.6614176211408349 3.4242905844986860 -70.2453262662239126
30.5084324458283298 3.4072050830432903 -70.2291591581366674
30.3712286589002538 3.3918820591198489 -70.2129600763582857
30.3937140732300080 3.3943932473998335 -70.2147589677505835
30.8554731640265452 3.4459628560349880 -70.2678665964832305
30.5935663784851215 3.4167129057936969 -70.2375257035330378
30.4021886894626512 3.3953396990261493 -70.2165277770909455
30.7740491627819992 3.4368693612638372 -70.2577301279957851
31.1329585928689418 3.4769526410821556 -70.2982772631844028
31.0327174012275968 3.4657576280870712 -70.2863107207690945
29.7718503318071370 3.3249430288578434 -70.1461546868142136
30.2655961720218230 3.3800849421468362 -70.2014497578942951
29.8654497056585519 3.3353962785592981 -70.1568241039330331
30.5587683949113398 3.4128266403579759 -70.2352008817906608
31.6600076179207974 3.5358138795400249 -70.3567420237893515
30.3254688195883162 3.3867715652464017 -70.2088973623841781
30.9766788952174750 3.4594992048507129 -70.2807105451117451
31.7634189048474127 3.5473629312025787 -70.3682275698405135
30.6326668288303203 3.4210796740110414 -70.2408539564692092
31.1997349546565310 3.4844102762692080 -70.3055769681317599
30.9399690430580492 3.4553994204682326 -70.2770410482779226
30.1062885857828348 3.3622933490007560 -70.1837610689156577
31.1017326771845752 3.4734653069219568 -70.2948107023841402
31.1029494891436791 3.4736012014127513 -70.2944091835885985
30.7470145596628086 3.4338501160984451 -70.2548161318013769
29.8495887771855521 3.3336249179293822 -70.1548556687767473
30.0724054208046034 3.3585092512058790 -70.1805381582054935
30.6696166624375834 3.4252062597052690 -70.2473030075248772
30.3449956165811550 3.3889523328780293 -70.2104981618376343
29.7294806586359996 3.3202111513334271 -70.1405243233543132
31.0111982640213775 3.4633543543757153 -70.2838158910992803
30.4186437392877806 3.3971774115833404 -70.2172481528011048
29.7771189957131597 3.3255314372748712 -70.1471283201970977
30.9971600614570804 3.4617865571701789 -70.2833927646070720
31.1745574401495631 3.4815984321812214 -70.3023883391699229
30.9772838136043234 3.4595667625990880 -70.2813571476421828
30.4647671641342335 3.4023285109675268 -70.2226041211746690
30.1669158157018309 3.3690642444349161 -70.1899138782384853
29.3367735430396159 3.2763533201327215 -70.0984359526496945
31.0953665817828870 3.4727543365156510 -70.2937559091249966
30.3624640233699097 3.3909032179164198 -70.2130279394669401
30.4806275340916635 3.4040998092219965 -70.2257073775563896
30.9616985731578325 3.4578261910189512 -70.2793399538361285
31.4525656272544367 3.5126465992711990 -70.3336147260333178
31.0767253032300239 3.4706724642610696 -70.2934981957035774
